Removed Pin From Net: NetName=NetC5_1 Pin=C5-1
Removed Pin From Net: NetName=GND Pin=C5-2
Removed Pin From Net: NetName=NetC5_1 Pin=C6-1
Removed Pin From Net: NetName=GND Pin=C6-2
Removed Member From Class: ClassName=Sheet2 Member=C18
Removed Member From Class: ClassName=Sheet2 Member=C19
Removed Member From Class: ClassName=Sheet1 Member=C20
Removed Member From Class: ClassName=Sheet1 Member=C23
Removed Member From Class: ClassName=Sheet2 Member=C62
Removed Member From Class: ClassName=Sheet3 Member=C78
Removed Member From Class: ClassName=Sheet2 Member=TP7
Removed Member From Class: ClassName=Sheet4 Member=TP9
Added Component: Designator=C5(0805C-TBD)
Added Component: Designator=C6(0805C-TBD)
Added Pin To Net: NetName=NetC5_1 Pin=C5-1
Added Pin To Net: NetName=GND Pin=C5-2
Added Pin To Net: NetName=NetC5_1 Pin=C6-1
Added Pin To Net: NetName=GND Pin=C6-2
Added Member To Class: ClassName=Sheet1 Member=Component C5 .1uF
Added Member To Class: ClassName=Sheet1 Member=Component C6 .1uF
Added Member To Class: ClassName=Sheet2 Member=Component C58 10n
Added Member To Class: ClassName=Sheet3 Member=Component C76 10n
Added Member To Class: ClassName=Sheet2 Member=Component TP8 TESTPOINT
Added Member To Class: ClassName=Sheet4 Member=Component TP24 TESTPOINT
