Removed Pin From Net: NetName=NetC5_1 Pin=C5-1
Removed Pin From Net: NetName=GND Pin=C5-2
Removed Pin From Net: NetName=NetC5_1 Pin=C6-1
Removed Pin From Net: NetName=GND Pin=C6-2
Removed Pin From Net: NetName=GND Pin=C44-2
Removed Pin From Net: NetName=GND Pin=C74-1
Removed Pin From Net: NetName=NetK1_2 Pin=R19-1
Removed Pin From Net: NetName=NetK1_2 Pin=R20-1
Removed Pin From Net: NetName=NetC31_2 Pin=R24-2
Removed Pin From Net: NetName=NetK2_2 Pin=R28-1
Removed Pin From Net: NetName=NetK2_2 Pin=R29-1
Removed Pin From Net: NetName=NetC37_1 Pin=R32-2
Removed Pin From Net: NetName=NetC39_2 Pin=R33-2
Removed Pin From Net: NetName=NetK3_2 Pin=R38-1
Removed Pin From Net: NetName=NetC43_2 Pin=R38-2
Removed Pin From Net: NetName=NetK3_2 Pin=R40-1
Removed Pin From Net: NetName=NetC46_2 Pin=R44-2
Removed Pin From Net: NetName=NetC46_2 Pin=R46-1
Removed Pin From Net: NetName=GND Pin=R46-2
Removed Pin From Net: NetName=VCC=3.3V Pin=R50-1
Removed Pin From Net: NetName=NetK4_2 Pin=R51-1
Removed Pin From Net: NetName=NetC48_2 Pin=R51-2
Removed Pin From Net: NetName=NetK4_2 Pin=R52-1
Removed Pin From Net: NetName=NetR52_2 Pin=R52-2
Removed Pin From Net: NetName=NetR52_2 Pin=R53-1
Removed Pin From Net: NetName=NetQ4_B Pin=R54-2
Removed Pin From Net: NetName=NetR52_2 Pin=R55-1
Removed Pin From Net: NetName=NetC49_1 Pin=R55-2
Removed Pin From Net: NetName=NetC50_2 Pin=R56-2
Removed Pin From Net: NetName=GND Pin=R57-1
Removed Pin From Net: NetName=NetQ4_B Pin=R57-2
Removed Pin From Net: NetName=NetC50_2 Pin=R58-1
Removed Pin From Net: NetName=GND Pin=R58-2
Removed Pin From Net: NetName=NetK5_2 Pin=R60-1
Removed Pin From Net: NetName=NetK5_2 Pin=R62-1
Removed Pin From Net: NetName=NetC55_1 Pin=R64-2
Removed Pin From Net: NetName=NetC56_2 Pin=R66-2
Removed Pin From Net: NetName=NetK6_2 Pin=R70-1
Removed Pin From Net: NetName=NetK6_2 Pin=R72-1
Removed Pin From Net: NetName=NetC58_1 Pin=R74-2
Removed Pin From Net: NetName=NetC59_2 Pin=R75-2
Removed Pin From Net: NetName=NetK7_2 Pin=R77-1
Removed Pin From Net: NetName=NetK7_2 Pin=R78-1
Removed Pin From Net: NetName=VCC=3.3V Pin=R79-1
Removed Pin From Net: NetName=NetR80_2 Pin=R80-2
Removed Pin From Net: NetName=NetC64_1 Pin=R81-2
Removed Pin From Net: NetName=NetR80_2 Pin=R82-1
Removed Pin From Net: NetName=NetC65_2 Pin=R82-2
Removed Pin From Net: NetName=NetQ7_B Pin=R83-2
Removed Pin From Net: NetName=NetC65_2 Pin=R84-1
Removed Pin From Net: NetName=GND Pin=R84-2
Removed Pin From Net: NetName=NetK8_2 Pin=R86-1
Removed Pin From Net: NetName=NetK8_2 Pin=R88-1
Removed Pin From Net: NetName=NetC67_1 Pin=R90-2
Removed Pin From Net: NetName=NetC68_2 Pin=R92-2
Removed Pin From Net: NetName=GND Pin=R93-2
Removed Pin From Net: NetName=NetK9_2 Pin=R97-1
Removed Pin From Net: NetName=NetK9_2 Pin=R98-1
Removed Pin From Net: NetName=NetC74_2 Pin=R102-2
Removed Pin From Net: NetName=NetC74_2 Pin=R104-1
Removed Pin From Net: NetName=GND Pin=R104-2
Removed Pin From Net: NetName=NetK10_2 Pin=R106-1
Removed Pin From Net: NetName=NetC75_2 Pin=R106-2
Removed Pin From Net: NetName=NetK10_2 Pin=R108-1
Removed Pin From Net: NetName=NetC76_1 Pin=R110-2
Removed Pin From Net: NetName=NetC77_2 Pin=R111-2
Removed Pin From Net: NetName=NetR54_1 Pin=U11-4
Change Component DesignItemId : Designator=R20 Old DesignItemId=Shunt-WSR2R2500 New DesignItemId=Res3
Change Component DesignItemId : Designator=R29 Old DesignItemId=Shunt-WSR2R2500 New DesignItemId=Res3
Change Component DesignItemId : Designator=R40 Old DesignItemId=Shunt-WSR2R2500 New DesignItemId=Res3
Change Component DesignItemId : Designator=R62 Old DesignItemId=Shunt-WSR2R2500 New DesignItemId=Res3
Change Component DesignItemId : Designator=R72 Old DesignItemId=Shunt-WSR2R2500 New DesignItemId=Res3
Change Component DesignItemId : Designator=R78 Old DesignItemId=Shunt-WSR2R2500 New DesignItemId=Res3
Change Component DesignItemId : Designator=R88 Old DesignItemId=Shunt-WSR2R2500 New DesignItemId=Res3
Change Component DesignItemId : Designator=R108 Old DesignItemId=Shunt-WSR2R2500 New DesignItemId=Res3
Change Component Comment : Designator=R20 Old Comment=0.001 /2W New Comment=1.5 /1W 0.1%
Change Component Comment : Designator=R29 Old Comment=0.001 /2W New Comment=1.5 /1W 0.1%
Change Component Comment : Designator=R40 Old Comment=0.001 /2W New Comment=1.5 /1W 0.1%
Change Component Comment : Designator=R62 Old Comment=0.001 /2W New Comment=1.5 /1W 0.1%
Change Component Comment : Designator=R72 Old Comment=0.001 /2W New Comment=1.5 /1W 0.1%
Change Component Comment : Designator=R78 Old Comment=0.001 /2W New Comment=1.5 /1W 0.1%
Change Component Comment : Designator=R88 Old Comment=0.001 /2W New Comment=1.5 /1W 0.1%
Change Component Comment : Designator=R108 Old Comment=0.001 /2W New Comment=1.5 /1W 0.1%
Change Component Comment : Designator=R51 Old Comment=1K New Comment=1.5 /1W 0.1%
Change Component Comment : Designator=R55 Old Comment=1K New Comment=100 K /.5W
Change Component Comment : Designator=R32 Old Comment=1K New Comment=175K/ .5W
Change Component Comment : Designator=R74 Old Comment=1K New Comment=175K/ .5W
Change Component Comment : Designator=R81 Old Comment=1K New Comment=175K/ .5W
Change Component Comment : Designator=R110 Old Comment=1K New Comment=175K/ .5W
Change Component Comment : Designator=R57 Old Comment=2K New Comment=3 /.5W  1%
Change Component Comment : Designator=R25 Old Comment=3 New Comment=3 /.5W  1%
Change Component Comment : Designator=R35 Old Comment=3 New Comment=3 /.5W  1%
Change Component Comment : Designator=R68 Old Comment=3 New Comment=3 /.5W  1%
Change Component Comment : Designator=R76 Old Comment=3 New Comment=3 /.5W  1%
Change Component Comment : Designator=R93 Old Comment=3 New Comment=3 /.5W  1%
Change Component Comment : Designator=R112 Old Comment=3 New Comment=3 /.5W  1%
Change Component Comment : Designator=R50 Old Comment=45 New Comment=1K
Change Component Comment : Designator=R79 Old Comment=45 New Comment=1K
Change Component Comment : Designator=R24 Old Comment=100K New Comment=100 K /.5W
Change Component Comment : Designator=R33 Old Comment=100K New Comment=100 K /.5W
Change Component Comment : Designator=R44 Old Comment=100K New Comment=100 K /.5W
Change Component Comment : Designator=R66 Old Comment=100K New Comment=100 K /.5W
Change Component Comment : Designator=R75 Old Comment=100K New Comment=100 K /.5W
Change Component Comment : Designator=R82 Old Comment=100K New Comment=100 K /.5W
Change Component Comment : Designator=R92 Old Comment=100K New Comment=100 K /.5W
Change Component Comment : Designator=R111 Old Comment=100K New Comment=100 K /.5W
Change Component Comment : Designator=R102 Old Comment=100K New Comment=175K/ .5W
Change Component Comment : Designator=R31 Old Comment=175K New Comment=1K
Change Component Comment : Designator=R53 Old Comment=175K New Comment=1K
Change Component Comment : Designator=R63 Old Comment=175K New Comment=1K
Change Component Comment : Designator=R73 Old Comment=175K New Comment=1K
Change Component Comment : Designator=R89 Old Comment=175K New Comment=1K
Change Component Comment : Designator=R109 Old Comment=175K New Comment=1K
Change Component Comment : Designator=R21 Old Comment=175K New Comment=175K/ .5W
Change Component Comment : Designator=R83 Old Comment=470 New Comment=3 /.5W  1%
Change Component Comment : Designator=R54 Old Comment=470 New Comment=175K/ .5W
Change Component Designator: OldDesignator=C45 NewDesignator=C44
Change Component Designator: OldDesignator=R21 NewDesignator=R23
Change Component Designator: OldDesignator=R22 NewDesignator=R21
Change Component Designator: OldDesignator=R23 NewDesignator=R22
Change Component Designator: OldDesignator=R39 NewDesignator=R38
Change Component Designator: OldDesignator=R43 NewDesignator=R41
Change Component Designator: OldDesignator=R47 NewDesignator=R46
Change Component Designator: OldDesignator=R65 NewDesignator=R64
Change Component Designator: OldDesignator=R91 NewDesignator=R90
Change Component Designator: OldDesignator=R99 NewDesignator=R98
Change Component Designator: OldDesignator=R103 NewDesignator=R100
Change Component Designator: OldDesignator=R105 NewDesignator=R104
Change Component Designator: OldDesignator=R107 NewDesignator=R106
Change Component Designator: OldDesignator=TP11 NewDesignator=TP10
Change Component Designator: OldDesignator=TP23 NewDesignator=TP12
Change Component Designator: OldDesignator=TP24 NewDesignator=TP13
Change Component Designator: OldDesignator=TP25 NewDesignator=TP14
Change Component Description : Designator=R20 Old Description= New Description=Resistor
Change Component Description : Designator=R29 Old Description= New Description=Resistor
Change Component Description : Designator=R40 Old Description= New Description=Resistor
Change Component Description : Designator=R62 Old Description= New Description=Resistor
Change Component Description : Designator=R72 Old Description= New Description=Resistor
Change Component Description : Designator=R78 Old Description= New Description=Resistor
Change Component Description : Designator=R88 Old Description= New Description=Resistor
Change Component Description : Designator=R108 Old Description= New Description=Resistor
Added Component: Designator=C5(0805C-TBD)
Added Component: Designator=C6(0805C-TBD)
Added Component: Designator=C45(0805C-TBD)
Added Component: Designator=R39(0805R-10)
Added Component: Designator=R43(1210R-GENERIC)
Added Component: Designator=R47(1210C-GENERIC)
Added Component: Designator=R52(0805R-2K7)
Added Component: Designator=R56(0805R-2K7)
Added Component: Designator=R58(0805R-1K)
Added Component: Designator=R65(1210R-GENERIC)
Added Component: Designator=R80(0805R-10)
Added Component: Designator=R84(0805R-100)
Added Component: Designator=R91(1210R-GENERIC)
Added Component: Designator=R99(0805R-10)
Added Component: Designator=R103(1210C-GENERIC)
Added Component: Designator=R105(1210C-GENERIC)
Added Component: Designator=R107(0805R-10)
Added Pin To Net: NetName=NetC5_1 Pin=C5-1
Added Pin To Net: NetName=GND Pin=C5-2
Added Pin To Net: NetName=NetC5_1 Pin=C6-1
Added Pin To Net: NetName=GND Pin=C6-2
Added Pin To Net: NetName=GND Pin=C45-2
Added Pin To Net: NetName=GND Pin=C56-1
Added Pin To Net: NetName=GND Pin=C65-1
Added Pin To Net: NetName=NetJ3_1 Pin=J4-1
Added Pin To Net: NetName=NetJ3_1 Pin=J5-1
Added Pin To Net: NetName=NetJ3_1 Pin=J6-1
Added Pin To Net: NetName=NetJ3_1 Pin=J7-1
Added Pin To Net: NetName=NetJ3_1 Pin=J8-1
Added Pin To Net: NetName=NetJ3_1 Pin=J9-1
Added Pin To Net: NetName=NetJ3_1 Pin=J10-1
Added Pin To Net: NetName=NetJ3_1 Pin=J11-1
Added Pin To Net: NetName=NetJ3_1 Pin=J12-1
Added Pin To Net: NetName=NetK1_2 Pin=R23-2
Added Pin To Net: NetName=NetC31_2 Pin=R24-1
Added Pin To Net: NetName=NetC37_1 Pin=R31-2
Added Pin To Net: NetName=NetK1_2 Pin=R32-2
Added Pin To Net: NetName=NetC39_2 Pin=R33-1
Added Pin To Net: NetName=NetC43_2 Pin=R39-2
Added Pin To Net: NetName=NetK1_2 Pin=R43-2
Added Pin To Net: NetName=NetC46_2 Pin=R44-1
Added Pin To Net: NetName=NetC46_2 Pin=R47-1
Added Pin To Net: NetName=GND Pin=R47-2
Added Pin To Net: NetName=NetC48_2 Pin=R50-2
Added Pin To Net: NetName=VCC=3.3V Pin=R52-1
Added Pin To Net: NetName=NetR52_2 Pin=R52-2
Added Pin To Net: NetName=NetC49_1 Pin=R53-2
Added Pin To Net: NetName=NetK1_2 Pin=R54-2
Added Pin To Net: NetName=NetC50_2 Pin=R55-1
Added Pin To Net: NetName=NetR54_1 Pin=R55-2
Added Pin To Net: NetName=NetQ4_B Pin=R56-2
Added Pin To Net: NetName=NetC50_2 Pin=R57-1
Added Pin To Net: NetName=GND Pin=R57-2
Added Pin To Net: NetName=GND Pin=R58-1
Added Pin To Net: NetName=NetQ4_B Pin=R58-2
Added Pin To Net: NetName=NetC55_1 Pin=R63-2
Added Pin To Net: NetName=NetK1_2 Pin=R65-2
Added Pin To Net: NetName=NetC56_2 Pin=R66-1
Added Pin To Net: NetName=GND Pin=R68-2
Added Pin To Net: NetName=NetC58_1 Pin=R73-2
Added Pin To Net: NetName=NetK1_2 Pin=R74-2
Added Pin To Net: NetName=NetC59_2 Pin=R75-1
Added Pin To Net: NetName=NetC64_1 Pin=R79-2
Added Pin To Net: NetName=VCC=3.3V Pin=R80-1
Added Pin To Net: NetName=NetR80_2 Pin=R80-2
Added Pin To Net: NetName=NetK1_2 Pin=R81-2
Added Pin To Net: NetName=NetC65_2 Pin=R82-1
Added Pin To Net: NetName=NetC65_2 Pin=R83-1
Added Pin To Net: NetName=GND Pin=R83-2
Added Pin To Net: NetName=NetQ7_B Pin=R84-2
Added Pin To Net: NetName=NetC67_1 Pin=R89-2
Added Pin To Net: NetName=NetK1_2 Pin=R91-2
Added Pin To Net: NetName=NetC68_2 Pin=R92-1
Added Pin To Net: NetName=NetK1_2 Pin=R102-2
Added Pin To Net: NetName=NetC74_2 Pin=R103-1
Added Pin To Net: NetName=NetC74_2 Pin=R105-1
Added Pin To Net: NetName=GND Pin=R105-2
Added Pin To Net: NetName=NetC75_2 Pin=R107-2
Added Pin To Net: NetName=NetC76_1 Pin=R109-2
Added Pin To Net: NetName=NetK1_2 Pin=R110-2
Added Pin To Net: NetName=NetC77_2 Pin=R111-1
Added Pin To Net: NetName=VCC=3.3V Pin=U10-8
Added Pin To Net: NetName=NetR52_2 Pin=U11-1
Added Pin To Net: NetName=NetR80_2 Pin=U15-1
Added Pin To Net: NetName=GND Pin=U16-10
Change Net Name : Old Net Name=NetC45_1 New Net Name=NetC44_1
Change Net Name : Old Net Name=NetR23_1 New Net Name=NetR22_1
Change Net Name : Old Net Name=NetR39_1 New Net Name=NetR38_1
Change Net Name : Old Net Name=NetR91_1 New Net Name=NetR90_1
Change Net Name : Old Net Name=NetR103_2 New Net Name=NetR100_2
Change Net Name : Old Net Name=NetR105_1 New Net Name=NetR104_1
Change Net Name : Old Net Name=NetTP24_1 New Net Name=NetTP13_1
Change Net Name : Old Net Name=NetTP25_1 New Net Name=NetTP14_1
Added Pin To Net: NetName=NetC45_1 Pin=C45-1
Added Pin To Net: NetName=NetC45_1 Pin=R42-2
Added Pin To Net: NetName=NetC45_1 Pin=U8-12
Added Net: Name=NetC45_1
Added Pin To Net: NetName=NetK2_1 Pin=K2-1
Added Net: Name=NetK2_1
Added Pin To Net: NetName=NetK3_1 Pin=K3-1
Added Net: Name=NetK3_1
Added Pin To Net: NetName=NetK4_1 Pin=K4-1
Added Net: Name=NetK4_1
Added Pin To Net: NetName=NetK5_1 Pin=K5-1
Added Net: Name=NetK5_1
Added Pin To Net: NetName=NetK6_1 Pin=K6-1
Added Net: Name=NetK6_1
Added Pin To Net: NetName=NetK7_1 Pin=K7-1
Added Net: Name=NetK7_1
Added Pin To Net: NetName=NetK8_1 Pin=K8-1
Added Net: Name=NetK8_1
Added Pin To Net: NetName=NetK9_1 Pin=K9-1
Added Net: Name=NetK9_1
Added Pin To Net: NetName=NetK10_1 Pin=K10-1
Added Net: Name=NetK10_1
Added Pin To Net: NetName=NetR19_1 Pin=R19-1
Added Pin To Net: NetName=NetR19_1 Pin=R20-2
Added Net: Name=NetR19_1
Added Pin To Net: NetName=NetR20_1 Pin=R20-1
Added Pin To Net: NetName=NetR20_1 Pin=R21-1
Added Net: Name=NetR20_1
Added Pin To Net: NetName=NetR23_1 Pin=R23-1
Added Pin To Net: NetName=NetR23_1 Pin=R24-2
Added Net: Name=NetR23_1
Added Pin To Net: NetName=NetR28_1 Pin=R28-1
Added Pin To Net: NetName=NetR28_1 Pin=R29-2
Added Net: Name=NetR28_1
Added Pin To Net: NetName=NetR29_1 Pin=R29-1
Added Pin To Net: NetName=NetR29_1 Pin=R31-1
Added Net: Name=NetR29_1
Added Pin To Net: NetName=NetR32_1 Pin=R32-1
Added Pin To Net: NetName=NetR32_1 Pin=R33-2
Added Net: Name=NetR32_1
Added Pin To Net: NetName=NetR39_1 Pin=R39-1
Added Pin To Net: NetName=NetR39_1 Pin=R40-2
Added Net: Name=NetR39_1
Added Pin To Net: NetName=NetR40_1 Pin=R40-1
Added Pin To Net: NetName=NetR40_1 Pin=R42-1
Added Net: Name=NetR40_1
Added Pin To Net: NetName=NetR43_1 Pin=R43-1
Added Pin To Net: NetName=NetR43_1 Pin=R44-2
Added Net: Name=NetR43_1
Added Pin To Net: NetName=NetR50_1 Pin=R50-1
Added Pin To Net: NetName=NetR50_1 Pin=R51-2
Added Net: Name=NetR50_1
Added Pin To Net: NetName=NetR51_1 Pin=R51-1
Added Pin To Net: NetName=NetR51_1 Pin=R53-1
Added Net: Name=NetR51_1
Added Pin To Net: NetName=NetR56_1 Pin=R56-1
Added Pin To Net: NetName=NetR56_1 Pin=U11-4
Added Net: Name=NetR56_1
Added Pin To Net: NetName=NetR60_1 Pin=R60-1
Added Pin To Net: NetName=NetR60_1 Pin=R62-2
Added Net: Name=NetR60_1
Added Pin To Net: NetName=NetR62_1 Pin=R62-1
Added Pin To Net: NetName=NetR62_1 Pin=R63-1
Added Net: Name=NetR62_1
Added Pin To Net: NetName=NetR65_1 Pin=R65-1
Added Pin To Net: NetName=NetR65_1 Pin=R66-2
Added Net: Name=NetR65_1
Added Pin To Net: NetName=NetR70_1 Pin=R70-1
Added Pin To Net: NetName=NetR70_1 Pin=R72-2
Added Net: Name=NetR70_1
Added Pin To Net: NetName=NetR72_1 Pin=R72-1
Added Pin To Net: NetName=NetR72_1 Pin=R73-1
Added Net: Name=NetR72_1
Added Pin To Net: NetName=NetR74_1 Pin=R74-1
Added Pin To Net: NetName=NetR74_1 Pin=R75-2
Added Net: Name=NetR74_1
Added Pin To Net: NetName=NetR77_1 Pin=R77-1
Added Pin To Net: NetName=NetR77_1 Pin=R78-2
Added Net: Name=NetR77_1
Added Pin To Net: NetName=NetR78_1 Pin=R78-1
Added Pin To Net: NetName=NetR78_1 Pin=R79-1
Added Net: Name=NetR78_1
Added Pin To Net: NetName=NetR81_1 Pin=R81-1
Added Pin To Net: NetName=NetR81_1 Pin=R82-2
Added Net: Name=NetR81_1
Added Pin To Net: NetName=NetR84_1 Pin=R84-1
Added Pin To Net: NetName=NetR84_1 Pin=U15-4
Added Net: Name=NetR84_1
Added Pin To Net: NetName=NetR86_1 Pin=R86-1
Added Pin To Net: NetName=NetR86_1 Pin=R88-2
Added Net: Name=NetR86_1
Added Pin To Net: NetName=NetR88_1 Pin=R88-1
Added Pin To Net: NetName=NetR88_1 Pin=R89-1
Added Net: Name=NetR88_1
Added Pin To Net: NetName=NetR91_1 Pin=R91-1
Added Pin To Net: NetName=NetR91_1 Pin=R92-2
Added Net: Name=NetR91_1
Added Pin To Net: NetName=NetR97_1 Pin=R97-1
Added Pin To Net: NetName=NetR97_1 Pin=R99-2
Added Net: Name=NetR97_1
Added Pin To Net: NetName=NetR99_1 Pin=R99-1
Added Pin To Net: NetName=NetR99_1 Pin=R101-1
Added Net: Name=NetR99_1
Added Pin To Net: NetName=NetR102_1 Pin=R102-1
Added Pin To Net: NetName=NetR102_1 Pin=R103-2
Added Net: Name=NetR102_1
Added Pin To Net: NetName=NetR107_1 Pin=R107-1
Added Pin To Net: NetName=NetR107_1 Pin=R108-2
Added Net: Name=NetR107_1
Added Pin To Net: NetName=NetR108_1 Pin=R108-1
Added Pin To Net: NetName=NetR108_1 Pin=R109-1
Added Net: Name=NetR108_1
Added Pin To Net: NetName=NetR110_1 Pin=R110-1
Added Pin To Net: NetName=NetR110_1 Pin=R111-2
Added Net: Name=NetR110_1
Added Member To Class: ClassName=Sheet1 Member=Component C5 .1uF
Added Member To Class: ClassName=Sheet1 Member=Component C6 .1uF
Added Member To Class: ClassName=Sheet2 Member=Component K3 Relay-SPDT
