Added Component: Designator=C1(C+12MM)
Added Component: Designator=C2(1206C-GENERIC)
Added Component: Designator=C3(1206C-GENERIC)
Added Component: Designator=C4(1206C-GENERIC)
Added Component: Designator=C5(0805C-TBD)
Added Component: Designator=C6(0805C-TBD)
Added Component: Designator=C7(C0805)
Added Component: Designator=C8(0805C-TBD)
Added Component: Designator=C9(C0805)
Added Component: Designator=C10(0805C-TBD)
Added Component: Designator=C11(C0805)
Added Component: Designator=C12(0805C-TBD)
Added Component: Designator=C13(0805C-TBD)
Added Component: Designator=C14(0805C-TBD)
Added Component: Designator=C15(0805C-TBD)
Added Component: Designator=C16(0805C-TBD)
Added Component: Designator=C17(0805C-TBD)
Added Component: Designator=C18(0805C-TBD)
Added Component: Designator=C19(0805C-TBD)
Added Component: Designator=C20(C0805)
Added Component: Designator=C21(C0805)
Added Component: Designator=C22(C0805)
Added Component: Designator=C23(0805C-TBD)
Added Component: Designator=C24(0805C-TBD)
Added Component: Designator=C25(0805C-TBD)
Added Component: Designator=C26(0805C-TBD)
Added Component: Designator=C27(0805C-TBD)
Added Component: Designator=C28(0805C-TBD)
Added Component: Designator=C29(0805C-TBD)
Added Component: Designator=C30(0805C-TBD)
Added Component: Designator=C31(0805C-TBD)
Added Component: Designator=C32(0805C-TBD)
Added Component: Designator=C33(0805C-TBD)
Added Component: Designator=C34(0805C-TBD)
Added Component: Designator=C35(0805C-TBD)
Added Component: Designator=C36(0805C-TBD)
Added Component: Designator=C37(0805C-TBD)
Added Component: Designator=C38(0805C-TBD)
Added Component: Designator=C39(0805C-TBD)
Added Component: Designator=C40(0805C-TBD)
Added Component: Designator=C41(C0805)
Added Component: Designator=C42(C0805)
Added Component: Designator=C43(0805C-TBD)
Added Component: Designator=C44(0805C-TBD)
Added Component: Designator=C45(C0805)
Added Component: Designator=C46(0805C-TBD)
Added Component: Designator=C47(0805C-TBD)
Added Component: Designator=C48(0805C-TBD)
Added Component: Designator=C49(0805C-TBD)
Added Component: Designator=C50(0805C-TBD)
Added Component: Designator=C51(C0805)
Added Component: Designator=C52(C0805)
Added Component: Designator=C53(C0805)
Added Component: Designator=C54(0805C-TBD)
Added Component: Designator=C55(0805C-TBD)
Added Component: Designator=C56(0805C-TBD)
Added Component: Designator=C57(0805C-TBD)
Added Component: Designator=C58(0805C-TBD)
Added Component: Designator=C59(0805C-TBD)
Added Component: Designator=D1(D-38)
Added Component: Designator=D2(SMB)
Added Component: Designator=D3(SMB)
Added Component: Designator=D4(DO-41)
Added Component: Designator=D5(3.2X1.6X1.1)
Added Component: Designator=D6(DO-41)
Added Component: Designator=D7(3.2X1.6X1.1)
Added Component: Designator=D8(DO-41)
Added Component: Designator=D9(3.2X1.6X1.1)
Added Component: Designator=D10(DO-41)
Added Component: Designator=D11(3.2X1.6X1.1)
Added Component: Designator=D12(DO-41)
Added Component: Designator=D13(3.2X1.6X1.1)
Added Component: Designator=D14(DO-41)
Added Component: Designator=D15(3.2X1.6X1.1)
Added Component: Designator=F1(PIN-W2/E2.8)
Added Component: Designator=J1(IEC7-2H3)
Added Component: Designator=J2(74990112116A)
Added Component: Designator=K1(JQX-16f)
Added Component: Designator=K2(MODULE4)
Added Component: Designator=K3(MODULE4)
Added Component: Designator=K4(MODULE4)
Added Component: Designator=K5(MODULE4)
Added Component: Designator=K6(MODULE4)
Added Component: Designator=L1(0402-A)
Added Component: Designator=L2(0402-A)
Added Component: Designator=L3(TOKO-DFE252012C-1U)
Added Component: Designator=P1(HDR1X5)
Added Component: Designator=Q1(SOT23-BCE)
Added Component: Designator=Q2(SOT23-BCE)
Added Component: Designator=Q3(SOT23-BCE)
Added Component: Designator=Q4(SOT23-BCE)
Added Component: Designator=Q5(SOT23-BCE)
Added Component: Designator=Q6(SOT23-BCE)
Added Component: Designator=R1(J1-0603)
Added Component: Designator=R2(J1-0603)
Added Component: Designator=R3(J1-0603)
Added Component: Designator=R4(J1-0603)
Added Component: Designator=R5(J1-0603)
Added Component: Designator=R6(J1-0603)
Added Component: Designator=R7(J1-0603)
Added Component: Designator=R8(J1-0603)
Added Component: Designator=R9(J1-0603)
Added Component: Designator=R10(J1-0603)
Added Component: Designator=R11(J1-0603)
Added Component: Designator=R12(J1-0603)
Added Component: Designator=R13(J1-0603)
Added Component: Designator=R14(J1-0603)
Added Component: Designator=R15(J1-0603)
Added Component: Designator=R16(J1-0603)
Added Component: Designator=R17(J1-0603)
Added Component: Designator=R18(J1-0603)
Added Component: Designator=R19(J1-0603)
Added Component: Designator=R21(J1-0603)
Added Component: Designator=R22(J1-0603)
Added Component: Designator=R23(J1-0603)
Added Component: Designator=R24(J1-0603)
Added Component: Designator=R25(J1-0603)
Added Component: Designator=R26(J1-0603)
Added Component: Designator=R27(J1-0603)
Added Component: Designator=R28(J1-0603)
Added Component: Designator=R30(J1-0603)
Added Component: Designator=R31(J1-0603)
Added Component: Designator=R32(J1-0603)
Added Component: Designator=R33(J1-0603)
Added Component: Designator=R34(J1-0603)
Added Component: Designator=R35(J1-0603)
Added Component: Designator=R36(J1-0603)
Added Component: Designator=R37(J1-0603)
Added Component: Designator=R38(J1-0603)
Added Component: Designator=R39(J1-0603)
Added Component: Designator=R41(J1-0603)
Added Component: Designator=R42(J1-0603)
Added Component: Designator=R43(J1-0603)
Added Component: Designator=R44(J1-0603)
Added Component: Designator=R45(J1-0603)
Added Component: Designator=R46(J1-0603)
Added Component: Designator=R47(J1-0603)
Added Component: Designator=R48(J1-0603)
Added Component: Designator=R49(J1-0603)
Added Component: Designator=R50(J1-0603)
Added Component: Designator=R51(J1-0603)
Added Component: Designator=R53(J1-0603)
Added Component: Designator=R54(J1-0603)
Added Component: Designator=R55(J1-0603)
Added Component: Designator=R56(J1-0603)
Added Component: Designator=R57(J1-0603)
Added Component: Designator=R58(J1-0603)
Added Component: Designator=R59(J1-0603)
Added Component: Designator=R60(J1-0603)
Added Component: Designator=R61(J1-0603)
Added Component: Designator=R63(J1-0603)
Added Component: Designator=R64(J1-0603)
Added Component: Designator=R65(J1-0603)
Added Component: Designator=R66(J1-0603)
Added Component: Designator=R67(J1-0603)
Added Component: Designator=R68(J1-0603)
Added Component: Designator=R69(J1-0603)
Added Component: Designator=R70(J1-0603)
Added Component: Designator=R71(J1-0603)
Added Component: Designator=R73(J1-0603)
Added Component: Designator=R74(J1-0603)
Added Component: Designator=R75(J1-0603)
Added Component: Designator=R76(J1-0603)
Added Component: Designator=S1(SPST-2)
Added Component: Designator=TP1(TESTPOINT)
Added Component: Designator=TP2(TESTPOINT)
Added Component: Designator=TP3(TESTPOINT)
Added Component: Designator=TP4(TESTPOINT)
Added Component: Designator=TP5(TESTPOINT)
Added Component: Designator=TP6(TESTPOINT)
Added Component: Designator=TP7(TESTPOINT)
Added Component: Designator=TP8(TESTPOINT)
Added Component: Designator=TP9(TESTPOINT)
Added Component: Designator=TP10(TESTPOINT)
Added Component: Designator=TP11(TESTPOINT)
Added Component: Designator=TP12(TESTPOINT)
Added Component: Designator=TP13(TESTPOINT)
Added Component: Designator=TP14(TESTPOINT)
Added Component: Designator=TP15(TESTPOINT)
Added Component: Designator=TP16(TESTPOINT)
Added Component: Designator=TP17(TESTPOINT)
Added Component: Designator=TP18(TESTPOINT)
Added Component: Designator=TP19(TESTPOINT)
Added Component: Designator=TP20(TESTPOINT)
Added Component: Designator=TP21(TESTPOINT)
Added Component: Designator=TP22(TESTPOINT)
Added Component: Designator=TP23(TESTPOINT)
Added Component: Designator=TP24(TESTPOINT)
Added Component: Designator=TP25(TESTPOINT)
Added Component: Designator=TP26(TESTPOINT)
Added Component: Designator=TP27(TESTPOINT)
Added Component: Designator=TP28(TESTPOINT)
Added Component: Designator=TP29(TESTPOINT)
Added Component: Designator=TP30(TESTPOINT)
Added Component: Designator=TP31(TESTPOINT)
Added Component: Designator=TP32(TESTPOINT)
Added Component: Designator=TP33(TESTPOINT)
Added Component: Designator=TP34(TESTPOINT)
Added Component: Designator=TP35(TESTPOINT)
Added Component: Designator=TP36(TESTPOINT)
Added Component: Designator=TP37(TESTPOINT)
Added Component: Designator=TP38(TESTPOINT)
Added Component: Designator=TP39(TESTPOINT)
Added Component: Designator=TP40(TESTPOINT)
Added Component: Designator=TP41(TESTPOINT)
Added Component: Designator=TP42(TESTPOINT)
Added Component: Designator=TP43(TESTPOINT)
Added Component: Designator=TP44(TESTPOINT)
Added Component: Designator=TP45(TESTPOINT)
Added Component: Designator=TP46(TESTPOINT)
Added Component: Designator=TP47(TESTPOINT)
Added Component: Designator=TP48(TESTPOINT)
Added Component: Designator=TP49(TESTPOINT)
Added Component: Designator=U3(QFN24_4X4_N)
Added Component: Designator=U4(QFN32_L)
Added Component: Designator=U5(SOP5(6))
Added Component: Designator=U6(QFN64_N)
Added Component: Designator=U7(SOP5(6))
Added Component: Designator=U8(QFN32_L)
Added Component: Designator=U9(SOP5(6))
Added Component: Designator=U11(SOP5(6))
Added Component: Designator=U12(SOP5(6))
Added Component: Designator=U13(QFN32_L)
Added Component: Designator=U14(SOP5(6))
Added Component: Designator=U16(QFN32_L)
Added Component: Designator=U19(QFN32_L)
Added Component: Designator=U23(32QN2_N)
Added Component: Designator=Y1(XTAL-RU49/4)
Added Component: Designator=Y2(R38)
Added Component: Designator=Y3(R38)
Added Pin To Net: NetName=NetC1_+ Pin=C1-+
Added Pin To Net: NetName=GND Pin=C1--
Added Pin To Net: NetName=GND Pin=C2-1
Added Pin To Net: NetName=NetC1_+ Pin=C2-2
Added Pin To Net: NetName=GND Pin=C3-1
Added Pin To Net: NetName=NetC1_+ Pin=C3-2
Added Pin To Net: NetName=GND Pin=C4-1
Added Pin To Net: NetName=NetC1_+ Pin=C4-2
Added Pin To Net: NetName=NetC5_1 Pin=C5-1
Added Pin To Net: NetName=GND Pin=C5-2
Added Pin To Net: NetName=NetC5_1 Pin=C6-1
Added Pin To Net: NetName=GND Pin=C6-2
Added Pin To Net: NetName=NetC5_1 Pin=C7-1
Added Pin To Net: NetName=GND Pin=C7-2
Added Pin To Net: NetName=VDD=3.3V Pin=C8-1
Added Pin To Net: NetName=GND Pin=C8-2
Added Pin To Net: NetName=VDD=3.3V Pin=C9-1
Added Pin To Net: NetName=GND Pin=C9-2
Added Pin To Net: NetName=NetC10_1 Pin=C10-1
Added Pin To Net: NetName=GND Pin=C10-2
Added Pin To Net: NetName=NetC10_1 Pin=C11-1
Added Pin To Net: NetName=GND Pin=C11-2
Added Pin To Net: NetName=NetC12_1 Pin=C12-1
Added Pin To Net: NetName=GND Pin=C12-2
Added Pin To Net: NetName=NetC13_1 Pin=C13-1
Added Pin To Net: NetName=GND Pin=C13-2
Added Pin To Net: NetName=NetC14_1 Pin=C14-1
Added Pin To Net: NetName=GND Pin=C14-2
Added Pin To Net: NetName=NetC15_1 Pin=C15-1
Added Pin To Net: NetName=GND Pin=C15-2
Added Pin To Net: NetName=VCC=3.3V Pin=C16-1
Added Pin To Net: NetName=GND Pin=C16-2
Added Pin To Net: NetName=NetC17_1 Pin=C17-1
Added Pin To Net: NetName=GND Pin=C17-2
Added Pin To Net: NetName=NetC18_1 Pin=C18-1
Added Pin To Net: NetName=GND Pin=C18-2
Added Pin To Net: NetName=NetC19_1 Pin=C19-1
Added Pin To Net: NetName=GND Pin=C19-2
Added Pin To Net: NetName=NetC20_1 Pin=C20-1
Added Pin To Net: NetName=GND Pin=C20-2
Added Pin To Net: NetName=VCC=3.3V Pin=C21-1
Added Pin To Net: NetName=NetC21_2 Pin=C21-2
Added Pin To Net: NetName=NetC22_1 Pin=C22-1
Added Pin To Net: NetName=GND Pin=C22-2
Added Pin To Net: NetName=GND Pin=C23-1
Added Pin To Net: NetName=NetC23_2 Pin=C23-2
Added Pin To Net: NetName=GND Pin=C24-1
Added Pin To Net: NetName=VCC=3.3V Pin=C24-2
Added Pin To Net: NetName=NetC25_1 Pin=C25-1
Added Pin To Net: NetName=GND Pin=C25-2
Added Pin To Net: NetName=GND Pin=C26-1
Added Pin To Net: NetName=VCC=3.3V Pin=C26-2
Added Pin To Net: NetName=VCC=3.3V Pin=C27-1
Added Pin To Net: NetName=GND Pin=C27-2
Added Pin To Net: NetName=GND Pin=C28-1
Added Pin To Net: NetName=VCC=3.3V Pin=C28-2
Added Pin To Net: NetName=GND Pin=C29-1
Added Pin To Net: NetName=VCC=3.3V Pin=C29-2
Added Pin To Net: NetName=NetC30_1 Pin=C30-1
Added Pin To Net: NetName=GND Pin=C30-2
Added Pin To Net: NetName=GND Pin=C31-1
Added Pin To Net: NetName=NetC31_2 Pin=C31-2
Added Pin To Net: NetName=GND Pin=C32-1
Added Pin To Net: NetName=VCC=3.3V Pin=C32-2
Added Pin To Net: NetName=GND Pin=C33-1
Added Pin To Net: NetName=VCC=3.3V Pin=C33-2
Added Pin To Net: NetName=NetC34_1 Pin=C34-1
Added Pin To Net: NetName=GND Pin=C34-2
Added Pin To Net: NetName=GND Pin=C35-1
Added Pin To Net: NetName=NetC35_2 Pin=C35-2
Added Pin To Net: NetName=NetC36_1 Pin=C36-1
Added Pin To Net: NetName=GND Pin=C36-2
Added Pin To Net: NetName=NetC37_1 Pin=C37-1
Added Pin To Net: NetName=GND Pin=C37-2
Added Pin To Net: NetName=NetC38_1 Pin=C38-1
Added Pin To Net: NetName=GND Pin=C38-2
Added Pin To Net: NetName=GND Pin=C39-1
Added Pin To Net: NetName=NetC39_2 Pin=C39-2
Added Pin To Net: NetName=NetC40_1 Pin=C40-1
Added Pin To Net: NetName=GND Pin=C40-2
Added Pin To Net: NetName=NetC41_1 Pin=C41-1
Added Pin To Net: NetName=GND Pin=C41-2
Added Pin To Net: NetName=VCC=3.3V Pin=C42-1
Added Pin To Net: NetName=NetC42_2 Pin=C42-2
Added Pin To Net: NetName=GND Pin=C43-1
Added Pin To Net: NetName=NetC43_2 Pin=C43-2
Added Pin To Net: NetName=NetC44_1 Pin=C44-1
Added Pin To Net: NetName=GND Pin=C44-2
Added Pin To Net: NetName=NetC45_1 Pin=C45-1
Added Pin To Net: NetName=GND Pin=C45-2
Added Pin To Net: NetName=GND Pin=C46-1
Added Pin To Net: NetName=NetC46_2 Pin=C46-2
Added Pin To Net: NetName=GND Pin=C47-1
Added Pin To Net: NetName=NetC47_2 Pin=C47-2
Added Pin To Net: NetName=GND Pin=C48-1
Added Pin To Net: NetName=NetC48_2 Pin=C48-2
Added Pin To Net: NetName=NetC49_1 Pin=C49-1
Added Pin To Net: NetName=GND Pin=C49-2
Added Pin To Net: NetName=GND Pin=C50-1
Added Pin To Net: NetName=NetC50_2 Pin=C50-2
Added Pin To Net: NetName=NetC51_1 Pin=C51-1
Added Pin To Net: NetName=GND Pin=C51-2
Added Pin To Net: NetName=VCC=3.3V Pin=C52-1
Added Pin To Net: NetName=NetC52_2 Pin=C52-2
Added Pin To Net: NetName=NetC53_1 Pin=C53-1
Added Pin To Net: NetName=GND Pin=C53-2
Added Pin To Net: NetName=GND Pin=C54-1
Added Pin To Net: NetName=NetC54_2 Pin=C54-2
Added Pin To Net: NetName=NetC55_1 Pin=C55-1
Added Pin To Net: NetName=GND Pin=C55-2
Added Pin To Net: NetName=NetC56_2 Pin=C56-2
Added Pin To Net: NetName=GND Pin=C57-1
Added Pin To Net: NetName=NetC57_2 Pin=C57-2
Added Pin To Net: NetName=NetC58_1 Pin=C58-1
Added Pin To Net: NetName=GND Pin=C58-2
Added Pin To Net: NetName=GND Pin=C59-1
Added Pin To Net: NetName=NetC59_2 Pin=C59-2
Added Pin To Net: NetName=NetC1_+ Pin=D1-1
Added Pin To Net: NetName=NetD1_2 Pin=D1-2
Added Pin To Net: NetName=GND Pin=D1-3
Added Pin To Net: NetName=NetD1_4 Pin=D1-4
Added Pin To Net: NetName=GND Pin=D2-1
Added Pin To Net: NetName=NetD2_2 Pin=D2-2
Added Pin To Net: NetName=GND Pin=D3-1
Added Pin To Net: NetName=NetD3_2 Pin=D3-2
Added Pin To Net: NetName=NetD4_1 Pin=D4-1
Added Pin To Net: NetName=VCC=5.0V Pin=D4-2
Added Pin To Net: NetName=NetD5_1 Pin=D5-1
Added Pin To Net: NetName=NetD5_2 Pin=D5-2
Added Pin To Net: NetName=NetD6_1 Pin=D6-1
Added Pin To Net: NetName=VCC=5.0V Pin=D6-2
Added Pin To Net: NetName=NetD7_1 Pin=D7-1
Added Pin To Net: NetName=NetD7_2 Pin=D7-2
Added Pin To Net: NetName=NetD8_1 Pin=D8-1
Added Pin To Net: NetName=VCC=5.0V Pin=D8-2
Added Pin To Net: NetName=NetD9_1 Pin=D9-1
Added Pin To Net: NetName=NetD9_2 Pin=D9-2
Added Pin To Net: NetName=NetD10_1 Pin=D10-1
Added Pin To Net: NetName=VCC=5.0V Pin=D10-2
Added Pin To Net: NetName=NetD11_1 Pin=D11-1
Added Pin To Net: NetName=NetD11_2 Pin=D11-2
Added Pin To Net: NetName=NetD12_1 Pin=D12-1
Added Pin To Net: NetName=VCC=5.0V Pin=D12-2
Added Pin To Net: NetName=NetD13_1 Pin=D13-1
Added Pin To Net: NetName=NetD13_2 Pin=D13-2
Added Pin To Net: NetName=NetD14_1 Pin=D14-1
Added Pin To Net: NetName=VCC=5.0V Pin=D14-2
Added Pin To Net: NetName=NetD15_1 Pin=D15-1
Added Pin To Net: NetName=NetD15_2 Pin=D15-2
Added Pin To Net: NetName=NetF1_1 Pin=F1-1
Added Pin To Net: NetName=NetF1_2 Pin=F1-2
Added Pin To Net: NetName=NetJ1_1 Pin=J1-1
Added Pin To Net: NetName=NetJ1_2 Pin=J1-2
Added Pin To Net: NetName=NetC12_1 Pin=J2-1
Added Pin To Net: NetName=VCC=3.3V Pin=J2-2
Added Pin To Net: NetName=NetC13_1 Pin=J2-3
Added Pin To Net: NetName=NetC14_1 Pin=J2-4
Added Pin To Net: NetName=VCC=3.3V Pin=J2-5
Added Pin To Net: NetName=NetC15_1 Pin=J2-6
Added Pin To Net: NetName=NetJ2_9 Pin=J2-9
Added Pin To Net: NetName=NetJ2_10 Pin=J2-10
Added Pin To Net: NetName=NetJ2_11 Pin=J2-11
Added Pin To Net: NetName=NetJ2_12 Pin=J2-12
Added Pin To Net: NetName=NetJ3_1 Pin=K1-1
Added Pin To Net: NetName=NetK1_2 Pin=K1-2
Added Pin To Net: NetName=NetJ4_1 Pin=K2-1
Added Pin To Net: NetName=NetK2_2 Pin=K2-2
Added Pin To Net: NetName=VCC=5.0V Pin=K2-3
Added Pin To Net: NetName=NetD6_1 Pin=K2-4
Added Pin To Net: NetName=NetJ5_1 Pin=K3-1
Added Pin To Net: NetName=NetK3_2 Pin=K3-2
Added Pin To Net: NetName=VCC=5.0V Pin=K3-3
Added Pin To Net: NetName=NetD8_1 Pin=K3-4
Added Pin To Net: NetName=NetJ6_1 Pin=K4-1
Added Pin To Net: NetName=NetK4_2 Pin=K4-2
Added Pin To Net: NetName=VCC=5.0V Pin=K4-3
Added Pin To Net: NetName=NetD10_1 Pin=K4-4
Added Pin To Net: NetName=NetJ7_1 Pin=K5-1
Added Pin To Net: NetName=NetK5_2 Pin=K5-2
Added Pin To Net: NetName=VCC=5.0V Pin=K5-3
Added Pin To Net: NetName=NetD12_1 Pin=K5-4
Added Pin To Net: NetName=NetJ8_1 Pin=K6-1
Added Pin To Net: NetName=NetK6_2 Pin=K6-2
Added Pin To Net: NetName=VCC=5.0V Pin=K6-3
Added Pin To Net: NetName=NetD14_1 Pin=K6-4
Added Pin To Net: NetName=NetD2_2 Pin=L1-1
Added Pin To Net: NetName=NetL1_2 Pin=L1-2
Added Pin To Net: NetName=NetD3_2 Pin=L2-1
Added Pin To Net: NetName=NetL2_2 Pin=L2-2
Added Pin To Net: NetName=VDD=3.3V Pin=L3-1
Added Pin To Net: NetName=NetC5_1 Pin=L3-2
Added Pin To Net: NetName=VCC=3.3V Pin=P1-1
Added Pin To Net: NetName=NetP1_2 Pin=P1-2
Added Pin To Net: NetName=NetP1_3 Pin=P1-3
Added Pin To Net: NetName=NetC47_2 Pin=P1-4
Added Pin To Net: NetName=GND Pin=P1-5
Added Pin To Net: NetName=NetQ1_B Pin=Q1-B
Added Pin To Net: NetName=NetD4_1 Pin=Q1-C
Added Pin To Net: NetName=GND Pin=Q1-E
Added Pin To Net: NetName=NetQ2_B Pin=Q2-B
Added Pin To Net: NetName=NetD6_1 Pin=Q2-C
Added Pin To Net: NetName=GND Pin=Q2-E
Added Pin To Net: NetName=NetQ3_B Pin=Q3-B
Added Pin To Net: NetName=NetD8_1 Pin=Q3-C
Added Pin To Net: NetName=GND Pin=Q3-E
Added Pin To Net: NetName=NetQ4_B Pin=Q4-B
Added Pin To Net: NetName=NetD10_1 Pin=Q4-C
Added Pin To Net: NetName=GND Pin=Q4-E
Added Pin To Net: NetName=NetQ5_B Pin=Q5-B
Added Pin To Net: NetName=NetD12_1 Pin=Q5-C
Added Pin To Net: NetName=GND Pin=Q5-E
Added Pin To Net: NetName=NetQ6_B Pin=Q6-B
Added Pin To Net: NetName=NetD14_1 Pin=Q6-C
Added Pin To Net: NetName=GND Pin=Q6-E
Added Pin To Net: NetName=VCC=3.3V Pin=R1-1
Added Pin To Net: NetName=NetL1_2 Pin=R1-2
Added Pin To Net: NetName=GND Pin=R2-1
Added Pin To Net: NetName=VCC=3.3V Pin=R2-2
Added Pin To Net: NetName=VCC=5.0V Pin=R3-1
Added Pin To Net: NetName=NetL2_2 Pin=R3-2
Added Pin To Net: NetName=GND Pin=R4-1
Added Pin To Net: NetName=VCC=5.0V Pin=R4-2
Added Pin To Net: NetName=NetR5_1 Pin=R5-1
Added Pin To Net: NetName=VDD=3.3V Pin=R5-2
Added Pin To Net: NetName=NetC12_1 Pin=R6-1
Added Pin To Net: NetName=NetC5_1 Pin=R6-2
Added Pin To Net: NetName=NetC13_1 Pin=R7-1
Added Pin To Net: NetName=NetC5_1 Pin=R7-2
Added Pin To Net: NetName=NetC14_1 Pin=R8-1
Added Pin To Net: NetName=NetC5_1 Pin=R8-2
Added Pin To Net: NetName=NetC15_1 Pin=R9-1
Added Pin To Net: NetName=NetC5_1 Pin=R9-2
Added Pin To Net: NetName=NetR10_1 Pin=R10-1
Added Pin To Net: NetName=NetR10_2 Pin=R10-2
Added Pin To Net: NetName=NetR11_1 Pin=R11-1
Added Pin To Net: NetName=NetR11_2 Pin=R11-2
Added Pin To Net: NetName=NetR12_1 Pin=R12-1
Added Pin To Net: NetName=NetR12_2 Pin=R12-2
Added Pin To Net: NetName=NetR13_1 Pin=R13-1
Added Pin To Net: NetName=NetR13_2 Pin=R13-2
Added Pin To Net: NetName=NetR14_2 Pin=R14-2
Added Pin To Net: NetName=NetC17_1 Pin=R15-1
Added Pin To Net: NetName=VCC=3.3V Pin=R15-2
Added Pin To Net: NetName=GND Pin=R16-1
Added Pin To Net: NetName=NetR16_2 Pin=R16-2
Added Pin To Net: NetName=VCC=3.3V Pin=R17-1
Added Pin To Net: NetName=NetJ2_10 Pin=R17-2
Added Pin To Net: NetName=VCC=3.3V Pin=R18-1
Added Pin To Net: NetName=NetJ2_12 Pin=R18-2
Added Pin To Net: NetName=NetK1_2 Pin=R19-1
Added Pin To Net: NetName=NetC23_2 Pin=R19-2
Added Pin To Net: NetName=NetR20_2 Pin=R21-1
Added Pin To Net: NetName=NetR21_2 Pin=R21-2
Added Pin To Net: NetName=NetR20_2 Pin=R22-1
Added Pin To Net: NetName=NetC25_1 Pin=R22-2
Added Pin To Net: NetName=NetR23_1 Pin=R23-1
Added Pin To Net: NetName=VCC=3.3V Pin=R23-2
Added Pin To Net: NetName=NetR21_2 Pin=R24-1
Added Pin To Net: NetName=NetC31_2 Pin=R24-2
Added Pin To Net: NetName=NetC31_2 Pin=R25-1
Added Pin To Net: NetName=GND Pin=R25-2
Added Pin To Net: NetName=NetC36_1 Pin=R26-1
Added Pin To Net: NetName=NetC30_1 Pin=R26-2
Added Pin To Net: NetName=VCC=3.3V Pin=R27-1
Added Pin To Net: NetName=NetR27_2 Pin=R27-2
Added Pin To Net: NetName=NetK2_2 Pin=R28-1
Added Pin To Net: NetName=NetC35_2 Pin=R28-2
Added Pin To Net: NetName=NetR30_1 Pin=R30-1
Added Pin To Net: NetName=NetQ1_B Pin=R30-2
Added Pin To Net: NetName=NetR29_2 Pin=R31-1
Added Pin To Net: NetName=NetR31_2 Pin=R31-2
Added Pin To Net: NetName=NetR29_2 Pin=R32-1
Added Pin To Net: NetName=NetC37_1 Pin=R32-2
Added Pin To Net: NetName=NetR31_2 Pin=R33-1
Added Pin To Net: NetName=NetC39_2 Pin=R33-2
Added Pin To Net: NetName=GND Pin=R34-1
Added Pin To Net: NetName=NetQ1_B Pin=R34-2
Added Pin To Net: NetName=NetC39_2 Pin=R35-1
Added Pin To Net: NetName=GND Pin=R35-2
Added Pin To Net: NetName=VCC=3.3V Pin=R36-1
Added Pin To Net: NetName=NetR36_2 Pin=R36-2
Added Pin To Net: NetName=NetC40_1 Pin=R37-1
Added Pin To Net: NetName=NetC38_1 Pin=R37-2
Added Pin To Net: NetName=NetK3_2 Pin=R38-1
Added Pin To Net: NetName=NetC43_2 Pin=R38-2
Added Pin To Net: NetName=NetR39_1 Pin=R39-1
Added Pin To Net: NetName=NetQ2_B Pin=R39-2
Added Pin To Net: NetName=NetR40_2 Pin=R41-1
Added Pin To Net: NetName=NetR41_2 Pin=R41-2
Added Pin To Net: NetName=NetR40_2 Pin=R42-1
Added Pin To Net: NetName=NetC44_1 Pin=R42-2
Added Pin To Net: NetName=GND Pin=R43-1
Added Pin To Net: NetName=NetQ2_B Pin=R43-2
Added Pin To Net: NetName=NetR41_2 Pin=R44-1
Added Pin To Net: NetName=NetC46_2 Pin=R44-2
Added Pin To Net: NetName=VCC=3.3V Pin=R45-1
Added Pin To Net: NetName=NetR45_2 Pin=R45-2
Added Pin To Net: NetName=NetC46_2 Pin=R46-1
Added Pin To Net: NetName=GND Pin=R46-2
Added Pin To Net: NetName=NetC47_2 Pin=R47-1
Added Pin To Net: NetName=VCC=3.3V Pin=R47-2
Added Pin To Net: NetName=NetR48_1 Pin=R48-1
Added Pin To Net: NetName=NetQ3_B Pin=R48-2
Added Pin To Net: NetName=GND Pin=R49-1
Added Pin To Net: NetName=NetQ3_B Pin=R49-2
Added Pin To Net: NetName=VCC=3.3V Pin=R50-1
Added Pin To Net: NetName=NetR50_2 Pin=R50-2
Added Pin To Net: NetName=NetK4_2 Pin=R51-1
Added Pin To Net: NetName=NetC48_2 Pin=R51-2
Added Pin To Net: NetName=NetR52_2 Pin=R53-1
Added Pin To Net: NetName=NetR53_2 Pin=R53-2
Added Pin To Net: NetName=NetR54_1 Pin=R54-1
Added Pin To Net: NetName=NetQ4_B Pin=R54-2
Added Pin To Net: NetName=NetR52_2 Pin=R55-1
Added Pin To Net: NetName=NetC49_1 Pin=R55-2
Added Pin To Net: NetName=NetR53_2 Pin=R56-1
Added Pin To Net: NetName=NetC50_2 Pin=R56-2
Added Pin To Net: NetName=GND Pin=R57-1
Added Pin To Net: NetName=NetQ4_B Pin=R57-2
Added Pin To Net: NetName=NetC50_2 Pin=R58-1
Added Pin To Net: NetName=GND Pin=R58-2
Added Pin To Net: NetName=VCC=3.3V Pin=R59-1
Added Pin To Net: NetName=NetR59_2 Pin=R59-2
Added Pin To Net: NetName=NetK5_2 Pin=R60-1
Added Pin To Net: NetName=NetC54_2 Pin=R60-2
Added Pin To Net: NetName=NetR61_1 Pin=R61-1
Added Pin To Net: NetName=NetQ5_B Pin=R61-2
Added Pin To Net: NetName=NetR62_2 Pin=R63-1
Added Pin To Net: NetName=NetR63_2 Pin=R63-2
Added Pin To Net: NetName=NetR62_2 Pin=R64-1
Added Pin To Net: NetName=NetC55_1 Pin=R64-2
Added Pin To Net: NetName=GND Pin=R65-1
Added Pin To Net: NetName=NetQ5_B Pin=R65-2
Added Pin To Net: NetName=NetR63_2 Pin=R66-1
Added Pin To Net: NetName=NetC56_2 Pin=R66-2
Added Pin To Net: NetName=VCC=3.3V Pin=R67-1
Added Pin To Net: NetName=NetR67_2 Pin=R67-2
Added Pin To Net: NetName=NetC56_2 Pin=R68-1
Added Pin To Net: NetName=NetR69_1 Pin=R69-1
Added Pin To Net: NetName=NetQ6_B Pin=R69-2
Added Pin To Net: NetName=NetK6_2 Pin=R70-1
Added Pin To Net: NetName=NetC57_2 Pin=R70-2
Added Pin To Net: NetName=GND Pin=R71-1
Added Pin To Net: NetName=NetQ6_B Pin=R71-2
Added Pin To Net: NetName=NetR72_2 Pin=R73-1
Added Pin To Net: NetName=NetR73_2 Pin=R73-2
Added Pin To Net: NetName=NetR72_2 Pin=R74-1
Added Pin To Net: NetName=NetC58_1 Pin=R74-2
Added Pin To Net: NetName=NetR73_2 Pin=R75-1
Added Pin To Net: NetName=NetC59_2 Pin=R75-2
Added Pin To Net: NetName=NetC59_2 Pin=R76-1
Added Pin To Net: NetName=GND Pin=R76-2
Added Pin To Net: NetName=NetJ1_1 Pin=S1-1
Added Pin To Net: NetName=NetF1_1 Pin=S1-2
Added Pin To Net: NetName=VCC=3.3V Pin=TP1-1
Added Pin To Net: NetName=VCC=5.0V Pin=TP2-1
Added Pin To Net: NetName=NetC5_1 Pin=TP3-1
Added Pin To Net: NetName=NetC12_1 Pin=TP4-1
Added Pin To Net: NetName=NetC13_1 Pin=TP5-1
Added Pin To Net: NetName=NetC14_1 Pin=TP6-1
Added Pin To Net: NetName=NetC15_1 Pin=TP7-1
Added Pin To Net: NetName=NetC19_1 Pin=TP8-1
Added Pin To Net: NetName=NetC23_2 Pin=TP9-1
Added Pin To Net: NetName=NetM1_8 Pin=TP10-1
Added Pin To Net: NetName=NetC25_1 Pin=TP11-1
Added Pin To Net: NetName=NetC31_2 Pin=TP13-1
Added Pin To Net: NetName=GND Pin=TP14-1
Added Pin To Net: NetName=NetC35_2 Pin=TP15-1
Added Pin To Net: NetName=NetC37_1 Pin=TP16-1
Added Pin To Net: NetName=NetC39_2 Pin=TP17-1
Added Pin To Net: NetName=NetD5_2 Pin=TP18-1
Added Pin To Net: NetName=GND Pin=TP19-1
Added Pin To Net: NetName=NetC40_1 Pin=TP20-1
Added Pin To Net: NetName=NetC43_2 Pin=TP21-1
Added Pin To Net: NetName=NetC44_1 Pin=TP22-1
Added Pin To Net: NetName=NetC46_2 Pin=TP23-1
Added Pin To Net: NetName=NetD7_2 Pin=TP24-1
Added Pin To Net: NetName=GND Pin=TP25-1
Added Pin To Net: NetName=NetC48_2 Pin=TP26-1
Added Pin To Net: NetName=NetD9_2 Pin=TP27-1
Added Pin To Net: NetName=NetC49_1 Pin=TP28-1
Added Pin To Net: NetName=NetC50_2 Pin=TP29-1
Added Pin To Net: NetName=NetTP30_1 Pin=TP30-1
Added Pin To Net: NetName=NetD11_2 Pin=TP31-1
Added Pin To Net: NetName=GND Pin=TP32-1
Added Pin To Net: NetName=NetC54_2 Pin=TP33-1
Added Pin To Net: NetName=NetC55_1 Pin=TP34-1
Added Pin To Net: NetName=NetD13_2 Pin=TP35-1
Added Pin To Net: NetName=NetC56_2 Pin=TP36-1
Added Pin To Net: NetName=GND Pin=TP37-1
Added Pin To Net: NetName=NetC57_2 Pin=TP38-1
Added Pin To Net: NetName=NetD15_2 Pin=TP39-1
Added Pin To Net: NetName=NetC58_1 Pin=TP40-1
Added Pin To Net: NetName=NetTP41_1 Pin=TP41-1
Added Pin To Net: NetName=NetC59_2 Pin=TP42-1
Added Pin To Net: NetName=NetTP43_1 Pin=TP43-1
Added Pin To Net: NetName=NetTP44_1 Pin=TP44-1
Added Pin To Net: NetName=NetTP45_1 Pin=TP45-1
Added Pin To Net: NetName=NetTP46_1 Pin=TP46-1
Added Pin To Net: NetName=NetTP47_1 Pin=TP47-1
Added Pin To Net: NetName=NetTP48_1 Pin=TP48-1
Added Pin To Net: NetName=GND Pin=TP49-1
Added Pin To Net: NetName=NetR27_2 Pin=U5-1
Added Pin To Net: NetName=NetR30_1 Pin=U5-4
Added Pin To Net: NetName=VCC=5.0V Pin=U5-5
Added Pin To Net: NetName=NetR36_2 Pin=U7-1
Added Pin To Net: NetName=NetR39_1 Pin=U7-4
Added Pin To Net: NetName=VCC=5.0V Pin=U7-5
Added Pin To Net: NetName=NetR45_2 Pin=U9-1
Added Pin To Net: NetName=NetR48_1 Pin=U9-4
Added Pin To Net: NetName=VCC=5.0V Pin=U9-5
Added Pin To Net: NetName=NetR50_2 Pin=U11-1
Added Pin To Net: NetName=NetR54_1 Pin=U11-4
Added Pin To Net: NetName=VCC=5.0V Pin=U11-5
Added Pin To Net: NetName=NetR59_2 Pin=U12-1
Added Pin To Net: NetName=NetR61_1 Pin=U12-4
Added Pin To Net: NetName=VCC=5.0V Pin=U12-5
Added Pin To Net: NetName=NetR67_2 Pin=U14-1
Added Pin To Net: NetName=NetR69_1 Pin=U14-4
Added Pin To Net: NetName=VCC=5.0V Pin=U14-5
Added Pin To Net: NetName=NetC18_1 Pin=Y1-1
Added Pin To Net: NetName=NetC19_1 Pin=Y1-2
Added Pin To Net: NetName=NetC36_1 Pin=Y2-1
Added Pin To Net: NetName=NetC30_1 Pin=Y2-2
Added Pin To Net: NetName=NetC40_1 Pin=Y3-1
Added Pin To Net: NetName=NetC38_1 Pin=Y3-2
Added Member To Class: ClassName=Sheet1 Member=Component C1 1000uF
Added Member To Class: ClassName=Sheet1 Member=Component C2 .01uF
Added Member To Class: ClassName=Sheet1 Member=Component C3 .01uF
Added Member To Class: ClassName=Sheet1 Member=Component C4 .01uF
Added Member To Class: ClassName=Sheet1 Member=Component C5 .1uF
Added Member To Class: ClassName=Sheet1 Member=Component C6 .1uF
Added Member To Class: ClassName=Sheet1 Member=Component C7 4.7uF
Added Member To Class: ClassName=Sheet1 Member=Component C8 .1uF
Added Member To Class: ClassName=Sheet1 Member=Component C9 4.7uF
Added Member To Class: ClassName=Sheet1 Member=Component C10 .1uF
Added Member To Class: ClassName=Sheet1 Member=Component C11 4.7uF
Added Member To Class: ClassName=Sheet1 Member=Component C12 10pF
Added Member To Class: ClassName=Sheet1 Member=Component C13 10pF
Added Member To Class: ClassName=Sheet1 Member=Component C14 10pF
Added Member To Class: ClassName=Sheet1 Member=Component C15 10pF
Added Member To Class: ClassName=Sheet1 Member=Component C16 10pF
Added Member To Class: ClassName=Sheet1 Member=Component C17 .1uF
Added Member To Class: ClassName=Sheet1 Member=Component C18 30pF
Added Member To Class: ClassName=Sheet1 Member=Component C19 30pF
Added Member To Class: ClassName=Sheet2 Member=Component C20 4.7uF
Added Member To Class: ClassName=Sheet2 Member=Component C21 4.7uF
Added Member To Class: ClassName=Sheet2 Member=Component C22 1uF
Added Member To Class: ClassName=Sheet2 Member=Component C23 10n
Added Member To Class: ClassName=Sheet2 Member=Component C24 100nF
Added Member To Class: ClassName=Sheet2 Member=Component C25 10n
Added Member To Class: ClassName=Sheet2 Member=Component C26 100nF
Added Member To Class: ClassName=Sheet2 Member=Component C27 100nF
Added Member To Class: ClassName=Sheet2 Member=Component C28 100nF
Added Member To Class: ClassName=Sheet2 Member=Component C29 100nF
Added Member To Class: ClassName=Sheet2 Member=Component C30 18pF
Added Member To Class: ClassName=Sheet2 Member=Component C31 10n
Added Member To Class: ClassName=Sheet2 Member=Component C32 100nF
Added Member To Class: ClassName=Sheet2 Member=Component C33 100nF
Added Member To Class: ClassName=Sheet2 Member=Component C34 100nF
Added Member To Class: ClassName=Sheet2 Member=Component C35 10n
Added Member To Class: ClassName=Sheet2 Member=Component C36 18pF
Added Member To Class: ClassName=Sheet2 Member=Component C37 10n
Added Member To Class: ClassName=Sheet2 Member=Component C38 15pF
Added Member To Class: ClassName=Sheet2 Member=Component C39 10n
Added Member To Class: ClassName=Sheet2 Member=Component C40 15pF
Added Member To Class: ClassName=Sheet2 Member=Component C41 4.7uF
Added Member To Class: ClassName=Sheet2 Member=Component C42 4.7uF
Added Member To Class: ClassName=Sheet2 Member=Component C43 10n
Added Member To Class: ClassName=Sheet2 Member=Component C44 10n
Added Member To Class: ClassName=Sheet2 Member=Component C45 1uF
Added Member To Class: ClassName=Sheet2 Member=Component C46 10n
Added Member To Class: ClassName=Sheet2 Member=Component C47 .1uF
Added Member To Class: ClassName=Sheet2 Member=Component C48 10n
Added Member To Class: ClassName=Sheet2 Member=Component C49 10n
Added Member To Class: ClassName=Sheet2 Member=Component C50 10n
Added Member To Class: ClassName=Sheet2 Member=Component C51 4.7uF
Added Member To Class: ClassName=Sheet2 Member=Component C52 4.7uF
Added Member To Class: ClassName=Sheet2 Member=Component C53 1uF
Added Member To Class: ClassName=Sheet2 Member=Component C54 10n
Added Member To Class: ClassName=Sheet2 Member=Component C55 10n
Added Member To Class: ClassName=Sheet2 Member=Component C56 10n
Added Member To Class: ClassName=Sheet2 Member=Component C57 10n
Added Member To Class: ClassName=Sheet2 Member=Component C58 10n
Added Member To Class: ClassName=Sheet2 Member=Component C59 10n
Added Member To Class: ClassName=Sheet1 Member=Component D1 Bridge1
Added Member To Class: ClassName=Sheet1 Member=Component D2 1N5819
Added Member To Class: ClassName=Sheet1 Member=Component D3 1N5819
Added Member To Class: ClassName=Sheet2 Member=Component D4 1N4001
Added Member To Class: ClassName=Sheet2 Member=Component D5 LED2
Added Member To Class: ClassName=Sheet2 Member=Component D6 1N4001
Added Member To Class: ClassName=Sheet2 Member=Component D7 LED2
Added Member To Class: ClassName=Sheet2 Member=Component D8 1N4001
Added Member To Class: ClassName=Sheet2 Member=Component D9 LED2
Added Member To Class: ClassName=Sheet2 Member=Component D10 1N4001
Added Member To Class: ClassName=Sheet2 Member=Component D11 LED2
Added Member To Class: ClassName=Sheet2 Member=Component D12 1N4001
Added Member To Class: ClassName=Sheet2 Member=Component D13 LED2
Added Member To Class: ClassName=Sheet2 Member=Component D14 1N4001
Added Member To Class: ClassName=Sheet2 Member=Component D15 LED2
Added Member To Class: ClassName=Sheet1 Member=Component F1 Fuse 2
Added Member To Class: ClassName=Sheet1 Member=Component J1 Plug AC Female
Added Member To Class: ClassName=Sheet1 Member=Component J2 RJ45
Added Member To Class: ClassName=Sheet2 Member=Component K1 JQX-16F
Added Member To Class: ClassName=Sheet2 Member=Component K2 JQX-16F
Added Member To Class: ClassName=Sheet2 Member=Component K3 JQX-16F
Added Member To Class: ClassName=Sheet2 Member=Component K4 JQX-16F
Added Member To Class: ClassName=Sheet2 Member=Component K5 JQX-16F
Added Member To Class: ClassName=Sheet2 Member=Component K6 JQX-16F
Added Member To Class: ClassName=Sheet1 Member=Component L1 300uH
Added Member To Class: ClassName=Sheet1 Member=Component L2 Inductor
Added Member To Class: ClassName=Sheet1 Member=Component L3 FB1
Added Member To Class: ClassName=Sheet2 Member=Component P1 Header 5
Added Member To Class: ClassName=Sheet2 Member=Component Q1 MMBT2222
Added Member To Class: ClassName=Sheet2 Member=Component Q2 MMBT2222
Added Member To Class: ClassName=Sheet2 Member=Component Q3 MMBT2222
Added Member To Class: ClassName=Sheet2 Member=Component Q4 MMBT2222
Added Member To Class: ClassName=Sheet2 Member=Component Q5 MMBT2222
Added Member To Class: ClassName=Sheet2 Member=Component Q6 MMBT2222
Added Member To Class: ClassName=Sheet1 Member=Component R1 1.68K
Added Member To Class: ClassName=Sheet1 Member=Component R2 1K
Added Member To Class: ClassName=Sheet1 Member=Component R3 3.1K
Added Member To Class: ClassName=Sheet1 Member=Component R4 Res3
Added Member To Class: ClassName=Sheet1 Member=Component R5 1.5K
Added Member To Class: ClassName=Sheet1 Member=Component R6 49.9
Added Member To Class: ClassName=Sheet1 Member=Component R7 49.9
Added Member To Class: ClassName=Sheet1 Member=Component R8 49.9
Added Member To Class: ClassName=Sheet1 Member=Component R9 49.9
Added Member To Class: ClassName=Sheet1 Member=Component R10 100
Added Member To Class: ClassName=Sheet1 Member=Component R11 100
Added Member To Class: ClassName=Sheet1 Member=Component R12 100
Added Member To Class: ClassName=Sheet1 Member=Component R13 100
Added Member To Class: ClassName=Sheet1 Member=Component R14 33
Added Member To Class: ClassName=Sheet1 Member=Component R15 4.7k
Added Member To Class: ClassName=Sheet1 Member=Component R16 12.1k
Added Member To Class: ClassName=Sheet1 Member=Component R17 200
Added Member To Class: ClassName=Sheet1 Member=Component R18 1M
Added Member To Class: ClassName=Sheet2 Member=Component R19 1K
Added Member To Class: ClassName=Sheet2 Member=Component R21 175K
Added Member To Class: ClassName=Sheet2 Member=Component R22 1K
Added Member To Class: ClassName=Sheet2 Member=Component R23 1K
Added Member To Class: ClassName=Sheet2 Member=Component R24 100K
Added Member To Class: ClassName=Sheet2 Member=Component R25 3
Added Member To Class: ClassName=Sheet2 Member=Component R26 1M
Added Member To Class: ClassName=Sheet2 Member=Component R27 45
Added Member To Class: ClassName=Sheet2 Member=Component R28 1K
Added Member To Class: ClassName=Sheet2 Member=Component R30 470
Added Member To Class: ClassName=Sheet2 Member=Component R31 175K
Added Member To Class: ClassName=Sheet2 Member=Component R32 1K
Added Member To Class: ClassName=Sheet2 Member=Component R33 100K
Added Member To Class: ClassName=Sheet2 Member=Component R34 2K
Added Member To Class: ClassName=Sheet2 Member=Component R35 3
Added Member To Class: ClassName=Sheet2 Member=Component R36 45
Added Member To Class: ClassName=Sheet2 Member=Component R37 1M
Added Member To Class: ClassName=Sheet2 Member=Component R38 1K
Added Member To Class: ClassName=Sheet2 Member=Component R39 470
Added Member To Class: ClassName=Sheet2 Member=Component R41 175K
Added Member To Class: ClassName=Sheet2 Member=Component R42 1K
Added Member To Class: ClassName=Sheet2 Member=Component R43 2K
Added Member To Class: ClassName=Sheet2 Member=Component R44 100K
Added Member To Class: ClassName=Sheet2 Member=Component R45 45
Added Member To Class: ClassName=Sheet2 Member=Component R46 3
Added Member To Class: ClassName=Sheet2 Member=Component R47 10k
Added Member To Class: ClassName=Sheet2 Member=Component R48 470
Added Member To Class: ClassName=Sheet2 Member=Component R49 2K
Added Member To Class: ClassName=Sheet2 Member=Component R50 45
Added Member To Class: ClassName=Sheet2 Member=Component R51 1K
Added Member To Class: ClassName=Sheet2 Member=Component R53 175K
Added Member To Class: ClassName=Sheet2 Member=Component R54 470
Added Member To Class: ClassName=Sheet2 Member=Component R55 1K
Added Member To Class: ClassName=Sheet2 Member=Component R56 100K
Added Member To Class: ClassName=Sheet2 Member=Component R57 2K
Added Member To Class: ClassName=Sheet2 Member=Component R58 3
Added Member To Class: ClassName=Sheet2 Member=Component R59 45
Added Member To Class: ClassName=Sheet2 Member=Component R60 1K
Added Member To Class: ClassName=Sheet2 Member=Component R61 470
Added Member To Class: ClassName=Sheet2 Member=Component R63 175K
Added Member To Class: ClassName=Sheet2 Member=Component R64 1K
Added Member To Class: ClassName=Sheet2 Member=Component R65 2K
Added Member To Class: ClassName=Sheet2 Member=Component R66 100K
Added Member To Class: ClassName=Sheet2 Member=Component R67 45
Added Member To Class: ClassName=Sheet2 Member=Component R68 3
Added Member To Class: ClassName=Sheet2 Member=Component R69 470
Added Member To Class: ClassName=Sheet2 Member=Component R70 1K
Added Member To Class: ClassName=Sheet2 Member=Component R71 2K
Added Member To Class: ClassName=Sheet2 Member=Component R73 175K
Added Member To Class: ClassName=Sheet2 Member=Component R74 1K
Added Member To Class: ClassName=Sheet2 Member=Component R75 100K
Added Member To Class: ClassName=Sheet2 Member=Component R76 3
Added Member To Class: ClassName=Sheet1 Member=Component S1 SW-SPST
Added Member To Class: ClassName=Sheet1 Member=Component TP1 TESTPOINT
Added Member To Class: ClassName=Sheet1 Member=Component TP2 TESTPOINT
Added Member To Class: ClassName=Sheet1 Member=Component TP3 TESTPOINT
Added Member To Class: ClassName=Sheet1 Member=Component TP4 TESTPOINT
Added Member To Class: ClassName=Sheet1 Member=Component TP5 TESTPOINT
Added Member To Class: ClassName=Sheet1 Member=Component TP6 TESTPOINT
Added Member To Class: ClassName=Sheet1 Member=Component TP7 TESTPOINT
Added Member To Class: ClassName=Sheet1 Member=Component TP8 TESTPOINT
Added Member To Class: ClassName=Sheet2 Member=Component TP9 TESTPOINT
Added Member To Class: ClassName=Sheet2 Member=Component TP10 TESTPOINT
Added Member To Class: ClassName=Sheet2 Member=Component TP11 TESTPOINT
Added Member To Class: ClassName=Sheet2 Member=Component TP12 TESTPOINT
Added Member To Class: ClassName=Sheet2 Member=Component TP13 TESTPOINT
Added Member To Class: ClassName=Sheet2 Member=Component TP14 TESTPOINT
Added Member To Class: ClassName=Sheet2 Member=Component TP15 TESTPOINT
Added Member To Class: ClassName=Sheet2 Member=Component TP16 TESTPOINT
Added Member To Class: ClassName=Sheet2 Member=Component TP17 TESTPOINT
Added Member To Class: ClassName=Sheet2 Member=Component TP18 TESTPOINT
Added Member To Class: ClassName=Sheet2 Member=Component TP19 TESTPOINT
Added Member To Class: ClassName=Sheet2 Member=Component TP20 TESTPOINT
Added Member To Class: ClassName=Sheet2 Member=Component TP21 TESTPOINT
Added Member To Class: ClassName=Sheet2 Member=Component TP22 TESTPOINT
Added Member To Class: ClassName=Sheet2 Member=Component TP23 TESTPOINT
Added Member To Class: ClassName=Sheet2 Member=Component TP24 TESTPOINT
Added Member To Class: ClassName=Sheet2 Member=Component TP25 TESTPOINT
Added Member To Class: ClassName=Sheet2 Member=Component TP26 TESTPOINT
Added Member To Class: ClassName=Sheet2 Member=Component TP27 TESTPOINT
Added Member To Class: ClassName=Sheet2 Member=Component TP28 TESTPOINT
Added Member To Class: ClassName=Sheet2 Member=Component TP29 TESTPOINT
Added Member To Class: ClassName=Sheet2 Member=Component TP30 TESTPOINT
Added Member To Class: ClassName=Sheet2 Member=Component TP31 TESTPOINT
Added Member To Class: ClassName=Sheet2 Member=Component TP32 TESTPOINT
Added Member To Class: ClassName=Sheet2 Member=Component TP33 TESTPOINT
Added Member To Class: ClassName=Sheet2 Member=Component TP34 TESTPOINT
Added Member To Class: ClassName=Sheet2 Member=Component TP35 TESTPOINT
Added Member To Class: ClassName=Sheet2 Member=Component TP36 TESTPOINT
Added Member To Class: ClassName=Sheet2 Member=Component TP37 TESTPOINT
Added Member To Class: ClassName=Sheet2 Member=Component TP38 TESTPOINT
Added Member To Class: ClassName=Sheet2 Member=Component TP39 TESTPOINT
Added Member To Class: ClassName=Sheet2 Member=Component TP40 TESTPOINT
Added Member To Class: ClassName=Sheet2 Member=Component TP41 TESTPOINT
Added Member To Class: ClassName=Sheet2 Member=Component TP42 TESTPOINT
Added Member To Class: ClassName=Sheet2 Member=Component TP43 TESTPOINT
Added Member To Class: ClassName=Sheet2 Member=Component TP44 TESTPOINT
Added Member To Class: ClassName=Sheet2 Member=Component TP45 TESTPOINT
Added Member To Class: ClassName=Sheet2 Member=Component TP46 TESTPOINT
Added Member To Class: ClassName=Sheet2 Member=Component TP47 TESTPOINT
Added Member To Class: ClassName=Sheet2 Member=Component TP48 TESTPOINT
Added Member To Class: ClassName=Sheet2 Member=Component TP49 TESTPOINT
Added Member To Class: ClassName=Sheet2 Member=Component U5 4N25
Added Member To Class: ClassName=Sheet2 Member=Component U7 4N25
Added Member To Class: ClassName=Sheet2 Member=Component U9 4N25
Added Member To Class: ClassName=Sheet2 Member=Component U11 4N25
Added Member To Class: ClassName=Sheet2 Member=Component U12 4N25
Added Member To Class: ClassName=Sheet2 Member=Component U14 4N25
Added Member To Class: ClassName=Sheet1 Member=Component Y1 25 MHz
Added Member To Class: ClassName=Sheet2 Member=Component Y2 8Mhz
Added Member To Class: ClassName=Sheet2 Member=Component Y3 16Mhz
Added Room: Name=Sheet1
Added Room: Name=Sheet2
