Removed Pin From Net: NetName=NetC5_1 Pin=C5-1
Removed Pin From Net: NetName=GND Pin=C5-2
Removed Pin From Net: NetName=NetC5_1 Pin=C6-1
Removed Pin From Net: NetName=GND Pin=C6-2
Added Component: Designator=C5(0805C-TBD)
Added Component: Designator=C6(0805C-TBD)
Added Pin To Net: NetName=NetC5_1 Pin=C5-1
Added Pin To Net: NetName=GND Pin=C5-2
Added Pin To Net: NetName=NetC5_1 Pin=C6-1
Added Pin To Net: NetName=GND Pin=C6-2
Added Pin To Net: NetName=NetJ5_1 Pin=K3-1
Added Pin To Net: NetName=NetK3_2 Pin=K3-2
Added Pin To Net: NetName=VCC=5.0V Pin=K3-4
Added Pin To Net: NetName=NetD7_1 Pin=K3-5
Added Member To Class: ClassName=Sheet1 Member=Component C5 .1uF
Added Member To Class: ClassName=Sheet1 Member=Component C6 .1uF
Added Member To Class: ClassName=Sheet2 Member=Component K3 Relay-SPDT
Added Member To Class: ClassName=Sheet2 Member=Component K6 Relay-SPDT
Added Member To Class: ClassName=Sheet3 Member=Component K7 Relay-SPDT
Added Member To Class: ClassName=Sheet1 Member=Component R5 1.5K
Added Member To Class: ClassName=Sheet2 Member=Component R34 2K
Added Member To Class: ClassName=Sheet2 Member=Component R46 3
