Removed Member From Class: ClassName=Sheet2 Member=C14
Removed Member From Class: ClassName=Sheet2 Member=C17
Removed Member From Class: ClassName=Sheet3 Member=C56
Removed Member From Class: ClassName=Sheet3 Member=C57
Removed Member From Class: ClassName=Sheet4 Member=C72
Removed Member From Class: ClassName=Sheet4 Member=C75
Removed Member From Class: ClassName=Sheet2 Member=D2
Removed Member From Class: ClassName=Sheet3 Member=D14
Added Component: Designator=R20(Shunt)
Added Component: Designator=R29(Shunt)
Added Component: Designator=R40(Shunt)
Added Component: Designator=R52(Shunt)
Added Component: Designator=R62(Shunt)
Added Component: Designator=R72(Shunt)
Added Component: Designator=R78(Shunt)
Added Component: Designator=R88(Shunt)
Added Component: Designator=R98(Shunt)
Added Component: Designator=R108(Shunt)
Added Pin To Net: NetName=NetK1_2 Pin=R20-1
Added Pin To Net: NetName=NetR20_2 Pin=R20-2
Added Pin To Net: NetName=NetK2_2 Pin=R29-1
Added Pin To Net: NetName=NetR29_2 Pin=R29-2
Added Pin To Net: NetName=NetK3_2 Pin=R40-1
Added Pin To Net: NetName=NetR40_2 Pin=R40-2
Added Pin To Net: NetName=NetK4_2 Pin=R52-1
Added Pin To Net: NetName=NetR52_2 Pin=R52-2
Added Pin To Net: NetName=NetK5_2 Pin=R62-1
Added Pin To Net: NetName=NetR62_2 Pin=R62-2
Added Pin To Net: NetName=NetK6_2 Pin=R72-1
Added Pin To Net: NetName=NetR72_2 Pin=R72-2
Added Pin To Net: NetName=NetK7_2 Pin=R78-1
Added Pin To Net: NetName=NetR78_2 Pin=R78-2
Added Pin To Net: NetName=NetK8_2 Pin=R88-1
Added Pin To Net: NetName=NetR88_2 Pin=R88-2
Added Pin To Net: NetName=NetK9_2 Pin=R98-1
Added Pin To Net: NetName=NetR98_2 Pin=R98-2
Added Pin To Net: NetName=NetK10_2 Pin=R108-1
Added Pin To Net: NetName=NetR108_2 Pin=R108-2
Added Member To Class: ClassName=Sheet1 Member=Component C16 30pF
Added Member To Class: ClassName=Sheet1 Member=Component C17 30pF
Added Member To Class: ClassName=Sheet2 Member=Component C56 10n
Added Member To Class: ClassName=Sheet2 Member=Component C57 10n
Added Member To Class: ClassName=Sheet3 Member=Component C74 10n
Added Member To Class: ClassName=Sheet3 Member=Component C75 10n
Added Member To Class: ClassName=Sheet4 Member=Component C83 1uf
Added Member To Class: ClassName=Sheet4 Member=Component C84 1uF
Added Member To Class: ClassName=Sheet1 Member=Component D2 1N5819
Added Member To Class: ClassName=Sheet2 Member=Component D14 LED2
Added Member To Class: ClassName=Sheet3 Member=Component D22 LED2
Added Member To Class: ClassName=Sheet2 Member=Component R20 0.001 /2W
Added Member To Class: ClassName=Sheet2 Member=Component R29 0.001 /2W
Added Member To Class: ClassName=Sheet2 Member=Component R40 0.001 /2W
Added Member To Class: ClassName=Sheet2 Member=Component R52 0.001 /2W
Added Member To Class: ClassName=Sheet2 Member=Component R62 0.001 /2W
Added Member To Class: ClassName=Sheet2 Member=Component R72 0.001 /2W
Added Member To Class: ClassName=Sheet3 Member=Component R78 0.001 /2W
Added Member To Class: ClassName=Sheet3 Member=Component R88 0.001 /2W
Added Member To Class: ClassName=Sheet3 Member=Component R98 0.001 /2W
Added Member To Class: ClassName=Sheet3 Member=Component R108 0.001 /2W
Added Member To Class: ClassName=Sheet1 Member=Component TP3 TESTPOINT
Added Member To Class: ClassName=Sheet4 Member=Component TP50 TESTPOINT
Added Member To Class: ClassName=Sheet4 Member=Component TP51 TESTPOINT
Added Member To Class: ClassName=Sheet4 Member=Component TP52 TESTPOINT
