Removed Pin From Net: NetName=NetC5_1 Pin=C5-1
Removed Pin From Net: NetName=GND Pin=C5-2
Removed Pin From Net: NetName=NetC5_1 Pin=C6-1
Removed Pin From Net: NetName=GND Pin=C6-2
Removed Pin From Net: NetName=NetC18_1 Pin=U3-5
Removed Pin From Net: NetName=GND Pin=U4-33
Removed Pin From Net: NetName=GND Pin=U6-65
Removed Pin From Net: NetName=GND Pin=U16-33
Change Component Footprint: Designator=R26 Old Footprint=0805R-1K2 New Footprint=J1-0603
Change Component Footprint: Designator=R37 Old Footprint=0805R-2K2 New Footprint=J1-0603
Change Component Footprint: Designator=R15 Old Footprint=0805R-2K7 New Footprint=J1-0603
Change Component Footprint: Designator=R113 Old Footprint=0805R-2K7 New Footprint=J1-0603
Change Component Footprint: Designator=R114 Old Footprint=0805R-4K7 New Footprint=J1-0603
Change Component Footprint: Designator=R16 Old Footprint=0805R-5K6 New Footprint=J1-0603
Change Component Footprint: Designator=R3 Old Footprint=0805R-6K8 New Footprint=J1-0603
Change Component Footprint: Designator=R47 Old Footprint=0805R-10K New Footprint=J1-0603
Change Component Footprint: Designator=R115 Old Footprint=0805R-15 New Footprint=J1-0603
Change Component Footprint: Designator=R1 Old Footprint=0805R-18 New Footprint=J1-0603
Change Component Footprint: Designator=R4 Old Footprint=0805R-22K New Footprint=J1-0603
Change Component Footprint: Designator=R23 Old Footprint=0805R-56 New Footprint=J1-0603
Change Component Footprint: Designator=R2 Old Footprint=0805R-68K New Footprint=J1-0603
Change Component Footprint: Designator=C7 Old Footprint=CapTant-293D New Footprint=C0805
Change Component Footprint: Designator=C9 Old Footprint=CapTant-293D New Footprint=C0805
Change Component Footprint: Designator=C11 Old Footprint=CapTant-293D New Footprint=C0805
Change Component Footprint: Designator=C20 Old Footprint=CapTant-293D New Footprint=C0805
Change Component Footprint: Designator=C21 Old Footprint=CapTant-293D New Footprint=C0805
Change Component Footprint: Designator=C22 Old Footprint=CapTant-293D New Footprint=C0805
Change Component Footprint: Designator=C41 Old Footprint=CapTant-293D New Footprint=C0805
Change Component Footprint: Designator=C42 Old Footprint=CapTant-293D New Footprint=C0805
Change Component Footprint: Designator=C45 Old Footprint=CapTant-293D New Footprint=C0805
Change Component Footprint: Designator=C51 Old Footprint=CapTant-293D New Footprint=C0805
Change Component Footprint: Designator=C52 Old Footprint=CapTant-293D New Footprint=C0805
Change Component Footprint: Designator=C53 Old Footprint=CapTant-293D New Footprint=C0805
Change Component Footprint: Designator=C60 Old Footprint=CapTant-293D New Footprint=C0805
Change Component Footprint: Designator=C61 Old Footprint=CapTant-293D New Footprint=C0805
Change Component Footprint: Designator=C62 Old Footprint=CapTant-293D New Footprint=C0805
Change Component Footprint: Designator=C69 Old Footprint=CapTant-293D New Footprint=C0805
Change Component Footprint: Designator=C70 Old Footprint=CapTant-293D New Footprint=C0805
Change Component Footprint: Designator=C71 Old Footprint=CapTant-293D New Footprint=C0805
Change Component Footprint: Designator=Y3 Old Footprint=xt49s New Footprint=R38
Change Component Footprint: Designator=Y1 Old Footprint=xt49s New Footprint=XTAL-RU49/4
Added Component: Designator=C5(0805C-TBD)
Added Component: Designator=C6(0805C-TBD)
Added Component: Designator=Y2(R38)
Added Pin To Net: NetName=NetC5_1 Pin=C5-1
Added Pin To Net: NetName=GND Pin=C5-2
Added Pin To Net: NetName=NetC5_1 Pin=C6-1
Added Pin To Net: NetName=GND Pin=C6-2
Added Pin To Net: NetName=NetU4_31 Pin=U6-6
Added Pin To Net: NetName=NetC36_1 Pin=Y2-1
Added Pin To Net: NetName=NetC30_1 Pin=Y2-2
Added Member To Class: ClassName=Sheet1 Member=Component C5 .1uF
Added Member To Class: ClassName=Sheet1 Member=Component C6 .1uF
Added Member To Class: ClassName=Sheet2 Member=Component Y2 8Mhz
