Removed Member From Class: ClassName=Sheet4 Member=TP3
Change Component Designator: OldDesignator=C20 NewDesignator=C18
Change Component Designator: OldDesignator=C21 NewDesignator=C19
Change Component Designator: OldDesignator=C22 NewDesignator=C20
Change Component Designator: OldDesignator=C23 NewDesignator=C21
Change Component Designator: OldDesignator=C24 NewDesignator=C22
Change Component Designator: OldDesignator=C25 NewDesignator=C23
Change Component Designator: OldDesignator=C26 NewDesignator=C24
Change Component Designator: OldDesignator=C27 NewDesignator=C25
Change Component Designator: OldDesignator=C28 NewDesignator=C26
Change Component Designator: OldDesignator=C29 NewDesignator=C27
Change Component Designator: OldDesignator=C30 NewDesignator=C28
Change Component Designator: OldDesignator=C31 NewDesignator=C29
Change Component Designator: OldDesignator=C32 NewDesignator=C30
Change Component Designator: OldDesignator=C33 NewDesignator=C31
Change Component Designator: OldDesignator=C34 NewDesignator=C32
Change Component Designator: OldDesignator=C35 NewDesignator=C33
Change Component Designator: OldDesignator=C36 NewDesignator=C34
Change Component Designator: OldDesignator=C37 NewDesignator=C35
Change Component Designator: OldDesignator=C38 NewDesignator=C36
Change Component Designator: OldDesignator=C39 NewDesignator=C37
Change Component Designator: OldDesignator=C40 NewDesignator=C38
Change Component Designator: OldDesignator=C41 NewDesignator=C39
Change Component Designator: OldDesignator=C42 NewDesignator=C40
Change Component Designator: OldDesignator=C43 NewDesignator=C41
Change Component Designator: OldDesignator=C44 NewDesignator=C42
Change Component Designator: OldDesignator=C45 NewDesignator=C43
Change Component Designator: OldDesignator=C46 NewDesignator=C44
Change Component Designator: OldDesignator=C47 NewDesignator=C45
Change Component Designator: OldDesignator=C48 NewDesignator=C46
Change Component Designator: OldDesignator=C49 NewDesignator=C47
Change Component Designator: OldDesignator=C50 NewDesignator=C48
Change Component Designator: OldDesignator=C51 NewDesignator=C49
Change Component Designator: OldDesignator=C52 NewDesignator=C50
Change Component Designator: OldDesignator=C53 NewDesignator=C51
Change Component Designator: OldDesignator=C54 NewDesignator=C52
Change Component Designator: OldDesignator=C55 NewDesignator=C53
Change Component Designator: OldDesignator=C56 NewDesignator=C54
Change Component Designator: OldDesignator=C57 NewDesignator=C55
Change Component Designator: OldDesignator=C58 NewDesignator=C56
Change Component Designator: OldDesignator=C59 NewDesignator=C57
Change Component Designator: OldDesignator=C60 NewDesignator=C58
Change Component Designator: OldDesignator=C61 NewDesignator=C59
Change Component Designator: OldDesignator=C62 NewDesignator=C60
Change Component Designator: OldDesignator=C63 NewDesignator=C61
Change Component Designator: OldDesignator=C64 NewDesignator=C62
Change Component Designator: OldDesignator=C65 NewDesignator=C63
Change Component Designator: OldDesignator=C66 NewDesignator=C64
Change Component Designator: OldDesignator=C67 NewDesignator=C65
Change Component Designator: OldDesignator=C68 NewDesignator=C66
Change Component Designator: OldDesignator=C69 NewDesignator=C67
Change Component Designator: OldDesignator=C70 NewDesignator=C68
Change Component Designator: OldDesignator=C71 NewDesignator=C69
Change Component Designator: OldDesignator=C72 NewDesignator=C70
Change Component Designator: OldDesignator=C73 NewDesignator=C71
Change Component Designator: OldDesignator=C74 NewDesignator=C72
Change Component Designator: OldDesignator=C75 NewDesignator=C73
Change Component Designator: OldDesignator=C76 NewDesignator=C74
Change Component Designator: OldDesignator=C77 NewDesignator=C75
Change Component Designator: OldDesignator=C78 NewDesignator=C76
Change Component Designator: OldDesignator=C79 NewDesignator=C77
Change Component Designator: OldDesignator=C80 NewDesignator=C78
Change Component Designator: OldDesignator=C81 NewDesignator=C79
Change Component Designator: OldDesignator=C82 NewDesignator=C80
Change Component Designator: OldDesignator=C83 NewDesignator=C81
Change Component Designator: OldDesignator=C84 NewDesignator=C82
Change Component Designator: OldDesignator=C85 NewDesignator=C83
Change Component Designator: OldDesignator=C86 NewDesignator=C84
Change Component Designator: OldDesignator=D4 NewDesignator=D3
Change Component Designator: OldDesignator=D5 NewDesignator=D4
Change Component Designator: OldDesignator=D6 NewDesignator=D5
Change Component Designator: OldDesignator=D7 NewDesignator=D6
Change Component Designator: OldDesignator=D8 NewDesignator=D7
Change Component Designator: OldDesignator=D9 NewDesignator=D8
Change Component Designator: OldDesignator=D10 NewDesignator=D9
Change Component Designator: OldDesignator=D11 NewDesignator=D10
Change Component Designator: OldDesignator=D12 NewDesignator=D11
Change Component Designator: OldDesignator=D13 NewDesignator=D12
Change Component Designator: OldDesignator=D14 NewDesignator=D13
Change Component Designator: OldDesignator=D15 NewDesignator=D14
Change Component Designator: OldDesignator=D16 NewDesignator=D15
Change Component Designator: OldDesignator=D17 NewDesignator=D16
Change Component Designator: OldDesignator=D18 NewDesignator=D17
Change Component Designator: OldDesignator=D19 NewDesignator=D18
Change Component Designator: OldDesignator=D20 NewDesignator=D19
Change Component Designator: OldDesignator=D21 NewDesignator=D20
Change Component Designator: OldDesignator=D22 NewDesignator=D21
Change Component Designator: OldDesignator=D23 NewDesignator=D22
Change Component Designator: OldDesignator=TP3 NewDesignator=TP50
Change Component Designator: OldDesignator=TP3 NewDesignator=TP51
Change Component Designator: OldDesignator=TP3 NewDesignator=TP52
Added Pin To Net: NetName=NetC81_1 Pin=TP50-1
Change Net Name : Old Net Name=NetC20_1 New Net Name=NetC18_1
Change Net Name : Old Net Name=NetC21_2 New Net Name=NetC19_2
Change Net Name : Old Net Name=NetC22_1 New Net Name=NetC20_1
Change Net Name : Old Net Name=NetC23_2 New Net Name=NetC21_2
Change Net Name : Old Net Name=NetC25_1 New Net Name=NetC23_1
Change Net Name : Old Net Name=NetC30_1 New Net Name=NetC28_1
Change Net Name : Old Net Name=NetC31_2 New Net Name=NetC29_2
Change Net Name : Old Net Name=NetC34_1 New Net Name=NetC32_1
Change Net Name : Old Net Name=NetC35_2 New Net Name=NetC33_2
Change Net Name : Old Net Name=NetC36_1 New Net Name=NetC34_1
Change Net Name : Old Net Name=NetC37_1 New Net Name=NetC35_1
Change Net Name : Old Net Name=NetC38_1 New Net Name=NetC36_1
Change Net Name : Old Net Name=NetC39_2 New Net Name=NetC37_2
Change Net Name : Old Net Name=NetC40_1 New Net Name=NetC38_1
Change Net Name : Old Net Name=NetC41_1 New Net Name=NetC39_1
Change Net Name : Old Net Name=NetC42_2 New Net Name=NetC40_2
Change Net Name : Old Net Name=NetC43_2 New Net Name=NetC41_2
Change Net Name : Old Net Name=NetC44_1 New Net Name=NetC42_1
Change Net Name : Old Net Name=NetC45_1 New Net Name=NetC43_1
Change Net Name : Old Net Name=NetC46_2 New Net Name=NetC44_2
Change Net Name : Old Net Name=NetC47_2 New Net Name=NetC45_2
Change Net Name : Old Net Name=NetC48_2 New Net Name=NetC46_2
Change Net Name : Old Net Name=NetC49_1 New Net Name=NetC47_1
Change Net Name : Old Net Name=NetC50_2 New Net Name=NetC48_2
Change Net Name : Old Net Name=NetC51_1 New Net Name=NetC49_1
Change Net Name : Old Net Name=NetC52_2 New Net Name=NetC50_2
Change Net Name : Old Net Name=NetC53_1 New Net Name=NetC51_1
Change Net Name : Old Net Name=NetC54_2 New Net Name=NetC52_2
Change Net Name : Old Net Name=NetC55_1 New Net Name=NetC53_1
Change Net Name : Old Net Name=NetC56_2 New Net Name=NetC54_2
Change Net Name : Old Net Name=NetC57_2 New Net Name=NetC55_2
Change Net Name : Old Net Name=NetC58_1 New Net Name=NetC56_1
Change Net Name : Old Net Name=NetC59_2 New Net Name=NetC57_2
Change Net Name : Old Net Name=NetC60_1 New Net Name=NetC58_1
Change Net Name : Old Net Name=NetC61_2 New Net Name=NetC59_2
Change Net Name : Old Net Name=NetC62_1 New Net Name=NetC60_1
Change Net Name : Old Net Name=NetC63_2 New Net Name=NetC61_2
Change Net Name : Old Net Name=NetC64_1 New Net Name=NetC62_1
Change Net Name : Old Net Name=NetC65_1 New Net Name=NetC63_1
Change Net Name : Old Net Name=NetC65_2 New Net Name=NetC63_2
Change Net Name : Old Net Name=NetC66_2 New Net Name=NetC64_2
Change Net Name : Old Net Name=NetC67_1 New Net Name=NetC65_1
Change Net Name : Old Net Name=NetC68_2 New Net Name=NetC66_2
Change Net Name : Old Net Name=NetC69_1 New Net Name=NetC67_1
Change Net Name : Old Net Name=NetC70_2 New Net Name=NetC68_2
Change Net Name : Old Net Name=NetC71_1 New Net Name=NetC69_1
Change Net Name : Old Net Name=NetC72_2 New Net Name=NetC70_2
Change Net Name : Old Net Name=NetC73_1 New Net Name=NetC71_1
Change Net Name : Old Net Name=NetC74_2 New Net Name=NetC72_2
Change Net Name : Old Net Name=NetC75_2 New Net Name=NetC73_2
Change Net Name : Old Net Name=NetC76_1 New Net Name=NetC74_1
Change Net Name : Old Net Name=NetC77_2 New Net Name=NetC75_2
Change Net Name : Old Net Name=NetC78_2 New Net Name=NetC76_2
Change Net Name : Old Net Name=NetC79_1 New Net Name=NetC77_1
Change Net Name : Old Net Name=NetC80_1 New Net Name=NetC78_1
Change Net Name : Old Net Name=NetC81_1 New Net Name=NetC79_1
Change Net Name : Old Net Name=NetC84_2 New Net Name=NetC82_2
Change Net Name : Old Net Name=NetC85_2 New Net Name=NetC83_2
Change Net Name : Old Net Name=NetC86_2 New Net Name=NetC84_2
Change Net Name : Old Net Name=NetD4_1 New Net Name=NetD3_1
Change Net Name : Old Net Name=NetD5_2 New Net Name=NetD4_2
Change Net Name : Old Net Name=NetD6_1 New Net Name=NetD5_1
Change Net Name : Old Net Name=NetD7_2 New Net Name=NetD6_2
Change Net Name : Old Net Name=NetD8_1 New Net Name=NetD7_1
Change Net Name : Old Net Name=NetD9_2 New Net Name=NetD8_2
Change Net Name : Old Net Name=NetD10_1 New Net Name=NetD9_1
Change Net Name : Old Net Name=NetD11_2 New Net Name=NetD10_2
Change Net Name : Old Net Name=NetD12_1 New Net Name=NetD11_1
Change Net Name : Old Net Name=NetD13_2 New Net Name=NetD12_2
Change Net Name : Old Net Name=NetD14_1 New Net Name=NetD13_1
Change Net Name : Old Net Name=NetD15_2 New Net Name=NetD14_2
Change Net Name : Old Net Name=NetD16_1 New Net Name=NetD15_1
Change Net Name : Old Net Name=NetD17_2 New Net Name=NetD16_2
Change Net Name : Old Net Name=NetD18_1 New Net Name=NetD17_1
Change Net Name : Old Net Name=NetD19_2 New Net Name=NetD18_2
Change Net Name : Old Net Name=NetD20_1 New Net Name=NetD19_1
Change Net Name : Old Net Name=NetD21_2 New Net Name=NetD20_2
Change Net Name : Old Net Name=NetD22_1 New Net Name=NetD21_1
Change Net Name : Old Net Name=NetD23_2 New Net Name=NetD22_2
Added Pin To Net: NetName=NetC80_2 Pin=C80-2
Added Pin To Net: NetName=NetC80_2 Pin=R113-2
Added Net: Name=NetC80_2
Added Pin To Net: NetName=NetC81_2 Pin=C81-2
Added Pin To Net: NetName=NetC81_2 Pin=R114-1
Added Net: Name=NetC81_2
Added Pin To Net: NetName=NetD4_1 Pin=D4-1
Added Net: Name=NetD4_1
Added Pin To Net: NetName=NetD6_1 Pin=D6-1
Added Net: Name=NetD6_1
Added Pin To Net: NetName=NetD8_1 Pin=D8-1
Added Net: Name=NetD8_1
Added Pin To Net: NetName=NetD10_1 Pin=D10-1
Added Net: Name=NetD10_1
Added Pin To Net: NetName=NetD12_1 Pin=D12-1
Added Net: Name=NetD12_1
Added Pin To Net: NetName=NetD14_1 Pin=D14-1
Added Net: Name=NetD14_1
Added Pin To Net: NetName=NetD16_1 Pin=D16-1
Added Net: Name=NetD16_1
Added Pin To Net: NetName=NetD18_1 Pin=D18-1
Added Net: Name=NetD18_1
Added Pin To Net: NetName=NetD20_1 Pin=D20-1
Added Net: Name=NetD20_1
Added Pin To Net: NetName=NetD22_1 Pin=D22-1
Added Net: Name=NetD22_1
Added Pin To Net: NetName=NetTP51_1 Pin=TP51-1
Added Pin To Net: NetName=NetTP51_1 Pin=U23-4
Added Net: Name=NetTP51_1
Added Pin To Net: NetName=NetTP52_1 Pin=TP52-1
Added Pin To Net: NetName=NetTP52_1 Pin=U23-5
Added Net: Name=NetTP52_1
Added Member To Class: ClassName=Sheet1 Member=Component C16 30pF
Added Member To Class: ClassName=Sheet1 Member=Component C17 30pF
Added Member To Class: ClassName=Sheet1 Member=Component D2 1N5819
Added Member To Class: ClassName=Sheet4 Member=Component TP50 TESTPOINT
Added Member To Class: ClassName=Sheet4 Member=Component TP51 TESTPOINT
Added Member To Class: ClassName=Sheet4 Member=Component TP52 TESTPOINT
