Removed Member From Class: ClassName=Sheet2 Member=C61
Removed Member From Class: ClassName=Sheet2 Member=C62
Removed Member From Class: ClassName=Sheet2 Member=D19
Added Component: Designator=M1(ESP_1)
Added Component: Designator=U10(MX25L128)
Added Pin To Net: NetName=GND Pin=M1-5
Added Pin To Net: NetName=VCC=3.3V Pin=M1-6
Added Pin To Net: NetName=NetM1_7 Pin=M1-7
Added Pin To Net: NetName=NetM1_8 Pin=M1-8
Added Pin To Net: NetName=NetU6_27 Pin=U10-1
Added Pin To Net: NetName=NetU6_31 Pin=U10-2
Added Pin To Net: NetName=GND Pin=U10-4
Added Pin To Net: NetName=NetU6_32 Pin=U10-5
Added Pin To Net: NetName=NetU6_29 Pin=U10-6
Added Pin To Net: NetName=VCC Pin=U10-8
Added Member To Class: ClassName=Sheet2 Member=Component C20 4.7uF
Added Member To Class: ClassName=Sheet2 Member=Component C21 4.7uF
Added Member To Class: ClassName=Sheet3 Member=Component C60 4.7uF
Added Member To Class: ClassName=Sheet3 Member=Component C61 4.7uF
Added Member To Class: ClassName=Sheet2 Member=Component D4 1N4001
Added Member To Class: ClassName=Sheet3 Member=Component D16 1N4001
Added Member To Class: ClassName=Sheet2 Member=Component M1 ESP 8266-1
Added Member To Class: ClassName=Sheet2 Member=Component U10 MX23L128-WSON8
