Removed Pin From Net: NetName=NetC5_1 Pin=C5-1
Removed Pin From Net: NetName=GND Pin=C5-2
Removed Pin From Net: NetName=NetC5_1 Pin=C6-1
Removed Pin From Net: NetName=GND Pin=C6-2
Removed Pin From Net: NetName=NetCT1_11 Pin=CT2-11
Removed Pin From Net: NetName=NetCT1_11 Pin=CT3-11
Removed Pin From Net: NetName=NetCT1_11 Pin=CT4-11
Removed Pin From Net: NetName=NetCT1_11 Pin=CT5-11
Removed Pin From Net: NetName=NetCT1_11 Pin=CT6-11
Removed Pin From Net: NetName=NetCT1_11 Pin=CT7-11
Removed Pin From Net: NetName=NetCT1_11 Pin=CT8-11
Removed Pin From Net: NetName=NetCT1_11 Pin=CT9-11
Removed Pin From Net: NetName=NetCT1_11 Pin=CT10-11
Removed Pin From Net: NetName=NetJ3_1 Pin=J4-1
Removed Pin From Net: NetName=NetJ3_1 Pin=J5-1
Removed Pin From Net: NetName=NetJ3_1 Pin=J6-1
Removed Pin From Net: NetName=NetJ3_1 Pin=J7-1
Removed Pin From Net: NetName=NetJ3_1 Pin=J8-1
Removed Pin From Net: NetName=NetJ3_1 Pin=J9-1
Removed Pin From Net: NetName=NetJ3_1 Pin=J10-1
Removed Pin From Net: NetName=NetJ3_1 Pin=J11-1
Removed Pin From Net: NetName=NetJ3_1 Pin=J12-1
Removed Pin From Net: NetName=NetCT1_11 Pin=R32-2
Removed Pin From Net: NetName=NetCT1_11 Pin=R43-2
Removed Pin From Net: NetName=VCC=3.3V Pin=R52-1
Removed Pin From Net: NetName=NetR52_2 Pin=R52-2
Removed Pin From Net: NetName=NetCT1_11 Pin=R54-2
Removed Pin From Net: NetName=NetR56_1 Pin=R56-1
Removed Pin From Net: NetName=NetQ4_B Pin=R56-2
Removed Pin From Net: NetName=GND Pin=R58-1
Removed Pin From Net: NetName=NetQ4_B Pin=R58-2
Removed Pin From Net: NetName=NetCT1_11 Pin=R65-2
Removed Pin From Net: NetName=NetCT1_11 Pin=R74-2
Removed Pin From Net: NetName=VCC=3.3V Pin=R80-1
Removed Pin From Net: NetName=NetR80_2 Pin=R80-2
Removed Pin From Net: NetName=NetCT1_11 Pin=R81-2
Removed Pin From Net: NetName=NetR84_1 Pin=R84-1
Removed Pin From Net: NetName=NetQ7_B Pin=R84-2
Removed Pin From Net: NetName=NetCT1_11 Pin=R91-2
Removed Pin From Net: NetName=NetCT1_11 Pin=R102-2
Removed Pin From Net: NetName=NetCT1_11 Pin=R110-2
Added Component: Designator=C5(0805C-TBD)
Added Component: Designator=C6(0805C-TBD)
Added Component: Designator=R52(0805R-2K7)
Added Component: Designator=R56(0805R-2K7)
Added Component: Designator=R58(0805R-1K)
Added Component: Designator=R80(0805R-10)
Added Component: Designator=R84(0805R-100)
Added Pin To Net: NetName=NetC5_1 Pin=C5-1
Added Pin To Net: NetName=GND Pin=C5-2
Added Pin To Net: NetName=NetC5_1 Pin=C6-1
Added Pin To Net: NetName=GND Pin=C6-2
Added Pin To Net: NetName=VCC=3.3V Pin=R52-1
Added Pin To Net: NetName=NetR52_2 Pin=R52-2
Added Pin To Net: NetName=NetR56_1 Pin=R56-1
Added Pin To Net: NetName=NetQ4_B Pin=R56-2
Added Pin To Net: NetName=GND Pin=R58-1
Added Pin To Net: NetName=NetQ4_B Pin=R58-2
Added Pin To Net: NetName=VCC=3.3V Pin=R80-1
Added Pin To Net: NetName=NetR80_2 Pin=R80-2
Added Pin To Net: NetName=NetR84_1 Pin=R84-1
Added Pin To Net: NetName=NetQ7_B Pin=R84-2
Added Pin To Net: NetName=NetCT2_11 Pin=CT2-11
Added Pin To Net: NetName=NetCT2_11 Pin=K2-2
Added Pin To Net: NetName=NetCT2_11 Pin=R32-2
Added Net: Name=NetCT2_11
Added Pin To Net: NetName=NetCT3_11 Pin=CT3-11
Added Pin To Net: NetName=NetCT3_11 Pin=K3-2
Added Pin To Net: NetName=NetCT3_11 Pin=R43-2
Added Net: Name=NetCT3_11
Added Pin To Net: NetName=NetCT4_11 Pin=CT4-11
Added Pin To Net: NetName=NetCT4_11 Pin=K4-2
Added Pin To Net: NetName=NetCT4_11 Pin=R54-2
Added Net: Name=NetCT4_11
Added Pin To Net: NetName=NetCT5_11 Pin=CT5-11
Added Pin To Net: NetName=NetCT5_11 Pin=K5-2
Added Pin To Net: NetName=NetCT5_11 Pin=R65-2
Added Net: Name=NetCT5_11
Added Pin To Net: NetName=NetCT6_11 Pin=CT6-11
Added Pin To Net: NetName=NetCT6_11 Pin=K6-2
Added Pin To Net: NetName=NetCT6_11 Pin=R74-2
Added Net: Name=NetCT6_11
Added Pin To Net: NetName=NetCT7_11 Pin=CT7-11
Added Pin To Net: NetName=NetCT7_11 Pin=K7-2
Added Pin To Net: NetName=NetCT7_11 Pin=R81-2
Added Net: Name=NetCT7_11
Added Pin To Net: NetName=NetCT8_11 Pin=CT8-11
Added Pin To Net: NetName=NetCT8_11 Pin=K8-2
Added Pin To Net: NetName=NetCT8_11 Pin=R91-2
Added Net: Name=NetCT8_11
Added Pin To Net: NetName=NetCT9_11 Pin=CT9-11
Added Pin To Net: NetName=NetCT9_11 Pin=K9-2
Added Pin To Net: NetName=NetCT9_11 Pin=R102-2
Added Net: Name=NetCT9_11
Added Pin To Net: NetName=NetCT10_11 Pin=CT10-11
Added Pin To Net: NetName=NetCT10_11 Pin=K10-2
Added Pin To Net: NetName=NetCT10_11 Pin=R110-2
Added Net: Name=NetCT10_11
Added Pin To Net: NetName=NetJ4_1 Pin=J4-1
Added Pin To Net: NetName=NetJ4_1 Pin=K2-1
Added Net: Name=NetJ4_1
Added Pin To Net: NetName=NetJ5_1 Pin=J5-1
Added Pin To Net: NetName=NetJ5_1 Pin=K3-1
Added Net: Name=NetJ5_1
Added Pin To Net: NetName=NetJ6_1 Pin=J6-1
Added Pin To Net: NetName=NetJ6_1 Pin=K4-1
Added Net: Name=NetJ6_1
Added Pin To Net: NetName=NetJ7_1 Pin=J7-1
Added Pin To Net: NetName=NetJ7_1 Pin=K5-1
Added Net: Name=NetJ7_1
Added Pin To Net: NetName=NetJ8_1 Pin=J8-1
Added Pin To Net: NetName=NetJ8_1 Pin=K6-1
Added Net: Name=NetJ8_1
Added Pin To Net: NetName=NetJ9_1 Pin=J9-1
Added Pin To Net: NetName=NetJ9_1 Pin=K7-1
Added Net: Name=NetJ9_1
Added Pin To Net: NetName=NetJ10_1 Pin=J10-1
Added Pin To Net: NetName=NetJ10_1 Pin=K8-1
Added Net: Name=NetJ10_1
Added Pin To Net: NetName=NetJ11_1 Pin=J11-1
Added Pin To Net: NetName=NetJ11_1 Pin=K9-1
Added Net: Name=NetJ11_1
Added Pin To Net: NetName=NetJ12_1 Pin=J12-1
Added Pin To Net: NetName=NetJ12_1 Pin=K10-1
Added Net: Name=NetJ12_1
Added Member To Class: ClassName=Sheet1 Member=Component C5 .1uF
Added Member To Class: ClassName=Sheet1 Member=Component C6 .1uF
Added Member To Class: ClassName=Sheet2 Member=Component R31 1K
Added Member To Class: ClassName=Sheet2 Member=Component R52 45
Added Member To Class: ClassName=Sheet2 Member=Component R56 470
Added Member To Class: ClassName=Sheet2 Member=Component R58 2K
Added Member To Class: ClassName=Sheet3 Member=Component R80 45
Added Member To Class: ClassName=Sheet3 Member=Component R84 470
