Removed Pin From Net: NetName=NetD7_1 Pin=K3-1
Removed Pin From Net: NetName=VCC=5.0V Pin=K3-2
Removed Pin From Net: NetName=NetK3_2 Pin=K3-3
Removed Pin From Net: NetName=NetJ5_1 Pin=K3-4
Removed Pin From Net: NetName=NetD9_1 Pin=K4-1
Removed Pin From Net: NetName=VCC=5.0V Pin=K4-2
Removed Pin From Net: NetName=NetK4_2 Pin=K4-3
Removed Pin From Net: NetName=NetJ6_1 Pin=K4-4
Removed Pin From Net: NetName=NetD11_1 Pin=K5-1
Removed Pin From Net: NetName=VCC=5.0V Pin=K5-2
Removed Pin From Net: NetName=NetK5_2 Pin=K5-3
Removed Pin From Net: NetName=NetJ7_1 Pin=K5-4
Added Pin To Net: NetName=NetJ5_1 Pin=K3-1
Added Pin To Net: NetName=NetK3_2 Pin=K3-2
Added Pin To Net: NetName=VCC=5.0V Pin=K3-3
Added Pin To Net: NetName=NetD7_1 Pin=K3-4
Added Pin To Net: NetName=NetJ6_1 Pin=K4-1
Added Pin To Net: NetName=NetK4_2 Pin=K4-2
Added Pin To Net: NetName=VCC=5.0V Pin=K4-3
Added Pin To Net: NetName=NetD9_1 Pin=K4-4
Added Pin To Net: NetName=NetJ7_1 Pin=K5-1
Added Pin To Net: NetName=NetK5_2 Pin=K5-2
Added Pin To Net: NetName=VCC=5.0V Pin=K5-3
Added Pin To Net: NetName=NetD11_1 Pin=K5-4
