Removed Pin From Net: NetName=NetC5_1 Pin=C5-1
Removed Pin From Net: NetName=GND Pin=C5-2
Removed Pin From Net: NetName=NetC5_1 Pin=C6-1
Removed Pin From Net: NetName=GND Pin=C6-2
Removed Pin From Net: NetName=VCC=3.3V Pin=R52-1
Removed Pin From Net: NetName=NetR52_2 Pin=R52-2
Removed Pin From Net: NetName=NetR56_1 Pin=R56-1
Removed Pin From Net: NetName=NetQ4_B Pin=R56-2
Removed Pin From Net: NetName=GND Pin=R58-1
Removed Pin From Net: NetName=NetQ4_B Pin=R58-2
Removed Pin From Net: NetName=VCC=3.3V Pin=R80-1
Removed Pin From Net: NetName=NetR80_2 Pin=R80-2
Removed Pin From Net: NetName=NetR84_1 Pin=R84-1
Removed Pin From Net: NetName=NetQ7_B Pin=R84-2
Removed Member From Class: ClassName=Sheet2 Member=TP11
Added Component: Designator=C5(0805C-TBD)
Added Component: Designator=C6(0805C-TBD)
Added Component: Designator=CT1(CST2010)
Added Component: Designator=CT2(CST2010)
Added Component: Designator=CT3(CST2010)
Added Component: Designator=CT4(CST2010)
Added Component: Designator=CT5(CST2010)
Added Component: Designator=CT6(CST2010)
Added Component: Designator=CT7(CST2010)
Added Component: Designator=CT8(CST2010)
Added Component: Designator=CT9(CST2010)
Added Component: Designator=CT10(CST2010)
Added Component: Designator=R52(0805R-2K7)
Added Component: Designator=R56(0805R-2K7)
Added Component: Designator=R58(0805R-1K)
Added Component: Designator=R80(0805R-10)
Added Component: Designator=R84(0805R-100)
Added Pin To Net: NetName=NetC5_1 Pin=C5-1
Added Pin To Net: NetName=GND Pin=C5-2
Added Pin To Net: NetName=NetC5_1 Pin=C6-1
Added Pin To Net: NetName=GND Pin=C6-2
Added Pin To Net: NetName=NetCT1_2 Pin=CT1-2
Added Pin To Net: NetName=NetCT1_4 Pin=CT1-4
Added Pin To Net: NetName=NetCT1_11 Pin=CT1-11
Added Pin To Net: NetName=GND Pin=CT1-12
Added Pin To Net: NetName=NetCT2_2 Pin=CT2-2
Added Pin To Net: NetName=NetCT2_4 Pin=CT2-4
Added Pin To Net: NetName=NetCT1_11 Pin=CT2-11
Added Pin To Net: NetName=GND Pin=CT2-12
Added Pin To Net: NetName=NetCT3_2 Pin=CT3-2
Added Pin To Net: NetName=NetCT3_4 Pin=CT3-4
Added Pin To Net: NetName=NetCT1_11 Pin=CT3-11
Added Pin To Net: NetName=GND Pin=CT3-12
Added Pin To Net: NetName=NetCT4_2 Pin=CT4-2
Added Pin To Net: NetName=NetCT4_4 Pin=CT4-4
Added Pin To Net: NetName=NetCT1_11 Pin=CT4-11
Added Pin To Net: NetName=GND Pin=CT4-12
Added Pin To Net: NetName=NetCT5_2 Pin=CT5-2
Added Pin To Net: NetName=NetCT5_4 Pin=CT5-4
Added Pin To Net: NetName=NetCT1_11 Pin=CT5-11
Added Pin To Net: NetName=GND Pin=CT5-12
Added Pin To Net: NetName=NetCT6_2 Pin=CT6-2
Added Pin To Net: NetName=NetCT6_4 Pin=CT6-4
Added Pin To Net: NetName=NetCT1_11 Pin=CT6-11
Added Pin To Net: NetName=GND Pin=CT6-12
Added Pin To Net: NetName=NetCT7_2 Pin=CT7-2
Added Pin To Net: NetName=NetCT7_4 Pin=CT7-4
Added Pin To Net: NetName=NetCT1_11 Pin=CT7-11
Added Pin To Net: NetName=GND Pin=CT7-12
Added Pin To Net: NetName=NetCT8_2 Pin=CT8-2
Added Pin To Net: NetName=NetCT8_4 Pin=CT8-4
Added Pin To Net: NetName=NetCT1_11 Pin=CT8-11
Added Pin To Net: NetName=GND Pin=CT8-12
Added Pin To Net: NetName=NetCT9_2 Pin=CT9-2
Added Pin To Net: NetName=NetCT9_4 Pin=CT9-4
Added Pin To Net: NetName=NetCT1_11 Pin=CT9-11
Added Pin To Net: NetName=GND Pin=CT9-12
Added Pin To Net: NetName=NetCT10_2 Pin=CT10-2
Added Pin To Net: NetName=NetCT10_4 Pin=CT10-4
Added Pin To Net: NetName=NetCT1_11 Pin=CT10-11
Added Pin To Net: NetName=GND Pin=CT10-12
Added Pin To Net: NetName=VCC=3.3V Pin=R52-1
Added Pin To Net: NetName=NetR52_2 Pin=R52-2
Added Pin To Net: NetName=NetR56_1 Pin=R56-1
Added Pin To Net: NetName=NetQ4_B Pin=R56-2
Added Pin To Net: NetName=GND Pin=R58-1
Added Pin To Net: NetName=NetQ4_B Pin=R58-2
Added Pin To Net: NetName=VCC=3.3V Pin=R80-1
Added Pin To Net: NetName=NetR80_2 Pin=R80-2
Added Pin To Net: NetName=NetR84_1 Pin=R84-1
Added Pin To Net: NetName=NetQ7_B Pin=R84-2
Added Member To Class: ClassName=Sheet1 Member=Component C5 .1uF
Added Member To Class: ClassName=Sheet1 Member=Component C6 .1uF
Added Member To Class: ClassName=Sheet2 Member=Component CT1 CST2010
Added Member To Class: ClassName=Sheet2 Member=Component CT2 CST2010
Added Member To Class: ClassName=Sheet2 Member=Component CT3 CST2010
Added Member To Class: ClassName=Sheet2 Member=Component CT4 CST2010
Added Member To Class: ClassName=Sheet2 Member=Component CT5 CST2010
Added Member To Class: ClassName=Sheet2 Member=Component CT6 CST2010
Added Member To Class: ClassName=Sheet3 Member=Component CT7 CST2010
Added Member To Class: ClassName=Sheet3 Member=Component CT8 CST2010
Added Member To Class: ClassName=Sheet3 Member=Component CT9 CST2010
Added Member To Class: ClassName=Sheet3 Member=Component CT10 CST2010
Added Member To Class: ClassName=Sheet2 Member=Component R52 45
Added Member To Class: ClassName=Sheet2 Member=Component R56 470
Added Member To Class: ClassName=Sheet2 Member=Component R58 2K
Added Member To Class: ClassName=Sheet3 Member=Component R80 45
Added Member To Class: ClassName=Sheet3 Member=Component R84 470
