Removed Pin From Net: NetName=NetC5_1 Pin=C5-1
Removed Pin From Net: NetName=GND Pin=C5-2
Removed Pin From Net: NetName=NetC5_1 Pin=C6-1
Removed Pin From Net: NetName=GND Pin=C6-2
Removed Pin From Net: NetName=GND Pin=D3-1
Removed Pin From Net: NetName=NetD3_2 Pin=D3-2
Removed Pin From Net: NetName=GND Pin=D5-1
Removed Pin From Net: NetName=NetD5_2 Pin=D5-2
Removed Pin From Net: NetName=NetD8_1 Pin=D8-1
Removed Pin From Net: NetName=NetD8_2 Pin=D8-2
Removed Pin From Net: NetName=NetD10_1 Pin=D10-1
Removed Pin From Net: NetName=NetD10_2 Pin=D10-2
Removed Pin From Net: NetName=NetD21_1 Pin=D21-1
Removed Pin From Net: NetName=VCC=5.0V Pin=D21-2
Removed Pin From Net: NetName=NetD22_1 Pin=D22-1
Removed Pin From Net: NetName=NetD22_2 Pin=D22-2
Removed Pin From Net: NetName=NetR3_1 Pin=R3-1
Removed Pin From Net: NetName=VCC=3.3V Pin=R3-2
Removed Pin From Net: NetName=GND Pin=R4-1
Removed Pin From Net: NetName=NetR3_1 Pin=R4-2
Removed Pin From Net: NetName=NetR8_1 Pin=R8-1
Removed Pin From Net: NetName=VDD=3.3V Pin=R8-2
Removed Pin From Net: NetName=NetR26_1 Pin=R26-1
Removed Pin From Net: NetName=NetCT1_11 Pin=R26-2
Removed Pin From Net: NetName=GND Pin=R37-1
Removed Pin From Net: NetName=NetQ1_B Pin=R37-2
Removed Pin From Net: NetName=VCC=3.3V Pin=R39-1
Removed Pin From Net: NetName=NetR39_2 Pin=R39-2
Removed Pin From Net: NetName=NetR41_1 Pin=R41-1
Removed Pin From Net: NetName=NetQ2_B Pin=R41-2
Removed Pin From Net: NetName=NetR46_1 Pin=R46-1
Removed Pin From Net: NetName=NetCT3_11 Pin=R46-2
Removed Pin From Net: NetName=VCC=3.3V Pin=R48-1
Removed Pin From Net: NetName=NetR48_2 Pin=R48-2
Removed Pin From Net: NetName=NetC46_2 Pin=R50-1
Removed Pin From Net: NetName=GND Pin=R50-2
Removed Pin From Net: NetName=NetR59_1 Pin=R59-1
Removed Pin From Net: NetName=NetQ4_B Pin=R59-2
Removed Pin From Net: NetName=GND Pin=R63-1
Removed Pin From Net: NetName=NetQ4_B Pin=R63-2
Removed Pin From Net: NetName=NetR66_1 Pin=R66-1
Removed Pin From Net: NetName=NetQ5_B Pin=R66-2
Removed Pin From Net: NetName=VCC=3.3V Pin=R72-1
Removed Pin From Net: NetName=NetR72_2 Pin=R72-2
Removed Pin From Net: NetName=GND Pin=R76-1
Removed Pin From Net: NetName=NetQ6_B Pin=R76-2
Removed Pin From Net: NetName=VCC=3.3V Pin=R85-1
Removed Pin From Net: NetName=NetR85_2 Pin=R85-2
Removed Pin From Net: NetName=NetR89_1 Pin=R89-1
Removed Pin From Net: NetName=NetQ7_B Pin=R89-2
Removed Pin From Net: NetName=VCC=3.3V Pin=R92-1
Removed Pin From Net: NetName=NetR92_2 Pin=R92-2
Removed Pin From Net: NetName=NetR96_1 Pin=R96-1
Removed Pin From Net: NetName=NetCT8_11 Pin=R96-2
Removed Pin From Net: NetName=GND Pin=R99-1
Removed Pin From Net: NetName=NetQ8_B Pin=R99-2
Removed Pin From Net: NetName=GND Pin=R103-1
Removed Pin From Net: NetName=NetQ9_B Pin=R103-2
Removed Pin From Net: NetName=GND Pin=R111-1
Removed Pin From Net: NetName=NetQ10_B Pin=R111-2
Removed Pin From Net: NetName=NetCT10_2 Pin=R112-1
Removed Pin From Net: NetName=NetC75_2 Pin=R112-2
Removed Pin From Net: NetName=NetR118_1 Pin=R118-1
Removed Pin From Net: NetName=NetC82_2 Pin=R118-2
Removed Pin From Net: NetName=NetC83_2 Pin=R119-1
Removed Pin From Net: NetName=NetR119_2 Pin=R119-2
Removed Pin From Net: NetName=NetC84_2 Pin=R120-1
Removed Pin From Net: NetName=VCC=3.3V Pin=R120-2
Removed Member From Class: ClassName=Sheet2 Member=D3
Removed Member From Class: ClassName=Sheet1 Member=D17
Removed Member From Class: ClassName=Sheet2 Member=D24
Removed Member From Class: ClassName=Sheet1 Member=D25
Removed Member From Class: ClassName=Sheet2 Member=D25
Removed Member From Class: ClassName=Sheet1 Member=R25
Removed Member From Class: ClassName=Sheet1 Member=R27
Removed Member From Class: ClassName=Sheet3 Member=R78
Change Component DesignItemId : Designator=D1 Old DesignItemId=Diode New DesignItemId=Diode 1N4007
Change Component DesignItemId : Designator=D2 Old DesignItemId=Diode New DesignItemId=Diode 1N4007
Change Component Comment : Designator=R7 Old Comment=1K New Comment=Res3
Change Component Comment : Designator=R1 Old Comment=100 New Comment=Res3
Change Component Comment : Designator=R2 Old Comment=200 New Comment=110
Change Component Comment : Designator=R5 Old Comment=200 New Comment=220
Change Component Description : Designator=D1 Old Description=Default Diode New Description=1 Amp General Purpose Rectifier
Change Component Description : Designator=D2 Old Description=Default Diode New Description=1 Amp General Purpose Rectifier
Added Component: Designator=C5(0805C-TBD)
Added Component: Designator=C6(0805C-TBD)
Added Component: Designator=C31(0805C-TBD)
Added Component: Designator=D3(SMB)
Added Component: Designator=D5(SMB)
Added Component: Designator=D8(3.2X1.6X1.1)
Added Component: Designator=D10(3.2X1.6X1.1)
Added Component: Designator=D21(DO-214AC)
Added Component: Designator=D22(3.2X1.6X1.1)
Added Component: Designator=R3(J1-0603)
Added Component: Designator=R4(J1-0603)
Added Component: Designator=R8(J1-0603)
Added Component: Designator=R26(1210R-GENERIC)
Added Component: Designator=R37(0805R-180)
Added Component: Designator=R39(0805R-120)
Added Component: Designator=R41(0805R-27K)
Added Component: Designator=R46(1210R-GENERIC)
Added Component: Designator=R48(0805R-3K3)
Added Component: Designator=R50(1210C-GENERIC)
Added Component: Designator=R59(0805R-2K7)
Added Component: Designator=R63(0805R-1K)
Added Component: Designator=R65(0805R-10)
Added Component: Designator=R66(0805R-1K)
Added Component: Designator=R72(0805R-390K)
Added Component: Designator=R76(0805R-18)
Added Component: Designator=R85(0805R-10)
Added Component: Designator=R89(0805R-100)
Added Component: Designator=R92(0805R-2K2)
Added Component: Designator=R96(1210R-GENERIC)
Added Component: Designator=R99(0805R-12K)
Added Component: Designator=R103(0805R-39)
Added Component: Designator=R111(0805R-10)
Added Component: Designator=R112(0805R-10)
Added Component: Designator=R118(J1-0603)
Added Component: Designator=R119(J1-0603)
Added Component: Designator=R120(J1-0603)
Added Pin To Net: NetName=NetC5_1 Pin=C5-1
Added Pin To Net: NetName=GND Pin=C5-2
Added Pin To Net: NetName=NetC5_1 Pin=C6-1
Added Pin To Net: NetName=GND Pin=C6-2
Added Pin To Net: NetName=GND Pin=C31-1
Added Pin To Net: NetName=NetC31_2 Pin=C31-2
Added Pin To Net: NetName=GND Pin=D3-1
Added Pin To Net: NetName=NetD3_2 Pin=D3-2
Added Pin To Net: NetName=GND Pin=D5-1
Added Pin To Net: NetName=NetD5_2 Pin=D5-2
Added Pin To Net: NetName=NetD8_1 Pin=D8-1
Added Pin To Net: NetName=NetD8_2 Pin=D8-2
Added Pin To Net: NetName=NetD10_1 Pin=D10-1
Added Pin To Net: NetName=NetD10_2 Pin=D10-2
Added Pin To Net: NetName=NetD21_1 Pin=D21-1
Added Pin To Net: NetName=VCC=5.0V Pin=D21-2
Added Pin To Net: NetName=NetD22_1 Pin=D22-1
Added Pin To Net: NetName=NetD22_2 Pin=D22-2
Added Pin To Net: NetName=NetR3_1 Pin=R3-1
Added Pin To Net: NetName=VCC=3.3V Pin=R3-2
Added Pin To Net: NetName=GND Pin=R4-1
Added Pin To Net: NetName=NetR3_1 Pin=R4-2
Added Pin To Net: NetName=NetR8_1 Pin=R8-1
Added Pin To Net: NetName=VDD=3.3V Pin=R8-2
Added Pin To Net: NetName=NetR26_1 Pin=R26-1
Added Pin To Net: NetName=NetCT1_11 Pin=R26-2
Added Pin To Net: NetName=GND Pin=R37-1
Added Pin To Net: NetName=NetQ1_B Pin=R37-2
Added Pin To Net: NetName=VCC=3.3V Pin=R39-1
Added Pin To Net: NetName=NetR39_2 Pin=R39-2
Added Pin To Net: NetName=NetR41_1 Pin=R41-1
Added Pin To Net: NetName=NetQ2_B Pin=R41-2
Added Pin To Net: NetName=NetR46_1 Pin=R46-1
Added Pin To Net: NetName=NetCT3_11 Pin=R46-2
Added Pin To Net: NetName=VCC=3.3V Pin=R48-1
Added Pin To Net: NetName=NetR48_2 Pin=R48-2
Added Pin To Net: NetName=NetC46_2 Pin=R50-1
Added Pin To Net: NetName=GND Pin=R50-2
Added Pin To Net: NetName=NetR59_1 Pin=R59-1
Added Pin To Net: NetName=NetQ4_B Pin=R59-2
Added Pin To Net: NetName=GND Pin=R63-1
Added Pin To Net: NetName=NetQ4_B Pin=R63-2
Added Pin To Net: NetName=NetCT5_2 Pin=R65-1
Added Pin To Net: NetName=NetC54_2 Pin=R65-2
Added Pin To Net: NetName=NetR66_1 Pin=R66-1
Added Pin To Net: NetName=NetQ5_B Pin=R66-2
Added Pin To Net: NetName=VCC=3.3V Pin=R72-1
Added Pin To Net: NetName=NetR72_2 Pin=R72-2
Added Pin To Net: NetName=GND Pin=R76-1
Added Pin To Net: NetName=NetQ6_B Pin=R76-2
Added Pin To Net: NetName=VCC=3.3V Pin=R85-1
Added Pin To Net: NetName=NetR85_2 Pin=R85-2
Added Pin To Net: NetName=NetR89_1 Pin=R89-1
Added Pin To Net: NetName=NetQ7_B Pin=R89-2
Added Pin To Net: NetName=VCC=3.3V Pin=R92-1
Added Pin To Net: NetName=NetR92_2 Pin=R92-2
Added Pin To Net: NetName=NetR96_1 Pin=R96-1
Added Pin To Net: NetName=NetCT8_11 Pin=R96-2
Added Pin To Net: NetName=GND Pin=R99-1
Added Pin To Net: NetName=NetQ8_B Pin=R99-2
Added Pin To Net: NetName=GND Pin=R103-1
Added Pin To Net: NetName=NetQ9_B Pin=R103-2
Added Pin To Net: NetName=GND Pin=R111-1
Added Pin To Net: NetName=NetQ10_B Pin=R111-2
Added Pin To Net: NetName=NetCT10_2 Pin=R112-1
Added Pin To Net: NetName=NetC75_2 Pin=R112-2
Added Pin To Net: NetName=NetR118_1 Pin=R118-1
Added Pin To Net: NetName=NetC82_2 Pin=R118-2
Added Pin To Net: NetName=NetC83_2 Pin=R119-1
Added Pin To Net: NetName=NetR119_2 Pin=R119-2
Added Pin To Net: NetName=NetC84_2 Pin=R120-1
Added Pin To Net: NetName=VCC=3.3V Pin=R120-2
Added Member To Class: ClassName=Sheet1 Member=Component C5 .1uF
Added Member To Class: ClassName=Sheet1 Member=Component C6 .1uF
Added Member To Class: ClassName=Sheet2 Member=Component C31 10n
Added Member To Class: ClassName=Sheet1 Member=Component D3 1N5819
Added Member To Class: ClassName=Sheet1 Member=Component D5 1N5819
Added Member To Class: ClassName=Sheet2 Member=Component D18 LED2
Added Member To Class: ClassName=Sheet2 Member=Component D19 1N4001
Added Member To Class: ClassName=Sheet1 Member=Component R3 1.68K
Added Member To Class: ClassName=Sheet1 Member=Component R4 1K
Added Member To Class: ClassName=Sheet1 Member=Component R8 1.5K
Added Member To Class: ClassName=Sheet2 Member=Component R26 175K/ .5W
Added Member To Class: ClassName=Sheet2 Member=Component R28 3 /.5W  1%
Added Member To Class: ClassName=Sheet2 Member=Component R33 470
Added Member To Class: ClassName=Sheet2 Member=Component R37 2K
Added Member To Class: ClassName=Sheet2 Member=Component R39 45
Added Member To Class: ClassName=Sheet2 Member=Component R41 470
Added Member To Class: ClassName=Sheet2 Member=Component R46 175K/ .5W
Added Member To Class: ClassName=Sheet2 Member=Component R48 45
Added Member To Class: ClassName=Sheet2 Member=Component R50 3 /.5W  1%
Added Member To Class: ClassName=Sheet2 Member=Component R59 470
Added Member To Class: ClassName=Sheet2 Member=Component R63 2K
Added Member To Class: ClassName=Sheet2 Member=Component R65 1K
Added Member To Class: ClassName=Sheet2 Member=Component R66 470
Added Member To Class: ClassName=Sheet2 Member=Component R70 175K/ .5W
Added Member To Class: ClassName=Sheet2 Member=Component R76 2K
Added Member To Class: ClassName=Sheet3 Member=Component R89 470
Added Member To Class: ClassName=Sheet3 Member=Component R92 45
Added Member To Class: ClassName=Sheet3 Member=Component R96 175K/ .5W
Added Member To Class: ClassName=Sheet3 Member=Component R99 470
Added Member To Class: ClassName=Sheet3 Member=Component R103 470
Added Member To Class: ClassName=Sheet3 Member=Component R110 3 /.5W  1%
Added Member To Class: ClassName=Sheet3 Member=Component R111 470
Added Member To Class: ClassName=Sheet3 Member=Component R112 1K
