Added Component: Designator=J4(TB-1300-0-C)
Added Component: Designator=J5(TB-1300-0-C)
Added Component: Designator=J6(TB-1300-0-C)
Added Component: Designator=J7(TB-1300-0-C)
Added Component: Designator=J8(TB-1300-0-C)
Added Component: Designator=J9(TB-1300-0-C)
Added Component: Designator=J10(TB-1300-0-C)
Added Component: Designator=J11(TB-1300-0-C)
Added Component: Designator=J12(TB-1300-0-C)
Added Component: Designator=U3(QFN24_4X4_N)
Added Component: Designator=U4(QFN32_L)
Added Component: Designator=U6(QFN64_N)
Added Component: Designator=U8(QFN32_L)
Added Component: Designator=U13(QFN32_L)
Added Component: Designator=U16(QFN32_L)
Added Component: Designator=U19(QFN32_L)
Added Component: Designator=U23(32QN2_N)
Added Pin To Net: NetName=NetJ4_1 Pin=J4-1
Added Pin To Net: NetName=GND Pin=J4-2
Added Pin To Net: NetName=NetJ5_1 Pin=J5-1
Added Pin To Net: NetName=GND Pin=J5-2
Added Pin To Net: NetName=NetJ6_1 Pin=J6-1
Added Pin To Net: NetName=GND Pin=J6-2
Added Pin To Net: NetName=NetJ7_1 Pin=J7-1
Added Pin To Net: NetName=GND Pin=J7-2
Added Pin To Net: NetName=NetJ8_1 Pin=J8-1
Added Pin To Net: NetName=GND Pin=J8-2
Added Pin To Net: NetName=NetJ9_1 Pin=J9-1
Added Pin To Net: NetName=GND Pin=J9-2
Added Pin To Net: NetName=NetJ10_1 Pin=J10-1
Added Pin To Net: NetName=GND Pin=J10-2
Added Pin To Net: NetName=NetJ11_1 Pin=J11-1
Added Pin To Net: NetName=GND Pin=J11-2
Added Pin To Net: NetName=NetJ12_1 Pin=J12-1
Added Pin To Net: NetName=GND Pin=J12-2
Added Member To Class: ClassName=Sheet2 Member=Component J4 TB1300
Added Member To Class: ClassName=Sheet2 Member=Component J5 TB1300
Added Member To Class: ClassName=Sheet2 Member=Component J6 TB1300
Added Member To Class: ClassName=Sheet2 Member=Component J7 TB1300
Added Member To Class: ClassName=Sheet2 Member=Component J8 TB1300
Added Member To Class: ClassName=Sheet3 Member=Component J9 TB1300
Added Member To Class: ClassName=Sheet3 Member=Component J10 TB1300
Added Member To Class: ClassName=Sheet3 Member=Component J11 TB1300
Added Member To Class: ClassName=Sheet3 Member=Component J12 TB1300
