Added Component: Designator=C1(C+12MM)
Added Component: Designator=C2(1206C-GENERIC)
Added Component: Designator=C3(1206C-GENERIC)
Added Component: Designator=C4(1206C-GENERIC)
Added Component: Designator=C5(0805C-TBD)
Added Component: Designator=C6(0805C-TBD)
Added Component: Designator=C7(C0805)
Added Component: Designator=C8(0805C-TBD)
Added Component: Designator=C9(C0805)
Added Component: Designator=C10(0805C-TBD)
Added Component: Designator=C11(C0805)
Added Component: Designator=C12(0805C-TBD)
Added Component: Designator=C13(0805C-TBD)
Added Component: Designator=C14(0805C-TBD)
Added Component: Designator=C15(0805C-TBD)
Added Component: Designator=C16(0805C-TBD)
Added Component: Designator=C17(0805C-TBD)
Added Component: Designator=C18(0805C-TBD)
Added Component: Designator=C19(0805C-TBD)
Added Component: Designator=C20(C0805)
Added Component: Designator=C21(C0805)
Added Component: Designator=C22(C0805)
Added Component: Designator=C23(0805C-TBD)
Added Component: Designator=C24(0805C-TBD)
Added Component: Designator=C25(0805C-TBD)
Added Component: Designator=C26(0805C-TBD)
Added Component: Designator=C27(0805C-TBD)
Added Component: Designator=C28(0805C-TBD)
Added Component: Designator=C29(0805C-TBD)
Added Component: Designator=C30(0805C-TBD)
Added Component: Designator=C31(0805C-TBD)
Added Component: Designator=C32(0805C-TBD)
Added Component: Designator=C33(0805C-TBD)
Added Component: Designator=C34(0805C-TBD)
Added Component: Designator=C35(0805C-TBD)
Added Component: Designator=C36(0805C-TBD)
Added Component: Designator=C37(0805C-TBD)
Added Component: Designator=C38(0805C-TBD)
Added Component: Designator=C39(0805C-TBD)
Added Component: Designator=C40(0805C-TBD)
Added Component: Designator=C41(C0805)
Added Component: Designator=C42(C0805)
Added Component: Designator=C43(0805C-TBD)
Added Component: Designator=C44(0805C-TBD)
Added Component: Designator=C45(C0805)
Added Component: Designator=C46(0805C-TBD)
Added Component: Designator=C47(0805C-TBD)
Added Component: Designator=C48(0805C-TBD)
Added Component: Designator=C49(0805C-TBD)
Added Component: Designator=C50(0805C-TBD)
Added Component: Designator=C51(C0805)
Added Component: Designator=C52(C0805)
Added Component: Designator=C53(C0805)
Added Component: Designator=C54(0805C-TBD)
Added Component: Designator=C55(0805C-TBD)
Added Component: Designator=C56(0805C-TBD)
Added Component: Designator=C57(0805C-TBD)
Added Component: Designator=C58(0805C-TBD)
Added Component: Designator=C59(0805C-TBD)
Added Component: Designator=C60(C0805)
Added Component: Designator=C61(C0805)
Added Component: Designator=C62(C0805)
Added Component: Designator=C63(0805C-TBD)
Added Component: Designator=C64(0805C-TBD)
Added Component: Designator=C65(0805C-TBD)
Added Component: Designator=C66(0805C-TBD)
Added Component: Designator=C67(0805C-TBD)
Added Component: Designator=C68(0805C-TBD)
Added Component: Designator=C69(C0805)
Added Component: Designator=C70(C0805)
Added Component: Designator=C71(C0805)
Added Component: Designator=C72(0805C-TBD)
Added Component: Designator=C73(0805C-TBD)
Added Component: Designator=C74(0805C-TBD)
Added Component: Designator=C75(0805C-TBD)
Added Component: Designator=C76(0805C-TBD)
Added Component: Designator=C77(0805C-TBD)
Added Component: Designator=C78(0805C-TBD)
Added Component: Designator=C79(0805C-TBD)
Added Component: Designator=C80(0805C-TBD)
Added Component: Designator=C81(0805C-TBD)
Added Component: Designator=C82(0805C-TBD)
Added Component: Designator=C83(0805C-TBD)
Added Component: Designator=C84(0805C-TBD)
Added Component: Designator=C85(0805C-TBD)
Added Component: Designator=C86(0805C-TBD)
Added Component: Designator=D1(D-38)
Added Component: Designator=D2(SMB)
Added Component: Designator=D3(SMB)
Added Component: Designator=D4(DO-41)
Added Component: Designator=D5(3.2X1.6X1.1)
Added Component: Designator=D6(DO-41)
Added Component: Designator=D7(3.2X1.6X1.1)
Added Component: Designator=D8(DO-41)
Added Component: Designator=D9(3.2X1.6X1.1)
Added Component: Designator=D10(DO-41)
Added Component: Designator=D11(3.2X1.6X1.1)
Added Component: Designator=D12(DO-41)
Added Component: Designator=D13(3.2X1.6X1.1)
Added Component: Designator=D14(DO-41)
Added Component: Designator=D15(3.2X1.6X1.1)
Added Component: Designator=D16(DO-41)
Added Component: Designator=D17(3.2X1.6X1.1)
Added Component: Designator=D18(DO-41)
Added Component: Designator=D19(3.2X1.6X1.1)
Added Component: Designator=D20(DO-41)
Added Component: Designator=D21(3.2X1.6X1.1)
Added Component: Designator=D22(DO-41)
Added Component: Designator=D23(3.2X1.6X1.1)
Added Component: Designator=E1(PIN1)
Added Component: Designator=E2(PIN1)
Added Component: Designator=F1(PIN-W2/E2.8)
Added Component: Designator=J1(IEC7-2H3)
Added Component: Designator=J2(74990112116A)
Added Component: Designator=K1(JQX-16f)
Added Component: Designator=K2(MODULE4)
Added Component: Designator=K3(MODULE4)
Added Component: Designator=K4(MODULE4)
Added Component: Designator=K5(MODULE4)
Added Component: Designator=K6(MODULE4)
Added Component: Designator=K7(MODULE4)
Added Component: Designator=K8(MODULE4)
Added Component: Designator=K9(MODULE4)
Added Component: Designator=K10(MODULE4)
Added Component: Designator=L1(0402-A)
Added Component: Designator=L2(0402-A)
Added Component: Designator=L3(TOKO-DFE252012C-1U)
Added Component: Designator=P1(HDR1X5)
Added Component: Designator=Q1(SOT23-BCE)
Added Component: Designator=Q2(SOT23-BCE)
Added Component: Designator=Q3(SOT23-BCE)
Added Component: Designator=Q4(SOT23-BCE)
Added Component: Designator=Q5(SOT23-BCE)
Added Component: Designator=Q6(SOT23-BCE)
Added Component: Designator=Q7(SOT23-BCE)
Added Component: Designator=Q8(SOT23-BCE)
Added Component: Designator=Q9(SOT23-BCE)
Added Component: Designator=Q10(SOT23-BCE)
Added Component: Designator=R1(J1-0603)
Added Component: Designator=R2(J1-0603)
Added Component: Designator=R3(J1-0603)
Added Component: Designator=R4(J1-0603)
Added Component: Designator=R5(J1-0603)
Added Component: Designator=R6(J1-0603)
Added Component: Designator=R7(J1-0603)
Added Component: Designator=R8(J1-0603)
Added Component: Designator=R9(J1-0603)
Added Component: Designator=R10(J1-0603)
Added Component: Designator=R11(J1-0603)
Added Component: Designator=R12(J1-0603)
Added Component: Designator=R13(J1-0603)
Added Component: Designator=R14(J1-0603)
Added Component: Designator=R15(J1-0603)
Added Component: Designator=R16(J1-0603)
Added Component: Designator=R17(J1-0603)
Added Component: Designator=R18(J1-0603)
Added Component: Designator=R19(J1-0603)
Added Component: Designator=R21(J1-0603)
Added Component: Designator=R22(J1-0603)
Added Component: Designator=R23(J1-0603)
Added Component: Designator=R24(J1-0603)
Added Component: Designator=R25(J1-0603)
Added Component: Designator=R26(J1-0603)
Added Component: Designator=R27(J1-0603)
Added Component: Designator=R28(J1-0603)
Added Component: Designator=R30(J1-0603)
Added Component: Designator=R31(J1-0603)
Added Component: Designator=R32(J1-0603)
Added Component: Designator=R33(J1-0603)
Added Component: Designator=R34(J1-0603)
Added Component: Designator=R35(J1-0603)
Added Component: Designator=R36(J1-0603)
Added Component: Designator=R37(J1-0603)
Added Component: Designator=R38(J1-0603)
Added Component: Designator=R39(J1-0603)
Added Component: Designator=R41(J1-0603)
Added Component: Designator=R42(J1-0603)
Added Component: Designator=R43(J1-0603)
Added Component: Designator=R44(J1-0603)
Added Component: Designator=R45(J1-0603)
Added Component: Designator=R46(J1-0603)
Added Component: Designator=R47(J1-0603)
Added Component: Designator=R48(J1-0603)
Added Component: Designator=R49(J1-0603)
Added Component: Designator=R50(J1-0603)
Added Component: Designator=R51(J1-0603)
Added Component: Designator=R53(J1-0603)
Added Component: Designator=R54(J1-0603)
Added Component: Designator=R55(J1-0603)
Added Component: Designator=R56(J1-0603)
Added Component: Designator=R57(J1-0603)
Added Component: Designator=R58(J1-0603)
Added Component: Designator=R59(J1-0603)
Added Component: Designator=R60(J1-0603)
Added Component: Designator=R61(J1-0603)
Added Component: Designator=R63(J1-0603)
Added Component: Designator=R64(J1-0603)
Added Component: Designator=R65(J1-0603)
Added Component: Designator=R66(J1-0603)
Added Component: Designator=R67(J1-0603)
Added Component: Designator=R68(J1-0603)
Added Component: Designator=R69(J1-0603)
Added Component: Designator=R70(J1-0603)
Added Component: Designator=R71(J1-0603)
Added Component: Designator=R73(J1-0603)
Added Component: Designator=R74(J1-0603)
Added Component: Designator=R75(J1-0603)
Added Component: Designator=R76(J1-0603)
Added Component: Designator=R77(J1-0603)
Added Component: Designator=R79(J1-0603)
Added Component: Designator=R80(J1-0603)
Added Component: Designator=R81(J1-0603)
Added Component: Designator=R82(J1-0603)
Added Component: Designator=R83(J1-0603)
Added Component: Designator=R84(J1-0603)
Added Component: Designator=R85(J1-0603)
Added Component: Designator=R86(J1-0603)
Added Component: Designator=R87(J1-0603)
Added Component: Designator=R89(J1-0603)
Added Component: Designator=R90(J1-0603)
Added Component: Designator=R91(J1-0603)
Added Component: Designator=R92(J1-0603)
Added Component: Designator=R93(J1-0603)
Added Component: Designator=R94(J1-0603)
Added Component: Designator=R95(J1-0603)
Added Component: Designator=R96(J1-0603)
Added Component: Designator=R97(J1-0603)
Added Component: Designator=R99(J1-0603)
Added Component: Designator=R100(J1-0603)
Added Component: Designator=R101(J1-0603)
Added Component: Designator=R102(J1-0603)
Added Component: Designator=R103(J1-0603)
Added Component: Designator=R104(J1-0603)
Added Component: Designator=R105(J1-0603)
Added Component: Designator=R106(J1-0603)
Added Component: Designator=R107(J1-0603)
Added Component: Designator=R109(J1-0603)
Added Component: Designator=R110(J1-0603)
Added Component: Designator=R111(J1-0603)
Added Component: Designator=R112(J1-0603)
Added Component: Designator=R113(J1-0603)
Added Component: Designator=R114(J1-0603)
Added Component: Designator=R115(J1-0603)
Added Component: Designator=S1(SPST-2)
Added Component: Designator=TP1(TESTPOINT)
Added Component: Designator=TP2(TESTPOINT)
Added Component: Designator=TP3(TESTPOINT)
Added Component: Designator=TP4(TESTPOINT)
Added Component: Designator=TP5(TESTPOINT)
Added Component: Designator=TP6(TESTPOINT)
Added Component: Designator=TP7(TESTPOINT)
Added Component: Designator=TP8(TESTPOINT)
Added Component: Designator=TP9(TESTPOINT)
Added Component: Designator=TP10(TESTPOINT)
Added Component: Designator=TP11(TESTPOINT)
Added Component: Designator=TP12(TESTPOINT)
Added Component: Designator=TP13(TESTPOINT)
Added Component: Designator=TP14(TESTPOINT)
Added Component: Designator=TP15(TESTPOINT)
Added Component: Designator=TP16(TESTPOINT)
Added Component: Designator=TP17(TESTPOINT)
Added Component: Designator=TP18(TESTPOINT)
Added Component: Designator=TP19(TESTPOINT)
Added Component: Designator=TP20(TESTPOINT)
Added Component: Designator=TP21(TESTPOINT)
Added Component: Designator=TP22(TESTPOINT)
Added Component: Designator=TP23(TESTPOINT)
Added Component: Designator=TP24(TESTPOINT)
Added Component: Designator=TP25(TESTPOINT)
Added Component: Designator=TP26(TESTPOINT)
Added Component: Designator=TP27(TESTPOINT)
Added Component: Designator=TP28(TESTPOINT)
Added Component: Designator=TP29(TESTPOINT)
Added Component: Designator=TP30(TESTPOINT)
Added Component: Designator=TP31(TESTPOINT)
Added Component: Designator=TP32(TESTPOINT)
Added Component: Designator=TP33(TESTPOINT)
Added Component: Designator=TP34(TESTPOINT)
Added Component: Designator=TP35(TESTPOINT)
Added Component: Designator=TP36(TESTPOINT)
Added Component: Designator=TP37(TESTPOINT)
Added Component: Designator=TP38(TESTPOINT)
Added Component: Designator=TP39(TESTPOINT)
Added Component: Designator=TP40(TESTPOINT)
Added Component: Designator=TP41(TESTPOINT)
Added Component: Designator=TP42(TESTPOINT)
Added Component: Designator=TP43(TESTPOINT)
Added Component: Designator=TP44(TESTPOINT)
Added Component: Designator=TP45(TESTPOINT)
Added Component: Designator=TP46(TESTPOINT)
Added Component: Designator=TP47(TESTPOINT)
Added Component: Designator=TP48(TESTPOINT)
Added Component: Designator=TP49(TESTPOINT)
Added Component: Designator=TP50(TESTPOINT)
Added Component: Designator=TP51(TESTPOINT)
Added Component: Designator=TP52(TESTPOINT)
Added Component: Designator=TP53(TESTPOINT)
Added Component: Designator=TP54(TESTPOINT)
Added Component: Designator=TP55(TESTPOINT)
Added Component: Designator=TP56(TESTPOINT)
Added Component: Designator=TP57(TESTPOINT)
Added Component: Designator=TP58(TESTPOINT)
Added Component: Designator=TP59(TESTPOINT)
Added Component: Designator=TP60(TESTPOINT)
Added Component: Designator=TP61(TESTPOINT)
Added Component: Designator=TP62(TESTPOINT)
Added Component: Designator=TP63(TESTPOINT)
Added Component: Designator=TP64(TESTPOINT)
Added Component: Designator=TP65(TESTPOINT)
Added Component: Designator=TP66(TESTPOINT)
Added Component: Designator=TP67(TESTPOINT)
Added Component: Designator=TP68(TESTPOINT)
Added Component: Designator=TP69(TESTPOINT)
Added Component: Designator=TP70(TESTPOINT)
Added Component: Designator=TP71(TESTPOINT)
Added Component: Designator=TP72(TESTPOINT)
Added Component: Designator=U3(QFN24_4X4_N)
Added Component: Designator=U4(QFN32_L)
Added Component: Designator=U5(SOP5(6))
Added Component: Designator=U6(QFN64_N)
Added Component: Designator=U7(SOP5(6))
Added Component: Designator=U8(QFN32_L)
Added Component: Designator=U9(SOP5(6))
Added Component: Designator=U11(SOP5(6))
Added Component: Designator=U12(SOP5(6))
Added Component: Designator=U13(QFN32_L)
Added Component: Designator=U14(SOP5(6))
Added Component: Designator=U15(SOP5(6))
Added Component: Designator=U16(QFN32_L)
Added Component: Designator=U17(SOP5(6))
Added Component: Designator=U18(SOP5(6))
Added Component: Designator=U19(QFN32_L)
Added Component: Designator=U20(SOP5(6))
Added Component: Designator=U23(32QN2_N)
Added Component: Designator=Y1(XTAL-RU49/4)
Added Component: Designator=Y2(R38)
Added Component: Designator=Y3(R38)
Added Component: Designator=Y4(R38)
Added Pin To Net: NetName=GND Pin=C1--
Added Pin To Net: NetName=GND Pin=C2-1
Added Pin To Net: NetName=GND Pin=C3-1
Added Pin To Net: NetName=GND Pin=C4-1
Added Pin To Net: NetName=GND Pin=C5-2
Added Pin To Net: NetName=GND Pin=C6-2
Added Pin To Net: NetName=GND Pin=C7-2
Added Pin To Net: NetName=GND Pin=C8-2
Added Pin To Net: NetName=GND Pin=C9-2
Added Pin To Net: NetName=GND Pin=C10-2
Added Pin To Net: NetName=GND Pin=C11-2
Added Pin To Net: NetName=GND Pin=C12-2
Added Pin To Net: NetName=GND Pin=C13-2
Added Pin To Net: NetName=GND Pin=C14-2
Added Pin To Net: NetName=GND Pin=C15-2
Added Pin To Net: NetName=GND Pin=C16-2
Added Pin To Net: NetName=GND Pin=C17-2
Added Pin To Net: NetName=GND Pin=C18-2
Added Pin To Net: NetName=GND Pin=C19-2
Added Pin To Net: NetName=GND Pin=C20-2
Added Pin To Net: NetName=GND Pin=C22-2
Added Pin To Net: NetName=GND Pin=C23-1
Added Pin To Net: NetName=GND Pin=C24-1
Added Pin To Net: NetName=GND Pin=C25-2
Added Pin To Net: NetName=GND Pin=C26-1
Added Pin To Net: NetName=GND Pin=C27-2
Added Pin To Net: NetName=GND Pin=C28-1
Added Pin To Net: NetName=GND Pin=C29-1
Added Pin To Net: NetName=GND Pin=C30-2
Added Pin To Net: NetName=GND Pin=C31-1
Added Pin To Net: NetName=GND Pin=C32-1
Added Pin To Net: NetName=GND Pin=C33-1
Added Pin To Net: NetName=GND Pin=C34-2
Added Pin To Net: NetName=GND Pin=C35-1
Added Pin To Net: NetName=GND Pin=C36-2
Added Pin To Net: NetName=GND Pin=C37-2
Added Pin To Net: NetName=GND Pin=C38-2
Added Pin To Net: NetName=GND Pin=C39-1
Added Pin To Net: NetName=GND Pin=C40-2
Added Pin To Net: NetName=GND Pin=C41-2
Added Pin To Net: NetName=GND Pin=C43-1
Added Pin To Net: NetName=GND Pin=C44-2
Added Pin To Net: NetName=GND Pin=C45-2
Added Pin To Net: NetName=GND Pin=C46-1
Added Pin To Net: NetName=GND Pin=C47-1
Added Pin To Net: NetName=GND Pin=C48-1
Added Pin To Net: NetName=GND Pin=C49-2
Added Pin To Net: NetName=GND Pin=C50-1
Added Pin To Net: NetName=GND Pin=C51-2
Added Pin To Net: NetName=GND Pin=C53-2
Added Pin To Net: NetName=GND Pin=C54-1
Added Pin To Net: NetName=GND Pin=C55-2
Added Pin To Net: NetName=GND Pin=C57-1
Added Pin To Net: NetName=GND Pin=C58-2
Added Pin To Net: NetName=GND Pin=C59-1
Added Pin To Net: NetName=GND Pin=C60-2
Added Pin To Net: NetName=GND Pin=C62-2
Added Pin To Net: NetName=GND Pin=C63-1
Added Pin To Net: NetName=GND Pin=C64-2
Added Pin To Net: NetName=GND Pin=C66-1
Added Pin To Net: NetName=GND Pin=C67-2
Added Pin To Net: NetName=GND Pin=C68-1
Added Pin To Net: NetName=GND Pin=C69-2
Added Pin To Net: NetName=GND Pin=C71-2
Added Pin To Net: NetName=GND Pin=C72-1
Added Pin To Net: NetName=GND Pin=C73-2
Added Pin To Net: NetName=GND Pin=C74-1
Added Pin To Net: NetName=GND Pin=C75-1
Added Pin To Net: NetName=GND Pin=C76-2
Added Pin To Net: NetName=GND Pin=C77-1
Added Pin To Net: NetName=GND Pin=C78-1
Added Pin To Net: NetName=GND Pin=C79-2
Added Pin To Net: NetName=GND Pin=C80-2
Added Pin To Net: NetName=GND Pin=C81-2
Added Pin To Net: NetName=GND Pin=C82-1
Added Pin To Net: NetName=GND Pin=C83-1
Added Pin To Net: NetName=GND Pin=C84-1
Added Pin To Net: NetName=GND Pin=C85-1
Added Pin To Net: NetName=GND Pin=C86-1
Added Pin To Net: NetName=GND Pin=D1-3
Added Pin To Net: NetName=GND Pin=D2-1
Added Pin To Net: NetName=GND Pin=D3-1
Added Pin To Net: NetName=GND Pin=P1-5
Added Pin To Net: NetName=GND Pin=Q1-E
Added Pin To Net: NetName=GND Pin=Q2-E
Added Pin To Net: NetName=GND Pin=Q3-E
Added Pin To Net: NetName=GND Pin=Q4-E
Added Pin To Net: NetName=GND Pin=Q5-E
Added Pin To Net: NetName=GND Pin=Q6-E
Added Pin To Net: NetName=GND Pin=Q7-E
Added Pin To Net: NetName=GND Pin=Q8-E
Added Pin To Net: NetName=GND Pin=Q9-E
Added Pin To Net: NetName=GND Pin=Q10-E
Added Pin To Net: NetName=GND Pin=R2-1
Added Pin To Net: NetName=GND Pin=R4-1
Added Pin To Net: NetName=GND Pin=R16-1
Added Pin To Net: NetName=GND Pin=R25-2
Added Pin To Net: NetName=GND Pin=R34-1
Added Pin To Net: NetName=GND Pin=R35-2
Added Pin To Net: NetName=GND Pin=R43-1
Added Pin To Net: NetName=GND Pin=R46-2
Added Pin To Net: NetName=GND Pin=R49-1
Added Pin To Net: NetName=GND Pin=R57-1
Added Pin To Net: NetName=GND Pin=R58-2
Added Pin To Net: NetName=GND Pin=R65-1
Added Pin To Net: NetName=GND Pin=R71-1
Added Pin To Net: NetName=GND Pin=R76-2
Added Pin To Net: NetName=GND Pin=R84-2
Added Pin To Net: NetName=GND Pin=R85-1
Added Pin To Net: NetName=GND Pin=R93-2
Added Pin To Net: NetName=GND Pin=R94-1
Added Pin To Net: NetName=GND Pin=R99-1
Added Pin To Net: NetName=GND Pin=R104-2
Added Pin To Net: NetName=GND Pin=R107-1
Added Pin To Net: NetName=GND Pin=R112-2
Added Pin To Net: NetName=GND Pin=TP14-1
Added Pin To Net: NetName=GND Pin=TP19-1
Added Pin To Net: NetName=GND Pin=TP25-1
Added Pin To Net: NetName=GND Pin=TP32-1
Added Pin To Net: NetName=GND Pin=TP37-1
Added Pin To Net: NetName=GND Pin=TP49-1
Added Pin To Net: NetName=GND Pin=TP59-1
Added Pin To Net: NetName=GND Pin=TP64-1
Added Pin To Net: NetName=GND Pin=TP69-1
Added Net: Name=GND
Added Pin To Net: NetName=NetC1_+ Pin=C1-+
Added Pin To Net: NetName=NetC1_+ Pin=C2-2
Added Pin To Net: NetName=NetC1_+ Pin=C3-2
Added Pin To Net: NetName=NetC1_+ Pin=C4-2
Added Pin To Net: NetName=NetC1_+ Pin=D1-1
Added Net: Name=NetC1_+
Added Pin To Net: NetName=NetC5_1 Pin=C5-1
Added Pin To Net: NetName=NetC5_1 Pin=C6-1
Added Pin To Net: NetName=NetC5_1 Pin=C7-1
Added Pin To Net: NetName=NetC5_1 Pin=L3-2
Added Pin To Net: NetName=NetC5_1 Pin=R6-2
Added Pin To Net: NetName=NetC5_1 Pin=R7-2
Added Pin To Net: NetName=NetC5_1 Pin=R8-2
Added Pin To Net: NetName=NetC5_1 Pin=R9-2
Added Pin To Net: NetName=NetC5_1 Pin=TP3-1
Added Net: Name=NetC5_1
Added Pin To Net: NetName=NetC10_1 Pin=C10-1
Added Pin To Net: NetName=NetC10_1 Pin=C11-1
Added Net: Name=NetC10_1
Added Pin To Net: NetName=NetC12_1 Pin=C12-1
Added Pin To Net: NetName=NetC12_1 Pin=J2-1
Added Pin To Net: NetName=NetC12_1 Pin=R6-1
Added Pin To Net: NetName=NetC12_1 Pin=TP4-1
Added Net: Name=NetC12_1
Added Pin To Net: NetName=NetC13_1 Pin=C13-1
Added Pin To Net: NetName=NetC13_1 Pin=J2-3
Added Pin To Net: NetName=NetC13_1 Pin=R7-1
Added Pin To Net: NetName=NetC13_1 Pin=TP5-1
Added Net: Name=NetC13_1
Added Pin To Net: NetName=NetC14_1 Pin=C14-1
Added Pin To Net: NetName=NetC14_1 Pin=J2-4
Added Pin To Net: NetName=NetC14_1 Pin=R8-1
Added Pin To Net: NetName=NetC14_1 Pin=TP6-1
Added Net: Name=NetC14_1
Added Pin To Net: NetName=NetC15_1 Pin=C15-1
Added Pin To Net: NetName=NetC15_1 Pin=J2-6
Added Pin To Net: NetName=NetC15_1 Pin=R9-1
Added Pin To Net: NetName=NetC15_1 Pin=TP7-1
Added Net: Name=NetC15_1
Added Pin To Net: NetName=NetC17_1 Pin=C17-1
Added Pin To Net: NetName=NetC17_1 Pin=R15-1
Added Net: Name=NetC17_1
Added Pin To Net: NetName=NetC18_1 Pin=C18-1
Added Pin To Net: NetName=NetC18_1 Pin=Y1-1
Added Net: Name=NetC18_1
Added Pin To Net: NetName=NetC19_1 Pin=C19-1
Added Pin To Net: NetName=NetC19_1 Pin=TP8-1
Added Pin To Net: NetName=NetC19_1 Pin=Y1-2
Added Net: Name=NetC19_1
Added Pin To Net: NetName=NetC20_1 Pin=C20-1
Added Net: Name=NetC20_1
Added Pin To Net: NetName=NetC21_2 Pin=C21-2
Added Net: Name=NetC21_2
Added Pin To Net: NetName=NetC22_1 Pin=C22-1
Added Net: Name=NetC22_1
Added Pin To Net: NetName=NetC23_2 Pin=C23-2
Added Pin To Net: NetName=NetC23_2 Pin=R19-2
Added Pin To Net: NetName=NetC23_2 Pin=TP9-1
Added Net: Name=NetC23_2
Added Pin To Net: NetName=NetC25_1 Pin=C25-1
Added Pin To Net: NetName=NetC25_1 Pin=R22-2
Added Pin To Net: NetName=NetC25_1 Pin=TP11-1
Added Net: Name=NetC25_1
Added Pin To Net: NetName=NetC30_1 Pin=C30-1
Added Pin To Net: NetName=NetC30_1 Pin=R26-2
Added Pin To Net: NetName=NetC30_1 Pin=Y2-2
Added Net: Name=NetC30_1
Added Pin To Net: NetName=NetC31_2 Pin=C31-2
Added Pin To Net: NetName=NetC31_2 Pin=R24-2
Added Pin To Net: NetName=NetC31_2 Pin=R25-1
Added Pin To Net: NetName=NetC31_2 Pin=TP13-1
Added Net: Name=NetC31_2
Added Pin To Net: NetName=NetC34_1 Pin=C34-1
Added Net: Name=NetC34_1
Added Pin To Net: NetName=NetC35_2 Pin=C35-2
Added Pin To Net: NetName=NetC35_2 Pin=R28-2
Added Pin To Net: NetName=NetC35_2 Pin=TP15-1
Added Net: Name=NetC35_2
Added Pin To Net: NetName=NetC36_1 Pin=C36-1
Added Pin To Net: NetName=NetC36_1 Pin=R26-1
Added Pin To Net: NetName=NetC36_1 Pin=Y2-1
Added Net: Name=NetC36_1
Added Pin To Net: NetName=NetC37_1 Pin=C37-1
Added Pin To Net: NetName=NetC37_1 Pin=R32-2
Added Pin To Net: NetName=NetC37_1 Pin=TP16-1
Added Net: Name=NetC37_1
Added Pin To Net: NetName=NetC38_1 Pin=C38-1
Added Pin To Net: NetName=NetC38_1 Pin=R37-2
Added Pin To Net: NetName=NetC38_1 Pin=Y3-2
Added Net: Name=NetC38_1
Added Pin To Net: NetName=NetC39_2 Pin=C39-2
Added Pin To Net: NetName=NetC39_2 Pin=R33-2
Added Pin To Net: NetName=NetC39_2 Pin=R35-1
Added Pin To Net: NetName=NetC39_2 Pin=TP17-1
Added Net: Name=NetC39_2
Added Pin To Net: NetName=NetC40_1 Pin=C40-1
Added Pin To Net: NetName=NetC40_1 Pin=R37-1
Added Pin To Net: NetName=NetC40_1 Pin=TP20-1
Added Pin To Net: NetName=NetC40_1 Pin=Y3-1
Added Net: Name=NetC40_1
Added Pin To Net: NetName=NetC41_1 Pin=C41-1
Added Net: Name=NetC41_1
Added Pin To Net: NetName=NetC42_2 Pin=C42-2
Added Net: Name=NetC42_2
Added Pin To Net: NetName=NetC43_2 Pin=C43-2
Added Pin To Net: NetName=NetC43_2 Pin=R38-2
Added Pin To Net: NetName=NetC43_2 Pin=TP21-1
Added Net: Name=NetC43_2
Added Pin To Net: NetName=NetC44_1 Pin=C44-1
Added Pin To Net: NetName=NetC44_1 Pin=R42-2
Added Pin To Net: NetName=NetC44_1 Pin=TP22-1
Added Net: Name=NetC44_1
Added Pin To Net: NetName=NetC45_1 Pin=C45-1
Added Net: Name=NetC45_1
Added Pin To Net: NetName=NetC46_2 Pin=C46-2
Added Pin To Net: NetName=NetC46_2 Pin=R44-2
Added Pin To Net: NetName=NetC46_2 Pin=R46-1
Added Pin To Net: NetName=NetC46_2 Pin=TP23-1
Added Net: Name=NetC46_2
Added Pin To Net: NetName=NetC47_2 Pin=C47-2
Added Pin To Net: NetName=NetC47_2 Pin=P1-4
Added Pin To Net: NetName=NetC47_2 Pin=R47-1
Added Net: Name=NetC47_2
Added Pin To Net: NetName=NetC48_2 Pin=C48-2
Added Pin To Net: NetName=NetC48_2 Pin=R51-2
Added Pin To Net: NetName=NetC48_2 Pin=TP26-1
Added Net: Name=NetC48_2
Added Pin To Net: NetName=NetC49_1 Pin=C49-1
Added Pin To Net: NetName=NetC49_1 Pin=R55-2
Added Pin To Net: NetName=NetC49_1 Pin=TP28-1
Added Net: Name=NetC49_1
Added Pin To Net: NetName=NetC50_2 Pin=C50-2
Added Pin To Net: NetName=NetC50_2 Pin=R56-2
Added Pin To Net: NetName=NetC50_2 Pin=R58-1
Added Pin To Net: NetName=NetC50_2 Pin=TP29-1
Added Net: Name=NetC50_2
Added Pin To Net: NetName=NetC51_1 Pin=C51-1
Added Net: Name=NetC51_1
Added Pin To Net: NetName=NetC52_2 Pin=C52-2
Added Net: Name=NetC52_2
Added Pin To Net: NetName=NetC53_1 Pin=C53-1
Added Net: Name=NetC53_1
Added Pin To Net: NetName=NetC54_2 Pin=C54-2
Added Pin To Net: NetName=NetC54_2 Pin=R60-2
Added Pin To Net: NetName=NetC54_2 Pin=TP33-1
Added Net: Name=NetC54_2
Added Pin To Net: NetName=NetC55_1 Pin=C55-1
Added Pin To Net: NetName=NetC55_1 Pin=R64-2
Added Pin To Net: NetName=NetC55_1 Pin=TP34-1
Added Net: Name=NetC55_1
Added Pin To Net: NetName=NetC56_2 Pin=C56-2
Added Pin To Net: NetName=NetC56_2 Pin=R66-2
Added Pin To Net: NetName=NetC56_2 Pin=R68-1
Added Pin To Net: NetName=NetC56_2 Pin=TP36-1
Added Net: Name=NetC56_2
Added Pin To Net: NetName=NetC57_2 Pin=C57-2
Added Pin To Net: NetName=NetC57_2 Pin=R70-2
Added Pin To Net: NetName=NetC57_2 Pin=TP38-1
Added Net: Name=NetC57_2
Added Pin To Net: NetName=NetC58_1 Pin=C58-1
Added Pin To Net: NetName=NetC58_1 Pin=R74-2
Added Pin To Net: NetName=NetC58_1 Pin=TP40-1
Added Net: Name=NetC58_1
Added Pin To Net: NetName=NetC59_2 Pin=C59-2
Added Pin To Net: NetName=NetC59_2 Pin=R75-2
Added Pin To Net: NetName=NetC59_2 Pin=R76-1
Added Pin To Net: NetName=NetC59_2 Pin=TP42-1
Added Net: Name=NetC59_2
Added Pin To Net: NetName=NetC60_1 Pin=C60-1
Added Net: Name=NetC60_1
Added Pin To Net: NetName=NetC61_2 Pin=C61-2
Added Net: Name=NetC61_2
Added Pin To Net: NetName=NetC62_1 Pin=C62-1
Added Net: Name=NetC62_1
Added Pin To Net: NetName=NetC63_2 Pin=C63-2
Added Pin To Net: NetName=NetC63_2 Pin=R77-2
Added Pin To Net: NetName=NetC63_2 Pin=TP50-1
Added Net: Name=NetC63_2
Added Pin To Net: NetName=NetC64_1 Pin=C64-1
Added Pin To Net: NetName=NetC64_1 Pin=R81-2
Added Pin To Net: NetName=NetC64_1 Pin=TP51-1
Added Net: Name=NetC64_1
Added Pin To Net: NetName=NetC65_1 Pin=C65-1
Added Pin To Net: NetName=NetC65_1 Pin=TP53-1
Added Net: Name=NetC65_1
Added Pin To Net: NetName=NetC65_2 Pin=C65-2
Added Pin To Net: NetName=NetC65_2 Pin=R82-2
Added Pin To Net: NetName=NetC65_2 Pin=R84-1
Added Pin To Net: NetName=NetC65_2 Pin=TP52-1
Added Net: Name=NetC65_2
Added Pin To Net: NetName=NetC66_2 Pin=C66-2
Added Pin To Net: NetName=NetC66_2 Pin=R86-2
Added Pin To Net: NetName=NetC66_2 Pin=TP55-1
Added Net: Name=NetC66_2
Added Pin To Net: NetName=NetC67_1 Pin=C67-1
Added Pin To Net: NetName=NetC67_1 Pin=R90-2
Added Pin To Net: NetName=NetC67_1 Pin=TP56-1
Added Net: Name=NetC67_1
Added Pin To Net: NetName=NetC68_2 Pin=C68-2
Added Pin To Net: NetName=NetC68_2 Pin=R92-2
Added Pin To Net: NetName=NetC68_2 Pin=R93-1
Added Pin To Net: NetName=NetC68_2 Pin=TP57-1
Added Net: Name=NetC68_2
Added Pin To Net: NetName=NetC69_1 Pin=C69-1
Added Net: Name=NetC69_1
Added Pin To Net: NetName=NetC70_2 Pin=C70-2
Added Net: Name=NetC70_2
Added Pin To Net: NetName=NetC71_1 Pin=C71-1
Added Net: Name=NetC71_1
Added Pin To Net: NetName=NetC72_2 Pin=C72-2
Added Pin To Net: NetName=NetC72_2 Pin=R97-2
Added Pin To Net: NetName=NetC72_2 Pin=TP60-1
Added Net: Name=NetC72_2
Added Pin To Net: NetName=NetC73_1 Pin=C73-1
Added Pin To Net: NetName=NetC73_1 Pin=R101-2
Added Pin To Net: NetName=NetC73_1 Pin=TP61-1
Added Net: Name=NetC73_1
Added Pin To Net: NetName=NetC74_2 Pin=C74-2
Added Pin To Net: NetName=NetC74_2 Pin=R102-2
Added Pin To Net: NetName=NetC74_2 Pin=R104-1
Added Pin To Net: NetName=NetC74_2 Pin=TP63-1
Added Net: Name=NetC74_2
Added Pin To Net: NetName=NetC75_2 Pin=C75-2
Added Pin To Net: NetName=NetC75_2 Pin=R106-2
Added Pin To Net: NetName=NetC75_2 Pin=TP65-1
Added Net: Name=NetC75_2
Added Pin To Net: NetName=NetC76_1 Pin=C76-1
Added Pin To Net: NetName=NetC76_1 Pin=R110-2
Added Pin To Net: NetName=NetC76_1 Pin=TP67-1
Added Net: Name=NetC76_1
Added Pin To Net: NetName=NetC77_2 Pin=C77-2
Added Pin To Net: NetName=NetC77_2 Pin=R111-2
Added Pin To Net: NetName=NetC77_2 Pin=R112-1
Added Pin To Net: NetName=NetC77_2 Pin=TP68-1
Added Net: Name=NetC77_2
Added Pin To Net: NetName=NetC78_2 Pin=C78-2
Added Net: Name=NetC78_2
Added Pin To Net: NetName=NetC79_1 Pin=C79-1
Added Net: Name=NetC79_1
Added Pin To Net: NetName=NetC80_1 Pin=C80-1
Added Pin To Net: NetName=NetC80_1 Pin=Y4-1
Added Net: Name=NetC80_1
Added Pin To Net: NetName=NetC81_1 Pin=C81-1
Added Pin To Net: NetName=NetC81_1 Pin=TP70-1
Added Pin To Net: NetName=NetC81_1 Pin=Y4-2
Added Net: Name=NetC81_1
Added Pin To Net: NetName=NetC82_2 Pin=C82-2
Added Pin To Net: NetName=NetC82_2 Pin=R113-2
Added Net: Name=NetC82_2
Added Pin To Net: NetName=NetC83_2 Pin=C83-2
Added Pin To Net: NetName=NetC83_2 Pin=R114-1
Added Net: Name=NetC83_2
Added Pin To Net: NetName=NetC84_2 Pin=C84-2
Added Pin To Net: NetName=NetC84_2 Pin=R115-1
Added Net: Name=NetC84_2
Added Pin To Net: NetName=NetC85_2 Pin=C85-2
Added Net: Name=NetC85_2
Added Pin To Net: NetName=NetC86_2 Pin=C86-2
Added Net: Name=NetC86_2
Added Pin To Net: NetName=NetD1_2 Pin=D1-2
Added Net: Name=NetD1_2
Added Pin To Net: NetName=NetD1_4 Pin=D1-4
Added Net: Name=NetD1_4
Added Pin To Net: NetName=NetD2_2 Pin=D2-2
Added Pin To Net: NetName=NetD2_2 Pin=L1-1
Added Net: Name=NetD2_2
Added Pin To Net: NetName=NetD3_2 Pin=D3-2
Added Pin To Net: NetName=NetD3_2 Pin=L2-1
Added Net: Name=NetD3_2
Added Pin To Net: NetName=NetD4_1 Pin=D4-1
Added Pin To Net: NetName=NetD4_1 Pin=Q1-C
Added Net: Name=NetD4_1
Added Pin To Net: NetName=NetD5_1 Pin=D5-1
Added Net: Name=NetD5_1
Added Pin To Net: NetName=NetD5_2 Pin=D5-2
Added Pin To Net: NetName=NetD5_2 Pin=TP18-1
Added Net: Name=NetD5_2
Added Pin To Net: NetName=NetD6_1 Pin=D6-1
Added Pin To Net: NetName=NetD6_1 Pin=K2-4
Added Pin To Net: NetName=NetD6_1 Pin=Q2-C
Added Net: Name=NetD6_1
Added Pin To Net: NetName=NetD7_1 Pin=D7-1
Added Net: Name=NetD7_1
Added Pin To Net: NetName=NetD7_2 Pin=D7-2
Added Pin To Net: NetName=NetD7_2 Pin=TP24-1
Added Net: Name=NetD7_2
Added Pin To Net: NetName=NetD8_1 Pin=D8-1
Added Pin To Net: NetName=NetD8_1 Pin=K3-4
Added Pin To Net: NetName=NetD8_1 Pin=Q3-C
Added Net: Name=NetD8_1
Added Pin To Net: NetName=NetD9_1 Pin=D9-1
Added Net: Name=NetD9_1
Added Pin To Net: NetName=NetD9_2 Pin=D9-2
Added Pin To Net: NetName=NetD9_2 Pin=TP27-1
Added Net: Name=NetD9_2
Added Pin To Net: NetName=NetD10_1 Pin=D10-1
Added Pin To Net: NetName=NetD10_1 Pin=K4-4
Added Pin To Net: NetName=NetD10_1 Pin=Q4-C
Added Net: Name=NetD10_1
Added Pin To Net: NetName=NetD11_1 Pin=D11-1
Added Net: Name=NetD11_1
Added Pin To Net: NetName=NetD11_2 Pin=D11-2
Added Pin To Net: NetName=NetD11_2 Pin=TP31-1
Added Net: Name=NetD11_2
Added Pin To Net: NetName=NetD12_1 Pin=D12-1
Added Pin To Net: NetName=NetD12_1 Pin=K5-4
Added Pin To Net: NetName=NetD12_1 Pin=Q5-C
Added Net: Name=NetD12_1
Added Pin To Net: NetName=NetD13_1 Pin=D13-1
Added Net: Name=NetD13_1
Added Pin To Net: NetName=NetD13_2 Pin=D13-2
Added Pin To Net: NetName=NetD13_2 Pin=TP35-1
Added Net: Name=NetD13_2
Added Pin To Net: NetName=NetD14_1 Pin=D14-1
Added Pin To Net: NetName=NetD14_1 Pin=K6-4
Added Pin To Net: NetName=NetD14_1 Pin=Q6-C
Added Net: Name=NetD14_1
Added Pin To Net: NetName=NetD15_1 Pin=D15-1
Added Net: Name=NetD15_1
Added Pin To Net: NetName=NetD15_2 Pin=D15-2
Added Pin To Net: NetName=NetD15_2 Pin=TP39-1
Added Net: Name=NetD15_2
Added Pin To Net: NetName=NetD16_1 Pin=D16-1
Added Pin To Net: NetName=NetD16_1 Pin=K7-4
Added Pin To Net: NetName=NetD16_1 Pin=Q7-C
Added Net: Name=NetD16_1
Added Pin To Net: NetName=NetD17_1 Pin=D17-1
Added Net: Name=NetD17_1
Added Pin To Net: NetName=NetD17_2 Pin=D17-2
Added Pin To Net: NetName=NetD17_2 Pin=TP54-1
Added Net: Name=NetD17_2
Added Pin To Net: NetName=NetD18_1 Pin=D18-1
Added Pin To Net: NetName=NetD18_1 Pin=K8-4
Added Pin To Net: NetName=NetD18_1 Pin=Q8-C
Added Net: Name=NetD18_1
Added Pin To Net: NetName=NetD19_1 Pin=D19-1
Added Net: Name=NetD19_1
Added Pin To Net: NetName=NetD19_2 Pin=D19-2
Added Pin To Net: NetName=NetD19_2 Pin=TP58-1
Added Net: Name=NetD19_2
Added Pin To Net: NetName=NetD20_1 Pin=D20-1
Added Pin To Net: NetName=NetD20_1 Pin=K9-4
Added Pin To Net: NetName=NetD20_1 Pin=Q9-C
Added Net: Name=NetD20_1
Added Pin To Net: NetName=NetD21_1 Pin=D21-1
Added Net: Name=NetD21_1
Added Pin To Net: NetName=NetD21_2 Pin=D21-2
Added Pin To Net: NetName=NetD21_2 Pin=TP62-1
Added Net: Name=NetD21_2
Added Pin To Net: NetName=NetD22_1 Pin=D22-1
Added Pin To Net: NetName=NetD22_1 Pin=K10-4
Added Pin To Net: NetName=NetD22_1 Pin=Q10-C
Added Net: Name=NetD22_1
Added Pin To Net: NetName=NetD23_1 Pin=D23-1
Added Net: Name=NetD23_1
Added Pin To Net: NetName=NetD23_2 Pin=D23-2
Added Pin To Net: NetName=NetD23_2 Pin=TP66-1
Added Net: Name=NetD23_2
Added Pin To Net: NetName=NetE1_1 Pin=E1-1
Added Net: Name=NetE1_1
Added Pin To Net: NetName=NetE2_1 Pin=E2-1
Added Net: Name=NetE2_1
Added Pin To Net: NetName=NetF1_1 Pin=F1-1
Added Pin To Net: NetName=NetF1_1 Pin=S1-2
Added Net: Name=NetF1_1
Added Pin To Net: NetName=NetF1_2 Pin=F1-2
Added Net: Name=NetF1_2
Added Pin To Net: NetName=NetJ1_1 Pin=J1-1
Added Pin To Net: NetName=NetJ1_1 Pin=S1-1
Added Net: Name=NetJ1_1
Added Pin To Net: NetName=NetJ1_2 Pin=J1-2
Added Net: Name=NetJ1_2
Added Pin To Net: NetName=NetJ2_9 Pin=J2-9
Added Net: Name=NetJ2_9
Added Pin To Net: NetName=NetJ2_10 Pin=J2-10
Added Pin To Net: NetName=NetJ2_10 Pin=R17-2
Added Net: Name=NetJ2_10
Added Pin To Net: NetName=NetJ2_11 Pin=J2-11
Added Net: Name=NetJ2_11
Added Pin To Net: NetName=NetJ2_12 Pin=J2-12
Added Pin To Net: NetName=NetJ2_12 Pin=R18-2
Added Net: Name=NetJ2_12
Added Pin To Net: NetName=NetJ3_1 Pin=K1-1
Added Net: Name=NetJ3_1
Added Pin To Net: NetName=NetJ4_1 Pin=K2-1
Added Net: Name=NetJ4_1
Added Pin To Net: NetName=NetJ5_1 Pin=K3-1
Added Net: Name=NetJ5_1
Added Pin To Net: NetName=NetJ6_1 Pin=K4-1
Added Net: Name=NetJ6_1
Added Pin To Net: NetName=NetJ7_1 Pin=K5-1
Added Net: Name=NetJ7_1
Added Pin To Net: NetName=NetJ8_1 Pin=K6-1
Added Net: Name=NetJ8_1
Added Pin To Net: NetName=NetJ9_1 Pin=K7-1
Added Net: Name=NetJ9_1
Added Pin To Net: NetName=NetJ10_1 Pin=K8-1
Added Net: Name=NetJ10_1
Added Pin To Net: NetName=NetJ11_1 Pin=K9-1
Added Net: Name=NetJ11_1
Added Pin To Net: NetName=NetJ12_1 Pin=K10-1
Added Net: Name=NetJ12_1
Added Pin To Net: NetName=NetK1_2 Pin=K1-2
Added Pin To Net: NetName=NetK1_2 Pin=R19-1
Added Net: Name=NetK1_2
Added Pin To Net: NetName=NetK2_2 Pin=K2-2
Added Pin To Net: NetName=NetK2_2 Pin=R28-1
Added Net: Name=NetK2_2
Added Pin To Net: NetName=NetK3_2 Pin=K3-2
Added Pin To Net: NetName=NetK3_2 Pin=R38-1
Added Net: Name=NetK3_2
Added Pin To Net: NetName=NetK4_2 Pin=K4-2
Added Pin To Net: NetName=NetK4_2 Pin=R51-1
Added Net: Name=NetK4_2
Added Pin To Net: NetName=NetK5_2 Pin=K5-2
Added Pin To Net: NetName=NetK5_2 Pin=R60-1
Added Net: Name=NetK5_2
Added Pin To Net: NetName=NetK6_2 Pin=K6-2
Added Pin To Net: NetName=NetK6_2 Pin=R70-1
Added Net: Name=NetK6_2
Added Pin To Net: NetName=NetK7_2 Pin=K7-2
Added Pin To Net: NetName=NetK7_2 Pin=R77-1
Added Net: Name=NetK7_2
Added Pin To Net: NetName=NetK8_2 Pin=K8-2
Added Pin To Net: NetName=NetK8_2 Pin=R86-1
Added Net: Name=NetK8_2
Added Pin To Net: NetName=NetK9_2 Pin=K9-2
Added Pin To Net: NetName=NetK9_2 Pin=R97-1
Added Net: Name=NetK9_2
Added Pin To Net: NetName=NetK10_2 Pin=K10-2
Added Pin To Net: NetName=NetK10_2 Pin=R106-1
Added Net: Name=NetK10_2
Added Pin To Net: NetName=NetL1_2 Pin=L1-2
Added Pin To Net: NetName=NetL1_2 Pin=R1-2
Added Net: Name=NetL1_2
Added Pin To Net: NetName=NetL2_2 Pin=L2-2
Added Pin To Net: NetName=NetL2_2 Pin=R3-2
Added Net: Name=NetL2_2
Added Net: Name=NetM1_7
Added Pin To Net: NetName=NetM1_8 Pin=TP10-1
Added Net: Name=NetM1_8
Added Pin To Net: NetName=NetP1_2 Pin=P1-2
Added Net: Name=NetP1_2
Added Pin To Net: NetName=NetP1_3 Pin=P1-3
Added Net: Name=NetP1_3
Added Pin To Net: NetName=NetQ1_B Pin=Q1-B
Added Pin To Net: NetName=NetQ1_B Pin=R30-2
Added Pin To Net: NetName=NetQ1_B Pin=R34-2
Added Net: Name=NetQ1_B
Added Pin To Net: NetName=NetQ2_B Pin=Q2-B
Added Pin To Net: NetName=NetQ2_B Pin=R39-2
Added Pin To Net: NetName=NetQ2_B Pin=R43-2
Added Net: Name=NetQ2_B
Added Pin To Net: NetName=NetQ3_B Pin=Q3-B
Added Pin To Net: NetName=NetQ3_B Pin=R48-2
Added Pin To Net: NetName=NetQ3_B Pin=R49-2
Added Net: Name=NetQ3_B
Added Pin To Net: NetName=NetQ4_B Pin=Q4-B
Added Pin To Net: NetName=NetQ4_B Pin=R54-2
Added Pin To Net: NetName=NetQ4_B Pin=R57-2
Added Net: Name=NetQ4_B
Added Pin To Net: NetName=NetQ5_B Pin=Q5-B
Added Pin To Net: NetName=NetQ5_B Pin=R61-2
Added Pin To Net: NetName=NetQ5_B Pin=R65-2
Added Net: Name=NetQ5_B
Added Pin To Net: NetName=NetQ6_B Pin=Q6-B
Added Pin To Net: NetName=NetQ6_B Pin=R69-2
Added Pin To Net: NetName=NetQ6_B Pin=R71-2
Added Net: Name=NetQ6_B
Added Pin To Net: NetName=NetQ7_B Pin=Q7-B
Added Pin To Net: NetName=NetQ7_B Pin=R83-2
Added Pin To Net: NetName=NetQ7_B Pin=R85-2
Added Net: Name=NetQ7_B
Added Pin To Net: NetName=NetQ8_B Pin=Q8-B
Added Pin To Net: NetName=NetQ8_B Pin=R91-2
Added Pin To Net: NetName=NetQ8_B Pin=R94-2
Added Net: Name=NetQ8_B
Added Pin To Net: NetName=NetQ9_B Pin=Q9-B
Added Pin To Net: NetName=NetQ9_B Pin=R96-2
Added Pin To Net: NetName=NetQ9_B Pin=R99-2
Added Net: Name=NetQ9_B
Added Pin To Net: NetName=NetQ10_B Pin=Q10-B
Added Pin To Net: NetName=NetQ10_B Pin=R105-2
Added Pin To Net: NetName=NetQ10_B Pin=R107-2
Added Net: Name=NetQ10_B
Added Pin To Net: NetName=NetR5_1 Pin=R5-1
Added Net: Name=NetR5_1
Added Pin To Net: NetName=NetR10_1 Pin=R10-1
Added Net: Name=NetR10_1
Added Pin To Net: NetName=NetR10_2 Pin=R10-2
Added Net: Name=NetR10_2
Added Pin To Net: NetName=NetR11_1 Pin=R11-1
Added Net: Name=NetR11_1
Added Pin To Net: NetName=NetR11_2 Pin=R11-2
Added Net: Name=NetR11_2
Added Pin To Net: NetName=NetR12_1 Pin=R12-1
Added Net: Name=NetR12_1
Added Pin To Net: NetName=NetR12_2 Pin=R12-2
Added Net: Name=NetR12_2
Added Pin To Net: NetName=NetR13_1 Pin=R13-1
Added Net: Name=NetR13_1
Added Pin To Net: NetName=NetR13_2 Pin=R13-2
Added Net: Name=NetR13_2
Added Pin To Net: NetName=NetR14_2 Pin=R14-2
Added Net: Name=NetR14_2
Added Pin To Net: NetName=NetR16_2 Pin=R16-2
Added Net: Name=NetR16_2
Added Pin To Net: NetName=NetR20_2 Pin=R21-1
Added Pin To Net: NetName=NetR20_2 Pin=R22-1
Added Net: Name=NetR20_2
Added Pin To Net: NetName=NetR21_2 Pin=R21-2
Added Pin To Net: NetName=NetR21_2 Pin=R24-1
Added Net: Name=NetR21_2
Added Pin To Net: NetName=NetR23_1 Pin=R23-1
Added Net: Name=NetR23_1
Added Pin To Net: NetName=NetR27_2 Pin=R27-2
Added Pin To Net: NetName=NetR27_2 Pin=U5-1
Added Net: Name=NetR27_2
Added Pin To Net: NetName=NetR29_2 Pin=R31-1
Added Pin To Net: NetName=NetR29_2 Pin=R32-1
Added Net: Name=NetR29_2
Added Pin To Net: NetName=NetR30_1 Pin=R30-1
Added Pin To Net: NetName=NetR30_1 Pin=U5-4
Added Net: Name=NetR30_1
Added Pin To Net: NetName=NetR31_2 Pin=R31-2
Added Pin To Net: NetName=NetR31_2 Pin=R33-1
Added Net: Name=NetR31_2
Added Pin To Net: NetName=NetR36_2 Pin=R36-2
Added Pin To Net: NetName=NetR36_2 Pin=U7-1
Added Net: Name=NetR36_2
Added Pin To Net: NetName=NetR39_1 Pin=R39-1
Added Pin To Net: NetName=NetR39_1 Pin=U7-4
Added Net: Name=NetR39_1
Added Pin To Net: NetName=NetR40_2 Pin=R41-1
Added Pin To Net: NetName=NetR40_2 Pin=R42-1
Added Net: Name=NetR40_2
Added Pin To Net: NetName=NetR41_2 Pin=R41-2
Added Pin To Net: NetName=NetR41_2 Pin=R44-1
Added Net: Name=NetR41_2
Added Pin To Net: NetName=NetR45_2 Pin=R45-2
Added Pin To Net: NetName=NetR45_2 Pin=U9-1
Added Net: Name=NetR45_2
Added Pin To Net: NetName=NetR48_1 Pin=R48-1
Added Pin To Net: NetName=NetR48_1 Pin=U9-4
Added Net: Name=NetR48_1
Added Pin To Net: NetName=NetR50_2 Pin=R50-2
Added Pin To Net: NetName=NetR50_2 Pin=U11-1
Added Net: Name=NetR50_2
Added Pin To Net: NetName=NetR52_2 Pin=R53-1
Added Pin To Net: NetName=NetR52_2 Pin=R55-1
Added Net: Name=NetR52_2
Added Pin To Net: NetName=NetR53_2 Pin=R53-2
Added Pin To Net: NetName=NetR53_2 Pin=R56-1
Added Net: Name=NetR53_2
Added Pin To Net: NetName=NetR54_1 Pin=R54-1
Added Pin To Net: NetName=NetR54_1 Pin=U11-4
Added Net: Name=NetR54_1
Added Pin To Net: NetName=NetR59_2 Pin=R59-2
Added Pin To Net: NetName=NetR59_2 Pin=U12-1
Added Net: Name=NetR59_2
Added Pin To Net: NetName=NetR61_1 Pin=R61-1
Added Pin To Net: NetName=NetR61_1 Pin=U12-4
Added Net: Name=NetR61_1
Added Pin To Net: NetName=NetR62_2 Pin=R63-1
Added Pin To Net: NetName=NetR62_2 Pin=R64-1
Added Net: Name=NetR62_2
Added Pin To Net: NetName=NetR63_2 Pin=R63-2
Added Pin To Net: NetName=NetR63_2 Pin=R66-1
Added Net: Name=NetR63_2
Added Pin To Net: NetName=NetR67_2 Pin=R67-2
Added Pin To Net: NetName=NetR67_2 Pin=U14-1
Added Net: Name=NetR67_2
Added Pin To Net: NetName=NetR69_1 Pin=R69-1
Added Pin To Net: NetName=NetR69_1 Pin=U14-4
Added Net: Name=NetR69_1
Added Pin To Net: NetName=NetR72_2 Pin=R73-1
Added Pin To Net: NetName=NetR72_2 Pin=R74-1
Added Net: Name=NetR72_2
Added Pin To Net: NetName=NetR73_2 Pin=R73-2
Added Pin To Net: NetName=NetR73_2 Pin=R75-1
Added Net: Name=NetR73_2
Added Pin To Net: NetName=NetR78_2 Pin=R80-1
Added Pin To Net: NetName=NetR78_2 Pin=R81-1
Added Net: Name=NetR78_2
Added Pin To Net: NetName=NetR79_2 Pin=R79-2
Added Pin To Net: NetName=NetR79_2 Pin=U15-1
Added Net: Name=NetR79_2
Added Pin To Net: NetName=NetR80_2 Pin=R80-2
Added Pin To Net: NetName=NetR80_2 Pin=R82-1
Added Net: Name=NetR80_2
Added Pin To Net: NetName=NetR83_1 Pin=R83-1
Added Pin To Net: NetName=NetR83_1 Pin=U15-4
Added Net: Name=NetR83_1
Added Pin To Net: NetName=NetR87_2 Pin=R87-2
Added Pin To Net: NetName=NetR87_2 Pin=U17-1
Added Net: Name=NetR87_2
Added Pin To Net: NetName=NetR88_2 Pin=R89-1
Added Pin To Net: NetName=NetR88_2 Pin=R90-1
Added Net: Name=NetR88_2
Added Pin To Net: NetName=NetR89_2 Pin=R89-2
Added Pin To Net: NetName=NetR89_2 Pin=R92-1
Added Net: Name=NetR89_2
Added Pin To Net: NetName=NetR91_1 Pin=R91-1
Added Pin To Net: NetName=NetR91_1 Pin=U17-4
Added Net: Name=NetR91_1
Added Pin To Net: NetName=NetR95_2 Pin=R95-2
Added Pin To Net: NetName=NetR95_2 Pin=U18-1
Added Net: Name=NetR95_2
Added Pin To Net: NetName=NetR96_1 Pin=R96-1
Added Pin To Net: NetName=NetR96_1 Pin=U18-4
Added Net: Name=NetR96_1
Added Pin To Net: NetName=NetR98_2 Pin=R100-1
Added Pin To Net: NetName=NetR98_2 Pin=R101-1
Added Net: Name=NetR98_2
Added Pin To Net: NetName=NetR100_2 Pin=R100-2
Added Pin To Net: NetName=NetR100_2 Pin=R102-1
Added Net: Name=NetR100_2
Added Pin To Net: NetName=NetR103_2 Pin=R103-2
Added Pin To Net: NetName=NetR103_2 Pin=U20-1
Added Net: Name=NetR103_2
Added Pin To Net: NetName=NetR105_1 Pin=R105-1
Added Pin To Net: NetName=NetR105_1 Pin=U20-4
Added Net: Name=NetR105_1
Added Pin To Net: NetName=NetR108_2 Pin=R109-1
Added Pin To Net: NetName=NetR108_2 Pin=R110-1
Added Net: Name=NetR108_2
Added Pin To Net: NetName=NetR109_2 Pin=R109-2
Added Pin To Net: NetName=NetR109_2 Pin=R111-1
Added Net: Name=NetR109_2
Added Pin To Net: NetName=NetR113_1 Pin=R113-1
Added Net: Name=NetR113_1
Added Pin To Net: NetName=NetR114_2 Pin=R114-2
Added Net: Name=NetR114_2
Added Pin To Net: NetName=NetTP30_1 Pin=TP30-1
Added Net: Name=NetTP30_1
Added Pin To Net: NetName=NetTP41_1 Pin=TP41-1
Added Net: Name=NetTP41_1
Added Pin To Net: NetName=NetTP43_1 Pin=TP43-1
Added Net: Name=NetTP43_1
Added Pin To Net: NetName=NetTP44_1 Pin=TP44-1
Added Net: Name=NetTP44_1
Added Pin To Net: NetName=NetTP45_1 Pin=TP45-1
Added Net: Name=NetTP45_1
Added Pin To Net: NetName=NetTP46_1 Pin=TP46-1
Added Net: Name=NetTP46_1
Added Pin To Net: NetName=NetTP47_1 Pin=TP47-1
Added Net: Name=NetTP47_1
Added Pin To Net: NetName=NetTP48_1 Pin=TP48-1
Added Net: Name=NetTP48_1
Added Pin To Net: NetName=NetTP71_1 Pin=TP71-1
Added Net: Name=NetTP71_1
Added Pin To Net: NetName=NetTP72_1 Pin=TP72-1
Added Net: Name=NetTP72_1
Added Net: Name=NetU3_13
Added Net: Name=NetU3_16
Added Net: Name=NetU3_17
Added Net: Name=NetU3_18
Added Net: Name=NetU4_29
Added Net: Name=NetU6_11
Added Net: Name=NetU6_12
Added Net: Name=NetU6_17
Added Net: Name=NetU6_27
Added Net: Name=NetU6_29
Added Net: Name=NetU6_31
Added Net: Name=NetU6_32
Added Net: Name=NetU6_62
Added Net: Name=NetU16_1
Added Net: Name=NetU21_5
Added Pin To Net: NetName=VCC=3.3V Pin=C16-1
Added Pin To Net: NetName=VCC=3.3V Pin=C21-1
Added Pin To Net: NetName=VCC=3.3V Pin=C24-2
Added Pin To Net: NetName=VCC=3.3V Pin=C26-2
Added Pin To Net: NetName=VCC=3.3V Pin=C27-1
Added Pin To Net: NetName=VCC=3.3V Pin=C28-2
Added Pin To Net: NetName=VCC=3.3V Pin=C29-2
Added Pin To Net: NetName=VCC=3.3V Pin=C32-2
Added Pin To Net: NetName=VCC=3.3V Pin=C33-2
Added Pin To Net: NetName=VCC=3.3V Pin=C42-1
Added Pin To Net: NetName=VCC=3.3V Pin=C52-1
Added Pin To Net: NetName=VCC=3.3V Pin=C61-1
Added Pin To Net: NetName=VCC=3.3V Pin=C70-1
Added Pin To Net: NetName=VCC=3.3V Pin=J2-2
Added Pin To Net: NetName=VCC=3.3V Pin=J2-5
Added Pin To Net: NetName=VCC=3.3V Pin=P1-1
Added Pin To Net: NetName=VCC=3.3V Pin=R1-1
Added Pin To Net: NetName=VCC=3.3V Pin=R2-2
Added Pin To Net: NetName=VCC=3.3V Pin=R15-2
Added Pin To Net: NetName=VCC=3.3V Pin=R17-1
Added Pin To Net: NetName=VCC=3.3V Pin=R18-1
Added Pin To Net: NetName=VCC=3.3V Pin=R23-2
Added Pin To Net: NetName=VCC=3.3V Pin=R27-1
Added Pin To Net: NetName=VCC=3.3V Pin=R36-1
Added Pin To Net: NetName=VCC=3.3V Pin=R45-1
Added Pin To Net: NetName=VCC=3.3V Pin=R47-2
Added Pin To Net: NetName=VCC=3.3V Pin=R50-1
Added Pin To Net: NetName=VCC=3.3V Pin=R59-1
Added Pin To Net: NetName=VCC=3.3V Pin=R67-1
Added Pin To Net: NetName=VCC=3.3V Pin=R79-1
Added Pin To Net: NetName=VCC=3.3V Pin=R87-1
Added Pin To Net: NetName=VCC=3.3V Pin=R95-1
Added Pin To Net: NetName=VCC=3.3V Pin=R103-1
Added Pin To Net: NetName=VCC=3.3V Pin=R115-2
Added Pin To Net: NetName=VCC=3.3V Pin=TP1-1
Added Net: Name=VCC=3.3V
Added Pin To Net: NetName=VCC=5.0V Pin=D4-2
Added Pin To Net: NetName=VCC=5.0V Pin=D6-2
Added Pin To Net: NetName=VCC=5.0V Pin=D8-2
Added Pin To Net: NetName=VCC=5.0V Pin=D10-2
Added Pin To Net: NetName=VCC=5.0V Pin=D12-2
Added Pin To Net: NetName=VCC=5.0V Pin=D14-2
Added Pin To Net: NetName=VCC=5.0V Pin=D16-2
Added Pin To Net: NetName=VCC=5.0V Pin=D18-2
Added Pin To Net: NetName=VCC=5.0V Pin=D20-2
Added Pin To Net: NetName=VCC=5.0V Pin=D22-2
Added Pin To Net: NetName=VCC=5.0V Pin=K2-3
Added Pin To Net: NetName=VCC=5.0V Pin=K3-3
Added Pin To Net: NetName=VCC=5.0V Pin=K4-3
Added Pin To Net: NetName=VCC=5.0V Pin=K5-3
Added Pin To Net: NetName=VCC=5.0V Pin=K6-3
Added Pin To Net: NetName=VCC=5.0V Pin=K7-3
Added Pin To Net: NetName=VCC=5.0V Pin=K8-3
Added Pin To Net: NetName=VCC=5.0V Pin=K9-3
Added Pin To Net: NetName=VCC=5.0V Pin=K10-3
Added Pin To Net: NetName=VCC=5.0V Pin=R3-1
Added Pin To Net: NetName=VCC=5.0V Pin=R4-2
Added Pin To Net: NetName=VCC=5.0V Pin=TP2-1
Added Pin To Net: NetName=VCC=5.0V Pin=U5-5
Added Pin To Net: NetName=VCC=5.0V Pin=U7-5
Added Pin To Net: NetName=VCC=5.0V Pin=U9-5
Added Pin To Net: NetName=VCC=5.0V Pin=U11-5
Added Pin To Net: NetName=VCC=5.0V Pin=U12-5
Added Pin To Net: NetName=VCC=5.0V Pin=U14-5
Added Pin To Net: NetName=VCC=5.0V Pin=U15-5
Added Pin To Net: NetName=VCC=5.0V Pin=U17-5
Added Pin To Net: NetName=VCC=5.0V Pin=U18-5
Added Pin To Net: NetName=VCC=5.0V Pin=U20-5
Added Net: Name=VCC=5.0V
Added Net: Name=VCC
Added Pin To Net: NetName=VDD=3.3V Pin=C8-1
Added Pin To Net: NetName=VDD=3.3V Pin=C9-1
Added Pin To Net: NetName=VDD=3.3V Pin=L3-1
Added Pin To Net: NetName=VDD=3.3V Pin=R5-2
Added Net: Name=VDD=3.3V
Added Class: Name=Sheet1
Added Class: Name=Sheet2
Added Class: Name=Sheet3
Added Class: Name=Sheet4
Added Room: Name=Sheet1
Added Room: Name=Sheet2
Added Room: Name=Sheet3
Added Room: Name=Sheet4
