Removed Member From Class: ClassName=Sheet2 Member=C14
Removed Member From Class: ClassName=Sheet2 Member=C17
Removed Member From Class: ClassName=Sheet3 Member=C56
Removed Member From Class: ClassName=Sheet3 Member=C57
Removed Member From Class: ClassName=Sheet4 Member=C72
Removed Member From Class: ClassName=Sheet4 Member=C75
Removed Member From Class: ClassName=Sheet2 Member=D2
Removed Member From Class: ClassName=Sheet3 Member=D14
Added Component: Designator=U10(MX25L128)
Added Pin To Net: NetName=NetU6_27 Pin=U10-1
Added Pin To Net: NetName=NetU6_31 Pin=U10-2
Added Pin To Net: NetName=GND Pin=U10-4
Added Pin To Net: NetName=NetU6_32 Pin=U10-5
Added Pin To Net: NetName=NetU6_29 Pin=U10-6
Added Pin To Net: NetName=VCC Pin=U10-8
Added Member To Class: ClassName=Sheet1 Member=Component C16 30pF
Added Member To Class: ClassName=Sheet1 Member=Component C17 30pF
Added Member To Class: ClassName=Sheet2 Member=Component C56 10n
Added Member To Class: ClassName=Sheet2 Member=Component C57 10n
Added Member To Class: ClassName=Sheet3 Member=Component C74 10n
Added Member To Class: ClassName=Sheet3 Member=Component C75 10n
Added Member To Class: ClassName=Sheet4 Member=Component C83 1uf
Added Member To Class: ClassName=Sheet4 Member=Component C84 1uF
Added Member To Class: ClassName=Sheet1 Member=Component D2 1N5819
Added Member To Class: ClassName=Sheet2 Member=Component D14 LED2
Added Member To Class: ClassName=Sheet3 Member=Component D22 LED2
Added Member To Class: ClassName=Sheet1 Member=Component TP3 TESTPOINT
Added Member To Class: ClassName=Sheet4 Member=Component TP50 TESTPOINT
Added Member To Class: ClassName=Sheet4 Member=Component TP51 TESTPOINT
Added Member To Class: ClassName=Sheet4 Member=Component TP52 TESTPOINT
Added Member To Class: ClassName=Sheet2 Member=Component U10 MX23L128-WSON8
