Added Component: Designator=U6(QFN64_L)
Added Component: Designator=U23(32QN2_N)
Added Pin To Net: NetName=NetU3_16 Pin=U6-1
Added Pin To Net: NetName=NetU3_17 Pin=U6-2
Added Pin To Net: NetName=NetU3_18 Pin=U6-3
Added Pin To Net: NetName=NetTP47_1 Pin=U6-4
Added Pin To Net: NetName=NetTP45_1 Pin=U6-5
Added Pin To Net: NetName=NetTP46_1 Pin=U6-6
Added Pin To Net: NetName=NetC47_2 Pin=U6-7
Added Pin To Net: NetName=NetU4_29 Pin=U6-8
Added Pin To Net: NetName=GND Pin=U6-9
Added Pin To Net: NetName=VCC=3.3V Pin=U6-10
Added Pin To Net: NetName=NetU6_11 Pin=U6-11
Added Pin To Net: NetName=NetU6_12 Pin=U6-12
Added Pin To Net: NetName=NetTP43_1 Pin=U6-13
Added Pin To Net: NetName=NetTP41_1 Pin=U6-14
Added Pin To Net: NetName=NetP1_3 Pin=U6-15
Added Pin To Net: NetName=NetP1_2 Pin=U6-16
Added Pin To Net: NetName=NetU6_17 Pin=U6-17
Added Pin To Net: NetName=NetD23_2 Pin=U6-18
Added Pin To Net: NetName=VCC=3.3V Pin=U6-19
Added Pin To Net: NetName=GND Pin=U6-20
Added Pin To Net: NetName=NetD21_2 Pin=U6-21
Added Pin To Net: NetName=GND Pin=U6-25
Added Pin To Net: NetName=VCC=3.3V Pin=U6-26
Added Pin To Net: NetName=NetU6_27 Pin=U6-27
Added Pin To Net: NetName=NetU6_29 Pin=U6-29
Added Pin To Net: NetName=NetU3_13 Pin=U6-30
Added Pin To Net: NetName=NetU6_31 Pin=U6-31
Added Pin To Net: NetName=NetU6_32 Pin=U6-32
Added Pin To Net: NetName=VCC=3.3V Pin=U6-38
Added Pin To Net: NetName=NetC36_1 Pin=U6-39
Added Pin To Net: NetName=NetC30_1 Pin=U6-40
Added Pin To Net: NetName=GND Pin=U6-41
Added Pin To Net: NetName=NetR12_2 Pin=U6-44
Added Pin To Net: NetName=NetD19_2 Pin=U6-47
Added Pin To Net: NetName=NetD17_2 Pin=U6-48
Added Pin To Net: NetName=NetR5_1 Pin=U6-49
Added Pin To Net: NetName=NetM1_8 Pin=U6-50
Added Pin To Net: NetName=NetM1_7 Pin=U6-51
Added Pin To Net: NetName=NetD15_2 Pin=U6-52
Added Pin To Net: NetName=NetD13_2 Pin=U6-53
Added Pin To Net: NetName=NetD11_2 Pin=U6-54
Added Pin To Net: NetName=NetD9_2 Pin=U6-55
Added Pin To Net: NetName=NetC34_1 Pin=U6-56
Added Pin To Net: NetName=VCC=3.3V Pin=U6-57
Added Pin To Net: NetName=NetD7_2 Pin=U6-58
Added Pin To Net: NetName=NetD5_2 Pin=U6-59
Added Pin To Net: NetName=NetR11_2 Pin=U6-60
Added Pin To Net: NetName=NetR10_2 Pin=U6-61
Added Pin To Net: NetName=NetU6_62 Pin=U6-62
Added Pin To Net: NetName=NetR14_2 Pin=U6-63
Added Pin To Net: NetName=NetR13_2 Pin=U6-64
Added Member To Class: ClassName=Sheet2 Member=Component U6 PIC32MX795
