Removed Pin From Net: NetName=NetC5_1 Pin=C5-1
Removed Pin From Net: NetName=GND Pin=C5-2
Removed Pin From Net: NetName=NetC5_1 Pin=C6-1
Removed Pin From Net: NetName=GND Pin=C6-2
Removed Pin From Net: NetName=NetD4_2 Pin=TP10-1
Removed Pin From Net: NetName=NetD6_2 Pin=TP12-1
Removed Pin From Net: NetName=NetD8_2 Pin=TP13-1
Removed Pin From Net: NetName=NetD10_2 Pin=TP14-1
Removed Pin From Net: NetName=NetD12_2 Pin=TP15-1
Removed Pin From Net: NetName=NetD14_2 Pin=TP16-1
Removed Pin From Net: NetName=NetTP19_1 Pin=TP19-1
Removed Pin From Net: NetName=NetTP20_1 Pin=TP20-1
Removed Pin From Net: NetName=NetTP21_1 Pin=TP21-1
Removed Member From Class: ClassName=Sheet1 Member=C20
Removed Member From Class: ClassName=Sheet1 Member=C23
Removed Member From Class: ClassName=Sheet2 Member=C62
Removed Member From Class: ClassName=Sheet2 Member=C63
Removed Member From Class: ClassName=Sheet3 Member=C78
Removed Member From Class: ClassName=Sheet3 Member=C81
Removed Member From Class: ClassName=Sheet2 Member=TP7
Removed Member From Class: ClassName=Sheet4 Member=TP9
Removed Member From Class: ClassName=Sheet2 Member=TP10
Removed Member From Class: ClassName=Sheet2 Member=TP13
Removed Member From Class: ClassName=Sheet2 Member=TP14
Removed Member From Class: ClassName=Sheet2 Member=TP15
Removed Member From Class: ClassName=Sheet2 Member=TP16
Removed Member From Class: ClassName=Sheet2 Member=TP17
Removed Member From Class: ClassName=Sheet2 Member=TP19
Removed Member From Class: ClassName=Sheet2 Member=TP21
Removed Member From Class: ClassName=Sheet2 Member=TP22
Change Component Footprint: Designator=C10 Old Footprint=0805C-GENERIC New Footprint=0805C-TBD
Change Component Footprint: Designator=C7 Old Footprint=0805C-GENERIC New Footprint=C0805
Change Component Footprint: Designator=C9 Old Footprint=0805C-GENERIC New Footprint=C0805
Change Component Footprint: Designator=C11 Old Footprint=0805C-GENERIC New Footprint=C0805
Change Component Footprint: Designator=C21 Old Footprint=0805C-GENERIC New Footprint=C0805
Change Component Footprint: Designator=C22 Old Footprint=0805C-GENERIC New Footprint=C0805
Change Component Footprint: Designator=C41 Old Footprint=0805C-GENERIC New Footprint=C0805
Change Component Footprint: Designator=C42 Old Footprint=0805C-GENERIC New Footprint=C0805
Change Component Footprint: Designator=C45 Old Footprint=0805C-GENERIC New Footprint=C0805
Change Component Footprint: Designator=C52 Old Footprint=0805C-GENERIC New Footprint=C0805
Change Component Footprint: Designator=C53 Old Footprint=0805C-GENERIC New Footprint=C0805
Change Component Footprint: Designator=C60 Old Footprint=0805C-GENERIC New Footprint=C0805
Change Component Footprint: Designator=C62 Old Footprint=0805C-GENERIC New Footprint=C0805
Change Component Footprint: Designator=C69 Old Footprint=0805C-GENERIC New Footprint=C0805
Change Component Footprint: Designator=C70 Old Footprint=0805C-GENERIC New Footprint=C0805
Change Component Footprint: Designator=C71 Old Footprint=0805C-GENERIC New Footprint=C0805
Change Component Footprint: Designator=C61 Old Footprint=0805FB-GENERIC New Footprint=C0805
Change Component Footprint: Designator=R7 Old Footprint=0805R-1K New Footprint=J1-0603
Change Component Footprint: Designator=R114 Old Footprint=0805R-1K New Footprint=J1-0603
Change Component Footprint: Designator=R115 Old Footprint=0805R-1K New Footprint=J1-0603
Change Component Footprint: Designator=R26 Old Footprint=0805R-2K7 New Footprint=J1-0603
Change Component Footprint: Designator=R17 Old Footprint=0805R-3K3 New Footprint=J1-0603
Change Component Footprint: Designator=R5 Old Footprint=0805R-10 New Footprint=J1-0603
Change Component Footprint: Designator=R15 Old Footprint=0805R-15 New Footprint=J1-0603
Change Component Footprint: Designator=R10 Old Footprint=0805R-18 New Footprint=J1-0603
Change Component Footprint: Designator=R12 Old Footprint=0805R-22 New Footprint=J1-0603
Change Component Footprint: Designator=R8 Old Footprint=0805R-22K New Footprint=J1-0603
Change Component Footprint: Designator=R18 Old Footprint=0805R-47 New Footprint=J1-0603
Change Component Footprint: Designator=R16 Old Footprint=0805R-56K New Footprint=J1-0603
Change Component Footprint: Designator=R9 Old Footprint=0805R-68 New Footprint=J1-0603
Change Component Footprint: Designator=R47 Old Footprint=0805R-68 New Footprint=J1-0603
Change Component Footprint: Designator=R2 Old Footprint=0805R-120 New Footprint=J1-0603
Change Component Footprint: Designator=R3 Old Footprint=0805R-120 New Footprint=J1-0603
Change Component Footprint: Designator=R14 Old Footprint=0805R-120K New Footprint=J1-0603
Change Component Footprint: Designator=R6 Old Footprint=0805R-150 New Footprint=J1-0603
Change Component Footprint: Designator=R13 Old Footprint=0805R-150 New Footprint=J1-0603
Change Component Footprint: Designator=R1 Old Footprint=0805R-560 New Footprint=J1-0603
Change Component Footprint: Designator=R11 Old Footprint=0805R-680 New Footprint=J1-0603
Change Component Footprint: Designator=R113 Old Footprint=0805R-680 New Footprint=J1-0603
Change Component Footprint: Designator=R4 Old Footprint=0805R-680K New Footprint=J1-0603
Added Component: Designator=C5(0805C-TBD)
Added Component: Designator=C6(0805C-TBD)
Added Pin To Net: NetName=NetC5_1 Pin=C5-1
Added Pin To Net: NetName=GND Pin=C5-2
Added Pin To Net: NetName=NetC5_1 Pin=C6-1
Added Pin To Net: NetName=GND Pin=C6-2
Change Net Name : Old Net Name=NetTP19_1 New Net Name=NetU4_32
Change Net Name : Old Net Name=NetTP20_1 New Net Name=NetU4_31
Change Net Name : Old Net Name=NetTP21_1 New Net Name=NetU4_30
Added Pin To Net: NetName=NetU6_13 Pin=U6-13
Added Pin To Net: NetName=NetU6_13 Pin=U19-29
Added Net: Name=NetU6_13
Added Pin To Net: NetName=NetU6_14 Pin=U6-14
Added Pin To Net: NetName=NetU6_14 Pin=U16-29
Added Net: Name=NetU6_14
Added Pin To Net: NetName=NetU13_1 Pin=U13-1
Added Net: Name=NetU13_1
Added Member To Class: ClassName=Sheet1 Member=Component C5 .1uF
Added Member To Class: ClassName=Sheet1 Member=Component C6 .1uF
Added Member To Class: ClassName=Sheet2 Member=Component C20 4.7uF
Added Member To Class: ClassName=Sheet2 Member=Component C21 4.7uF
Added Member To Class: ClassName=Sheet2 Member=Component C22 1uF
Added Member To Class: ClassName=Sheet2 Member=Component C28 100nF
Added Member To Class: ClassName=Sheet2 Member=Component C29 100nF
Added Member To Class: ClassName=Sheet2 Member=Component C30 18pF
Added Member To Class: ClassName=Sheet2 Member=Component C32 100nF
Added Member To Class: ClassName=Sheet3 Member=Component C60 4.7uF
Added Member To Class: ClassName=Sheet3 Member=Component C61 4.7uF
Added Member To Class: ClassName=Sheet4 Member=Component C78 1uF
Added Member To Class: ClassName=Sheet4 Member=Component C79 1uF
Added Member To Class: ClassName=Sheet2 Member=Component R26 1M
Added Member To Class: ClassName=Sheet1 Member=Component TP7 TESTPOINT
Added Member To Class: ClassName=Sheet4 Member=Component TP24 TESTPOINT
Added Member To Class: ClassName=Sheet2 Member=Component Y2 8Mhz
