Removed Pin From Net: NetName=NetC5_1 Pin=C5-1
Removed Pin From Net: NetName=GND Pin=C5-2
Removed Pin From Net: NetName=NetC5_1 Pin=C6-1
Removed Pin From Net: NetName=GND Pin=C6-2
Removed Pin From Net: NetName=GND Pin=D3-1
Removed Pin From Net: NetName=NetD3_2 Pin=D3-2
Removed Pin From Net: NetName=GND Pin=D5-1
Removed Pin From Net: NetName=NetD5_2 Pin=D5-2
Removed Pin From Net: NetName=NetD8_1 Pin=D8-1
Removed Pin From Net: NetName=NetD8_2 Pin=D8-2
Removed Pin From Net: NetName=NetD10_1 Pin=D10-1
Removed Pin From Net: NetName=NetD10_2 Pin=D10-2
Removed Pin From Net: NetName=VCC=5.0V Pin=D15-2
Removed Pin From Net: NetName=NetD16_2 Pin=D16-2
Removed Pin From Net: NetName=NetR3_1 Pin=R3-1
Removed Pin From Net: NetName=VCC=3.3V Pin=R3-2
Removed Pin From Net: NetName=GND Pin=R4-1
Removed Pin From Net: NetName=NetR3_1 Pin=R4-2
Removed Pin From Net: NetName=NetR8_1 Pin=R8-1
Removed Pin From Net: NetName=VDD=3.3V Pin=R8-2
Removed Pin From Net: NetName=NetR26_1 Pin=R26-1
Removed Pin From Net: NetName=NetCT1_11 Pin=R26-2
Removed Pin From Net: NetName=GND Pin=R37-1
Removed Pin From Net: NetName=NetQ1_B Pin=R37-2
Removed Pin From Net: NetName=VCC=3.3V Pin=R39-1
Removed Pin From Net: NetName=NetR39_2 Pin=R39-2
Removed Pin From Net: NetName=NetR41_1 Pin=R41-1
Removed Pin From Net: NetName=NetQ2_B Pin=R41-2
Removed Pin From Net: NetName=NetR46_1 Pin=R46-1
Removed Pin From Net: NetName=NetCT3_11 Pin=R46-2
Removed Pin From Net: NetName=VCC=3.3V Pin=R48-1
Removed Pin From Net: NetName=NetR48_2 Pin=R48-2
Removed Pin From Net: NetName=NetC46_2 Pin=R50-1
Removed Pin From Net: NetName=GND Pin=R50-2
Removed Pin From Net: NetName=NetR59_1 Pin=R59-1
Removed Pin From Net: NetName=NetQ4_B Pin=R59-2
Removed Pin From Net: NetName=GND Pin=R63-1
Removed Pin From Net: NetName=NetQ4_B Pin=R63-2
Removed Pin From Net: NetName=NetR66_1 Pin=R66-1
Removed Pin From Net: NetName=NetQ5_B Pin=R66-2
Removed Pin From Net: NetName=VCC=3.3V Pin=R72-1
Removed Pin From Net: NetName=NetR72_2 Pin=R72-2
Removed Pin From Net: NetName=GND Pin=R76-1
Removed Pin From Net: NetName=NetQ6_B Pin=R76-2
Removed Pin From Net: NetName=NetCT6_4 Pin=R77-1
Removed Pin From Net: NetName=NetCT6_2 Pin=R77-2
Removed Pin From Net: NetName=NetCT6_4 Pin=R78-1
Removed Pin From Net: NetName=NetC58_1 Pin=R78-2
Removed Pin From Net: NetName=NetR79_1 Pin=R79-1
Removed Pin From Net: NetName=NetCT6_11 Pin=R79-2
Removed Pin From Net: NetName=VCC=3.3V Pin=R80-1
Removed Pin From Net: NetName=NetR80_2 Pin=R80-2
Removed Pin From Net: NetName=NetC59_2 Pin=R81-1
Removed Pin From Net: NetName=GND Pin=R81-2
Removed Pin From Net: NetName=NetR84_1 Pin=R84-1
Removed Pin From Net: NetName=NetQ7_B Pin=R84-2
Change Component Comment : Designator=R77 Old Comment=1.5 /1W 0.1% New Comment=1K
Change Component Comment : Designator=R78 Old Comment=1K New Comment=1.5 /1W 0.1%
Change Component Comment : Designator=R80 Old Comment=1K New Comment=45
Change Component Comment : Designator=R81 Old Comment=3 /.5W  1% New Comment=175K/ .5W
Change Component Comment : Designator=R80 Old Comment=45 New Comment=100 K /.5W
Change Component Comment : Designator=R79 Old Comment=175K/ .5W New Comment=1K
Added Component: Designator=C5(0805C-TBD)
Added Component: Designator=C6(0805C-TBD)
Added Component: Designator=D3(SMB)
Added Component: Designator=D5(SMB)
Added Component: Designator=D8(3.2X1.6X1.1)
Added Component: Designator=D10(3.2X1.6X1.1)
Added Component: Designator=R3(J1-0603)
Added Component: Designator=R4(J1-0603)
Added Component: Designator=R8(J1-0603)
Added Component: Designator=R26(1210R-GENERIC)
Added Component: Designator=R37(0805R-180)
Added Component: Designator=R39(0805R-120)
Added Component: Designator=R41(0805R-27K)
Added Component: Designator=R46(1210R-GENERIC)
Added Component: Designator=R48(0805R-3K3)
Added Component: Designator=R50(1210C-GENERIC)
Added Component: Designator=R59(0805R-2K7)
Added Component: Designator=R63(0805R-1K)
Added Component: Designator=R66(0805R-1K)
Added Component: Designator=R72(0805R-390K)
Added Component: Designator=R76(0805R-18)
Added Component: Designator=R84(0805R-100)
Added Pin To Net: NetName=NetC5_1 Pin=C5-1
Added Pin To Net: NetName=GND Pin=C5-2
Added Pin To Net: NetName=NetC5_1 Pin=C6-1
Added Pin To Net: NetName=GND Pin=C6-2
Added Pin To Net: NetName=GND Pin=D3-1
Added Pin To Net: NetName=NetD3_2 Pin=D3-2
Added Pin To Net: NetName=GND Pin=D5-1
Added Pin To Net: NetName=NetD5_2 Pin=D5-2
Added Pin To Net: NetName=NetD8_1 Pin=D8-1
Added Pin To Net: NetName=NetD8_2 Pin=D8-2
Added Pin To Net: NetName=NetD10_1 Pin=D10-1
Added Pin To Net: NetName=NetD10_2 Pin=D10-2
Added Pin To Net: NetName=GND Pin=D15-2
Added Pin To Net: NetName=VCC=5.0V Pin=D15-2
Added Pin To Net: NetName=GND Pin=D16-2
Added Pin To Net: NetName=NetD16_2 Pin=D16-2
Added Pin To Net: NetName=NetR3_1 Pin=R3-1
Added Pin To Net: NetName=VCC=3.3V Pin=R3-2
Added Pin To Net: NetName=GND Pin=R4-1
Added Pin To Net: NetName=NetR3_1 Pin=R4-2
Added Pin To Net: NetName=NetR8_1 Pin=R8-1
Added Pin To Net: NetName=VDD=3.3V Pin=R8-2
Added Pin To Net: NetName=NetR26_1 Pin=R26-1
Added Pin To Net: NetName=NetCT1_11 Pin=R26-2
Added Pin To Net: NetName=GND Pin=R37-1
Added Pin To Net: NetName=NetQ1_B Pin=R37-2
Added Pin To Net: NetName=VCC=3.3V Pin=R39-1
Added Pin To Net: NetName=NetR39_2 Pin=R39-2
Added Pin To Net: NetName=NetR41_1 Pin=R41-1
Added Pin To Net: NetName=NetQ2_B Pin=R41-2
Added Pin To Net: NetName=NetR46_1 Pin=R46-1
Added Pin To Net: NetName=NetCT3_11 Pin=R46-2
Added Pin To Net: NetName=VCC=3.3V Pin=R48-1
Added Pin To Net: NetName=NetR48_2 Pin=R48-2
Added Pin To Net: NetName=NetC46_2 Pin=R50-1
Added Pin To Net: NetName=GND Pin=R50-2
Added Pin To Net: NetName=NetR59_1 Pin=R59-1
Added Pin To Net: NetName=NetQ4_B Pin=R59-2
Added Pin To Net: NetName=GND Pin=R63-1
Added Pin To Net: NetName=NetQ4_B Pin=R63-2
Added Pin To Net: NetName=NetR66_1 Pin=R66-1
Added Pin To Net: NetName=NetQ5_B Pin=R66-2
Added Pin To Net: NetName=VCC=3.3V Pin=R72-1
Added Pin To Net: NetName=NetR72_2 Pin=R72-2
Added Pin To Net: NetName=GND Pin=R76-1
Added Pin To Net: NetName=NetQ6_B Pin=R76-2
Added Pin To Net: NetName=NetCT6_4 Pin=R77-1
Added Pin To Net: NetName=NetCT7_2 Pin=R77-1
Added Pin To Net: NetName=NetC63_2 Pin=R77-2
Added Pin To Net: NetName=NetCT6_2 Pin=R77-2
Added Pin To Net: NetName=NetCT6_4 Pin=R78-1
Added Pin To Net: NetName=NetCT7_4 Pin=R78-1
Added Pin To Net: NetName=NetC58_1 Pin=R78-2
Added Pin To Net: NetName=NetCT7_2 Pin=R78-2
Added Pin To Net: NetName=NetCT7_4 Pin=R79-1
Added Pin To Net: NetName=NetR79_1 Pin=R79-1
Added Pin To Net: NetName=NetC64_1 Pin=R79-2
Added Pin To Net: NetName=NetCT6_11 Pin=R79-2
Added Pin To Net: NetName=NetC59_2 Pin=R80-1
Added Pin To Net: NetName=VCC=3.3V Pin=R80-1
Added Pin To Net: NetName=NetR79_1 Pin=R80-2
Added Pin To Net: NetName=NetR80_2 Pin=R80-2
Added Pin To Net: NetName=NetC59_2 Pin=R81-1
Added Pin To Net: NetName=NetR81_1 Pin=R81-1
Added Pin To Net: NetName=GND Pin=R81-2
Added Pin To Net: NetName=NetCT7_11 Pin=R81-2
Added Pin To Net: NetName=NetR84_1 Pin=R84-1
Added Pin To Net: NetName=NetQ7_B Pin=R84-2
Added Member To Class: ClassName=Sheet1 Member=Component C5 .1uF
Added Member To Class: ClassName=Sheet1 Member=Component C6 .1uF
Added Member To Class: ClassName=Sheet1 Member=Component D3 1N5819
Added Member To Class: ClassName=Sheet1 Member=Component D5 1N5819
Added Member To Class: ClassName=Sheet1 Member=Component R3 1.68K
Added Member To Class: ClassName=Sheet1 Member=Component R4 1K
Added Member To Class: ClassName=Sheet1 Member=Component R8 1.5K
Added Member To Class: ClassName=Sheet2 Member=Component R26 175K/ .5W
Added Member To Class: ClassName=Sheet2 Member=Component R37 2K
Added Member To Class: ClassName=Sheet2 Member=Component R39 45
Added Member To Class: ClassName=Sheet2 Member=Component R41 470
Added Member To Class: ClassName=Sheet2 Member=Component R46 175K/ .5W
Added Member To Class: ClassName=Sheet2 Member=Component R48 45
Added Member To Class: ClassName=Sheet2 Member=Component R50 3 /.5W  1%
Added Member To Class: ClassName=Sheet2 Member=Component R59 470
Added Member To Class: ClassName=Sheet2 Member=Component R63 2K
Added Member To Class: ClassName=Sheet2 Member=Component R66 470
Added Member To Class: ClassName=Sheet2 Member=Component R72 45
Added Member To Class: ClassName=Sheet2 Member=Component R76 2K
Added Member To Class: ClassName=Sheet2 Member=Component R77 1.5 /1W 0.1%
Added Member To Class: ClassName=Sheet3 Member=Component R77 1K
Added Member To Class: ClassName=Sheet2 Member=Component R78 1K
Added Member To Class: ClassName=Sheet3 Member=Component R78 1.5 /1W 0.1%
Added Member To Class: ClassName=Sheet2 Member=Component R79 175K/ .5W
Added Member To Class: ClassName=Sheet3 Member=Component R79 1K
Added Member To Class: ClassName=Sheet2 Member=Component R81 3 /.5W  1%
Added Member To Class: ClassName=Sheet3 Member=Component R81 175K/ .5W
Added Member To Class: ClassName=Sheet3 Member=Component R84 470
