Removed Pin From Net: NetName=NetC3_1 Pin=TP3-1
Removed Pin From Net: NetName=NetC21_2 Pin=TP9-1
Removed Pin From Net: NetName=NetC23_1 Pin=TP11-1
Removed Pin From Net: NetName=NetC29_2 Pin=TP13-1
Removed Pin From Net: NetName=GND Pin=TP14-1
Removed Pin From Net: NetName=NetC33_2 Pin=TP15-1
Removed Pin From Net: NetName=NetC35_1 Pin=TP16-1
Removed Pin From Net: NetName=NetC37_2 Pin=TP17-1
Removed Pin From Net: NetName=GND Pin=TP19-1
Removed Pin From Net: NetName=NetC41_2 Pin=TP21-1
Removed Pin From Net: NetName=NetC42_1 Pin=TP22-1
Removed Pin From Net: NetName=NetC44_2 Pin=TP23-1
Removed Pin From Net: NetName=GND Pin=TP25-1
Removed Pin From Net: NetName=NetC46_2 Pin=TP26-1
Removed Pin From Net: NetName=NetC47_1 Pin=TP28-1
Removed Pin From Net: NetName=NetC48_2 Pin=TP29-1
Removed Pin From Net: NetName=GND Pin=TP32-1
Removed Pin From Net: NetName=NetC52_2 Pin=TP33-1
Removed Pin From Net: NetName=NetC53_1 Pin=TP34-1
Removed Pin From Net: NetName=NetC54_2 Pin=TP36-1
Removed Pin From Net: NetName=GND Pin=TP37-1
Removed Pin From Net: NetName=NetC55_2 Pin=TP38-1
Removed Pin From Net: NetName=NetC56_1 Pin=TP40-1
Removed Pin From Net: NetName=NetC57_2 Pin=TP42-1
Removed Pin From Net: NetName=GND Pin=TP49-1
Removed Member From Class: ClassName=Sheet1 Member=TP3
Removed Member From Class: ClassName=Sheet2 Member=TP9
Removed Member From Class: ClassName=Sheet2 Member=TP11
Removed Member From Class: ClassName=Sheet2 Member=TP13
Removed Member From Class: ClassName=Sheet2 Member=TP14
Removed Member From Class: ClassName=Sheet2 Member=TP15
Removed Member From Class: ClassName=Sheet2 Member=TP16
Removed Member From Class: ClassName=Sheet2 Member=TP17
Removed Member From Class: ClassName=Sheet2 Member=TP19
Removed Member From Class: ClassName=Sheet2 Member=TP21
Removed Member From Class: ClassName=Sheet2 Member=TP22
Removed Member From Class: ClassName=Sheet2 Member=TP23
Removed Member From Class: ClassName=Sheet2 Member=TP25
Removed Member From Class: ClassName=Sheet2 Member=TP26
Removed Member From Class: ClassName=Sheet2 Member=TP28
Removed Member From Class: ClassName=Sheet2 Member=TP29
Removed Member From Class: ClassName=Sheet2 Member=TP30
Removed Member From Class: ClassName=Sheet2 Member=TP32
Removed Member From Class: ClassName=Sheet2 Member=TP33
Removed Member From Class: ClassName=Sheet2 Member=TP34
Removed Member From Class: ClassName=Sheet2 Member=TP36
Removed Member From Class: ClassName=Sheet2 Member=TP37
Removed Member From Class: ClassName=Sheet2 Member=TP38
Removed Member From Class: ClassName=Sheet2 Member=TP40
Removed Member From Class: ClassName=Sheet2 Member=TP42
Removed Member From Class: ClassName=Sheet2 Member=TP44
Removed Member From Class: ClassName=Sheet2 Member=TP49
Added Pin To Net: NetName=NetU4_1 Pin=U4-1
Added Pin To Net: NetName=NetU4_1 Pin=U8-2
Added Net: Name=NetU4_1
Added Pin To Net: NetName=NetU8_1 Pin=U8-1
Added Pin To Net: NetName=NetU8_1 Pin=U13-2
Added Net: Name=NetU8_1
