Removed Pin From Net: NetName=NetU4-31 Pin=C1-1
Removed Pin From Net: NetName=NetU4-31 Pin=C2-1
Removed Pin From Net: NetName=NetU4-31 Pin=C3-1
Removed Pin From Net: NetName=NetU4-31 Pin=C4-1
Removed Pin From Net: NetName=NetU4-31 Pin=C5-1
Removed Pin From Net: NetName=NetU4-31 Pin=C5-2
Removed Pin From Net: NetName=NetU4-31 Pin=C6-1
Removed Pin From Net: NetName=NetU4-31 Pin=C6-2
Removed Pin From Net: NetName=NetU4-31 Pin=C7-1
Removed Pin From Net: NetName=NetU4-31 Pin=C8-1
Removed Pin From Net: NetName=NetU4-31 Pin=C9-1
Removed Pin From Net: NetName=NetU4-31 Pin=C10-1
Removed Pin From Net: NetName=NetU4-31 Pin=C11-1
Removed Pin From Net: NetName=NetU4-31 Pin=C12-1
Removed Pin From Net: NetName=NetU4-31 Pin=C13-1
Removed Pin From Net: NetName=NetU4-31 Pin=C14-1
Removed Pin From Net: NetName=NetU4-31 Pin=C15-1
Removed Pin From Net: NetName=NetU4-31 Pin=C16-1
Removed Pin From Net: NetName=NetU4-31 Pin=C17-1
Removed Pin From Net: NetName=NetU4-31 Pin=C18-1
Removed Pin From Net: NetName=NetU4-31 Pin=C19-1
Removed Pin From Net: NetName=NetU4-31 Pin=C20-1
Removed Pin From Net: NetName=NetU4-31 Pin=C21-1
Removed Pin From Net: NetName=NetU4-31 Pin=C21-2
Removed Pin From Net: NetName=NetU4-31 Pin=C22-1
Removed Pin From Net: NetName=NetU4-31 Pin=C23-2
Removed Pin From Net: NetName=NetU4-31 Pin=C24-2
Removed Pin From Net: NetName=NetU4-31 Pin=C25-1
Removed Pin From Net: NetName=NetU4-31 Pin=C26-2
Removed Pin From Net: NetName=NetU4-31 Pin=C27-1
Removed Pin From Net: NetName=NetU4-31 Pin=C28-2
Removed Pin From Net: NetName=NetU4-31 Pin=C29-2
Removed Pin From Net: NetName=NetU4-31 Pin=C30-1
Removed Pin From Net: NetName=NetU4-31 Pin=C31-2
Removed Pin From Net: NetName=NetU4-31 Pin=C32-2
Removed Pin From Net: NetName=NetU4-31 Pin=C33-2
Removed Pin From Net: NetName=NetU4-31 Pin=C34-1
Removed Pin From Net: NetName=NetU4-31 Pin=C35-2
Removed Pin From Net: NetName=NetU4-31 Pin=C36-1
Removed Pin From Net: NetName=NetU4-31 Pin=C37-1
Removed Pin From Net: NetName=NetU4-31 Pin=C38-1
Removed Pin From Net: NetName=NetU4-31 Pin=C39-2
Removed Pin From Net: NetName=NetU4-31 Pin=C40-1
Removed Pin From Net: NetName=NetU4-31 Pin=C41-1
Removed Pin From Net: NetName=NetU4-31 Pin=C42-1
Removed Pin From Net: NetName=NetU4-31 Pin=C42-2
Removed Pin From Net: NetName=NetU4-31 Pin=C43-2
Removed Pin From Net: NetName=NetU4-31 Pin=C44-1
Removed Pin From Net: NetName=NetU4-31 Pin=C45-1
Removed Pin From Net: NetName=NetU4-31 Pin=C46-2
Removed Pin From Net: NetName=NetU4-31 Pin=C47-2
Removed Pin From Net: NetName=NetU4-31 Pin=C48-2
Removed Pin From Net: NetName=NetU4-31 Pin=C49-1
Removed Pin From Net: NetName=NetU4-31 Pin=C50-2
Removed Pin From Net: NetName=NetU4-31 Pin=C51-1
Removed Pin From Net: NetName=NetU4-31 Pin=C52-1
Removed Pin From Net: NetName=NetU4-31 Pin=C52-2
Removed Pin From Net: NetName=NetU4-31 Pin=C53-1
Removed Pin From Net: NetName=NetU4-31 Pin=C54-2
Removed Pin From Net: NetName=NetU4-31 Pin=C55-1
Removed Pin From Net: NetName=NetU4-31 Pin=C56-1
Removed Pin From Net: NetName=NetU4-31 Pin=C56-2
Removed Pin From Net: NetName=NetU4-31 Pin=C57-2
Removed Pin From Net: NetName=NetU4-31 Pin=C58-1
Removed Pin From Net: NetName=NetU4-31 Pin=C59-2
Removed Pin From Net: NetName=NetU4-31 Pin=C60-1
Removed Pin From Net: NetName=NetU4-31 Pin=C61-1
Removed Pin From Net: NetName=NetU4-31 Pin=C61-2
Removed Pin From Net: NetName=NetU4-31 Pin=C62-1
Removed Pin From Net: NetName=NetU4-31 Pin=C63-2
Removed Pin From Net: NetName=NetU4-31 Pin=C64-1
Removed Pin From Net: NetName=NetU4-31 Pin=C65-1
Removed Pin From Net: NetName=NetU4-31 Pin=C65-2
Removed Pin From Net: NetName=NetU4-31 Pin=C66-2
Removed Pin From Net: NetName=NetU4-31 Pin=C67-1
Removed Pin From Net: NetName=NetU4-31 Pin=C68-2
Removed Pin From Net: NetName=NetU4-31 Pin=C69-1
Removed Pin From Net: NetName=NetU4-31 Pin=C70-1
Removed Pin From Net: NetName=NetU4-31 Pin=C70-2
Removed Pin From Net: NetName=NetU4-31 Pin=C71-1
Removed Pin From Net: NetName=NetU4-31 Pin=C72-2
Removed Pin From Net: NetName=NetU4-31 Pin=C73-1
Removed Pin From Net: NetName=NetU4-31 Pin=C74-2
Removed Pin From Net: NetName=NetU4-31 Pin=C75-2
Removed Pin From Net: NetName=NetU4-31 Pin=C76-1
Removed Pin From Net: NetName=NetU4-31 Pin=C77-2
Removed Pin From Net: NetName=NetU4-31 Pin=C78-2
Removed Pin From Net: NetName=NetU4-31 Pin=C79-1
Removed Pin From Net: NetName=NetU4-31 Pin=C80-1
Removed Pin From Net: NetName=NetU4-31 Pin=C81-1
Removed Pin From Net: NetName=NetU4-31 Pin=C82-2
Removed Pin From Net: NetName=NetU4-31 Pin=C83-2
Removed Pin From Net: NetName=NetU4-31 Pin=C84-2
Removed Pin From Net: NetName=NetU4-31 Pin=C85-2
Removed Pin From Net: NetName=NetU4-31 Pin=C86-2
Removed Pin From Net: NetName=NetU4-31 Pin=D1-2
Removed Pin From Net: NetName=NetU4-31 Pin=D2-2
Removed Pin From Net: NetName=NetU4-31 Pin=D3-1
Removed Pin From Net: NetName=NetU4-31 Pin=D3-2
Removed Pin From Net: NetName=NetU4-31 Pin=D4-1
Removed Pin From Net: NetName=NetU4-31 Pin=D4-2
Removed Pin From Net: NetName=NetU4-31 Pin=D5-1
Removed Pin From Net: NetName=NetU4-31 Pin=D5-2
Removed Pin From Net: NetName=NetU4-31 Pin=D6-1
Removed Pin From Net: NetName=NetU4-31 Pin=D6-2
Removed Pin From Net: NetName=NetU4-31 Pin=D7-1
Removed Pin From Net: NetName=NetU4-31 Pin=D7-2
Removed Pin From Net: NetName=NetU4-31 Pin=D8-1
Removed Pin From Net: NetName=NetU4-31 Pin=D8-2
Removed Pin From Net: NetName=NetU4-31 Pin=D9-1
Removed Pin From Net: NetName=NetU4-31 Pin=D9-2
Removed Pin From Net: NetName=NetU4-31 Pin=D10-1
Removed Pin From Net: NetName=NetU4-31 Pin=D10-2
Removed Pin From Net: NetName=NetU4-31 Pin=D11-1
Removed Pin From Net: NetName=NetU4-31 Pin=D11-2
Removed Pin From Net: NetName=NetU4-31 Pin=D12-1
Removed Pin From Net: NetName=NetU4-31 Pin=D12-2
Removed Pin From Net: NetName=NetU4-31 Pin=D13-1
Removed Pin From Net: NetName=NetU4-31 Pin=D13-2
Removed Pin From Net: NetName=NetU4-31 Pin=D14-1
Removed Pin From Net: NetName=NetU4-31 Pin=D14-2
Removed Pin From Net: NetName=NetU4-31 Pin=D15-1
Removed Pin From Net: NetName=NetU4-31 Pin=D15-2
Removed Pin From Net: NetName=NetU4-31 Pin=D16-1
Removed Pin From Net: NetName=NetU4-31 Pin=D16-2
Removed Pin From Net: NetName=NetU4-31 Pin=D17-1
Removed Pin From Net: NetName=NetU4-31 Pin=D17-2
Removed Pin From Net: NetName=NetU4-31 Pin=D18-1
Removed Pin From Net: NetName=NetU4-31 Pin=D18-2
Removed Pin From Net: NetName=NetU4-31 Pin=D19-1
Removed Pin From Net: NetName=NetU4-31 Pin=D19-2
Removed Pin From Net: NetName=NetU4-31 Pin=D20-1
Removed Pin From Net: NetName=NetU4-31 Pin=D20-2
Removed Pin From Net: NetName=NetU4-31 Pin=D21-1
Removed Pin From Net: NetName=NetU4-31 Pin=D21-2
Removed Pin From Net: NetName=NetU4-31 Pin=D22-1
Removed Pin From Net: NetName=NetU4-31 Pin=D22-2
Removed Pin From Net: NetName=NetU4-31 Pin=E1-1
Removed Pin From Net: NetName=NetU4-31 Pin=E2-1
Removed Pin From Net: NetName=NetU4-31 Pin=J1-1A
Removed Pin From Net: NetName=NetU4-31 Pin=J1-1B
Removed Pin From Net: NetName=NetU4-31 Pin=J1-1
Removed Pin From Net: NetName=NetU4-31 Pin=J2-1
Removed Pin From Net: NetName=NetU4-31 Pin=J2-2
Removed Pin From Net: NetName=NetU4-31 Pin=J2-3
Removed Pin From Net: NetName=NetU4-31 Pin=J2-4
Removed Pin From Net: NetName=NetU4-31 Pin=J2-5
Removed Pin From Net: NetName=NetU4-31 Pin=J2-6
Removed Pin From Net: NetName=NetU4-31 Pin=J2-7
Removed Pin From Net: NetName=NetU4-31 Pin=J2-8
Removed Pin From Net: NetName=NetU4-31 Pin=J2-9
Removed Pin From Net: NetName=NetU4-31 Pin=J2-10
Removed Pin From Net: NetName=NetU4-31 Pin=J2-11
Removed Pin From Net: NetName=NetU4-31 Pin=J2-12
Removed Pin From Net: NetName=NetU4-31 Pin=J2-
Removed Pin From Net: NetName=NetU4-31 Pin=J2-
Removed Pin From Net: NetName=NetU4-31 Pin=J2-
Removed Pin From Net: NetName=NetU4-31 Pin=J2-
Removed Pin From Net: NetName=NetU4-31 Pin=J3-1
Removed Pin From Net: NetName=NetU4-31 Pin=J4-1
Removed Pin From Net: NetName=NetU4-31 Pin=J5-1
Removed Pin From Net: NetName=NetU4-31 Pin=J6-1
Removed Pin From Net: NetName=NetU4-31 Pin=J7-1
Removed Pin From Net: NetName=NetU4-31 Pin=J8-1
Removed Pin From Net: NetName=NetU4-31 Pin=J9-1
Removed Pin From Net: NetName=NetU4-31 Pin=J10-1
Removed Pin From Net: NetName=NetU4-31 Pin=J11-1
Removed Pin From Net: NetName=NetU4-31 Pin=J12-1
Removed Pin From Net: NetName=NetU4-31 Pin=K1-1
Removed Pin From Net: NetName=NetU4-31 Pin=K1-2
Removed Pin From Net: NetName=NetU4-31 Pin=K1-3
Removed Pin From Net: NetName=NetU4-31 Pin=K1-4
Removed Pin From Net: NetName=NetU4-31 Pin=K1-5
Removed Pin From Net: NetName=NetU4-31 Pin=K2-1
Removed Pin From Net: NetName=NetU4-31 Pin=K2-2
Removed Pin From Net: NetName=NetU4-31 Pin=K2-3
Removed Pin From Net: NetName=NetU4-31 Pin=K2-4
Removed Pin From Net: NetName=NetU4-31 Pin=K2-5
Removed Pin From Net: NetName=NetU4-31 Pin=K3-1
Removed Pin From Net: NetName=NetU4-31 Pin=K3-2
Removed Pin From Net: NetName=NetU4-31 Pin=K3-3
Removed Pin From Net: NetName=NetU4-31 Pin=K3-4
Removed Pin From Net: NetName=NetU4-31 Pin=K3-5
Removed Pin From Net: NetName=NetU4-31 Pin=K4-1
Removed Pin From Net: NetName=NetU4-31 Pin=K4-2
Removed Pin From Net: NetName=NetU4-31 Pin=K4-3
Removed Pin From Net: NetName=NetU4-31 Pin=K4-4
Removed Pin From Net: NetName=NetU4-31 Pin=K4-5
Removed Pin From Net: NetName=NetU4-31 Pin=K5-1
Removed Pin From Net: NetName=NetU4-31 Pin=K5-2
Removed Pin From Net: NetName=NetU4-31 Pin=K5-3
Removed Pin From Net: NetName=NetU4-31 Pin=K5-4
Removed Pin From Net: NetName=NetU4-31 Pin=K5-5
Removed Pin From Net: NetName=NetU4-31 Pin=K6-1
Removed Pin From Net: NetName=NetU4-31 Pin=K6-2
Removed Pin From Net: NetName=NetU4-31 Pin=K6-3
Removed Pin From Net: NetName=NetU4-31 Pin=K6-4
Removed Pin From Net: NetName=NetU4-31 Pin=K6-5
Removed Pin From Net: NetName=NetU4-31 Pin=K7-1
Removed Pin From Net: NetName=NetU4-31 Pin=K7-2
Removed Pin From Net: NetName=NetU4-31 Pin=K7-3
Removed Pin From Net: NetName=NetU4-31 Pin=K7-4
Removed Pin From Net: NetName=NetU4-31 Pin=K7-5
Removed Pin From Net: NetName=NetU4-31 Pin=K8-1
Removed Pin From Net: NetName=NetU4-31 Pin=K8-2
Removed Pin From Net: NetName=NetU4-31 Pin=K8-3
Removed Pin From Net: NetName=NetU4-31 Pin=K8-4
Removed Pin From Net: NetName=NetU4-31 Pin=K8-5
Removed Pin From Net: NetName=NetU4-31 Pin=K9-1
Removed Pin From Net: NetName=NetU4-31 Pin=K9-2
Removed Pin From Net: NetName=NetU4-31 Pin=K9-3
Removed Pin From Net: NetName=NetU4-31 Pin=K9-4
Removed Pin From Net: NetName=NetU4-31 Pin=K9-5
Removed Pin From Net: NetName=NetU4-31 Pin=K10-1
Removed Pin From Net: NetName=NetU4-31 Pin=K10-2
Removed Pin From Net: NetName=NetU4-31 Pin=K10-3
Removed Pin From Net: NetName=NetU4-31 Pin=K10-4
Removed Pin From Net: NetName=NetU4-31 Pin=K10-5
Removed Pin From Net: NetName=NetU4-31 Pin=L1-1
Removed Pin From Net: NetName=NetU4-31 Pin=L1-2
Removed Pin From Net: NetName=NetU4-31 Pin=L2-1
Removed Pin From Net: NetName=NetU4-31 Pin=L2-2
Removed Pin From Net: NetName=NetU4-31 Pin=L3-1
Removed Pin From Net: NetName=NetU4-31 Pin=L3-2
Removed Pin From Net: NetName=NetU4-31 Pin=M1-1
Removed Pin From Net: NetName=NetU4-31 Pin=M1-2
Removed Pin From Net: NetName=NetU4-31 Pin=M1-3
Removed Pin From Net: NetName=NetU4-31 Pin=M1-4
Removed Pin From Net: NetName=NetU4-31 Pin=M1-6
Removed Pin From Net: NetName=NetU4-31 Pin=M1-7
Removed Pin From Net: NetName=NetU4-31 Pin=M1-8
Removed Pin From Net: NetName=NetU4-31 Pin=M1-9
Removed Pin From Net: NetName=NetU4-31 Pin=M1-10
Removed Pin From Net: NetName=NetU4-31 Pin=P1-1
Removed Pin From Net: NetName=NetU4-31 Pin=P1-2
Removed Pin From Net: NetName=NetU4-31 Pin=P1-3
Removed Pin From Net: NetName=NetU4-31 Pin=P1-4
Removed Pin From Net: NetName=NetU4-31 Pin=Q1-B
Removed Pin From Net: NetName=NetU4-31 Pin=Q1-C
Removed Pin From Net: NetName=NetU4-31 Pin=Q2-B
Removed Pin From Net: NetName=NetU4-31 Pin=Q2-C
Removed Pin From Net: NetName=NetU4-31 Pin=Q3-B
Removed Pin From Net: NetName=NetU4-31 Pin=Q3-C
Removed Pin From Net: NetName=NetU4-31 Pin=Q4-B
Removed Pin From Net: NetName=NetU4-31 Pin=Q4-C
Removed Pin From Net: NetName=NetU4-31 Pin=Q5-B
Removed Pin From Net: NetName=NetU4-31 Pin=Q5-C
Removed Pin From Net: NetName=NetU4-31 Pin=Q6-B
Removed Pin From Net: NetName=NetU4-31 Pin=Q6-C
Removed Pin From Net: NetName=NetU4-31 Pin=Q7-B
Removed Pin From Net: NetName=NetU4-31 Pin=Q7-C
Removed Pin From Net: NetName=NetU4-31 Pin=Q8-B
Removed Pin From Net: NetName=NetU4-31 Pin=Q8-C
Removed Pin From Net: NetName=NetU4-31 Pin=Q9-B
Removed Pin From Net: NetName=NetU4-31 Pin=Q9-C
Removed Pin From Net: NetName=NetU4-31 Pin=Q10-B
Removed Pin From Net: NetName=NetU4-31 Pin=Q10-C
Removed Pin From Net: NetName=NetU4-31 Pin=R1-1
Removed Pin From Net: NetName=NetU4-31 Pin=R1-2
Removed Pin From Net: NetName=NetU4-31 Pin=R2-2
Removed Pin From Net: NetName=NetU4-31 Pin=R3-1
Removed Pin From Net: NetName=NetU4-31 Pin=R3-2
Removed Pin From Net: NetName=NetU4-31 Pin=R4-2
Removed Pin From Net: NetName=NetU4-31 Pin=R5-1
Removed Pin From Net: NetName=NetU4-31 Pin=R5-2
Removed Pin From Net: NetName=NetU4-31 Pin=R6-1
Removed Pin From Net: NetName=NetU4-31 Pin=R6-2
Removed Pin From Net: NetName=NetU4-31 Pin=R7-1
Removed Pin From Net: NetName=NetU4-31 Pin=R7-2
Removed Pin From Net: NetName=NetU4-31 Pin=R8-1
Removed Pin From Net: NetName=NetU4-31 Pin=R8-2
Removed Pin From Net: NetName=NetU4-31 Pin=R9-1
Removed Pin From Net: NetName=NetU4-31 Pin=R9-2
Removed Pin From Net: NetName=NetU4-31 Pin=R10-1
Removed Pin From Net: NetName=NetU4-31 Pin=R10-2
Removed Pin From Net: NetName=NetU4-31 Pin=R11-1
Removed Pin From Net: NetName=NetU4-31 Pin=R11-2
Removed Pin From Net: NetName=NetU4-31 Pin=R12-1
Removed Pin From Net: NetName=NetU4-31 Pin=R12-2
Removed Pin From Net: NetName=NetU4-31 Pin=R13-1
Removed Pin From Net: NetName=NetU4-31 Pin=R13-2
Removed Pin From Net: NetName=NetU4-31 Pin=R14-1
Removed Pin From Net: NetName=NetU4-31 Pin=R14-2
Removed Pin From Net: NetName=NetU4-31 Pin=R15-1
Removed Pin From Net: NetName=NetU4-31 Pin=R15-2
Removed Pin From Net: NetName=NetU4-31 Pin=R16-2
Removed Pin From Net: NetName=NetU4-31 Pin=R17-1
Removed Pin From Net: NetName=NetU4-31 Pin=R17-2
Removed Pin From Net: NetName=NetU4-31 Pin=R18-1
Removed Pin From Net: NetName=NetU4-31 Pin=R18-2
Removed Pin From Net: NetName=NetU4-31 Pin=R19-1
Removed Pin From Net: NetName=NetU4-31 Pin=R19-2
Removed Pin From Net: NetName=NetU4-31 Pin=R20-1
Removed Pin From Net: NetName=NetU4-31 Pin=R20-2
Removed Pin From Net: NetName=NetU4-31 Pin=R21-1
Removed Pin From Net: NetName=NetU4-31 Pin=R21-2
Removed Pin From Net: NetName=NetU4-31 Pin=R22-1
Removed Pin From Net: NetName=NetU4-31 Pin=R22-2
Removed Pin From Net: NetName=NetU4-31 Pin=R23-1
Removed Pin From Net: NetName=NetU4-31 Pin=R23-2
Removed Pin From Net: NetName=NetU4-31 Pin=R24-1
Removed Pin From Net: NetName=NetU4-31 Pin=R24-2
Removed Pin From Net: NetName=NetU4-31 Pin=R25-1
Removed Pin From Net: NetName=NetU4-31 Pin=R26-1
Removed Pin From Net: NetName=NetU4-31 Pin=R26-2
Removed Pin From Net: NetName=NetU4-31 Pin=R27-1
Removed Pin From Net: NetName=NetU4-31 Pin=R27-2
Removed Pin From Net: NetName=NetU4-31 Pin=R28-1
Removed Pin From Net: NetName=NetU4-31 Pin=R28-2
Removed Pin From Net: NetName=NetU4-31 Pin=R29-1
Removed Pin From Net: NetName=NetU4-31 Pin=R29-2
Removed Pin From Net: NetName=NetU4-31 Pin=R30-1
Removed Pin From Net: NetName=NetU4-31 Pin=R30-2
Removed Pin From Net: NetName=NetU4-31 Pin=R31-1
Removed Pin From Net: NetName=NetU4-31 Pin=R31-2
Removed Pin From Net: NetName=NetU4-31 Pin=R32-1
Removed Pin From Net: NetName=NetU4-31 Pin=R32-2
Removed Pin From Net: NetName=NetU4-31 Pin=R33-1
Removed Pin From Net: NetName=NetU4-31 Pin=R33-2
Removed Pin From Net: NetName=NetU4-31 Pin=R34-2
Removed Pin From Net: NetName=NetU4-31 Pin=R35-1
Removed Pin From Net: NetName=NetU4-31 Pin=R36-1
Removed Pin From Net: NetName=NetU4-31 Pin=R36-2
Removed Pin From Net: NetName=NetU4-31 Pin=R37-1
Removed Pin From Net: NetName=NetU4-31 Pin=R37-2
Removed Pin From Net: NetName=NetU4-31 Pin=R38-1
Removed Pin From Net: NetName=NetU4-31 Pin=R38-2
Removed Pin From Net: NetName=NetU4-31 Pin=R39-1
Removed Pin From Net: NetName=NetU4-31 Pin=R39-2
Removed Pin From Net: NetName=NetU4-31 Pin=R40-1
Removed Pin From Net: NetName=NetU4-31 Pin=R40-2
Removed Pin From Net: NetName=NetU4-31 Pin=R41-1
Removed Pin From Net: NetName=NetU4-31 Pin=R41-2
Removed Pin From Net: NetName=NetU4-31 Pin=R42-1
Removed Pin From Net: NetName=NetU4-31 Pin=R42-2
Removed Pin From Net: NetName=NetU4-31 Pin=R43-2
Removed Pin From Net: NetName=NetU4-31 Pin=R44-1
Removed Pin From Net: NetName=NetU4-31 Pin=R44-2
Removed Pin From Net: NetName=NetU4-31 Pin=R45-1
Removed Pin From Net: NetName=NetU4-31 Pin=R45-2
Removed Pin From Net: NetName=NetU4-31 Pin=R46-1
Removed Pin From Net: NetName=NetU4-31 Pin=R47-1
Removed Pin From Net: NetName=NetU4-31 Pin=R47-2
Removed Pin From Net: NetName=NetU4-31 Pin=R48-1
Removed Pin From Net: NetName=NetU4-31 Pin=R48-2
Removed Pin From Net: NetName=NetU4-31 Pin=R49-2
Removed Pin From Net: NetName=NetU4-31 Pin=R50-1
Removed Pin From Net: NetName=NetU4-31 Pin=R50-2
Removed Pin From Net: NetName=NetU4-31 Pin=R51-1
Removed Pin From Net: NetName=NetU4-31 Pin=R51-2
Removed Pin From Net: NetName=NetU4-31 Pin=R52-1
Removed Pin From Net: NetName=NetU4-31 Pin=R52-2
Removed Pin From Net: NetName=NetU4-31 Pin=R53-1
Removed Pin From Net: NetName=NetU4-31 Pin=R53-2
Removed Pin From Net: NetName=NetU4-31 Pin=R54-1
Removed Pin From Net: NetName=NetU4-31 Pin=R54-2
Removed Pin From Net: NetName=NetU4-31 Pin=R55-1
Removed Pin From Net: NetName=NetU4-31 Pin=R55-2
Removed Pin From Net: NetName=NetU4-31 Pin=R56-1
Removed Pin From Net: NetName=NetU4-31 Pin=R56-2
Removed Pin From Net: NetName=NetU4-31 Pin=R57-2
Removed Pin From Net: NetName=NetU4-31 Pin=R58-1
Removed Pin From Net: NetName=NetU4-31 Pin=R59-1
Removed Pin From Net: NetName=NetU4-31 Pin=R59-2
Removed Pin From Net: NetName=NetU4-31 Pin=R60-1
Removed Pin From Net: NetName=NetU4-31 Pin=R60-2
Removed Pin From Net: NetName=NetU4-31 Pin=R61-1
Removed Pin From Net: NetName=NetU4-31 Pin=R61-2
Removed Pin From Net: NetName=NetU4-31 Pin=R62-1
Removed Pin From Net: NetName=NetU4-31 Pin=R62-2
Removed Pin From Net: NetName=NetU4-31 Pin=R63-1
Removed Pin From Net: NetName=NetU4-31 Pin=R63-2
Removed Pin From Net: NetName=NetU4-31 Pin=R64-1
Removed Pin From Net: NetName=NetU4-31 Pin=R64-2
Removed Pin From Net: NetName=NetU4-31 Pin=R65-2
Removed Pin From Net: NetName=NetU4-31 Pin=R66-1
Removed Pin From Net: NetName=NetU4-31 Pin=R66-2
Removed Pin From Net: NetName=NetU4-31 Pin=R67-1
Removed Pin From Net: NetName=NetU4-31 Pin=R67-2
Removed Pin From Net: NetName=NetU4-31 Pin=R68-1
Removed Pin From Net: NetName=NetU4-31 Pin=R68-2
Removed Pin From Net: NetName=NetU4-31 Pin=R69-1
Removed Pin From Net: NetName=NetU4-31 Pin=R69-2
Removed Pin From Net: NetName=NetU4-31 Pin=R70-1
Removed Pin From Net: NetName=NetU4-31 Pin=R70-2
Removed Pin From Net: NetName=NetU4-31 Pin=R71-2
Removed Pin From Net: NetName=NetU4-31 Pin=R72-1
Removed Pin From Net: NetName=NetU4-31 Pin=R72-2
Removed Pin From Net: NetName=NetU4-31 Pin=R73-1
Removed Pin From Net: NetName=NetU4-31 Pin=R73-2
Removed Pin From Net: NetName=NetU4-31 Pin=R74-1
Removed Pin From Net: NetName=NetU4-31 Pin=R74-2
Removed Pin From Net: NetName=NetU4-31 Pin=R75-1
Removed Pin From Net: NetName=NetU4-31 Pin=R75-2
Removed Pin From Net: NetName=NetU4-31 Pin=R76-1
Removed Pin From Net: NetName=NetU4-31 Pin=R77-1
Removed Pin From Net: NetName=NetU4-31 Pin=R77-2
Removed Pin From Net: NetName=NetU4-31 Pin=R78-1
Removed Pin From Net: NetName=NetU4-31 Pin=R78-2
Removed Pin From Net: NetName=NetU4-31 Pin=R79-1
Removed Pin From Net: NetName=NetU4-31 Pin=R79-2
Removed Pin From Net: NetName=NetU4-31 Pin=R80-1
Removed Pin From Net: NetName=NetU4-31 Pin=R80-2
Removed Pin From Net: NetName=NetU4-31 Pin=R81-1
Removed Pin From Net: NetName=NetU4-31 Pin=R81-2
Removed Pin From Net: NetName=NetU4-31 Pin=R82-1
Removed Pin From Net: NetName=NetU4-31 Pin=R82-2
Removed Pin From Net: NetName=NetU4-31 Pin=R83-1
Removed Pin From Net: NetName=NetU4-31 Pin=R83-2
Removed Pin From Net: NetName=NetU4-31 Pin=R84-1
Removed Pin From Net: NetName=NetU4-31 Pin=R85-2
Removed Pin From Net: NetName=NetU4-31 Pin=R86-1
Removed Pin From Net: NetName=NetU4-31 Pin=R86-2
Removed Pin From Net: NetName=NetU4-31 Pin=R87-1
Removed Pin From Net: NetName=NetU4-31 Pin=R87-2
Removed Pin From Net: NetName=NetU4-31 Pin=R88-1
Removed Pin From Net: NetName=NetU4-31 Pin=R88-2
Removed Pin From Net: NetName=NetU4-31 Pin=R89-1
Removed Pin From Net: NetName=NetU4-31 Pin=R89-2
Removed Pin From Net: NetName=NetU4-31 Pin=R90-1
Removed Pin From Net: NetName=NetU4-31 Pin=R90-2
Removed Pin From Net: NetName=NetU4-31 Pin=R91-1
Removed Pin From Net: NetName=NetU4-31 Pin=R91-2
Removed Pin From Net: NetName=NetU4-31 Pin=R92-1
Removed Pin From Net: NetName=NetU4-31 Pin=R92-2
Removed Pin From Net: NetName=NetU4-31 Pin=R93-1
Removed Pin From Net: NetName=NetU4-31 Pin=R94-2
Removed Pin From Net: NetName=NetU4-31 Pin=R95-1
Removed Pin From Net: NetName=NetU4-31 Pin=R95-2
Removed Pin From Net: NetName=NetU4-31 Pin=R96-1
Removed Pin From Net: NetName=NetU4-31 Pin=R96-2
Removed Pin From Net: NetName=NetU4-31 Pin=R97-1
Removed Pin From Net: NetName=NetU4-31 Pin=R97-2
Removed Pin From Net: NetName=NetU4-31 Pin=R98-1
Removed Pin From Net: NetName=NetU4-31 Pin=R98-2
Removed Pin From Net: NetName=NetU4-31 Pin=R99-2
Removed Pin From Net: NetName=NetU4-31 Pin=R100-1
Removed Pin From Net: NetName=NetU4-31 Pin=R100-2
Removed Pin From Net: NetName=NetU4-31 Pin=R101-1
Removed Pin From Net: NetName=NetU4-31 Pin=R101-2
Removed Pin From Net: NetName=NetU4-31 Pin=R102-1
Removed Pin From Net: NetName=NetU4-31 Pin=R102-2
Removed Pin From Net: NetName=NetU4-31 Pin=R103-1
Removed Pin From Net: NetName=NetU4-31 Pin=R103-2
Removed Pin From Net: NetName=NetU4-31 Pin=R104-1
Removed Pin From Net: NetName=NetU4-31 Pin=R105-1
Removed Pin From Net: NetName=NetU4-31 Pin=R105-2
Removed Pin From Net: NetName=NetU4-31 Pin=R106-1
Removed Pin From Net: NetName=NetU4-31 Pin=R106-2
Removed Pin From Net: NetName=NetU4-31 Pin=R107-2
Removed Pin From Net: NetName=NetU4-31 Pin=R108-1
Removed Pin From Net: NetName=NetU4-31 Pin=R108-2
Removed Pin From Net: NetName=NetU4-31 Pin=R109-1
Removed Pin From Net: NetName=NetU4-31 Pin=R109-2
Removed Pin From Net: NetName=NetU4-31 Pin=R110-1
Removed Pin From Net: NetName=NetU4-31 Pin=R110-2
Removed Pin From Net: NetName=NetU4-31 Pin=R111-1
Removed Pin From Net: NetName=NetU4-31 Pin=R111-2
Removed Pin From Net: NetName=NetU4-31 Pin=R112-1
Removed Pin From Net: NetName=NetU4-31 Pin=R113-1
Removed Pin From Net: NetName=NetU4-31 Pin=R113-2
Removed Pin From Net: NetName=NetU4-31 Pin=R114-1
Removed Pin From Net: NetName=NetU4-31 Pin=R114-2
Removed Pin From Net: NetName=NetU4-31 Pin=R115-1
Removed Pin From Net: NetName=NetU4-31 Pin=R115-2
Removed Pin From Net: NetName=NetU4-31 Pin=TP1-1
Removed Pin From Net: NetName=NetU4-31 Pin=TP2-1
Removed Pin From Net: NetName=NetU4-31 Pin=TP3-1
Removed Pin From Net: NetName=NetU4-31 Pin=TP4-1
Removed Pin From Net: NetName=NetU4-31 Pin=TP5-1
Removed Pin From Net: NetName=NetU4-31 Pin=TP6-1
Removed Pin From Net: NetName=NetU4-31 Pin=TP7-1
Removed Pin From Net: NetName=NetU4-31 Pin=TP8-1
Removed Pin From Net: NetName=NetU4-31 Pin=TP9-1
Removed Pin From Net: NetName=NetU4-31 Pin=TP11-1
Removed Pin From Net: NetName=NetU4-31 Pin=TP23-1
Removed Pin From Net: NetName=NetU4-31 Pin=TP24-1
Removed Pin From Net: NetName=NetU4-31 Pin=TP25-1
Removed Pin From Net: NetName=NetU4-31 Pin=U1-0
Removed Pin From Net: NetName=NetU4-31 Pin=U1-1
Removed Pin From Net: NetName=NetU4-31 Pin=U1-2
Removed Pin From Net: NetName=NetU4-31 Pin=U1-4
Removed Pin From Net: NetName=NetU4-31 Pin=U2-0
Removed Pin From Net: NetName=NetU4-31 Pin=U2-1
Removed Pin From Net: NetName=NetU4-31 Pin=U2-2
Removed Pin From Net: NetName=NetU4-31 Pin=U2-4
Removed Pin From Net: NetName=NetU4-31 Pin=U3-1
Removed Pin From Net: NetName=NetU4-31 Pin=U3-2
Removed Pin From Net: NetName=NetU4-31 Pin=U3-3
Removed Pin From Net: NetName=NetU4-31 Pin=U3-4
Removed Pin From Net: NetName=NetU4-31 Pin=U3-5
Removed Pin From Net: NetName=NetU4-31 Pin=U3-6
Removed Pin From Net: NetName=NetU4-31 Pin=U3-7
Removed Pin From Net: NetName=NetU4-31 Pin=U3-8
Removed Pin From Net: NetName=NetU4-31 Pin=U3-9
Removed Pin From Net: NetName=NetU4-31 Pin=U3-10
Removed Pin From Net: NetName=NetU4-31 Pin=U3-11
Removed Pin From Net: NetName=NetU4-31 Pin=U3-12
Removed Pin From Net: NetName=NetU4-31 Pin=U3-13
Removed Pin From Net: NetName=NetU4-31 Pin=U3-14
Removed Pin From Net: NetName=NetU4-31 Pin=U3-15
Removed Pin From Net: NetName=NetU4-31 Pin=U3-16
Removed Pin From Net: NetName=NetU4-31 Pin=U3-17
Removed Pin From Net: NetName=NetU4-31 Pin=U3-18
Removed Pin From Net: NetName=NetU4-31 Pin=U3-19
Removed Pin From Net: NetName=NetU4-31 Pin=U3-20
Removed Pin From Net: NetName=NetU4-31 Pin=U3-21
Removed Pin From Net: NetName=NetU4-31 Pin=U3-22
Removed Pin From Net: NetName=NetU4-31 Pin=U3-23
Removed Pin From Net: NetName=NetU4-31 Pin=U3-24
Removed Pin From Net: NetName=NetU4-31 Pin=U4-1
Removed Pin From Net: NetName=NetU4-31 Pin=U4-2
Removed Pin From Net: NetName=NetU4-31 Pin=U4-3
Removed Pin From Net: NetName=NetU4-31 Pin=U4-4
Removed Pin From Net: NetName=NetU4-31 Pin=U4-5
Removed Pin From Net: NetName=NetU4-31 Pin=U4-6
Removed Pin From Net: NetName=NetU4-31 Pin=U4-7
Removed Pin From Net: NetName=NetU4-31 Pin=U4-8
Removed Pin From Net: NetName=NetU4-31 Pin=U4-9
Removed Pin From Net: NetName=NetU4-31 Pin=U4-11
Removed Pin From Net: NetName=NetU4-31 Pin=U4-12
Removed Pin From Net: NetName=NetU4-31 Pin=U4-13
Removed Pin From Net: NetName=NetU4-31 Pin=U4-14
Removed Pin From Net: NetName=NetU4-31 Pin=U4-15
Removed Pin From Net: NetName=NetU4-31 Pin=U4-17
Removed Pin From Net: NetName=NetU4-31 Pin=U4-18
Removed Pin From Net: NetName=NetU4-31 Pin=U4-19
Removed Pin From Net: NetName=NetU4-31 Pin=U4-21
Removed Pin From Net: NetName=NetU4-31 Pin=U4-22
Removed Pin From Net: NetName=NetU4-31 Pin=U4-23
Removed Pin From Net: NetName=NetU4-31 Pin=U4-24
Removed Pin From Net: NetName=NetU4-31 Pin=U4-27
Removed Pin From Net: NetName=NetU4-31 Pin=U4-28
Removed Pin From Net: NetName=NetU4-31 Pin=U4-29
Removed Pin From Net: NetName=NetU4-31 Pin=U4-30
Removed Pin From Net: NetName=NetU4-31 Pin=U4-31
Removed Pin From Net: NetName=NetU4-31 Pin=U4-32
Removed Pin From Net: NetName=NetU4-31 Pin=U4-33
Removed Pin From Net: NetName=NetU4-31 Pin=U5-1
Removed Pin From Net: NetName=NetU4-31 Pin=U5-2
Removed Pin From Net: NetName=NetU4-31 Pin=U5-3
Removed Pin From Net: NetName=NetU4-31 Pin=U5-4
Removed Pin From Net: NetName=NetU4-31 Pin=U5-5
Removed Pin From Net: NetName=NetU4-31 Pin=U5-6
Removed Pin From Net: NetName=NetU4-31 Pin=U6-1
Removed Pin From Net: NetName=NetU4-31 Pin=U6-2
Removed Pin From Net: NetName=NetU4-31 Pin=U6-3
Removed Pin From Net: NetName=NetU4-31 Pin=U6-4
Removed Pin From Net: NetName=NetU4-31 Pin=U6-5
Removed Pin From Net: NetName=NetU4-31 Pin=U6-7
Removed Pin From Net: NetName=NetU4-31 Pin=U6-8
Removed Pin From Net: NetName=NetU4-31 Pin=U6-10
Removed Pin From Net: NetName=NetU4-31 Pin=U6-11
Removed Pin From Net: NetName=NetU4-31 Pin=U6-12
Removed Pin From Net: NetName=NetU4-31 Pin=U6-13
Removed Pin From Net: NetName=NetU4-31 Pin=U6-14
Removed Pin From Net: NetName=NetU4-31 Pin=U6-15
Removed Pin From Net: NetName=NetU4-31 Pin=U6-16
Removed Pin From Net: NetName=NetU4-31 Pin=U6-17
Removed Pin From Net: NetName=NetU4-31 Pin=U6-18
Removed Pin From Net: NetName=NetU4-31 Pin=U6-19
Removed Pin From Net: NetName=NetU4-31 Pin=U6-21
Removed Pin From Net: NetName=NetU4-31 Pin=U6-22
Removed Pin From Net: NetName=NetU4-31 Pin=U6-23
Removed Pin From Net: NetName=NetU4-31 Pin=U6-24
Removed Pin From Net: NetName=NetU4-31 Pin=U6-26
Removed Pin From Net: NetName=NetU4-31 Pin=U6-27
Removed Pin From Net: NetName=NetU4-31 Pin=U6-28
Removed Pin From Net: NetName=NetU4-31 Pin=U6-29
Removed Pin From Net: NetName=NetU4-31 Pin=U6-30
Removed Pin From Net: NetName=NetU4-31 Pin=U6-31
Removed Pin From Net: NetName=NetU4-31 Pin=U6-32
Removed Pin From Net: NetName=NetU4-31 Pin=U6-33
Removed Pin From Net: NetName=NetU4-31 Pin=U6-34
Removed Pin From Net: NetName=NetU4-31 Pin=U6-35
Removed Pin From Net: NetName=NetU4-31 Pin=U6-36
Removed Pin From Net: NetName=NetU4-31 Pin=U6-37
Removed Pin From Net: NetName=NetU4-31 Pin=U6-38
Removed Pin From Net: NetName=NetU4-31 Pin=U6-39
Removed Pin From Net: NetName=NetU4-31 Pin=U6-40
Removed Pin From Net: NetName=NetU4-31 Pin=U6-42
Removed Pin From Net: NetName=NetU4-31 Pin=U6-43
Removed Pin From Net: NetName=NetU4-31 Pin=U6-44
Removed Pin From Net: NetName=NetU4-31 Pin=U6-45
Removed Pin From Net: NetName=NetU4-31 Pin=U6-46
Removed Pin From Net: NetName=NetU4-31 Pin=U6-47
Removed Pin From Net: NetName=NetU4-31 Pin=U6-48
Removed Pin From Net: NetName=NetU4-31 Pin=U6-49
Removed Pin From Net: NetName=NetU4-31 Pin=U6-50
Removed Pin From Net: NetName=NetU4-31 Pin=U6-51
Removed Pin From Net: NetName=NetU4-31 Pin=U6-52
Removed Pin From Net: NetName=NetU4-31 Pin=U6-53
Removed Pin From Net: NetName=NetU4-31 Pin=U6-54
Removed Pin From Net: NetName=NetU4-31 Pin=U6-55
Removed Pin From Net: NetName=NetU4-31 Pin=U6-56
Removed Pin From Net: NetName=NetU4-31 Pin=U6-57
Removed Pin From Net: NetName=NetU4-31 Pin=U6-58
Removed Pin From Net: NetName=NetU4-31 Pin=U6-59
Removed Pin From Net: NetName=NetU4-31 Pin=U6-60
Removed Pin From Net: NetName=NetU4-31 Pin=U6-61
Removed Pin From Net: NetName=NetU4-31 Pin=U6-62
Removed Pin From Net: NetName=NetU4-31 Pin=U6-63
Removed Pin From Net: NetName=NetU4-31 Pin=U6-64
Removed Pin From Net: NetName=NetU4-31 Pin=U6-65
Removed Pin From Net: NetName=NetU4-31 Pin=U7-1
Removed Pin From Net: NetName=NetU4-31 Pin=U7-2
Removed Pin From Net: NetName=NetU4-31 Pin=U7-3
Removed Pin From Net: NetName=NetU4-31 Pin=U7-4
Removed Pin From Net: NetName=NetU4-31 Pin=U7-5
Removed Pin From Net: NetName=NetU4-31 Pin=U7-6
Removed Pin From Net: NetName=NetU4-31 Pin=U8-1
Removed Pin From Net: NetName=NetU4-31 Pin=U8-2
Removed Pin From Net: NetName=NetU4-31 Pin=U8-3
Removed Pin From Net: NetName=NetU4-31 Pin=U8-4
Removed Pin From Net: NetName=NetU4-31 Pin=U8-5
Removed Pin From Net: NetName=NetU4-31 Pin=U8-6
Removed Pin From Net: NetName=NetU4-31 Pin=U8-7
Removed Pin From Net: NetName=NetU4-31 Pin=U8-8
Removed Pin From Net: NetName=NetU4-31 Pin=U8-9
Removed Pin From Net: NetName=NetU4-31 Pin=U8-11
Removed Pin From Net: NetName=NetU4-31 Pin=U8-12
Removed Pin From Net: NetName=NetU4-31 Pin=U8-13
Removed Pin From Net: NetName=NetU4-31 Pin=U8-14
Removed Pin From Net: NetName=NetU4-31 Pin=U8-15
Removed Pin From Net: NetName=NetU4-31 Pin=U8-17
Removed Pin From Net: NetName=NetU4-31 Pin=U8-18
Removed Pin From Net: NetName=NetU4-31 Pin=U8-19
Removed Pin From Net: NetName=NetU4-31 Pin=U8-21
Removed Pin From Net: NetName=NetU4-31 Pin=U8-22
Removed Pin From Net: NetName=NetU4-31 Pin=U8-23
Removed Pin From Net: NetName=NetU4-31 Pin=U8-24
Removed Pin From Net: NetName=NetU4-31 Pin=U8-27
Removed Pin From Net: NetName=NetU4-31 Pin=U8-28
Removed Pin From Net: NetName=NetU4-31 Pin=U8-29
Removed Pin From Net: NetName=NetU4-31 Pin=U8-30
Removed Pin From Net: NetName=NetU4-31 Pin=U8-31
Removed Pin From Net: NetName=NetU4-31 Pin=U8-32
Removed Pin From Net: NetName=NetU4-31 Pin=U8-33
Removed Pin From Net: NetName=NetU4-31 Pin=U9-1
Removed Pin From Net: NetName=NetU4-31 Pin=U9-2
Removed Pin From Net: NetName=NetU4-31 Pin=U9-3
Removed Pin From Net: NetName=NetU4-31 Pin=U9-4
Removed Pin From Net: NetName=NetU4-31 Pin=U9-5
Removed Pin From Net: NetName=NetU4-31 Pin=U9-6
Removed Pin From Net: NetName=NetU4-31 Pin=U10-1
Removed Pin From Net: NetName=NetU4-31 Pin=U10-2
Removed Pin From Net: NetName=NetU4-31 Pin=U10-3
Removed Pin From Net: NetName=NetU4-31 Pin=U10-5
Removed Pin From Net: NetName=NetU4-31 Pin=U10-6
Removed Pin From Net: NetName=NetU4-31 Pin=U10-7
Removed Pin From Net: NetName=NetU4-31 Pin=U10-8
Removed Pin From Net: NetName=NetU4-31 Pin=U11-1
Removed Pin From Net: NetName=NetU4-31 Pin=U11-2
Removed Pin From Net: NetName=NetU4-31 Pin=U11-3
Removed Pin From Net: NetName=NetU4-31 Pin=U11-4
Removed Pin From Net: NetName=NetU4-31 Pin=U11-5
Removed Pin From Net: NetName=NetU4-31 Pin=U11-6
Removed Pin From Net: NetName=NetU4-31 Pin=U12-1
Removed Pin From Net: NetName=NetU4-31 Pin=U12-2
Removed Pin From Net: NetName=NetU4-31 Pin=U12-3
Removed Pin From Net: NetName=NetU4-31 Pin=U12-4
Removed Pin From Net: NetName=NetU4-31 Pin=U12-5
Removed Pin From Net: NetName=NetU4-31 Pin=U12-6
Removed Pin From Net: NetName=NetU4-31 Pin=U13-1
Removed Pin From Net: NetName=NetU4-31 Pin=U13-2
Removed Pin From Net: NetName=NetU4-31 Pin=U13-3
Removed Pin From Net: NetName=NetU4-31 Pin=U13-4
Removed Pin From Net: NetName=NetU4-31 Pin=U13-5
Removed Pin From Net: NetName=NetU4-31 Pin=U13-6
Removed Pin From Net: NetName=NetU4-31 Pin=U13-7
Removed Pin From Net: NetName=NetU4-31 Pin=U13-8
Removed Pin From Net: NetName=NetU4-31 Pin=U13-9
Removed Pin From Net: NetName=NetU4-31 Pin=U13-11
Removed Pin From Net: NetName=NetU4-31 Pin=U13-12
Removed Pin From Net: NetName=NetU4-31 Pin=U13-13
Removed Pin From Net: NetName=NetU4-31 Pin=U13-14
Removed Pin From Net: NetName=NetU4-31 Pin=U13-15
Removed Pin From Net: NetName=NetU4-31 Pin=U13-17
Removed Pin From Net: NetName=NetU4-31 Pin=U13-18
Removed Pin From Net: NetName=NetU4-31 Pin=U13-19
Removed Pin From Net: NetName=NetU4-31 Pin=U13-21
Removed Pin From Net: NetName=NetU4-31 Pin=U13-22
Removed Pin From Net: NetName=NetU4-31 Pin=U13-23
Removed Pin From Net: NetName=NetU4-31 Pin=U13-24
Removed Pin From Net: NetName=NetU4-31 Pin=U13-27
Removed Pin From Net: NetName=NetU4-31 Pin=U13-28
Removed Pin From Net: NetName=NetU4-31 Pin=U13-29
Removed Pin From Net: NetName=NetU4-31 Pin=U13-30
Removed Pin From Net: NetName=NetU4-31 Pin=U13-31
Removed Pin From Net: NetName=NetU4-31 Pin=U13-32
Removed Pin From Net: NetName=NetU4-31 Pin=U13-33
Removed Pin From Net: NetName=NetU4-31 Pin=U14-1
Removed Pin From Net: NetName=NetU4-31 Pin=U14-2
Removed Pin From Net: NetName=NetU4-31 Pin=U14-3
Removed Pin From Net: NetName=NetU4-31 Pin=U14-4
Removed Pin From Net: NetName=NetU4-31 Pin=U14-5
Removed Pin From Net: NetName=NetU4-31 Pin=U14-6
Removed Pin From Net: NetName=NetU4-31 Pin=U15-1
Removed Pin From Net: NetName=NetU4-31 Pin=U15-2
Removed Pin From Net: NetName=NetU4-31 Pin=U15-3
Removed Pin From Net: NetName=NetU4-31 Pin=U15-4
Removed Pin From Net: NetName=NetU4-31 Pin=U15-5
Removed Pin From Net: NetName=NetU4-31 Pin=U15-6
Removed Pin From Net: NetName=NetU4-31 Pin=U16-1
Removed Pin From Net: NetName=NetU4-31 Pin=U16-2
Removed Pin From Net: NetName=NetU4-31 Pin=U16-3
Removed Pin From Net: NetName=NetU4-31 Pin=U16-4
Removed Pin From Net: NetName=NetU4-31 Pin=U16-5
Removed Pin From Net: NetName=NetU4-31 Pin=U16-6
Removed Pin From Net: NetName=NetU4-31 Pin=U16-7
Removed Pin From Net: NetName=NetU4-31 Pin=U16-8
Removed Pin From Net: NetName=NetU4-31 Pin=U16-9
Removed Pin From Net: NetName=NetU4-31 Pin=U16-10
Removed Pin From Net: NetName=NetU4-31 Pin=U16-11
Removed Pin From Net: NetName=NetU4-31 Pin=U16-12
Removed Pin From Net: NetName=NetU4-31 Pin=U16-13
Removed Pin From Net: NetName=NetU4-31 Pin=U16-14
Removed Pin From Net: NetName=NetU4-31 Pin=U16-15
Removed Pin From Net: NetName=NetU4-31 Pin=U16-17
Removed Pin From Net: NetName=NetU4-31 Pin=U16-18
Removed Pin From Net: NetName=NetU4-31 Pin=U16-19
Removed Pin From Net: NetName=NetU4-31 Pin=U16-21
Removed Pin From Net: NetName=NetU4-31 Pin=U16-22
Removed Pin From Net: NetName=NetU4-31 Pin=U16-23
Removed Pin From Net: NetName=NetU4-31 Pin=U16-24
Removed Pin From Net: NetName=NetU4-31 Pin=U16-27
Removed Pin From Net: NetName=NetU4-31 Pin=U16-28
Removed Pin From Net: NetName=NetU4-31 Pin=U16-29
Removed Pin From Net: NetName=NetU4-31 Pin=U16-30
Removed Pin From Net: NetName=NetU4-31 Pin=U16-31
Removed Pin From Net: NetName=NetU4-31 Pin=U16-32
Removed Pin From Net: NetName=NetU4-31 Pin=U16-33
Removed Pin From Net: NetName=NetU4-31 Pin=U17-1
Removed Pin From Net: NetName=NetU4-31 Pin=U17-2
Removed Pin From Net: NetName=NetU4-31 Pin=U17-3
Removed Pin From Net: NetName=NetU4-31 Pin=U17-4
Removed Pin From Net: NetName=NetU4-31 Pin=U17-5
Removed Pin From Net: NetName=NetU4-31 Pin=U17-6
Removed Pin From Net: NetName=NetU4-31 Pin=U18-1
Removed Pin From Net: NetName=NetU4-31 Pin=U18-2
Removed Pin From Net: NetName=NetU4-31 Pin=U18-3
Removed Pin From Net: NetName=NetU4-31 Pin=U18-4
Removed Pin From Net: NetName=NetU4-31 Pin=U18-5
Removed Pin From Net: NetName=NetU4-31 Pin=U18-6
Removed Pin From Net: NetName=NetU4-31 Pin=U19-1
Removed Pin From Net: NetName=NetU4-31 Pin=U19-2
Removed Pin From Net: NetName=NetU4-31 Pin=U19-3
Removed Pin From Net: NetName=NetU4-31 Pin=U19-4
Removed Pin From Net: NetName=NetU4-31 Pin=U19-5
Removed Pin From Net: NetName=NetU4-31 Pin=U19-6
Removed Pin From Net: NetName=NetU4-31 Pin=U19-7
Removed Pin From Net: NetName=NetU4-31 Pin=U19-8
Removed Pin From Net: NetName=NetU4-31 Pin=U19-9
Removed Pin From Net: NetName=NetU4-31 Pin=U19-11
Removed Pin From Net: NetName=NetU4-31 Pin=U19-12
Removed Pin From Net: NetName=NetU4-31 Pin=U19-13
Removed Pin From Net: NetName=NetU4-31 Pin=U19-14
Removed Pin From Net: NetName=NetU4-31 Pin=U19-15
Removed Pin From Net: NetName=NetU4-31 Pin=U19-17
Removed Pin From Net: NetName=NetU4-31 Pin=U19-18
Removed Pin From Net: NetName=NetU4-31 Pin=U19-19
Removed Pin From Net: NetName=NetU4-31 Pin=U19-21
Removed Pin From Net: NetName=NetU4-31 Pin=U19-22
Removed Pin From Net: NetName=NetU4-31 Pin=U19-23
Removed Pin From Net: NetName=NetU4-31 Pin=U19-24
Removed Pin From Net: NetName=NetU4-31 Pin=U19-27
Removed Pin From Net: NetName=NetU4-31 Pin=U19-28
Removed Pin From Net: NetName=NetU4-31 Pin=U19-29
Removed Pin From Net: NetName=NetU4-31 Pin=U19-30
Removed Pin From Net: NetName=NetU4-31 Pin=U19-31
Removed Pin From Net: NetName=NetU4-31 Pin=U19-32
Removed Pin From Net: NetName=NetU4-31 Pin=U19-33
Removed Pin From Net: NetName=NetU4-31 Pin=U20-1
Removed Pin From Net: NetName=NetU4-31 Pin=U20-2
Removed Pin From Net: NetName=NetU4-31 Pin=U20-3
Removed Pin From Net: NetName=NetU4-31 Pin=U20-4
Removed Pin From Net: NetName=NetU4-31 Pin=U20-5
Removed Pin From Net: NetName=NetU4-31 Pin=U20-6
Removed Pin From Net: NetName=NetU4-31 Pin=U21-1
Removed Pin From Net: NetName=NetU4-31 Pin=U21-3
Removed Pin From Net: NetName=NetU4-31 Pin=U21-4
Removed Pin From Net: NetName=NetU4-31 Pin=U21-5
Removed Pin From Net: NetName=NetU4-31 Pin=U21-6
Removed Pin From Net: NetName=NetU4-31 Pin=U22-1
Removed Pin From Net: NetName=NetU4-31 Pin=U22-3
Removed Pin From Net: NetName=NetU4-31 Pin=U22-4
Removed Pin From Net: NetName=NetU4-31 Pin=U22-6
Removed Pin From Net: NetName=NetU4-31 Pin=U23-1
Removed Pin From Net: NetName=NetU4-31 Pin=U23-2
Removed Pin From Net: NetName=NetU4-31 Pin=U23-4
Removed Pin From Net: NetName=NetU4-31 Pin=U23-5
Removed Pin From Net: NetName=NetU4-31 Pin=U23-8
Removed Pin From Net: NetName=NetU4-31 Pin=U23-9
Removed Pin From Net: NetName=NetU4-31 Pin=U23-10
Removed Pin From Net: NetName=NetU4-31 Pin=U23-11
Removed Pin From Net: NetName=NetU4-31 Pin=U23-13
Removed Pin From Net: NetName=NetU4-31 Pin=U23-14
Removed Pin From Net: NetName=NetU4-31 Pin=U23-15
Removed Pin From Net: NetName=NetU4-31 Pin=U23-17
Removed Pin From Net: NetName=NetU4-31 Pin=U23-19
Removed Pin From Net: NetName=NetU4-31 Pin=U23-20
Removed Pin From Net: NetName=NetU4-31 Pin=U23-22
Removed Pin From Net: NetName=NetU4-31 Pin=U23-23
Removed Pin From Net: NetName=NetU4-31 Pin=U23-24
Removed Pin From Net: NetName=NetU4-31 Pin=U23-25
Removed Pin From Net: NetName=NetU4-31 Pin=U23-26
Removed Pin From Net: NetName=NetU4-31 Pin=U23-28
Removed Pin From Net: NetName=NetU4-31 Pin=U23-29
Removed Pin From Net: NetName=NetU4-31 Pin=U23-33
Removed Pin From Net: NetName=NetU4-31 Pin=Y1-1
Removed Pin From Net: NetName=NetU4-31 Pin=Y1-2
Removed Pin From Net: NetName=NetU4-31 Pin=Y2-1
Removed Pin From Net: NetName=NetU4-31 Pin=Y2-2
Removed Pin From Net: NetName=NetU4-31 Pin=Y3-1
Removed Pin From Net: NetName=NetU4-31 Pin=Y3-2
Removed Pin From Net: NetName=NetU4-31 Pin=Y4-1
Removed Pin From Net: NetName=NetU4-31 Pin=Y4-2
Added Component: Designator=C5(0805C-TBD)
Added Component: Designator=C6(0805C-TBD)
Added Pin To Net: NetName=NetC1_1 Pin=C1-1
Added Pin To Net: NetName=VCC=3.3V Pin=C2-1
Added Pin To Net: NetName=NetC1_1 Pin=C3-1
Added Pin To Net: NetName=VCC=5.0V Pin=C4-1
Added Pin To Net: NetName=NetC5_1 Pin=C5-1
Added Pin To Net: NetName=NetU4-31 Pin=C5-2
Added Pin To Net: NetName=NetC5_1 Pin=C6-1
Added Pin To Net: NetName=NetU4-31 Pin=C6-2
Added Pin To Net: NetName=NetC5_1 Pin=C7-1
Added Pin To Net: NetName=VDD=3.3V Pin=C8-1
Added Pin To Net: NetName=VDD=3.3V Pin=C9-1
Added Pin To Net: NetName=NetC10_1 Pin=C10-1
Added Pin To Net: NetName=NetC10_1 Pin=C11-1
Added Pin To Net: NetName=NetC12_1 Pin=C12-1
Added Pin To Net: NetName=NetC13_1 Pin=C13-1
Added Pin To Net: NetName=NetC14_1 Pin=C14-1
Added Pin To Net: NetName=NetC15_1 Pin=C15-1
Added Pin To Net: NetName=VCC=3.3V Pin=C16-1
Added Pin To Net: NetName=NetC17_1 Pin=C17-1
Added Pin To Net: NetName=NetC18_1 Pin=C18-1
Added Pin To Net: NetName=NetC19_1 Pin=C19-1
Added Pin To Net: NetName=NetC20_1 Pin=C20-1
Added Pin To Net: NetName=VCC=3.3V Pin=C21-1
Added Pin To Net: NetName=NetC21_2 Pin=C21-2
Added Pin To Net: NetName=NetC22_1 Pin=C22-1
Added Pin To Net: NetName=NetC23_2 Pin=C23-2
Added Pin To Net: NetName=VCC=3.3V Pin=C24-2
Added Pin To Net: NetName=NetC25_1 Pin=C25-1
Added Pin To Net: NetName=VCC=3.3V Pin=C26-2
Added Pin To Net: NetName=VCC=3.3V Pin=C27-1
Added Pin To Net: NetName=VCC=3.3V Pin=C28-2
Added Pin To Net: NetName=VCC=3.3V Pin=C29-2
Added Pin To Net: NetName=NetC30_1 Pin=C30-1
Added Pin To Net: NetName=NetC31_2 Pin=C31-2
Added Pin To Net: NetName=VCC=3.3V Pin=C32-2
Added Pin To Net: NetName=VCC=3.3V Pin=C33-2
Added Pin To Net: NetName=NetC34_1 Pin=C34-1
Added Pin To Net: NetName=NetC35_2 Pin=C35-2
Added Pin To Net: NetName=NetC36_1 Pin=C36-1
Added Pin To Net: NetName=NetC37_1 Pin=C37-1
Added Pin To Net: NetName=NetC38_1 Pin=C38-1
Added Pin To Net: NetName=NetC39_2 Pin=C39-2
Added Pin To Net: NetName=NetC40_1 Pin=C40-1
Added Pin To Net: NetName=NetC41_1 Pin=C41-1
Added Pin To Net: NetName=VCC=3.3V Pin=C42-1
Added Pin To Net: NetName=NetC42_2 Pin=C42-2
Added Pin To Net: NetName=NetC43_2 Pin=C43-2
Added Pin To Net: NetName=NetC44_1 Pin=C44-1
Added Pin To Net: NetName=NetC45_1 Pin=C45-1
Added Pin To Net: NetName=NetC46_2 Pin=C46-2
Added Pin To Net: NetName=NetC47_2 Pin=C47-2
Added Pin To Net: NetName=NetC48_2 Pin=C48-2
Added Pin To Net: NetName=NetC49_1 Pin=C49-1
Added Pin To Net: NetName=NetC50_2 Pin=C50-2
Added Pin To Net: NetName=NetC51_1 Pin=C51-1
Added Pin To Net: NetName=VCC=3.3V Pin=C52-1
Added Pin To Net: NetName=NetC52_2 Pin=C52-2
Added Pin To Net: NetName=NetC53_1 Pin=C53-1
Added Pin To Net: NetName=NetC54_2 Pin=C54-2
Added Pin To Net: NetName=NetC55_1 Pin=C55-1
Added Pin To Net: NetName=NetC56_2 Pin=C56-2
Added Pin To Net: NetName=NetC57_2 Pin=C57-2
Added Pin To Net: NetName=NetC58_1 Pin=C58-1
Added Pin To Net: NetName=NetC59_2 Pin=C59-2
Added Pin To Net: NetName=NetC60_1 Pin=C60-1
Added Pin To Net: NetName=VCC=3.3V Pin=C61-1
Added Pin To Net: NetName=NetC61_2 Pin=C61-2
Added Pin To Net: NetName=NetC62_1 Pin=C62-1
Added Pin To Net: NetName=NetC63_2 Pin=C63-2
Added Pin To Net: NetName=NetC64_1 Pin=C64-1
Added Pin To Net: NetName=NetC65_1 Pin=C65-1
Added Pin To Net: NetName=NetC65_2 Pin=C65-2
Added Pin To Net: NetName=NetC66_2 Pin=C66-2
Added Pin To Net: NetName=NetC67_1 Pin=C67-1
Added Pin To Net: NetName=NetC68_2 Pin=C68-2
Added Pin To Net: NetName=NetC69_1 Pin=C69-1
Added Pin To Net: NetName=VCC=3.3V Pin=C70-1
Added Pin To Net: NetName=NetC70_2 Pin=C70-2
Added Pin To Net: NetName=NetC71_1 Pin=C71-1
Added Pin To Net: NetName=NetC72_2 Pin=C72-2
Added Pin To Net: NetName=NetC73_1 Pin=C73-1
Added Pin To Net: NetName=NetC74_2 Pin=C74-2
Added Pin To Net: NetName=NetC75_2 Pin=C75-2
Added Pin To Net: NetName=NetC76_1 Pin=C76-1
Added Pin To Net: NetName=NetC77_2 Pin=C77-2
Added Pin To Net: NetName=NetC78_2 Pin=C78-2
Added Pin To Net: NetName=NetC79_1 Pin=C79-1
Added Pin To Net: NetName=NetC80_1 Pin=C80-1
Added Pin To Net: NetName=NetC81_1 Pin=C81-1
Added Pin To Net: NetName=NetC82_2 Pin=C82-2
Added Pin To Net: NetName=NetC83_2 Pin=C83-2
Added Pin To Net: NetName=NetC84_2 Pin=C84-2
Added Pin To Net: NetName=NetC85_2 Pin=C85-2
Added Pin To Net: NetName=NetC86_2 Pin=C86-2
Added Pin To Net: NetName=NetD1_2 Pin=D1-2
Added Pin To Net: NetName=NetD2_2 Pin=D2-2
Added Pin To Net: NetName=NetD3_1 Pin=D3-1
Added Pin To Net: NetName=VCC=5.0V Pin=D3-2
Added Pin To Net: NetName=NetD4_1 Pin=D4-1
Added Pin To Net: NetName=NetD4_2 Pin=D4-2
Added Pin To Net: NetName=NetD5_1 Pin=D5-1
Added Pin To Net: NetName=VCC=5.0V Pin=D5-2
Added Pin To Net: NetName=NetD6_1 Pin=D6-1
Added Pin To Net: NetName=NetD6_2 Pin=D6-2
Added Pin To Net: NetName=NetD7_1 Pin=D7-1
Added Pin To Net: NetName=VCC=5.0V Pin=D7-2
Added Pin To Net: NetName=NetD8_1 Pin=D8-1
Added Pin To Net: NetName=NetD8_2 Pin=D8-2
Added Pin To Net: NetName=NetD9_1 Pin=D9-1
Added Pin To Net: NetName=VCC=5.0V Pin=D9-2
Added Pin To Net: NetName=NetD10_1 Pin=D10-1
Added Pin To Net: NetName=NetD10_2 Pin=D10-2
Added Pin To Net: NetName=NetD11_1 Pin=D11-1
Added Pin To Net: NetName=VCC=5.0V Pin=D11-2
Added Pin To Net: NetName=NetD12_1 Pin=D12-1
Added Pin To Net: NetName=NetD12_2 Pin=D12-2
Added Pin To Net: NetName=NetD13_1 Pin=D13-1
Added Pin To Net: NetName=VCC=5.0V Pin=D13-2
Added Pin To Net: NetName=NetD14_1 Pin=D14-1
Added Pin To Net: NetName=NetD14_2 Pin=D14-2
Added Pin To Net: NetName=NetD15_1 Pin=D15-1
Added Pin To Net: NetName=VCC=5.0V Pin=D15-2
Added Pin To Net: NetName=NetD16_1 Pin=D16-1
Added Pin To Net: NetName=NetD16_2 Pin=D16-2
Added Pin To Net: NetName=NetD17_1 Pin=D17-1
Added Pin To Net: NetName=VCC=5.0V Pin=D17-2
Added Pin To Net: NetName=NetD18_1 Pin=D18-1
Added Pin To Net: NetName=NetD18_2 Pin=D18-2
Added Pin To Net: NetName=NetD19_1 Pin=D19-1
Added Pin To Net: NetName=VCC=5.0V Pin=D19-2
Added Pin To Net: NetName=NetD20_1 Pin=D20-1
Added Pin To Net: NetName=NetD20_2 Pin=D20-2
Added Pin To Net: NetName=NetD21_1 Pin=D21-1
Added Pin To Net: NetName=VCC=5.0V Pin=D21-2
Added Pin To Net: NetName=NetD22_1 Pin=D22-1
Added Pin To Net: NetName=NetD22_2 Pin=D22-2
Added Pin To Net: NetName=NetE1_1 Pin=E1-1
Added Pin To Net: NetName=NetE2_1 Pin=E2-1
Added Pin To Net: NetName=NetC1_1 Pin=J1-1A
Added Pin To Net: NetName=NetC1_1 Pin=J1-1B
Added Pin To Net: NetName=NetC1_1 Pin=J1-1
Added Pin To Net: NetName=NetC12_1 Pin=J2-1
Added Pin To Net: NetName=VCC=3.3V Pin=J2-2
Added Pin To Net: NetName=NetC13_1 Pin=J2-3
Added Pin To Net: NetName=NetC14_1 Pin=J2-4
Added Pin To Net: NetName=VCC=3.3V Pin=J2-5
Added Pin To Net: NetName=NetC15_1 Pin=J2-6
Added Pin To Net: NetName=NetJ2_9 Pin=J2-9
Added Pin To Net: NetName=NetJ2_10 Pin=J2-10
Added Pin To Net: NetName=NetJ2_11 Pin=J2-11
Added Pin To Net: NetName=NetJ2_12 Pin=J2-12
Added Pin To Net: NetName=NetJ3_1 Pin=J3-1
Added Pin To Net: NetName=NetJ4_1 Pin=J4-1
Added Pin To Net: NetName=NetJ5_1 Pin=J5-1
Added Pin To Net: NetName=NetJ6_1 Pin=J6-1
Added Pin To Net: NetName=NetJ7_1 Pin=J7-1
Added Pin To Net: NetName=NetJ8_1 Pin=J8-1
Added Pin To Net: NetName=NetJ9_1 Pin=J9-1
Added Pin To Net: NetName=NetJ10_1 Pin=J10-1
Added Pin To Net: NetName=NetJ11_1 Pin=J11-1
Added Pin To Net: NetName=NetJ12_1 Pin=J12-1
Added Pin To Net: NetName=NetJ3_1 Pin=K1-1
Added Pin To Net: NetName=NetK1_2 Pin=K1-2
Added Pin To Net: NetName=VCC=5.0V Pin=K1-4
Added Pin To Net: NetName=NetD3_1 Pin=K1-5
Added Pin To Net: NetName=NetJ4_1 Pin=K2-1
Added Pin To Net: NetName=NetK2_2 Pin=K2-2
Added Pin To Net: NetName=VCC=5.0V Pin=K2-4
Added Pin To Net: NetName=NetD5_1 Pin=K2-5
Added Pin To Net: NetName=NetJ5_1 Pin=K3-1
Added Pin To Net: NetName=NetK3_2 Pin=K3-2
Added Pin To Net: NetName=VCC=5.0V Pin=K3-4
Added Pin To Net: NetName=NetD7_1 Pin=K3-5
Added Pin To Net: NetName=NetJ6_1 Pin=K4-1
Added Pin To Net: NetName=NetK4_2 Pin=K4-2
Added Pin To Net: NetName=VCC=5.0V Pin=K4-4
Added Pin To Net: NetName=NetD9_1 Pin=K4-5
Added Pin To Net: NetName=NetJ7_1 Pin=K5-1
Added Pin To Net: NetName=NetK5_2 Pin=K5-2
Added Pin To Net: NetName=VCC=5.0V Pin=K5-4
Added Pin To Net: NetName=NetD11_1 Pin=K5-5
Added Pin To Net: NetName=NetJ8_1 Pin=K6-1
Added Pin To Net: NetName=NetK6_2 Pin=K6-2
Added Pin To Net: NetName=VCC=5.0V Pin=K6-4
Added Pin To Net: NetName=NetD13_1 Pin=K6-5
Added Pin To Net: NetName=NetJ9_1 Pin=K7-1
Added Pin To Net: NetName=NetK7_2 Pin=K7-2
Added Pin To Net: NetName=VCC=5.0V Pin=K7-4
Added Pin To Net: NetName=NetD15_1 Pin=K7-5
Added Pin To Net: NetName=NetJ10_1 Pin=K8-1
Added Pin To Net: NetName=NetK8_2 Pin=K8-2
Added Pin To Net: NetName=VCC=5.0V Pin=K8-4
Added Pin To Net: NetName=NetD17_1 Pin=K8-5
Added Pin To Net: NetName=NetJ11_1 Pin=K9-1
Added Pin To Net: NetName=NetK9_2 Pin=K9-2
Added Pin To Net: NetName=VCC=5.0V Pin=K9-4
Added Pin To Net: NetName=NetD19_1 Pin=K9-5
Added Pin To Net: NetName=NetJ12_1 Pin=K10-1
Added Pin To Net: NetName=NetK10_2 Pin=K10-2
Added Pin To Net: NetName=VCC=5.0V Pin=K10-4
Added Pin To Net: NetName=NetD21_1 Pin=K10-5
Added Pin To Net: NetName=NetD1_2 Pin=L1-1
Added Pin To Net: NetName=VCC=3.3V Pin=L1-2
Added Pin To Net: NetName=NetD2_2 Pin=L2-1
Added Pin To Net: NetName=VCC=5.0V Pin=L2-2
Added Pin To Net: NetName=VDD=3.3V Pin=L3-1
Added Pin To Net: NetName=NetC5_1 Pin=L3-2
Added Pin To Net: NetName=VCC=3.3V Pin=M1-6
Added Pin To Net: NetName=NetM1_7 Pin=M1-7
Added Pin To Net: NetName=NetM1_8 Pin=M1-8
Added Pin To Net: NetName=VCC=3.3V Pin=P1-1
Added Pin To Net: NetName=NetP1_2 Pin=P1-2
Added Pin To Net: NetName=NetP1_3 Pin=P1-3
Added Pin To Net: NetName=NetC47_2 Pin=P1-4
Added Pin To Net: NetName=NetQ1_B Pin=Q1-B
Added Pin To Net: NetName=NetD3_1 Pin=Q1-C
Added Pin To Net: NetName=NetQ2_B Pin=Q2-B
Added Pin To Net: NetName=NetD5_1 Pin=Q2-C
Added Pin To Net: NetName=NetQ3_B Pin=Q3-B
Added Pin To Net: NetName=NetD7_1 Pin=Q3-C
Added Pin To Net: NetName=NetQ4_B Pin=Q4-B
Added Pin To Net: NetName=NetD9_1 Pin=Q4-C
Added Pin To Net: NetName=NetQ5_B Pin=Q5-B
Added Pin To Net: NetName=NetD11_1 Pin=Q5-C
Added Pin To Net: NetName=NetQ6_B Pin=Q6-B
Added Pin To Net: NetName=NetD13_1 Pin=Q6-C
Added Pin To Net: NetName=NetQ7_B Pin=Q7-B
Added Pin To Net: NetName=NetD15_1 Pin=Q7-C
Added Pin To Net: NetName=NetQ8_B Pin=Q8-B
Added Pin To Net: NetName=NetD17_1 Pin=Q8-C
Added Pin To Net: NetName=NetQ9_B Pin=Q9-B
Added Pin To Net: NetName=NetD19_1 Pin=Q9-C
Added Pin To Net: NetName=NetQ10_B Pin=Q10-B
Added Pin To Net: NetName=NetD21_1 Pin=Q10-C
Added Pin To Net: NetName=NetR1_1 Pin=R1-1
Added Pin To Net: NetName=VCC=3.3V Pin=R1-2
Added Pin To Net: NetName=NetR1_1 Pin=R2-2
Added Pin To Net: NetName=NetR3_1 Pin=R3-1
Added Pin To Net: NetName=VCC=5.0V Pin=R3-2
Added Pin To Net: NetName=NetR3_1 Pin=R4-2
Added Pin To Net: NetName=NetR5_1 Pin=R5-1
Added Pin To Net: NetName=VDD=3.3V Pin=R5-2
Added Pin To Net: NetName=NetC12_1 Pin=R6-1
Added Pin To Net: NetName=NetC5_1 Pin=R6-2
Added Pin To Net: NetName=NetC13_1 Pin=R7-1
Added Pin To Net: NetName=NetC5_1 Pin=R7-2
Added Pin To Net: NetName=NetC14_1 Pin=R8-1
Added Pin To Net: NetName=NetC5_1 Pin=R8-2
Added Pin To Net: NetName=NetC15_1 Pin=R9-1
Added Pin To Net: NetName=NetC5_1 Pin=R9-2
Added Pin To Net: NetName=NetR10_1 Pin=R10-1
Added Pin To Net: NetName=NetR10_2 Pin=R10-2
Added Pin To Net: NetName=NetR11_1 Pin=R11-1
Added Pin To Net: NetName=NetR11_2 Pin=R11-2
Added Pin To Net: NetName=NetR12_1 Pin=R12-1
Added Pin To Net: NetName=NetR12_2 Pin=R12-2
Added Pin To Net: NetName=NetR13_1 Pin=R13-1
Added Pin To Net: NetName=NetR13_2 Pin=R13-2
Added Pin To Net: NetName=NetR14_2 Pin=R14-2
Added Pin To Net: NetName=NetC17_1 Pin=R15-1
Added Pin To Net: NetName=VCC=3.3V Pin=R15-2
Added Pin To Net: NetName=NetR16_2 Pin=R16-2
Added Pin To Net: NetName=VCC=3.3V Pin=R17-1
Added Pin To Net: NetName=NetJ2_10 Pin=R17-2
Added Pin To Net: NetName=VCC=3.3V Pin=R18-1
Added Pin To Net: NetName=NetJ2_12 Pin=R18-2
Added Pin To Net: NetName=NetK1_2 Pin=R19-1
Added Pin To Net: NetName=NetC23_2 Pin=R19-2
Added Pin To Net: NetName=NetK1_2 Pin=R20-1
Added Pin To Net: NetName=NetR20_2 Pin=R20-2
Added Pin To Net: NetName=NetR20_2 Pin=R21-1
Added Pin To Net: NetName=NetR21_2 Pin=R21-2
Added Pin To Net: NetName=NetR20_2 Pin=R22-1
Added Pin To Net: NetName=NetC25_1 Pin=R22-2
Added Pin To Net: NetName=NetR23_1 Pin=R23-1
Added Pin To Net: NetName=VCC=3.3V Pin=R23-2
Added Pin To Net: NetName=NetR21_2 Pin=R24-1
Added Pin To Net: NetName=NetC31_2 Pin=R24-2
Added Pin To Net: NetName=NetC31_2 Pin=R25-1
Added Pin To Net: NetName=NetC36_1 Pin=R26-1
Added Pin To Net: NetName=NetC30_1 Pin=R26-2
Added Pin To Net: NetName=VCC=3.3V Pin=R27-1
Added Pin To Net: NetName=NetR27_2 Pin=R27-2
Added Pin To Net: NetName=NetK2_2 Pin=R28-1
Added Pin To Net: NetName=NetC35_2 Pin=R28-2
Added Pin To Net: NetName=NetK2_2 Pin=R29-1
Added Pin To Net: NetName=NetR29_2 Pin=R29-2
Added Pin To Net: NetName=NetR30_1 Pin=R30-1
Added Pin To Net: NetName=NetQ1_B Pin=R30-2
Added Pin To Net: NetName=NetR29_2 Pin=R31-1
Added Pin To Net: NetName=NetR31_2 Pin=R31-2
Added Pin To Net: NetName=NetR29_2 Pin=R32-1
Added Pin To Net: NetName=NetC37_1 Pin=R32-2
Added Pin To Net: NetName=NetR31_2 Pin=R33-1
Added Pin To Net: NetName=NetC39_2 Pin=R33-2
Added Pin To Net: NetName=NetQ1_B Pin=R34-2
Added Pin To Net: NetName=NetC39_2 Pin=R35-1
Added Pin To Net: NetName=VCC=3.3V Pin=R36-1
Added Pin To Net: NetName=NetR36_2 Pin=R36-2
Added Pin To Net: NetName=NetC40_1 Pin=R37-1
Added Pin To Net: NetName=NetC38_1 Pin=R37-2
Added Pin To Net: NetName=NetK3_2 Pin=R38-1
Added Pin To Net: NetName=NetC43_2 Pin=R38-2
Added Pin To Net: NetName=NetR39_1 Pin=R39-1
Added Pin To Net: NetName=NetQ2_B Pin=R39-2
Added Pin To Net: NetName=NetK3_2 Pin=R40-1
Added Pin To Net: NetName=NetR40_2 Pin=R40-2
Added Pin To Net: NetName=NetR40_2 Pin=R41-1
Added Pin To Net: NetName=NetR41_2 Pin=R41-2
Added Pin To Net: NetName=NetR40_2 Pin=R42-1
Added Pin To Net: NetName=NetC44_1 Pin=R42-2
Added Pin To Net: NetName=NetQ2_B Pin=R43-2
Added Pin To Net: NetName=NetR41_2 Pin=R44-1
Added Pin To Net: NetName=NetC46_2 Pin=R44-2
Added Pin To Net: NetName=VCC=3.3V Pin=R45-1
Added Pin To Net: NetName=NetR45_2 Pin=R45-2
Added Pin To Net: NetName=NetC46_2 Pin=R46-1
Added Pin To Net: NetName=NetC47_2 Pin=R47-1
Added Pin To Net: NetName=VCC=3.3V Pin=R47-2
Added Pin To Net: NetName=NetR48_1 Pin=R48-1
Added Pin To Net: NetName=NetQ3_B Pin=R48-2
Added Pin To Net: NetName=NetQ3_B Pin=R49-2
Added Pin To Net: NetName=VCC=3.3V Pin=R50-1
Added Pin To Net: NetName=NetR50_2 Pin=R50-2
Added Pin To Net: NetName=NetK4_2 Pin=R51-1
Added Pin To Net: NetName=NetC48_2 Pin=R51-2
Added Pin To Net: NetName=NetK4_2 Pin=R52-1
Added Pin To Net: NetName=NetR52_2 Pin=R52-2
Added Pin To Net: NetName=NetR52_2 Pin=R53-1
Added Pin To Net: NetName=NetR53_2 Pin=R53-2
Added Pin To Net: NetName=NetR54_1 Pin=R54-1
Added Pin To Net: NetName=NetQ4_B Pin=R54-2
Added Pin To Net: NetName=NetR52_2 Pin=R55-1
Added Pin To Net: NetName=NetC49_1 Pin=R55-2
Added Pin To Net: NetName=NetR53_2 Pin=R56-1
Added Pin To Net: NetName=NetC50_2 Pin=R56-2
Added Pin To Net: NetName=NetQ4_B Pin=R57-2
Added Pin To Net: NetName=NetC50_2 Pin=R58-1
Added Pin To Net: NetName=VCC=3.3V Pin=R59-1
Added Pin To Net: NetName=NetR59_2 Pin=R59-2
Added Pin To Net: NetName=NetK5_2 Pin=R60-1
Added Pin To Net: NetName=NetC54_2 Pin=R60-2
Added Pin To Net: NetName=NetR61_1 Pin=R61-1
Added Pin To Net: NetName=NetQ5_B Pin=R61-2
Added Pin To Net: NetName=NetK5_2 Pin=R62-1
Added Pin To Net: NetName=NetR62_2 Pin=R62-2
Added Pin To Net: NetName=NetR62_2 Pin=R63-1
Added Pin To Net: NetName=NetR63_2 Pin=R63-2
Added Pin To Net: NetName=NetR62_2 Pin=R64-1
Added Pin To Net: NetName=NetC55_1 Pin=R64-2
Added Pin To Net: NetName=NetQ5_B Pin=R65-2
Added Pin To Net: NetName=NetR63_2 Pin=R66-1
Added Pin To Net: NetName=NetC56_2 Pin=R66-2
Added Pin To Net: NetName=VCC=3.3V Pin=R67-1
Added Pin To Net: NetName=NetR67_2 Pin=R67-2
Added Pin To Net: NetName=NetC56_2 Pin=R68-1
Added Pin To Net: NetName=NetR69_1 Pin=R69-1
Added Pin To Net: NetName=NetQ6_B Pin=R69-2
Added Pin To Net: NetName=NetK6_2 Pin=R70-1
Added Pin To Net: NetName=NetC57_2 Pin=R70-2
Added Pin To Net: NetName=NetQ6_B Pin=R71-2
Added Pin To Net: NetName=NetK6_2 Pin=R72-1
Added Pin To Net: NetName=NetR72_2 Pin=R72-2
Added Pin To Net: NetName=NetR72_2 Pin=R73-1
Added Pin To Net: NetName=NetR73_2 Pin=R73-2
Added Pin To Net: NetName=NetR72_2 Pin=R74-1
Added Pin To Net: NetName=NetC58_1 Pin=R74-2
Added Pin To Net: NetName=NetR73_2 Pin=R75-1
Added Pin To Net: NetName=NetC59_2 Pin=R75-2
Added Pin To Net: NetName=NetC59_2 Pin=R76-1
Added Pin To Net: NetName=NetK7_2 Pin=R77-1
Added Pin To Net: NetName=NetC63_2 Pin=R77-2
Added Pin To Net: NetName=NetK7_2 Pin=R78-1
Added Pin To Net: NetName=NetR78_2 Pin=R78-2
Added Pin To Net: NetName=VCC=3.3V Pin=R79-1
Added Pin To Net: NetName=NetR79_2 Pin=R79-2
Added Pin To Net: NetName=NetR78_2 Pin=R80-1
Added Pin To Net: NetName=NetR80_2 Pin=R80-2
Added Pin To Net: NetName=NetR78_2 Pin=R81-1
Added Pin To Net: NetName=NetC64_1 Pin=R81-2
Added Pin To Net: NetName=NetR80_2 Pin=R82-1
Added Pin To Net: NetName=NetC65_2 Pin=R82-2
Added Pin To Net: NetName=NetR83_1 Pin=R83-1
Added Pin To Net: NetName=NetQ7_B Pin=R83-2
Added Pin To Net: NetName=NetC65_2 Pin=R84-1
Added Pin To Net: NetName=NetQ7_B Pin=R85-2
Added Pin To Net: NetName=NetK8_2 Pin=R86-1
Added Pin To Net: NetName=NetC66_2 Pin=R86-2
Added Pin To Net: NetName=VCC=3.3V Pin=R87-1
Added Pin To Net: NetName=NetR87_2 Pin=R87-2
Added Pin To Net: NetName=NetK8_2 Pin=R88-1
Added Pin To Net: NetName=NetR88_2 Pin=R88-2
Added Pin To Net: NetName=NetR88_2 Pin=R89-1
Added Pin To Net: NetName=NetR89_2 Pin=R89-2
Added Pin To Net: NetName=NetR88_2 Pin=R90-1
Added Pin To Net: NetName=NetC67_1 Pin=R90-2
Added Pin To Net: NetName=NetR91_1 Pin=R91-1
Added Pin To Net: NetName=NetQ8_B Pin=R91-2
Added Pin To Net: NetName=NetR89_2 Pin=R92-1
Added Pin To Net: NetName=NetC68_2 Pin=R92-2
Added Pin To Net: NetName=NetC68_2 Pin=R93-1
Added Pin To Net: NetName=NetQ8_B Pin=R94-2
Added Pin To Net: NetName=VCC=3.3V Pin=R95-1
Added Pin To Net: NetName=NetR95_2 Pin=R95-2
Added Pin To Net: NetName=NetR96_1 Pin=R96-1
Added Pin To Net: NetName=NetQ9_B Pin=R96-2
Added Pin To Net: NetName=NetK9_2 Pin=R97-1
Added Pin To Net: NetName=NetC72_2 Pin=R97-2
Added Pin To Net: NetName=NetK9_2 Pin=R98-1
Added Pin To Net: NetName=NetR98_2 Pin=R98-2
Added Pin To Net: NetName=NetQ9_B Pin=R99-2
Added Pin To Net: NetName=NetR98_2 Pin=R100-1
Added Pin To Net: NetName=NetR100_2 Pin=R100-2
Added Pin To Net: NetName=NetR98_2 Pin=R101-1
Added Pin To Net: NetName=NetC73_1 Pin=R101-2
Added Pin To Net: NetName=NetR100_2 Pin=R102-1
Added Pin To Net: NetName=NetC74_2 Pin=R102-2
Added Pin To Net: NetName=VCC=3.3V Pin=R103-1
Added Pin To Net: NetName=NetR103_2 Pin=R103-2
Added Pin To Net: NetName=NetC74_2 Pin=R104-1
Added Pin To Net: NetName=NetR105_1 Pin=R105-1
Added Pin To Net: NetName=NetQ10_B Pin=R105-2
Added Pin To Net: NetName=NetK10_2 Pin=R106-1
Added Pin To Net: NetName=NetC75_2 Pin=R106-2
Added Pin To Net: NetName=NetQ10_B Pin=R107-2
Added Pin To Net: NetName=NetK10_2 Pin=R108-1
Added Pin To Net: NetName=NetR108_2 Pin=R108-2
Added Pin To Net: NetName=NetR108_2 Pin=R109-1
Added Pin To Net: NetName=NetR109_2 Pin=R109-2
Added Pin To Net: NetName=NetR108_2 Pin=R110-1
Added Pin To Net: NetName=NetC76_1 Pin=R110-2
Added Pin To Net: NetName=NetR109_2 Pin=R111-1
Added Pin To Net: NetName=NetC77_2 Pin=R111-2
Added Pin To Net: NetName=NetC77_2 Pin=R112-1
Added Pin To Net: NetName=NetR113_1 Pin=R113-1
Added Pin To Net: NetName=NetC82_2 Pin=R113-2
Added Pin To Net: NetName=NetC83_2 Pin=R114-1
Added Pin To Net: NetName=NetR114_2 Pin=R114-2
Added Pin To Net: NetName=NetC84_2 Pin=R115-1
Added Pin To Net: NetName=VCC=3.3V Pin=R115-2
Added Pin To Net: NetName=VCC=3.3V Pin=TP1-1
Added Pin To Net: NetName=VCC=5.0V Pin=TP2-1
Added Pin To Net: NetName=NetC12_1 Pin=TP3-1
Added Pin To Net: NetName=NetC13_1 Pin=TP4-1
Added Pin To Net: NetName=NetC14_1 Pin=TP5-1
Added Pin To Net: NetName=NetC15_1 Pin=TP6-1
Added Pin To Net: NetName=NetC19_1 Pin=TP7-1
Added Pin To Net: NetName=NetM1_8 Pin=TP8-1
Added Pin To Net: NetName=NetM1_7 Pin=TP9-1
Added Pin To Net: NetName=NetC40_1 Pin=TP11-1
Added Pin To Net: NetName=NetC81_1 Pin=TP23-1
Added Pin To Net: NetName=NetTP24_1 Pin=TP24-1
Added Pin To Net: NetName=NetTP25_1 Pin=TP25-1
Added Pin To Net: NetName=NetC1_1 Pin=U1-1
Added Pin To Net: NetName=NetD1_2 Pin=U1-2
Added Pin To Net: NetName=NetR1_1 Pin=U1-4
Added Pin To Net: NetName=NetC1_1 Pin=U2-1
Added Pin To Net: NetName=NetD2_2 Pin=U2-2
Added Pin To Net: NetName=NetR3_1 Pin=U2-4
Added Pin To Net: NetName=NetC5_1 Pin=U3-1
Added Pin To Net: NetName=NetJ2_11 Pin=U3-2
Added Pin To Net: NetName=NetJ2_9 Pin=U3-3
Added Pin To Net: NetName=NetC19_1 Pin=U3-4
Added Pin To Net: NetName=NetC10_1 Pin=U3-6
Added Pin To Net: NetName=NetR11_1 Pin=U3-7
Added Pin To Net: NetName=NetR10_1 Pin=U3-8
Added Pin To Net: NetName=VDD=3.3V Pin=U3-9
Added Pin To Net: NetName=NetR13_1 Pin=U3-10
Added Pin To Net: NetName=NetR12_1 Pin=U3-11
Added Pin To Net: NetName=NetR5_1 Pin=U3-12
Added Pin To Net: NetName=NetU3_13 Pin=U3-13
Added Pin To Net: NetName=NetR14_2 Pin=U3-14
Added Pin To Net: NetName=NetC17_1 Pin=U3-15
Added Pin To Net: NetName=NetU3_16 Pin=U3-16
Added Pin To Net: NetName=NetU3_17 Pin=U3-17
Added Pin To Net: NetName=NetU3_18 Pin=U3-18
Added Pin To Net: NetName=NetC5_1 Pin=U3-19
Added Pin To Net: NetName=NetC13_1 Pin=U3-20
Added Pin To Net: NetName=NetC12_1 Pin=U3-21
Added Pin To Net: NetName=NetC15_1 Pin=U3-22
Added Pin To Net: NetName=NetC14_1 Pin=U3-23
Added Pin To Net: NetName=NetR16_2 Pin=U3-24
Added Pin To Net: NetName=NetU4_1 Pin=U4-1
Added Pin To Net: NetName=NetC40_1 Pin=U4-2
Added Pin To Net: NetName=NetC38_1 Pin=U4-3
Added Pin To Net: NetName=NetR23_1 Pin=U4-8
Added Pin To Net: NetName=NetC31_2 Pin=U4-9
Added Pin To Net: NetName=NetC23_2 Pin=U4-11
Added Pin To Net: NetName=NetC25_1 Pin=U4-12
Added Pin To Net: NetName=NetC35_2 Pin=U4-13
Added Pin To Net: NetName=NetC37_1 Pin=U4-14
Added Pin To Net: NetName=NetC39_2 Pin=U4-15
Added Pin To Net: NetName=NetC22_1 Pin=U4-21
Added Pin To Net: NetName=NetC21_2 Pin=U4-22
Added Pin To Net: NetName=VCC=3.3V Pin=U4-23
Added Pin To Net: NetName=NetC20_1 Pin=U4-27
Added Pin To Net: NetName=NetU4_29 Pin=U4-29
Added Pin To Net: NetName=NetU4_30 Pin=U4-30
Added Pin To Net: NetName=NetU4_32 Pin=U4-32
Added Pin To Net: NetName=NetR27_2 Pin=U5-1
Added Pin To Net: NetName=NetD4_1 Pin=U5-2
Added Pin To Net: NetName=NetR30_1 Pin=U5-4
Added Pin To Net: NetName=VCC=5.0V Pin=U5-5
Added Pin To Net: NetName=NetU3_16 Pin=U6-1
Added Pin To Net: NetName=NetU3_17 Pin=U6-2
Added Pin To Net: NetName=NetU3_18 Pin=U6-3
Added Pin To Net: NetName=NetU4_30 Pin=U6-4
Added Pin To Net: NetName=NetU4_32 Pin=U6-5
Added Pin To Net: NetName=NetC47_2 Pin=U6-7
Added Pin To Net: NetName=NetU4_29 Pin=U6-8
Added Pin To Net: NetName=VCC=3.3V Pin=U6-10
Added Pin To Net: NetName=NetU6_11 Pin=U6-11
Added Pin To Net: NetName=NetU6_12 Pin=U6-12
Added Pin To Net: NetName=NetU6_13 Pin=U6-13
Added Pin To Net: NetName=NetU6_14 Pin=U6-14
Added Pin To Net: NetName=NetP1_3 Pin=U6-15
Added Pin To Net: NetName=NetP1_2 Pin=U6-16
Added Pin To Net: NetName=NetU6_17 Pin=U6-17
Added Pin To Net: NetName=NetD22_2 Pin=U6-18
Added Pin To Net: NetName=VCC=3.3V Pin=U6-19
Added Pin To Net: NetName=NetD20_2 Pin=U6-21
Added Pin To Net: NetName=VCC=3.3V Pin=U6-26
Added Pin To Net: NetName=NetU6_27 Pin=U6-27
Added Pin To Net: NetName=NetU6_29 Pin=U6-29
Added Pin To Net: NetName=NetU3_13 Pin=U6-30
Added Pin To Net: NetName=NetU6_31 Pin=U6-31
Added Pin To Net: NetName=NetU6_32 Pin=U6-32
Added Pin To Net: NetName=VCC=3.3V Pin=U6-38
Added Pin To Net: NetName=NetC36_1 Pin=U6-39
Added Pin To Net: NetName=NetC30_1 Pin=U6-40
Added Pin To Net: NetName=NetR12_2 Pin=U6-44
Added Pin To Net: NetName=NetD18_2 Pin=U6-47
Added Pin To Net: NetName=NetD16_2 Pin=U6-48
Added Pin To Net: NetName=NetR5_1 Pin=U6-49
Added Pin To Net: NetName=NetM1_8 Pin=U6-50
Added Pin To Net: NetName=NetM1_7 Pin=U6-51
Added Pin To Net: NetName=NetD14_2 Pin=U6-52
Added Pin To Net: NetName=NetD12_2 Pin=U6-53
Added Pin To Net: NetName=NetD10_2 Pin=U6-54
Added Pin To Net: NetName=NetD8_2 Pin=U6-55
Added Pin To Net: NetName=NetC34_1 Pin=U6-56
Added Pin To Net: NetName=VCC=3.3V Pin=U6-57
Added Pin To Net: NetName=NetD6_2 Pin=U6-58
Added Pin To Net: NetName=NetD4_2 Pin=U6-59
Added Pin To Net: NetName=NetR11_2 Pin=U6-60
Added Pin To Net: NetName=NetR10_2 Pin=U6-61
Added Pin To Net: NetName=NetU6_62 Pin=U6-62
Added Pin To Net: NetName=NetR14_2 Pin=U6-63
Added Pin To Net: NetName=NetR13_2 Pin=U6-64
Added Pin To Net: NetName=NetR36_2 Pin=U7-1
Added Pin To Net: NetName=NetD6_1 Pin=U7-2
Added Pin To Net: NetName=NetR39_1 Pin=U7-4
Added Pin To Net: NetName=VCC=5.0V Pin=U7-5
Added Pin To Net: NetName=NetU8_1 Pin=U8-1
Added Pin To Net: NetName=NetU4_1 Pin=U8-2
Added Pin To Net: NetName=NetR23_1 Pin=U8-8
Added Pin To Net: NetName=NetC46_2 Pin=U8-9
Added Pin To Net: NetName=NetC43_2 Pin=U8-11
Added Pin To Net: NetName=NetC44_1 Pin=U8-12
Added Pin To Net: NetName=NetC48_2 Pin=U8-13
Added Pin To Net: NetName=NetC49_1 Pin=U8-14
Added Pin To Net: NetName=NetC50_2 Pin=U8-15
Added Pin To Net: NetName=NetC45_1 Pin=U8-21
Added Pin To Net: NetName=NetC42_2 Pin=U8-22
Added Pin To Net: NetName=VCC=3.3V Pin=U8-23
Added Pin To Net: NetName=NetC41_1 Pin=U8-27
Added Pin To Net: NetName=NetU6_11 Pin=U8-29
Added Pin To Net: NetName=NetU4_30 Pin=U8-30
Added Pin To Net: NetName=NetU4_32 Pin=U8-32
Added Pin To Net: NetName=NetR45_2 Pin=U9-1
Added Pin To Net: NetName=NetD8_1 Pin=U9-2
Added Pin To Net: NetName=NetR48_1 Pin=U9-4
Added Pin To Net: NetName=VCC=5.0V Pin=U9-5
Added Pin To Net: NetName=NetU6_27 Pin=U10-1
Added Pin To Net: NetName=NetU6_31 Pin=U10-2
Added Pin To Net: NetName=NetU6_32 Pin=U10-5
Added Pin To Net: NetName=NetU6_29 Pin=U10-6
Added Pin To Net: NetName=VCC Pin=U10-8
Added Pin To Net: NetName=NetR50_2 Pin=U11-1
Added Pin To Net: NetName=NetD10_1 Pin=U11-2
Added Pin To Net: NetName=NetR54_1 Pin=U11-4
Added Pin To Net: NetName=VCC=5.0V Pin=U11-5
Added Pin To Net: NetName=NetR59_2 Pin=U12-1
Added Pin To Net: NetName=NetD12_1 Pin=U12-2
Added Pin To Net: NetName=NetR61_1 Pin=U12-4
Added Pin To Net: NetName=VCC=5.0V Pin=U12-5
Added Pin To Net: NetName=NetU13_1 Pin=U13-1
Added Pin To Net: NetName=NetU8_1 Pin=U13-2
Added Pin To Net: NetName=NetR23_1 Pin=U13-8
Added Pin To Net: NetName=NetC56_2 Pin=U13-9
Added Pin To Net: NetName=NetC54_2 Pin=U13-11
Added Pin To Net: NetName=NetC55_1 Pin=U13-12
Added Pin To Net: NetName=NetC57_2 Pin=U13-13
Added Pin To Net: NetName=NetC58_1 Pin=U13-14
Added Pin To Net: NetName=NetC59_2 Pin=U13-15
Added Pin To Net: NetName=NetC53_1 Pin=U13-21
Added Pin To Net: NetName=NetC52_2 Pin=U13-22
Added Pin To Net: NetName=VCC=3.3V Pin=U13-23
Added Pin To Net: NetName=NetC51_1 Pin=U13-27
Added Pin To Net: NetName=NetU6_12 Pin=U13-29
Added Pin To Net: NetName=NetU4_30 Pin=U13-30
Added Pin To Net: NetName=NetU4_32 Pin=U13-32
Added Pin To Net: NetName=NetR67_2 Pin=U14-1
Added Pin To Net: NetName=NetD14_1 Pin=U14-2
Added Pin To Net: NetName=NetR69_1 Pin=U14-4
Added Pin To Net: NetName=VCC=5.0V Pin=U14-5
Added Pin To Net: NetName=NetR79_2 Pin=U15-1
Added Pin To Net: NetName=NetD16_1 Pin=U15-2
Added Pin To Net: NetName=NetR83_1 Pin=U15-4
Added Pin To Net: NetName=VCC=5.0V Pin=U15-5
Added Pin To Net: NetName=NetU16_1 Pin=U16-1
Added Pin To Net: NetName=NetU6_62 Pin=U16-2
Added Pin To Net: NetName=NetR23_1 Pin=U16-8
Added Pin To Net: NetName=NetC65_2 Pin=U16-9
Added Pin To Net: NetName=NetC65_1 Pin=U16-10
Added Pin To Net: NetName=NetC63_2 Pin=U16-11
Added Pin To Net: NetName=NetC64_1 Pin=U16-12
Added Pin To Net: NetName=NetC66_2 Pin=U16-13
Added Pin To Net: NetName=NetC67_1 Pin=U16-14
Added Pin To Net: NetName=NetC68_2 Pin=U16-15
Added Pin To Net: NetName=NetC62_1 Pin=U16-21
Added Pin To Net: NetName=NetC61_2 Pin=U16-22
Added Pin To Net: NetName=VCC=3.3V Pin=U16-23
Added Pin To Net: NetName=NetC60_1 Pin=U16-27
Added Pin To Net: NetName=NetU6_14 Pin=U16-29
Added Pin To Net: NetName=NetU4_30 Pin=U16-30
Added Pin To Net: NetName=NetU4_32 Pin=U16-32
Added Pin To Net: NetName=NetR87_2 Pin=U17-1
Added Pin To Net: NetName=NetD18_1 Pin=U17-2
Added Pin To Net: NetName=NetR91_1 Pin=U17-4
Added Pin To Net: NetName=VCC=5.0V Pin=U17-5
Added Pin To Net: NetName=NetR95_2 Pin=U18-1
Added Pin To Net: NetName=NetD20_1 Pin=U18-2
Added Pin To Net: NetName=NetR96_1 Pin=U18-4
Added Pin To Net: NetName=VCC=5.0V Pin=U18-5
Added Pin To Net: NetName=NetU16_1 Pin=U19-2
Added Pin To Net: NetName=NetR23_1 Pin=U19-8
Added Pin To Net: NetName=NetC74_2 Pin=U19-9
Added Pin To Net: NetName=NetC72_2 Pin=U19-11
Added Pin To Net: NetName=NetC73_1 Pin=U19-12
Added Pin To Net: NetName=NetC75_2 Pin=U19-13
Added Pin To Net: NetName=NetC76_1 Pin=U19-14
Added Pin To Net: NetName=NetC77_2 Pin=U19-15
Added Pin To Net: NetName=NetC71_1 Pin=U19-21
Added Pin To Net: NetName=NetC70_2 Pin=U19-22
Added Pin To Net: NetName=VCC=3.3V Pin=U19-23
Added Pin To Net: NetName=NetC69_1 Pin=U19-27
Added Pin To Net: NetName=NetU6_13 Pin=U19-29
Added Pin To Net: NetName=NetU4_30 Pin=U19-30
Added Pin To Net: NetName=NetU4_32 Pin=U19-32
Added Pin To Net: NetName=NetR103_2 Pin=U20-1
Added Pin To Net: NetName=NetD22_1 Pin=U20-2
Added Pin To Net: NetName=NetR105_1 Pin=U20-4
Added Pin To Net: NetName=VCC=5.0V Pin=U20-5
Added Pin To Net: NetName=NetE2_1 Pin=U21-1
Added Pin To Net: NetName=NetE1_1 Pin=U21-3
Added Pin To Net: NetName=NetC82_2 Pin=U21-4
Added Pin To Net: NetName=NetU21_5 Pin=U21-5
Added Pin To Net: NetName=NetC83_2 Pin=U21-6
Added Pin To Net: NetName=NetU21_5 Pin=U22-1
Added Pin To Net: NetName=NetTP25_1 Pin=U22-3
Added Pin To Net: NetName=NetTP24_1 Pin=U22-4
Added Pin To Net: NetName=NetTP24_1 Pin=U23-4
Added Pin To Net: NetName=NetTP25_1 Pin=U23-5
Added Pin To Net: NetName=NetC84_2 Pin=U23-8
Added Pin To Net: NetName=NetR113_1 Pin=U23-9
Added Pin To Net: NetName=NetR114_2 Pin=U23-10
Added Pin To Net: NetName=NetC85_2 Pin=U23-13
Added Pin To Net: NetName=NetC85_2 Pin=U23-14
Added Pin To Net: NetName=NetC86_2 Pin=U23-15
Added Pin To Net: NetName=NetU6_62 Pin=U23-19
Added Pin To Net: NetName=NetU6_62 Pin=U23-20
Added Pin To Net: NetName=NetU6_62 Pin=U23-22
Added Pin To Net: NetName=NetU6_62 Pin=U23-23
Added Pin To Net: NetName=NetU6_62 Pin=U23-24
Added Pin To Net: NetName=NetC81_1 Pin=U23-25
Added Pin To Net: NetName=NetC80_1 Pin=U23-26
Added Pin To Net: NetName=NetC78_2 Pin=U23-28
Added Pin To Net: NetName=NetC79_1 Pin=U23-29
Added Pin To Net: NetName=NetC18_1 Pin=Y1-1
Added Pin To Net: NetName=NetC19_1 Pin=Y1-2
Added Pin To Net: NetName=NetC36_1 Pin=Y2-1
Added Pin To Net: NetName=NetC30_1 Pin=Y2-2
Added Pin To Net: NetName=NetC40_1 Pin=Y3-1
Added Pin To Net: NetName=NetC38_1 Pin=Y3-2
Added Pin To Net: NetName=NetC80_1 Pin=Y4-1
Added Pin To Net: NetName=NetC81_1 Pin=Y4-2
Change Net Name : Old Net Name=NetU4-31 New Net Name=GND
Added Pin To Net: NetName=NetU4_31 Pin=U4-31
Added Pin To Net: NetName=NetU4_31 Pin=U6-6
Added Pin To Net: NetName=NetU4_31 Pin=U8-31
Added Pin To Net: NetName=NetU4_31 Pin=U13-31
Added Pin To Net: NetName=NetU4_31 Pin=U16-31
Added Pin To Net: NetName=NetU4_31 Pin=U19-31
Added Net: Name=NetU4_31
Added Member To Class: ClassName=Sheet1 Member=Component C5 .1uF
Added Member To Class: ClassName=Sheet1 Member=Component C6 .1uF
