Removed Pin From Net: NetName=VCC=5.0V Pin=K2-3
Removed Pin From Net: NetName=NetD5_1 Pin=K2-4
Removed Pin From Net: NetName=VCC=5.0V Pin=K3-3
Removed Pin From Net: NetName=NetD7_1 Pin=K3-4
Removed Pin From Net: NetName=VCC=5.0V Pin=K4-3
Removed Pin From Net: NetName=NetD9_1 Pin=K4-4
Removed Pin From Net: NetName=VCC=5.0V Pin=K5-3
Removed Pin From Net: NetName=NetD11_1 Pin=K5-4
Removed Pin From Net: NetName=VCC=5.0V Pin=K6-3
Removed Pin From Net: NetName=NetD13_1 Pin=K6-4
Removed Pin From Net: NetName=VCC=5.0V Pin=K7-3
Removed Pin From Net: NetName=NetD15_1 Pin=K7-4
Removed Pin From Net: NetName=VCC=5.0V Pin=K8-3
Removed Pin From Net: NetName=NetD17_1 Pin=K8-4
Removed Pin From Net: NetName=VCC=5.0V Pin=K9-3
Removed Pin From Net: NetName=NetD19_1 Pin=K9-4
Removed Pin From Net: NetName=VCC=5.0V Pin=K10-3
Removed Pin From Net: NetName=NetD21_1 Pin=K10-4
Change Component DesignItemId : Designator=K2 Old DesignItemId=Relay-SPST New DesignItemId=Relay-SPDT
Change Component DesignItemId : Designator=K3 Old DesignItemId=Relay-SPST New DesignItemId=Relay-SPDT
Change Component DesignItemId : Designator=K4 Old DesignItemId=Relay-SPST New DesignItemId=Relay-SPDT
Change Component DesignItemId : Designator=K5 Old DesignItemId=Relay-SPST New DesignItemId=Relay-SPDT
Change Component DesignItemId : Designator=K6 Old DesignItemId=Relay-SPST New DesignItemId=Relay-SPDT
Change Component DesignItemId : Designator=K7 Old DesignItemId=Relay-SPST New DesignItemId=Relay-SPDT
Change Component DesignItemId : Designator=K8 Old DesignItemId=Relay-SPST New DesignItemId=Relay-SPDT
Change Component DesignItemId : Designator=K9 Old DesignItemId=Relay-SPST New DesignItemId=Relay-SPDT
Change Component DesignItemId : Designator=K10 Old DesignItemId=Relay-SPST New DesignItemId=Relay-SPDT
Change Component Footprint: Designator=K2 Old Footprint=JQX-16f New Footprint=MODULE5B
Change Component Footprint: Designator=K3 Old Footprint=JQX-16f New Footprint=MODULE5B
Change Component Footprint: Designator=K4 Old Footprint=JQX-16f New Footprint=MODULE5B
Change Component Footprint: Designator=K5 Old Footprint=JQX-16f New Footprint=MODULE5B
Change Component Footprint: Designator=K6 Old Footprint=JQX-16f New Footprint=MODULE5B
Change Component Footprint: Designator=K7 Old Footprint=JQX-16f New Footprint=MODULE5B
Change Component Footprint: Designator=K8 Old Footprint=JQX-16f New Footprint=MODULE5B
Change Component Footprint: Designator=K9 Old Footprint=JQX-16f New Footprint=MODULE5B
Change Component Footprint: Designator=K10 Old Footprint=JQX-16f New Footprint=MODULE5B
Change Component Comment : Designator=K2 Old Comment=JQX-16F New Comment=Relay-SPDT
Change Component Comment : Designator=K3 Old Comment=JQX-16F New Comment=Relay-SPDT
Change Component Comment : Designator=K4 Old Comment=JQX-16F New Comment=Relay-SPDT
Change Component Comment : Designator=K5 Old Comment=JQX-16F New Comment=Relay-SPDT
Change Component Comment : Designator=K6 Old Comment=JQX-16F New Comment=Relay-SPDT
Change Component Comment : Designator=K7 Old Comment=JQX-16F New Comment=Relay-SPDT
Change Component Comment : Designator=K8 Old Comment=JQX-16F New Comment=Relay-SPDT
Change Component Comment : Designator=K9 Old Comment=JQX-16F New Comment=Relay-SPDT
Change Component Comment : Designator=K10 Old Comment=JQX-16F New Comment=Relay-SPDT
Added Pin To Net: NetName=VCC=5.0V Pin=K2-4
Added Pin To Net: NetName=NetD5_1 Pin=K2-5
Added Pin To Net: NetName=VCC=5.0V Pin=K3-4
Added Pin To Net: NetName=NetD7_1 Pin=K3-5
Added Pin To Net: NetName=VCC=5.0V Pin=K4-4
Added Pin To Net: NetName=NetD9_1 Pin=K4-5
Added Pin To Net: NetName=VCC=5.0V Pin=K5-4
Added Pin To Net: NetName=NetD11_1 Pin=K5-5
Added Pin To Net: NetName=VCC=5.0V Pin=K6-4
Added Pin To Net: NetName=NetD13_1 Pin=K6-5
Added Pin To Net: NetName=VCC=5.0V Pin=K7-4
Added Pin To Net: NetName=NetD15_1 Pin=K7-5
Added Pin To Net: NetName=VCC=5.0V Pin=K8-4
Added Pin To Net: NetName=NetD17_1 Pin=K8-5
Added Pin To Net: NetName=VCC=5.0V Pin=K9-4
Added Pin To Net: NetName=NetD19_1 Pin=K9-5
Added Pin To Net: NetName=VCC=5.0V Pin=K10-4
Added Pin To Net: NetName=NetD21_1 Pin=K10-5
