Added Component: Designator=U3(QFN24_4X4_N)
Added Component: Designator=U4(QFN32_L)
Added Component: Designator=U6(QFN64_N)
Added Component: Designator=U8(QFN32_L)
Added Component: Designator=U13(QFN32_L)
Added Component: Designator=U16(QFN32_L)
Added Component: Designator=U19(QFN32_L)
Added Component: Designator=U23(32QN2_N)
Added Pin To Net: NetName=NetM1_7 Pin=TP12-1
Added Pin To Net: NetName=NetC5_1 Pin=U3-1
Added Pin To Net: NetName=NetJ2_11 Pin=U3-2
Added Pin To Net: NetName=NetJ2_9 Pin=U3-3
Added Pin To Net: NetName=NetC19_1 Pin=U3-4
Added Pin To Net: NetName=NetC10_1 Pin=U3-6
Added Pin To Net: NetName=NetR10_1 Pin=U3-8
Added Pin To Net: NetName=VDD=3.3V Pin=U3-9
Added Pin To Net: NetName=NetR13_1 Pin=U3-10
Added Pin To Net: NetName=NetR12_1 Pin=U3-11
Added Pin To Net: NetName=NetR5_1 Pin=U3-12
Added Pin To Net: NetName=NetU3_13 Pin=U3-13
Added Pin To Net: NetName=NetR14_2 Pin=U3-14
Added Pin To Net: NetName=NetC17_1 Pin=U3-15
Added Pin To Net: NetName=NetU3_16 Pin=U3-16
Added Pin To Net: NetName=NetU3_17 Pin=U3-17
Added Pin To Net: NetName=NetU3_18 Pin=U3-18
Added Pin To Net: NetName=NetC5_1 Pin=U3-19
Added Pin To Net: NetName=NetC13_1 Pin=U3-20
Added Pin To Net: NetName=NetC12_1 Pin=U3-21
Added Pin To Net: NetName=NetC15_1 Pin=U3-22
Added Pin To Net: NetName=NetC14_1 Pin=U3-23
Added Pin To Net: NetName=NetR16_2 Pin=U3-24
Added Pin To Net: NetName=GND Pin=U3-25
Added Pin To Net: NetName=NetTP30_1 Pin=U4-1
Added Pin To Net: NetName=NetC40_1 Pin=U4-2
Added Pin To Net: NetName=NetC38_1 Pin=U4-3
Added Pin To Net: NetName=NetR23_1 Pin=U4-8
Added Pin To Net: NetName=NetC31_2 Pin=U4-9
Added Pin To Net: NetName=GND Pin=U4-10
Added Pin To Net: NetName=NetC23_2 Pin=U4-11
Added Pin To Net: NetName=NetC25_1 Pin=U4-12
Added Pin To Net: NetName=NetC35_2 Pin=U4-13
Added Pin To Net: NetName=NetC37_1 Pin=U4-14
Added Pin To Net: NetName=NetC39_2 Pin=U4-15
Added Pin To Net: NetName=GND Pin=U4-16
Added Pin To Net: NetName=GND Pin=U4-20
Added Pin To Net: NetName=NetC22_1 Pin=U4-21
Added Pin To Net: NetName=NetC21_2 Pin=U4-22
Added Pin To Net: NetName=VCC=3.3V Pin=U4-23
Added Pin To Net: NetName=GND Pin=U4-25
Added Pin To Net: NetName=GND Pin=U4-26
Added Pin To Net: NetName=NetC20_1 Pin=U4-27
Added Pin To Net: NetName=NetU4_29 Pin=U4-29
Added Pin To Net: NetName=NetTP47_1 Pin=U4-30
Added Pin To Net: NetName=NetTP46_1 Pin=U4-31
Added Pin To Net: NetName=NetTP45_1 Pin=U4-32
Added Pin To Net: NetName=NetTP44_1 Pin=U8-1
Added Pin To Net: NetName=NetTP30_1 Pin=U8-2
Added Pin To Net: NetName=NetR23_1 Pin=U8-8
Added Pin To Net: NetName=NetC46_2 Pin=U8-9
Added Pin To Net: NetName=GND Pin=U8-10
Added Pin To Net: NetName=NetC43_2 Pin=U8-11
Added Pin To Net: NetName=NetC44_1 Pin=U8-12
Added Pin To Net: NetName=NetC48_2 Pin=U8-13
Added Pin To Net: NetName=NetC49_1 Pin=U8-14
Added Pin To Net: NetName=NetC50_2 Pin=U8-15
Added Pin To Net: NetName=GND Pin=U8-16
Added Pin To Net: NetName=GND Pin=U8-20
Added Pin To Net: NetName=NetC45_1 Pin=U8-21
Added Pin To Net: NetName=NetC42_2 Pin=U8-22
Added Pin To Net: NetName=VCC=3.3V Pin=U8-23
Added Pin To Net: NetName=GND Pin=U8-25
Added Pin To Net: NetName=GND Pin=U8-26
Added Pin To Net: NetName=NetC41_1 Pin=U8-27
Added Pin To Net: NetName=NetU6_11 Pin=U8-29
Added Pin To Net: NetName=NetTP47_1 Pin=U8-30
Added Pin To Net: NetName=NetTP46_1 Pin=U8-31
Added Pin To Net: NetName=NetTP45_1 Pin=U8-32
Added Pin To Net: NetName=NetTP48_1 Pin=U13-1
Added Pin To Net: NetName=NetTP44_1 Pin=U13-2
Added Pin To Net: NetName=NetR23_1 Pin=U13-8
Added Pin To Net: NetName=NetC56_2 Pin=U13-9
Added Pin To Net: NetName=GND Pin=U13-10
Added Pin To Net: NetName=NetC54_2 Pin=U13-11
Added Pin To Net: NetName=NetC55_1 Pin=U13-12
Added Pin To Net: NetName=NetC57_2 Pin=U13-13
Added Pin To Net: NetName=NetC58_1 Pin=U13-14
Added Pin To Net: NetName=NetC59_2 Pin=U13-15
Added Pin To Net: NetName=GND Pin=U13-16
Added Pin To Net: NetName=GND Pin=U13-20
Added Pin To Net: NetName=NetC53_1 Pin=U13-21
Added Pin To Net: NetName=NetC52_2 Pin=U13-22
Added Pin To Net: NetName=VCC=3.3V Pin=U13-23
Added Pin To Net: NetName=GND Pin=U13-25
Added Pin To Net: NetName=GND Pin=U13-26
Added Pin To Net: NetName=NetC51_1 Pin=U13-27
Added Pin To Net: NetName=NetU6_12 Pin=U13-29
Added Pin To Net: NetName=NetTP47_1 Pin=U13-30
Added Pin To Net: NetName=NetTP46_1 Pin=U13-31
Added Pin To Net: NetName=NetTP45_1 Pin=U13-32
Added Pin To Net: NetName=NetU16_1 Pin=U16-1
Added Pin To Net: NetName=NetU6_62 Pin=U16-2
Added Pin To Net: NetName=NetR23_1 Pin=U16-8
Added Pin To Net: NetName=NetC65_2 Pin=U16-9
Added Pin To Net: NetName=NetC65_1 Pin=U16-10
Added Pin To Net: NetName=NetC63_2 Pin=U16-11
Added Pin To Net: NetName=NetC64_1 Pin=U16-12
Added Pin To Net: NetName=NetC66_2 Pin=U16-13
Added Pin To Net: NetName=NetC67_1 Pin=U16-14
Added Pin To Net: NetName=NetC68_2 Pin=U16-15
Added Pin To Net: NetName=GND Pin=U16-16
Added Pin To Net: NetName=GND Pin=U16-20
Added Pin To Net: NetName=NetC62_1 Pin=U16-21
Added Pin To Net: NetName=NetC61_2 Pin=U16-22
Added Pin To Net: NetName=VCC=3.3V Pin=U16-23
Added Pin To Net: NetName=GND Pin=U16-25
Added Pin To Net: NetName=GND Pin=U16-26
Added Pin To Net: NetName=NetC60_1 Pin=U16-27
Added Pin To Net: NetName=NetTP41_1 Pin=U16-29
Added Pin To Net: NetName=NetTP47_1 Pin=U16-30
Added Pin To Net: NetName=NetTP46_1 Pin=U16-31
Added Pin To Net: NetName=NetTP45_1 Pin=U16-32
Added Pin To Net: NetName=NetU16_1 Pin=U19-2
Added Pin To Net: NetName=NetR23_1 Pin=U19-8
Added Pin To Net: NetName=NetC74_2 Pin=U19-9
Added Pin To Net: NetName=GND Pin=U19-10
Added Pin To Net: NetName=NetC72_2 Pin=U19-11
Added Pin To Net: NetName=NetC73_1 Pin=U19-12
Added Pin To Net: NetName=NetC75_2 Pin=U19-13
Added Pin To Net: NetName=NetC76_1 Pin=U19-14
Added Pin To Net: NetName=NetC77_2 Pin=U19-15
Added Pin To Net: NetName=GND Pin=U19-16
Added Pin To Net: NetName=GND Pin=U19-20
Added Pin To Net: NetName=NetC71_1 Pin=U19-21
Added Pin To Net: NetName=NetC70_2 Pin=U19-22
Added Pin To Net: NetName=VCC=3.3V Pin=U19-23
Added Pin To Net: NetName=GND Pin=U19-25
Added Pin To Net: NetName=GND Pin=U19-26
Added Pin To Net: NetName=NetC69_1 Pin=U19-27
Added Pin To Net: NetName=NetTP43_1 Pin=U19-29
Added Pin To Net: NetName=NetTP47_1 Pin=U19-30
Added Pin To Net: NetName=NetTP46_1 Pin=U19-31
Added Pin To Net: NetName=NetTP45_1 Pin=U19-32
Added Member To Class: ClassName=Sheet1 Member=Component U3 LAN8720
Added Member To Class: ClassName=Sheet2 Member=Component U4 STPM34
Added Member To Class: ClassName=Sheet2 Member=Component U8 STPM34
Added Member To Class: ClassName=Sheet2 Member=Component U13 STPM34
Added Member To Class: ClassName=Sheet3 Member=Component U16 STPM34
Added Member To Class: ClassName=Sheet3 Member=Component U19 STPM34
