Change Component Designator: Old Designator=C5 New Designator=C13
Change Component Designator: Old Designator=C5 New Designator=C22
Change Component Designator: Old Designator=C5 New Designator=C29
Change Component Designator: Old Designator=C6 New Designator=C14
Change Component Designator: Old Designator=C6 New Designator=C23
Change Component Designator: Old Designator=C6 New Designator=C30
Change Component Designator: Old Designator=C7 New Designator=C15
Change Component Designator: Old Designator=C7 New Designator=C24
Change Component Designator: Old Designator=C7 New Designator=C31
Change Component Designator: Old Designator=C15 New Designator=C21
Change Component Designator: Old Designator=C16 New Designator=C20
Change Component Designator: Old Designator=C31 New Designator=C16
Change Component Designator: Old Designator=C32 New Designator=C17
Change Component Designator: Old Designator=C33 New Designator=C18
Change Component Designator: Old Designator=C34 New Designator=C19
Change Component Designator: Old Designator=C35 New Designator=C25
Change Component Designator: Old Designator=C35 New Designator=C32
Change Component Designator: Old Designator=C36 New Designator=C26
Change Component Designator: Old Designator=C36 New Designator=C33
Change Component Designator: Old Designator=C37 New Designator=C27
Change Component Designator: Old Designator=C37 New Designator=C34
Change Component Designator: Old Designator=C38 New Designator=C28
Change Component Designator: Old Designator=C38 New Designator=C35
Change Component Designator: Old Designator=CT5 New Designator=CT3
Change Component Designator: Old Designator=CT6 New Designator=CT4
Change Component Designator: Old Designator=CT7 New Designator=CT5
Change Component Designator: Old Designator=CT8 New Designator=CT6
Change Component Designator: Old Designator=J6 New Designator=J3
Change Component Designator: Old Designator=J7 New Designator=J4
Change Component Designator: Old Designator=J8 New Designator=J5
Change Component Designator: Old Designator=J8 New Designator=J7
Change Component Designator: Old Designator=J9 New Designator=J6
Change Component Designator: Old Designator=J9 New Designator=J8
Change Component Designator: Old Designator=R29 New Designator=R17
Change Component Designator: Old Designator=R30 New Designator=R18
Change Component Designator: Old Designator=R31 New Designator=R19
Change Component Designator: Old Designator=R32 New Designator=R20
Change Component Designator: Old Designator=R33 New Designator=R21
Change Component Designator: Old Designator=R34 New Designator=R22
Change Component Designator: Old Designator=R35 New Designator=R23
Change Component Designator: Old Designator=R36 New Designator=R24
Change Component Designator: Old Designator=R37 New Designator=R25
Change Component Designator: Old Designator=R38 New Designator=R26
Change Component Designator: Old Designator=R39 New Designator=R27
Change Component Designator: Old Designator=R40 New Designator=R28
Change Component Designator: Old Designator=R41 New Designator=R29
Change Component Designator: Old Designator=R42 New Designator=R30
Change Component Designator: Old Designator=R43 New Designator=R31
Change Component Designator: Old Designator=R44 New Designator=R32
Change Component Designator: Old Designator=R45 New Designator=R33
Change Component Designator: Old Designator=R46 New Designator=R34
Change Component Designator: Old Designator=R47 New Designator=R35
Change Component Designator: Old Designator=R48 New Designator=R36
Change Component Designator: Old Designator=R49 New Designator=R37
Change Component Designator: Old Designator=R50 New Designator=R38
Change Component Designator: Old Designator=R51 New Designator=R39
Change Component Designator: Old Designator=R52 New Designator=R40
Change Component Designator: Old Designator=U1 New Designator=U2
Change Component Designator: Old Designator=U1 New Designator=U3
