Change Component Designator: Old Designator=C42 New Designator=C40
Change Component Designator: Old Designator=C43 New Designator=C41
Change Component Designator: Old Designator=C44 New Designator=C42
Change Component Designator: Old Designator=C45 New Designator=C43
Change Component Designator: Old Designator=C46 New Designator=C44
Change Component Designator: Old Designator=C47 New Designator=C45
Change Component Designator: Old Designator=C48 New Designator=C46
Change Component Designator: Old Designator=C49 New Designator=C47
Change Component Designator: Old Designator=C50 New Designator=C48
Change Component Designator: Old Designator=C51 New Designator=C49
Change Component Designator: Old Designator=C52 New Designator=C50
Change Component Designator: Old Designator=C53 New Designator=C51
Change Component Designator: Old Designator=C54 New Designator=C52
Change Component Designator: Old Designator=C55 New Designator=C53
Change Component Designator: Old Designator=C56 New Designator=C54
Change Component Designator: Old Designator=C57 New Designator=C55
Change Component Designator: Old Designator=C58 New Designator=C56
Change Component Designator: Old Designator=C59 New Designator=C57
Change Component Designator: Old Designator=C60 New Designator=C58
Change Component Designator: Old Designator=C61 New Designator=C59
Change Component Designator: Old Designator=C62 New Designator=C60
Change Component Designator: Old Designator=C63 New Designator=C61
Change Component Designator: Old Designator=J7 New Designator=J8
Change Component Designator: Old Designator=J8 New Designator=J9
Change Component Designator: Old Designator=J9 New Designator=J11
Change Component Designator: Old Designator=J10 New Designator=J12
Change Component Designator: Old Designator=J? New Designator=J10
Change Component Designator: Old Designator=R42 New Designator=R55
Change Component Designator: Old Designator=R43 New Designator=R56
Change Component Designator: Old Designator=R44 New Designator=R57
Change Component Designator: Old Designator=R45 New Designator=R58
Change Component Designator: Old Designator=R46 New Designator=R59
Change Component Designator: Old Designator=R47 New Designator=R60
Change Component Designator: Old Designator=R48 New Designator=R61
Change Component Designator: Old Designator=R49 New Designator=R62
Change Component Designator: Old Designator=R50 New Designator=R63
Change Component Designator: Old Designator=R51 New Designator=R64
Change Component Designator: Old Designator=R52 New Designator=R65
Change Component Designator: Old Designator=R53 New Designator=R66
Change Component Designator: Old Designator=R54 New Designator=R67
Change Component Designator: Old Designator=R55 New Designator=R68
Change Component Designator: Old Designator=R56 New Designator=R69
Change Component Designator: Old Designator=R57 New Designator=R70
Change Component Designator: Old Designator=R58 New Designator=R71
Change Component Designator: Old Designator=R59 New Designator=R72
Change Component Designator: Old Designator=R60 New Designator=R73
Change Component Designator: Old Designator=R61 New Designator=R74
Change Component Designator: Old Designator=R62 New Designator=R75
Change Component Designator: Old Designator=R63 New Designator=R76
Change Component Designator: Old Designator=R64 New Designator=R77
Change Component Designator: Old Designator=R65 New Designator=R78
Change Component Designator: Old Designator=TR? New Designator=TR1
Change Component Designator: Old Designator=U8 New Designator=U13
Change Component Designator: Old Designator=U10 New Designator=U15
Change Component Designator: Old Designator=U? New Designator=U14
