Change Component Designator: Old Designator=* New Designator=*1
Change Component Designator: Old Designator=C? New Designator=C5
Change Component Designator: Old Designator=C? New Designator=C6
Change Component Designator: Old Designator=C? New Designator=C7
Change Component Designator: Old Designator=C? New Designator=C8
Change Component Designator: Old Designator=C? New Designator=C9
Change Component Designator: Old Designator=C? New Designator=C10
Change Component Designator: Old Designator=C? New Designator=C11
Change Component Designator: Old Designator=C? New Designator=C12
Change Component Designator: Old Designator=C? New Designator=C13
Change Component Designator: Old Designator=J? New Designator=J2
Change Component Designator: Old Designator=L? New Designator=L3
Change Component Designator: Old Designator=R3 New Designator=R5
Change Component Designator: Old Designator=R3 New Designator=R6
Change Component Designator: Old Designator=R3 New Designator=R7
Change Component Designator: Old Designator=R3 New Designator=R8
Change Component Designator: Old Designator=R90 New Designator=R9
Change Component Designator: Old Designator=R90 New Designator=R10
Change Component Designator: Old Designator=R90 New Designator=R11
Change Component Designator: Old Designator=R90 New Designator=R12
Change Component Designator: Old Designator=X? New Designator=X1
