Change Component Designator: Old Designator=D4 New Designator=D16
Change Component Designator: Old Designator=D4 New Designator=D18
Change Component Designator: Old Designator=D4 New Designator=D20
Change Component Designator: Old Designator=D4 New Designator=D22
Change Component Designator: Old Designator=D5 New Designator=D17
Change Component Designator: Old Designator=D5 New Designator=D19
Change Component Designator: Old Designator=D5 New Designator=D21
Change Component Designator: Old Designator=D5 New Designator=D23
Change Component Designator: Old Designator=J10 New Designator=J12
Change Component Designator: Old Designator=J11 New Designator=J10
Change Component Designator: Old Designator=J12 New Designator=J11
Change Component Designator: Old Designator=K1 New Designator=K7
Change Component Designator: Old Designator=K1 New Designator=K8
Change Component Designator: Old Designator=K1 New Designator=K9
Change Component Designator: Old Designator=K1 New Designator=K10
Change Component Designator: Old Designator=Q1 New Designator=Q7
Change Component Designator: Old Designator=Q1 New Designator=Q8
Change Component Designator: Old Designator=Q1 New Designator=Q9
Change Component Designator: Old Designator=Q1 New Designator=Q10
Change Component Designator: Old Designator=R11 New Designator=R56
Change Component Designator: Old Designator=R11 New Designator=R65
Change Component Designator: Old Designator=R11 New Designator=R70
Change Component Designator: Old Designator=R11 New Designator=R79
Change Component Designator: Old Designator=R14 New Designator=R59
Change Component Designator: Old Designator=R14 New Designator=R67
Change Component Designator: Old Designator=R14 New Designator=R74
Change Component Designator: Old Designator=R14 New Designator=R82
Change Component Designator: Old Designator=R56 New Designator=R57
Change Component Designator: Old Designator=R57 New Designator=R58
Change Component Designator: Old Designator=R58 New Designator=R60
Change Component Designator: Old Designator=R59 New Designator=R61
Change Component Designator: Old Designator=R60 New Designator=R62
Change Component Designator: Old Designator=R61 New Designator=R63
Change Component Designator: Old Designator=R62 New Designator=R64
Change Component Designator: Old Designator=R63 New Designator=R66
Change Component Designator: Old Designator=R64 New Designator=R68
Change Component Designator: Old Designator=R65 New Designator=R69
Change Component Designator: Old Designator=R66 New Designator=R71
Change Component Designator: Old Designator=R67 New Designator=R72
Change Component Designator: Old Designator=R68 New Designator=R73
Change Component Designator: Old Designator=R69 New Designator=R75
Change Component Designator: Old Designator=R70 New Designator=R76
Change Component Designator: Old Designator=R71 New Designator=R77
Change Component Designator: Old Designator=R72 New Designator=R78
Change Component Designator: Old Designator=R73 New Designator=R80
Change Component Designator: Old Designator=R74 New Designator=R81
Change Component Designator: Old Designator=R75 New Designator=R83
Change Component Designator: Old Designator=R76 New Designator=R84
Change Component Designator: Old Designator=U2 New Designator=U14
Change Component Designator: Old Designator=U2 New Designator=U16
Change Component Designator: Old Designator=U2 New Designator=U17
Change Component Designator: Old Designator=U2 New Designator=U19
Change Component Designator: Old Designator=U12 New Designator=U15
Change Component Designator: Old Designator=U13 New Designator=U20
Change Component Designator: Old Designator=U14 New Designator=U18
