Change Component Designator: Old Designator=C13 New Designator=C48
Change Component Designator: Old Designator=C13 New Designator=C59
Change Component Designator: Old Designator=C14 New Designator=C49
Change Component Designator: Old Designator=C14 New Designator=C60
Change Component Designator: Old Designator=C15 New Designator=C50
Change Component Designator: Old Designator=C15 New Designator=C61
Change Component Designator: Old Designator=C16 New Designator=C51
Change Component Designator: Old Designator=C16 New Designator=C62
Change Component Designator: Old Designator=C17 New Designator=C52
Change Component Designator: Old Designator=C17 New Designator=C63
Change Component Designator: Old Designator=C18 New Designator=C53
Change Component Designator: Old Designator=C18 New Designator=C64
Change Component Designator: Old Designator=C19 New Designator=C54
Change Component Designator: Old Designator=C19 New Designator=C65
Change Component Designator: Old Designator=C20 New Designator=C55
Change Component Designator: Old Designator=C20 New Designator=C66
Change Component Designator: Old Designator=C21 New Designator=C56
Change Component Designator: Old Designator=C21 New Designator=C67
Change Component Designator: Old Designator=C22 New Designator=C57
Change Component Designator: Old Designator=C22 New Designator=C68
Change Component Designator: Old Designator=C23 New Designator=C70
Change Component Designator: Old Designator=C24 New Designator=C58
Change Component Designator: Old Designator=C24 New Designator=C69
Change Component Designator: Old Designator=C28 New Designator=C71
Change Component Designator: Old Designator=J3 New Designator=J9
Change Component Designator: Old Designator=J3 New Designator=J11
Change Component Designator: Old Designator=J4 New Designator=J10
Change Component Designator: Old Designator=J4 New Designator=J12
Change Component Designator: Old Designator=R17 New Designator=R53
Change Component Designator: Old Designator=R17 New Designator=R65
Change Component Designator: Old Designator=R18 New Designator=R54
Change Component Designator: Old Designator=R18 New Designator=R66
Change Component Designator: Old Designator=R19 New Designator=R55
Change Component Designator: Old Designator=R19 New Designator=R67
Change Component Designator: Old Designator=R20 New Designator=R56
Change Component Designator: Old Designator=R20 New Designator=R68
Change Component Designator: Old Designator=R21 New Designator=R57
Change Component Designator: Old Designator=R21 New Designator=R69
Change Component Designator: Old Designator=R22 New Designator=R58
Change Component Designator: Old Designator=R22 New Designator=R70
Change Component Designator: Old Designator=R23 New Designator=R59
Change Component Designator: Old Designator=R23 New Designator=R71
Change Component Designator: Old Designator=R24 New Designator=R60
Change Component Designator: Old Designator=R24 New Designator=R72
Change Component Designator: Old Designator=R25 New Designator=R61
Change Component Designator: Old Designator=R25 New Designator=R73
Change Component Designator: Old Designator=R26 New Designator=R62
Change Component Designator: Old Designator=R26 New Designator=R74
Change Component Designator: Old Designator=R27 New Designator=R63
Change Component Designator: Old Designator=R27 New Designator=R75
Change Component Designator: Old Designator=R28 New Designator=R64
Change Component Designator: Old Designator=R28 New Designator=R76
Change Component Designator: Old Designator=U1 New Designator=U5
Change Component Designator: Old Designator=U1 New Designator=U6
Change Component Designator: Old Designator=Y1 New Designator=Y2
