Change Component Designator: Old Designator=* New Designator=*4
Change Component Designator: Old Designator=C48 New Designator=C42
Change Component Designator: Old Designator=C49 New Designator=C43
Change Component Designator: Old Designator=C50 New Designator=C44
Change Component Designator: Old Designator=C51 New Designator=C45
Change Component Designator: Old Designator=C52 New Designator=C46
Change Component Designator: Old Designator=C53 New Designator=C47
Change Component Designator: Old Designator=C54 New Designator=C48
Change Component Designator: Old Designator=C55 New Designator=C49
Change Component Designator: Old Designator=C56 New Designator=C50
Change Component Designator: Old Designator=C57 New Designator=C51
Change Component Designator: Old Designator=C58 New Designator=C52
Change Component Designator: Old Designator=C59 New Designator=C53
Change Component Designator: Old Designator=C60 New Designator=C54
Change Component Designator: Old Designator=C61 New Designator=C55
Change Component Designator: Old Designator=C62 New Designator=C56
Change Component Designator: Old Designator=C63 New Designator=C57
Change Component Designator: Old Designator=C64 New Designator=C58
Change Component Designator: Old Designator=C65 New Designator=C59
Change Component Designator: Old Designator=C66 New Designator=C60
Change Component Designator: Old Designator=C67 New Designator=C61
Change Component Designator: Old Designator=C68 New Designator=C62
Change Component Designator: Old Designator=C69 New Designator=C63
Change Component Designator: Old Designator=J9 New Designator=J8
Change Component Designator: Old Designator=J10 New Designator=J9
Change Component Designator: Old Designator=J11 New Designator=J10
Change Component Designator: Old Designator=J12 New Designator=J11
Change Component Designator: Old Designator=R53 New Designator=R42
Change Component Designator: Old Designator=R54 New Designator=R43
Change Component Designator: Old Designator=R55 New Designator=R44
Change Component Designator: Old Designator=R56 New Designator=R45
Change Component Designator: Old Designator=R57 New Designator=R46
Change Component Designator: Old Designator=R58 New Designator=R47
Change Component Designator: Old Designator=R59 New Designator=R48
Change Component Designator: Old Designator=R60 New Designator=R49
Change Component Designator: Old Designator=R61 New Designator=R50
Change Component Designator: Old Designator=R62 New Designator=R51
Change Component Designator: Old Designator=R63 New Designator=R52
Change Component Designator: Old Designator=R64 New Designator=R53
Change Component Designator: Old Designator=R65 New Designator=R54
Change Component Designator: Old Designator=R66 New Designator=R55
Change Component Designator: Old Designator=R67 New Designator=R56
Change Component Designator: Old Designator=R68 New Designator=R57
Change Component Designator: Old Designator=R69 New Designator=R58
Change Component Designator: Old Designator=R70 New Designator=R59
Change Component Designator: Old Designator=R71 New Designator=R60
Change Component Designator: Old Designator=R72 New Designator=R61
Change Component Designator: Old Designator=R73 New Designator=R62
Change Component Designator: Old Designator=R74 New Designator=R63
Change Component Designator: Old Designator=R75 New Designator=R64
Change Component Designator: Old Designator=R76 New Designator=R65
Change Component Designator: Old Designator=T? New Designator=T2
