Change Component Designator: Old Designator=*5 New Designator=*3
Change Component Designator: Old Designator=* New Designator=*4
Change Component Designator: Old Designator= New Designator=1
Change Component Designator: Old Designator= New Designator=2
Change Component Designator: Old Designator=C1 New Designator=C14
Change Component Designator: Old Designator=C2 New Designator=C15
Change Component Designator: Old Designator=C3 New Designator=C16
Change Component Designator: Old Designator=C9 New Designator=C11
Change Component Designator: Old Designator=C9 New Designator=C12
Change Component Designator: Old Designator=C9 New Designator=C24
Change Component Designator: Old Designator=C9 New Designator=C25
Change Component Designator: Old Designator=C11 New Designator=C13
Change Component Designator: Old Designator=C12 New Designator=C17
Change Component Designator: Old Designator=C13 New Designator=C18
Change Component Designator: Old Designator=C14 New Designator=C19
Change Component Designator: Old Designator=C15 New Designator=C20
Change Component Designator: Old Designator=C16 New Designator=C21
Change Component Designator: Old Designator=C17 New Designator=C22
Change Component Designator: Old Designator=C18 New Designator=C23
Change Component Designator: Old Designator=C19 New Designator=C26
Change Component Designator: Old Designator=U? New Designator=U1
Change Component Designator: Old Designator=Y? New Designator=Y1
Change Component Designator: Old Designator=Y? New Designator=Y2
