Change Component Designator: Old Designator=C23 New Designator=C63
Change Component Designator: Old Designator=C23 New Designator=C66
Change Component Designator: Old Designator=C23 New Designator=C72
Change Component Designator: Old Designator=C23 New Designator=C75
Change Component Designator: Old Designator=C25 New Designator=C64
Change Component Designator: Old Designator=C25 New Designator=C67
Change Component Designator: Old Designator=C25 New Designator=C73
Change Component Designator: Old Designator=C25 New Designator=C76
Change Component Designator: Old Designator=C31 New Designator=C65
Change Component Designator: Old Designator=C31 New Designator=C68
Change Component Designator: Old Designator=C31 New Designator=C74
Change Component Designator: Old Designator=C31 New Designator=C77
Change Component Designator: Old Designator=J3 New Designator=J9
Change Component Designator: Old Designator=J3 New Designator=J10
Change Component Designator: Old Designator=J3 New Designator=J11
Change Component Designator: Old Designator=J3 New Designator=J12
Change Component Designator: Old Designator=R19 New Designator=R77
Change Component Designator: Old Designator=R19 New Designator=R78
Change Component Designator: Old Designator=R19 New Designator=R86
Change Component Designator: Old Designator=R19 New Designator=R88
Change Component Designator: Old Designator=R19 New Designator=R97
Change Component Designator: Old Designator=R19 New Designator=R99
Change Component Designator: Old Designator=R19 New Designator=R107
Change Component Designator: Old Designator=R19 New Designator=R108
Change Component Designator: Old Designator=R21 New Designator=R81
Change Component Designator: Old Designator=R21 New Designator=R91
Change Component Designator: Old Designator=R21 New Designator=R102
Change Component Designator: Old Designator=R21 New Designator=R110
Change Component Designator: Old Designator=R22 New Designator=R79
Change Component Designator: Old Designator=R22 New Designator=R89
Change Component Designator: Old Designator=R22 New Designator=R101
Change Component Designator: Old Designator=R22 New Designator=R109
Change Component Designator: Old Designator=R24 New Designator=R82
Change Component Designator: Old Designator=R24 New Designator=R92
Change Component Designator: Old Designator=R24 New Designator=R103
Change Component Designator: Old Designator=R24 New Designator=R111
Change Component Designator: Old Designator=R25 New Designator=R83
Change Component Designator: Old Designator=R25 New Designator=R93
Change Component Designator: Old Designator=R25 New Designator=R105
Change Component Designator: Old Designator=R25 New Designator=R112
Change Component Designator: Old Designator=R79 New Designator=R80
Change Component Designator: Old Designator=R83 New Designator=R84
Change Component Designator: Old Designator=R91 New Designator=R90
Change Component Designator: Old Designator=R99 New Designator=R98
Change Component Designator: Old Designator=R103 New Designator=R100
Change Component Designator: Old Designator=R105 New Designator=R104
Change Component Designator: Old Designator=R107 New Designator=R106
Change Component Designator: Old Designator=TP? New Designator=TP11
Change Component Designator: Old Designator=TR? New Designator=TR7
Change Component Designator: Old Designator=TR? New Designator=TR8
Change Component Designator: Old Designator=TR? New Designator=TR9
