Change Component Designator: Old Designator=C23 New Designator=C35
Change Component Designator: Old Designator=C23 New Designator=C43
Change Component Designator: Old Designator=C23 New Designator=C48
Change Component Designator: Old Designator=C23 New Designator=C54
Change Component Designator: Old Designator=C23 New Designator=C57
Change Component Designator: Old Designator=C25 New Designator=C37
Change Component Designator: Old Designator=C25 New Designator=C45
Change Component Designator: Old Designator=C25 New Designator=C49
Change Component Designator: Old Designator=C25 New Designator=C55
Change Component Designator: Old Designator=C25 New Designator=C58
Change Component Designator: Old Designator=C31 New Designator=C39
Change Component Designator: Old Designator=C31 New Designator=C46
Change Component Designator: Old Designator=C31 New Designator=C50
Change Component Designator: Old Designator=C31 New Designator=C56
Change Component Designator: Old Designator=C31 New Designator=C59
Change Component Designator: Old Designator=C45 New Designator=C44
Change Component Designator: Old Designator=J3 New Designator=J4
Change Component Designator: Old Designator=J3 New Designator=J5
Change Component Designator: Old Designator=J3 New Designator=J6
Change Component Designator: Old Designator=J3 New Designator=J7
Change Component Designator: Old Designator=J3 New Designator=J8
Change Component Designator: Old Designator=R19 New Designator=R20
Change Component Designator: Old Designator=R19 New Designator=R28
Change Component Designator: Old Designator=R19 New Designator=R29
Change Component Designator: Old Designator=R19 New Designator=R39
Change Component Designator: Old Designator=R19 New Designator=R40
Change Component Designator: Old Designator=R19 New Designator=R50
Change Component Designator: Old Designator=R19 New Designator=R51
Change Component Designator: Old Designator=R19 New Designator=R60
Change Component Designator: Old Designator=R19 New Designator=R62
Change Component Designator: Old Designator=R19 New Designator=R70
Change Component Designator: Old Designator=R19 New Designator=R72
Change Component Designator: Old Designator=R21 New Designator=R23
Change Component Designator: Old Designator=R21 New Designator=R32
Change Component Designator: Old Designator=R21 New Designator=R43
Change Component Designator: Old Designator=R21 New Designator=R54
Change Component Designator: Old Designator=R21 New Designator=R65
Change Component Designator: Old Designator=R21 New Designator=R74
Change Component Designator: Old Designator=R22 New Designator=R21
Change Component Designator: Old Designator=R22 New Designator=R31
Change Component Designator: Old Designator=R22 New Designator=R42
Change Component Designator: Old Designator=R22 New Designator=R53
Change Component Designator: Old Designator=R22 New Designator=R63
Change Component Designator: Old Designator=R22 New Designator=R73
Change Component Designator: Old Designator=R23 New Designator=R22
Change Component Designator: Old Designator=R24 New Designator=R33
Change Component Designator: Old Designator=R24 New Designator=R44
Change Component Designator: Old Designator=R24 New Designator=R55
Change Component Designator: Old Designator=R24 New Designator=R66
Change Component Designator: Old Designator=R24 New Designator=R75
Change Component Designator: Old Designator=R25 New Designator=R35
Change Component Designator: Old Designator=R25 New Designator=R47
Change Component Designator: Old Designator=R25 New Designator=R57
Change Component Designator: Old Designator=R25 New Designator=R68
Change Component Designator: Old Designator=R25 New Designator=R76
Change Component Designator: Old Designator=R39 New Designator=R38
Change Component Designator: Old Designator=R43 New Designator=R41
Change Component Designator: Old Designator=R47 New Designator=R46
Change Component Designator: Old Designator=R50 New Designator=R52
Change Component Designator: Old Designator=R54 New Designator=R56
Change Component Designator: Old Designator=R57 New Designator=R58
Change Component Designator: Old Designator=R65 New Designator=R64
Change Component Designator: Old Designator=TP11 New Designator=TP10
Change Component Designator: Old Designator=TR? New Designator=TR1
Change Component Designator: Old Designator=TR? New Designator=TR2
Change Component Designator: Old Designator=TR? New Designator=TR3
Change Component Designator: Old Designator=TR? New Designator=TR4
Change Component Designator: Old Designator=TR? New Designator=TR5
Change Component Designator: Old Designator=TR? New Designator=TR6
