Change Component Designator: Old Designator=C5 New Designator=C27
Change Component Designator: Old Designator=C5 New Designator=C28
Change Component Designator: Old Designator=C5 New Designator=C29
Change Component Designator: Old Designator=C5 New Designator=C30
Change Component Designator: Old Designator=C5 New Designator=C31
Change Component Designator: Old Designator=C5 New Designator=C32
Change Component Designator: Old Designator=C5 New Designator=C33
Change Component Designator: Old Designator=C5 New Designator=C34
Change Component Designator: Old Designator=C5 New Designator=C35
Change Component Designator: Old Designator=C5 New Designator=C36
Change Component Designator: Old Designator=C5 New Designator=C37
Change Component Designator: Old Designator=C5 New Designator=C38
Change Component Designator: Old Designator=C5 New Designator=C41
Change Component Designator: Old Designator=C5 New Designator=C42
Change Component Designator: Old Designator=C5 New Designator=C43
Change Component Designator: Old Designator=C5 New Designator=C44
Change Component Designator: Old Designator=C11 New Designator=C39
Change Component Designator: Old Designator=C12 New Designator=C40
Change Component Designator: Old Designator=CT1 New Designator=CT5
Change Component Designator: Old Designator=CT1 New Designator=CT6
Change Component Designator: Old Designator=CT1 New Designator=CT7
Change Component Designator: Old Designator=CT1 New Designator=CT8
Change Component Designator: Old Designator=CT1 New Designator=CT9
Change Component Designator: Old Designator=CT1 New Designator=CT10
Change Component Designator: Old Designator=CT1 New Designator=CT11
Change Component Designator: Old Designator=CT1 New Designator=CT12
Change Component Designator: Old Designator=J2 New Designator=J6
Change Component Designator: Old Designator=J2 New Designator=J7
Change Component Designator: Old Designator=J2 New Designator=J8
Change Component Designator: Old Designator=J2 New Designator=J9
Change Component Designator: Old Designator=J2 New Designator=J10
Change Component Designator: Old Designator=J2 New Designator=J11
Change Component Designator: Old Designator=J2 New Designator=J12
Change Component Designator: Old Designator=J2 New Designator=J13
Change Component Designator: Old Designator=K? New Designator=K1
Change Component Designator: Old Designator=K? New Designator=K2
Change Component Designator: Old Designator=K? New Designator=K3
Change Component Designator: Old Designator=K? New Designator=K4
Change Component Designator: Old Designator=K? New Designator=K5
Change Component Designator: Old Designator=K? New Designator=K6
Change Component Designator: Old Designator=K? New Designator=K7
Change Component Designator: Old Designator=K? New Designator=K8
Change Component Designator: Old Designator=R1 New Designator=R25
Change Component Designator: Old Designator=R1 New Designator=R26
Change Component Designator: Old Designator=R1 New Designator=R27
Change Component Designator: Old Designator=R1 New Designator=R31
Change Component Designator: Old Designator=R1 New Designator=R32
Change Component Designator: Old Designator=R1 New Designator=R33
Change Component Designator: Old Designator=R1 New Designator=R37
Change Component Designator: Old Designator=R1 New Designator=R38
Change Component Designator: Old Designator=R1 New Designator=R39
Change Component Designator: Old Designator=R1 New Designator=R43
Change Component Designator: Old Designator=R1 New Designator=R44
Change Component Designator: Old Designator=R1 New Designator=R45
Change Component Designator: Old Designator=R1 New Designator=R49
Change Component Designator: Old Designator=R1 New Designator=R50
Change Component Designator: Old Designator=R1 New Designator=R51
Change Component Designator: Old Designator=R1 New Designator=R55
Change Component Designator: Old Designator=R1 New Designator=R56
Change Component Designator: Old Designator=R1 New Designator=R57
Change Component Designator: Old Designator=R1 New Designator=R61
Change Component Designator: Old Designator=R1 New Designator=R62
Change Component Designator: Old Designator=R1 New Designator=R63
Change Component Designator: Old Designator=R1 New Designator=R67
Change Component Designator: Old Designator=R1 New Designator=R68
Change Component Designator: Old Designator=R1 New Designator=R69
Change Component Designator: Old Designator=R4 New Designator=R28
Change Component Designator: Old Designator=R4 New Designator=R34
Change Component Designator: Old Designator=R4 New Designator=R40
Change Component Designator: Old Designator=R4 New Designator=R46
Change Component Designator: Old Designator=R4 New Designator=R52
Change Component Designator: Old Designator=R4 New Designator=R58
Change Component Designator: Old Designator=R4 New Designator=R64
Change Component Designator: Old Designator=R4 New Designator=R70
Change Component Designator: Old Designator=R5 New Designator=R29
Change Component Designator: Old Designator=R5 New Designator=R35
Change Component Designator: Old Designator=R5 New Designator=R41
Change Component Designator: Old Designator=R5 New Designator=R47
Change Component Designator: Old Designator=R5 New Designator=R53
Change Component Designator: Old Designator=R5 New Designator=R59
Change Component Designator: Old Designator=R5 New Designator=R65
Change Component Designator: Old Designator=R5 New Designator=R71
Change Component Designator: Old Designator=R6 New Designator=R30
Change Component Designator: Old Designator=R6 New Designator=R36
Change Component Designator: Old Designator=R6 New Designator=R42
Change Component Designator: Old Designator=R6 New Designator=R48
Change Component Designator: Old Designator=R6 New Designator=R54
Change Component Designator: Old Designator=R6 New Designator=R60
Change Component Designator: Old Designator=R6 New Designator=R66
Change Component Designator: Old Designator=R6 New Designator=R72
Change Component Designator: Old Designator=U? New Designator=U2
Change Component Designator: Old Designator=U? New Designator=U3
Change Component Designator: Old Designator=U? New Designator=U4
Change Component Designator: Old Designator=U? New Designator=U5
Change Component Designator: Old Designator=U? New Designator=U6
Change Component Designator: Old Designator=U? New Designator=U7
Change Component Designator: Old Designator=Y1 New Designator=Y3
