Change Component Designator: Old Designator=C16 New Designator=C18
Change Component Designator: Old Designator=C16 New Designator=C22
Change Component Designator: Old Designator=C16 New Designator=C31
Change Component Designator: Old Designator=C16 New Designator=C35
Change Component Designator: Old Designator=C16 New Designator=C42
Change Component Designator: Old Designator=C16 New Designator=C46
Change Component Designator: Old Designator=C17 New Designator=C16
Change Component Designator: Old Designator=C17 New Designator=C19
Change Component Designator: Old Designator=C17 New Designator=C20
Change Component Designator: Old Designator=C17 New Designator=C21
Change Component Designator: Old Designator=C17 New Designator=C24
Change Component Designator: Old Designator=C17 New Designator=C29
Change Component Designator: Old Designator=C17 New Designator=C30
Change Component Designator: Old Designator=C17 New Designator=C32
Change Component Designator: Old Designator=C17 New Designator=C33
Change Component Designator: Old Designator=C17 New Designator=C34
Change Component Designator: Old Designator=C17 New Designator=C36
Change Component Designator: Old Designator=C17 New Designator=C40
Change Component Designator: Old Designator=C17 New Designator=C41
Change Component Designator: Old Designator=C17 New Designator=C43
Change Component Designator: Old Designator=C17 New Designator=C44
Change Component Designator: Old Designator=C17 New Designator=C45
Change Component Designator: Old Designator=C17 New Designator=C47
Change Component Designator: Old Designator=C20 New Designator=C23
Change Component Designator: Old Designator=C21 New Designator=C28
Change Component Designator: Old Designator=C22 New Designator=C25
Change Component Designator: Old Designator=C23 New Designator=C26
Change Component Designator: Old Designator=C24 New Designator=C27
Change Component Designator: Old Designator=C29 New Designator=C37
Change Component Designator: Old Designator=C30 New Designator=C38
Change Component Designator: Old Designator=C31 New Designator=C39
Change Component Designator: Old Designator=J3 New Designator=J4
Change Component Designator: Old Designator=J3 New Designator=J5
Change Component Designator: Old Designator=J3 New Designator=J6
Change Component Designator: Old Designator=J3 New Designator=J7
Change Component Designator: Old Designator=J3 New Designator=J8
Change Component Designator: Old Designator=R17 New Designator=R22
Change Component Designator: Old Designator=R17 New Designator=R23
Change Component Designator: Old Designator=R17 New Designator=R28
Change Component Designator: Old Designator=R17 New Designator=R29
Change Component Designator: Old Designator=R17 New Designator=R34
Change Component Designator: Old Designator=R17 New Designator=R35
Change Component Designator: Old Designator=R17 New Designator=R40
Change Component Designator: Old Designator=R17 New Designator=R41
Change Component Designator: Old Designator=R17 New Designator=R46
Change Component Designator: Old Designator=R17 New Designator=R47
Change Component Designator: Old Designator=R17 New Designator=R52
Change Component Designator: Old Designator=R20 New Designator=R19
Change Component Designator: Old Designator=R20 New Designator=R25
Change Component Designator: Old Designator=R20 New Designator=R31
Change Component Designator: Old Designator=R20 New Designator=R37
Change Component Designator: Old Designator=R20 New Designator=R43
Change Component Designator: Old Designator=R20 New Designator=R49
Change Component Designator: Old Designator=R21 New Designator=R20
Change Component Designator: Old Designator=R21 New Designator=R26
Change Component Designator: Old Designator=R21 New Designator=R32
Change Component Designator: Old Designator=R21 New Designator=R38
Change Component Designator: Old Designator=R21 New Designator=R44
Change Component Designator: Old Designator=R21 New Designator=R50
Change Component Designator: Old Designator=R22 New Designator=R21
Change Component Designator: Old Designator=R22 New Designator=R27
Change Component Designator: Old Designator=R22 New Designator=R33
Change Component Designator: Old Designator=R22 New Designator=R39
Change Component Designator: Old Designator=R22 New Designator=R45
Change Component Designator: Old Designator=R22 New Designator=R51
Change Component Designator: Old Designator=R? New Designator=R18
Change Component Designator: Old Designator=R? New Designator=R24
Change Component Designator: Old Designator=R? New Designator=R30
Change Component Designator: Old Designator=R? New Designator=R36
Change Component Designator: Old Designator=R? New Designator=R42
Change Component Designator: Old Designator=R? New Designator=R48
Change Component Designator: Old Designator=U2 New Designator=U3
Change Component Designator: Old Designator=U3 New Designator=U4
Change Component Designator: Old Designator=U? New Designator=U2
