Change Component Designator: Old Designator=C15 New Designator=C16
Change Component Designator: Old Designator=C16 New Designator=C15
Change Component Designator: Old Designator=C17 New Designator=C20
Change Component Designator: Old Designator=C18 New Designator=C17
Change Component Designator: Old Designator=C19 New Designator=C18
Change Component Designator: Old Designator=C20 New Designator=C19
Change Component Designator: Old Designator=D4 New Designator=D6
Change Component Designator: Old Designator=D4 New Designator=D8
Change Component Designator: Old Designator=D4 New Designator=D10
Change Component Designator: Old Designator=D4 New Designator=D12
Change Component Designator: Old Designator=D4 New Designator=D14
Change Component Designator: Old Designator=D5 New Designator=D7
Change Component Designator: Old Designator=D5 New Designator=D9
Change Component Designator: Old Designator=D5 New Designator=D11
Change Component Designator: Old Designator=D5 New Designator=D13
Change Component Designator: Old Designator=D5 New Designator=D15
Change Component Designator: Old Designator=K1 New Designator=K2
Change Component Designator: Old Designator=K1 New Designator=K3
Change Component Designator: Old Designator=K1 New Designator=K4
Change Component Designator: Old Designator=K1 New Designator=K5
Change Component Designator: Old Designator=K1 New Designator=K6
Change Component Designator: Old Designator=Q1 New Designator=Q2
Change Component Designator: Old Designator=Q1 New Designator=Q3
Change Component Designator: Old Designator=Q1 New Designator=Q4
Change Component Designator: Old Designator=Q1 New Designator=Q5
Change Component Designator: Old Designator=Q1 New Designator=Q6
Change Component Designator: Old Designator=R11 New Designator=R19
Change Component Designator: Old Designator=R11 New Designator=R27
Change Component Designator: Old Designator=R11 New Designator=R30
Change Component Designator: Old Designator=R11 New Designator=R38
Change Component Designator: Old Designator=R11 New Designator=R45
Change Component Designator: Old Designator=R14 New Designator=R22
Change Component Designator: Old Designator=R14 New Designator=R29
Change Component Designator: Old Designator=R14 New Designator=R34
Change Component Designator: Old Designator=R14 New Designator=R40
Change Component Designator: Old Designator=R14 New Designator=R47
Change Component Designator: Old Designator=R20 New Designator=R21
Change Component Designator: Old Designator=R22 New Designator=R23
Change Component Designator: Old Designator=R23 New Designator=R24
Change Component Designator: Old Designator=R24 New Designator=R20
Change Component Designator: Old Designator=R24 New Designator=R25
Change Component Designator: Old Designator=R25 New Designator=R26
Change Component Designator: Old Designator=R27 New Designator=R28
Change Component Designator: Old Designator=R29 New Designator=R31
Change Component Designator: Old Designator=R31 New Designator=R32
Change Component Designator: Old Designator=R32 New Designator=R33
Change Component Designator: Old Designator=R33 New Designator=R35
Change Component Designator: Old Designator=R35 New Designator=R36
Change Component Designator: Old Designator=R36 New Designator=R37
Change Component Designator: Old Designator=R38 New Designator=R39
Change Component Designator: Old Designator=R39 New Designator=R41
Change Component Designator: Old Designator=R41 New Designator=R42
Change Component Designator: Old Designator=R42 New Designator=R43
Change Component Designator: Old Designator=R43 New Designator=R44
Change Component Designator: Old Designator=R44 New Designator=R46
Change Component Designator: Old Designator=R47 New Designator=R48
Change Component Designator: Old Designator=R48 New Designator=R49
Change Component Designator: Old Designator=R49 New Designator=R50
Change Component Designator: Old Designator=R50 New Designator=R51
Change Component Designator: Old Designator=R51 New Designator=R52
Change Component Designator: Old Designator=R52 New Designator=R53
Change Component Designator: Old Designator=U4 New Designator=U6
Change Component Designator: Old Designator=U4 New Designator=U8
Change Component Designator: Old Designator=U4 New Designator=U10
Change Component Designator: Old Designator=U4 New Designator=U11
Change Component Designator: Old Designator=U4 New Designator=U13
