Change Component Designator: Old Designator=C31 New Designator=C36
Change Component Designator: Old Designator=C32 New Designator=C37
Change Component Designator: Old Designator=C33 New Designator=C38
Change Component Designator: Old Designator=C34 New Designator=C39
Change Component Designator: Old Designator=C35 New Designator=C40
Change Component Designator: Old Designator=C36 New Designator=C41
Change Component Designator: Old Designator=C37 New Designator=C42
Change Component Designator: Old Designator=C38 New Designator=C43
Change Component Designator: Old Designator=C39 New Designator=C44
Change Component Designator: Old Designator=C40 New Designator=C45
Change Component Designator: Old Designator=C41 New Designator=C46
Change Component Designator: Old Designator=C42 New Designator=C47
Change Component Designator: Old Designator=C43 New Designator=C48
Change Component Designator: Old Designator=C44 New Designator=C49
Change Component Designator: Old Designator=C45 New Designator=C50
Change Component Designator: Old Designator=C46 New Designator=C51
Change Component Designator: Old Designator=C47 New Designator=C52
Change Component Designator: Old Designator=C48 New Designator=C53
Change Component Designator: Old Designator=CT5 New Designator=CT9
Change Component Designator: Old Designator=CT6 New Designator=CT10
Change Component Designator: Old Designator=CT7 New Designator=CT11
Change Component Designator: Old Designator=CT8 New Designator=CT12
Change Component Designator: Old Designator=CT9 New Designator=CT13
Change Component Designator: Old Designator=CT10 New Designator=CT14
Change Component Designator: Old Designator=CT11 New Designator=CT15
Change Component Designator: Old Designator=CT12 New Designator=CT16
Change Component Designator: Old Designator=J6 New Designator=J9
Change Component Designator: Old Designator=J7 New Designator=J10
Change Component Designator: Old Designator=J8 New Designator=J11
Change Component Designator: Old Designator=J9 New Designator=J12
Change Component Designator: Old Designator=J10 New Designator=J13
Change Component Designator: Old Designator=J11 New Designator=J14
Change Component Designator: Old Designator=J12 New Designator=J15
Change Component Designator: Old Designator=J13 New Designator=J16
Change Component Designator: Old Designator=R29 New Designator=R53
Change Component Designator: Old Designator=R30 New Designator=R54
Change Component Designator: Old Designator=R31 New Designator=R55
Change Component Designator: Old Designator=R32 New Designator=R56
Change Component Designator: Old Designator=R33 New Designator=R57
Change Component Designator: Old Designator=R34 New Designator=R58
Change Component Designator: Old Designator=R35 New Designator=R59
Change Component Designator: Old Designator=R36 New Designator=R60
Change Component Designator: Old Designator=R37 New Designator=R61
Change Component Designator: Old Designator=R38 New Designator=R62
Change Component Designator: Old Designator=R39 New Designator=R63
Change Component Designator: Old Designator=R40 New Designator=R64
Change Component Designator: Old Designator=R41 New Designator=R65
Change Component Designator: Old Designator=R42 New Designator=R66
Change Component Designator: Old Designator=R43 New Designator=R67
Change Component Designator: Old Designator=R44 New Designator=R68
Change Component Designator: Old Designator=R45 New Designator=R69
Change Component Designator: Old Designator=R46 New Designator=R70
Change Component Designator: Old Designator=R47 New Designator=R71
Change Component Designator: Old Designator=R48 New Designator=R72
Change Component Designator: Old Designator=R49 New Designator=R73
Change Component Designator: Old Designator=R50 New Designator=R74
Change Component Designator: Old Designator=R51 New Designator=R75
Change Component Designator: Old Designator=R52 New Designator=R76
Change Component Designator: Old Designator=R53 New Designator=R77
Change Component Designator: Old Designator=R54 New Designator=R78
Change Component Designator: Old Designator=R55 New Designator=R79
Change Component Designator: Old Designator=R56 New Designator=R80
Change Component Designator: Old Designator=R57 New Designator=R81
Change Component Designator: Old Designator=R58 New Designator=R82
Change Component Designator: Old Designator=R59 New Designator=R83
Change Component Designator: Old Designator=R60 New Designator=R84
Change Component Designator: Old Designator=R61 New Designator=R85
Change Component Designator: Old Designator=R62 New Designator=R86
Change Component Designator: Old Designator=R63 New Designator=R87
Change Component Designator: Old Designator=R64 New Designator=R88
Change Component Designator: Old Designator=R65 New Designator=R89
Change Component Designator: Old Designator=R66 New Designator=R90
Change Component Designator: Old Designator=R67 New Designator=R91
Change Component Designator: Old Designator=R68 New Designator=R92
Change Component Designator: Old Designator=R69 New Designator=R93
Change Component Designator: Old Designator=R70 New Designator=R94
Change Component Designator: Old Designator=R71 New Designator=R95
Change Component Designator: Old Designator=R72 New Designator=R96
Change Component Designator: Old Designator=R73 New Designator=R97
Change Component Designator: Old Designator=R74 New Designator=R98
Change Component Designator: Old Designator=R75 New Designator=R99
Change Component Designator: Old Designator=R76 New Designator=R100
Change Component Designator: Old Designator=U2 New Designator=U4
Change Component Designator: Old Designator=U3 New Designator=U5
Change Component Designator: Old Designator=U4 New Designator=U6
Change Component Designator: Old Designator=U5 New Designator=U7
Change Component Designator: Old Designator=U6 New Designator=U8
Change Component Designator: Old Designator=U7 New Designator=U9
Change Component Designator: Old Designator=Y3 New Designator=Y2
